
**** Build of configuration Debug for project Lab 2 ****

"C:\\ti\\ccsv7\\utils\\bin\\gmake" -k -j 8 all -O 
'Building file: ../uart.c'
'Invoking: ARM Compiler'
"C:/ti/ccsv7/tools/compiler/ti-cgt-arm_16.9.1.LTS/bin/armcl" -mv7M4 --code_state=16 --float_support=FPv4SPD16 -me --include_path="U:/CprE 288/Lab5/Lab 2" --include_path="C:/ti/TivaWare_C_Series-2.1.2.111" --include_path="C:/ti/ccsv7/tools/compiler/ti-cgt-arm_16.9.1.LTS/include" --define=ccs="ccs" --define=PART_TM4C123GH6PM -g --gcc --diag_warning=225 --diag_wrap=off --display_error_number --abi=eabi --preproc_with_compile --preproc_dependency="uart.d"  "../uart.c"

>> Compilation failure
subdir_rules.mk:44: recipe for target 'uart.obj' failed
"../uart.c", line 11: error #20: identifier "SYSCTL_RCGCGPIO_R" is undefined
"../uart.c", line 11: error #20: identifier "SYSCTL_RCGCGPIO_R1" is undefined
"../uart.c", line 13: error #20: identifier "SYSCTL_RCGCUART_R" is undefined
"../uart.c", line 13: error #20: identifier "SYSCTL_RCGCUART_R1" is undefined
"../uart.c", line 15: error #20: identifier "GPIO_PORTB_AFSEL_R" is undefined
"../uart.c", line 15: error #20: identifier "BIT0" is undefined
"../uart.c", line 15: error #20: identifier "BIT1" is undefined
"../uart.c", line 17: error #20: identifier "GPIO_PORTB_PCTL_R" is undefined
"../uart.c", line 19: error #20: identifier "GPIO_PORTB_DEN_R" is undefined
"../uart.c", line 21: error #20: identifier "GPIO_PORTB_DIR_R" is undefined
"../uart.c", line 27: error #20: identifier "uint16_t" is undefined
"../uart.c", line 28: error #20: identifier "uint16_t" is undefined
"../uart.c", line 30: error #20: identifier "UART1_CTL_R" is undefined
"../uart.c", line 30: error #20: identifier "UART_CTL_UARTEN" is undefined
"../uart.c", line 32: error #20: identifier "UART1_IBRD_R" is undefined
"../uart.c", line 33: error #20: identifier "UART1_FBRD_R" is undefined
"../uart.c", line 35: error #20: identifier "UART1_LCRH_R" is undefined
"../uart.c", line 35: error #20: identifier "UART_LCRH_WLEN_8" is undefined
"../uart.c", line 37: error #20: identifier "UART1_CC_R" is undefined
"../uart.c", line 37: error #20: identifier "UART_CC_CS_SYSCLK" is undefined
"../uart.c", line 39: error #20: identifier "UART_CTL_RXE" is undefined
"../uart.c", line 39: error #20: identifier "UART_CTL_TXE" is undefined
"../uart.c", line 48: error #20: identifier "UART1_FR_R" is undefined
"../uart.c", line 48: error #20: identifier "UART_FR_RXFE" is undefined
"../uart.c", line 52: error #20: identifier "UART1_DR_R" is undefined
"../uart.c", line 62: error #20: identifier "UART1_FR_R" is undefined
"../uart.c", line 66: error #20: identifier "UART1_DR_R" is undefined
27 errors detected in the compilation of "../uart.c".
gmake: *** [uart.obj] Error 1
'Building file: ../button.c'
'Invoking: ARM Compiler'
"C:/ti/ccsv7/tools/compiler/ti-cgt-arm_16.9.1.LTS/bin/armcl" -mv7M4 --code_state=16 --float_support=FPv4SPD16 -me --include_path="U:/CprE 288/Lab5/Lab 2" --include_path="C:/ti/TivaWare_C_Series-2.1.2.111" --include_path="C:/ti/ccsv7/tools/compiler/ti-cgt-arm_16.9.1.LTS/include" --define=ccs="ccs" --define=PART_TM4C123GH6PM -g --gcc --diag_warning=225 --diag_wrap=off --display_error_number --abi=eabi --preproc_with_compile --preproc_dependency="button.d"  "../button.c"
'Finished building: ../button.c'
' '
'Building file: ../main.c'
'Invoking: ARM Compiler'
"C:/ti/ccsv7/tools/compiler/ti-cgt-arm_16.9.1.LTS/bin/armcl" -mv7M4 --code_state=16 --float_support=FPv4SPD16 -me --include_path="U:/CprE 288/Lab5/Lab 2" --include_path="C:/ti/TivaWare_C_Series-2.1.2.111" --include_path="C:/ti/ccsv7/tools/compiler/ti-cgt-arm_16.9.1.LTS/include" --define=ccs="ccs" --define=PART_TM4C123GH6PM -g --gcc --diag_warning=225 --diag_wrap=off --display_error_number --abi=eabi --preproc_with_compile --preproc_dependency="main.d"  "../main.c"
"..\timer.h", line 44: warning #1-D: last line of file ends without a newline
"..\lcd.h", line 40: warning #1-D: last line of file ends without a newline
'Finished building: ../main.c'
' '
gmake: Target 'all' not remade because of errors.

**** Build Finished ****

**** Build of configuration Debug for project Lab 2 ****

"C:\\ti\\ccsv7\\utils\\bin\\gmake" -k -j 8 all -O 
'Building file: ../uart.c'
'Invoking: ARM Compiler'
"C:/ti/ccsv7/tools/compiler/ti-cgt-arm_16.9.1.LTS/bin/armcl" -mv7M4 --code_state=16 --float_support=FPv4SPD16 -me --include_path="U:/CprE 288/Lab5/Lab 2" --include_path="C:/ti/TivaWare_C_Series-2.1.2.111" --include_path="C:/ti/ccsv7/tools/compiler/ti-cgt-arm_16.9.1.LTS/include" --define=ccs="ccs" --define=PART_TM4C123GH6PM -g --gcc --diag_warning=225 --diag_wrap=off --display_error_number --abi=eabi --preproc_with_compile --preproc_dependency="uart.d"  "../uart.c"

>> Compilation failure
subdir_rules.mk:44: recipe for target 'uart.obj' failed
"../uart.c", line 11: error #20: identifier "SYSCTL_RCGCGPIO_R" is undefined
"../uart.c", line 11: error #20: identifier "SYSCTL_RCGCGPIO_R1" is undefined
"../uart.c", line 13: error #20: identifier "SYSCTL_RCGCUART_R" is undefined
"../uart.c", line 13: error #20: identifier "SYSCTL_RCGCUART_R1" is undefined
"../uart.c", line 15: error #20: identifier "GPIO_PORTB_AFSEL_R" is undefined
"../uart.c", line 15: error #20: identifier "BIT0" is undefined
"../uart.c", line 15: error #20: identifier "BIT1" is undefined
"../uart.c", line 17: error #20: identifier "GPIO_PORTB_PCTL_R" is undefined
"../uart.c", line 19: error #20: identifier "GPIO_PORTB_DEN_R" is undefined
"../uart.c", line 21: error #20: identifier "GPIO_PORTB_DIR_R" is undefined
"../uart.c", line 27: error #20: identifier "uint16_t" is undefined
"../uart.c", line 28: error #20: identifier "uint16_t" is undefined
"../uart.c", line 30: error #20: identifier "UART1_CTL_R" is undefined
"../uart.c", line 30: error #20: identifier "UART_CTL_UARTEN" is undefined
"../uart.c", line 32: error #20: identifier "UART1_IBRD_R" is undefined
"../uart.c", line 33: error #20: identifier "UART1_FBRD_R" is undefined
"../uart.c", line 35: error #20: identifier "UART1_LCRH_R" is undefined
"../uart.c", line 35: error #20: identifier "UART_LCRH_WLEN_8" is undefined
"../uart.c", line 37: error #20: identifier "UART1_CC_R" is undefined
"../uart.c", line 37: error #20: identifier "UART_CC_CS_SYSCLK" is undefined
"../uart.c", line 39: error #20: identifier "UART_CTL_RXE" is undefined
"../uart.c", line 39: error #20: identifier "UART_CTL_TXE" is undefined
"../uart.c", line 48: error #20: identifier "UART1_FR_R" is undefined
"../uart.c", line 48: error #20: identifier "UART_FR_RXFE" is undefined
"../uart.c", line 52: error #20: identifier "UART1_DR_R" is undefined
"../uart.c", line 62: error #20: identifier "UART1_FR_R" is undefined
"../uart.c", line 66: error #20: identifier "UART1_DR_R" is undefined
27 errors detected in the compilation of "../uart.c".
gmake: *** [uart.obj] Error 1
gmake: Target 'all' not remade because of errors.

**** Build Finished ****

**** Build of configuration Debug for project Lab 2 ****

"C:\\ti\\ccsv7\\utils\\bin\\gmake" -k -j 8 all -O 
'Building file: ../uart.c'
'Invoking: ARM Compiler'
"C:/ti/ccsv7/tools/compiler/ti-cgt-arm_16.9.1.LTS/bin/armcl" -mv7M4 --code_state=16 --float_support=FPv4SPD16 -me --include_path="U:/CprE 288/Lab5/Lab 2" --include_path="C:/ti/TivaWare_C_Series-2.1.2.111" --include_path="C:/ti/ccsv7/tools/compiler/ti-cgt-arm_16.9.1.LTS/include" --define=ccs="ccs" --define=PART_TM4C123GH6PM -g --gcc --diag_warning=225 --diag_wrap=off --display_error_number --abi=eabi --preproc_with_compile --preproc_dependency="uart.d"  "../uart.c"

>> Compilation failure
subdir_rules.mk:44: recipe for target 'uart.obj' failed
"../uart.c", line 11: error #20: identifier "SYSCTL_RCGCGPIO_R" is undefined
"../uart.c", line 11: error #20: identifier "SYSCTL_RCGCGPIO_R1" is undefined
"../uart.c", line 13: error #20: identifier "SYSCTL_RCGCUART_R" is undefined
"../uart.c", line 13: error #20: identifier "SYSCTL_RCGCUART_R1" is undefined
"../uart.c", line 15: error #20: identifier "GPIO_PORTB_AFSEL_R" is undefined
"../uart.c", line 15: error #20: identifier "BIT0" is undefined
"../uart.c", line 15: error #20: identifier "BIT1" is undefined
"../uart.c", line 17: error #20: identifier "GPIO_PORTB_PCTL_R" is undefined
"../uart.c", line 19: error #20: identifier "GPIO_PORTB_DEN_R" is undefined
"../uart.c", line 21: error #20: identifier "GPIO_PORTB_DIR_R" is undefined
"../uart.c", line 27: error #20: identifier "uint16_t" is undefined
"../uart.c", line 28: error #20: identifier "uint16_t" is undefined
"../uart.c", line 30: error #20: identifier "UART1_CTL_R" is undefined
"../uart.c", line 30: error #20: identifier "UART_CTL_UARTEN" is undefined
"../uart.c", line 32: error #20: identifier "UART1_IBRD_R" is undefined
"../uart.c", line 33: error #20: identifier "UART1_FBRD_R" is undefined
"../uart.c", line 35: error #20: identifier "UART1_LCRH_R" is undefined
"../uart.c", line 35: error #20: identifier "UART_LCRH_WLEN_8" is undefined
"../uart.c", line 37: error #20: identifier "UART1_CC_R" is undefined
"../uart.c", line 37: error #20: identifier "UART_CC_CS_SYSCLK" is undefined
"../uart.c", line 39: error #20: identifier "UART_CTL_RXE" is undefined
"../uart.c", line 39: error #20: identifier "UART_CTL_TXE" is undefined
"../uart.c", line 48: error #20: identifier "UART1_FR_R" is undefined
"../uart.c", line 48: error #20: identifier "UART_FR_RXFE" is undefined
"../uart.c", line 52: error #20: identifier "UART1_DR_R" is undefined
"../uart.c", line 62: error #20: identifier "UART1_FR_R" is undefined
"../uart.c", line 66: error #20: identifier "UART1_DR_R" is undefined
27 errors detected in the compilation of "../uart.c".
gmake: *** [uart.obj] Error 1
'Building file: ../main.c'
'Invoking: ARM Compiler'
"C:/ti/ccsv7/tools/compiler/ti-cgt-arm_16.9.1.LTS/bin/armcl" -mv7M4 --code_state=16 --float_support=FPv4SPD16 -me --include_path="U:/CprE 288/Lab5/Lab 2" --include_path="C:/ti/TivaWare_C_Series-2.1.2.111" --include_path="C:/ti/ccsv7/tools/compiler/ti-cgt-arm_16.9.1.LTS/include" --define=ccs="ccs" --define=PART_TM4C123GH6PM -g --gcc --diag_warning=225 --diag_wrap=off --display_error_number --abi=eabi --preproc_with_compile --preproc_dependency="main.d"  "../main.c"
"..\timer.h", line 44: warning #1-D: last line of file ends without a newline
"..\lcd.h", line 40: warning #1-D: last line of file ends without a newline
'Finished building: ../main.c'
' '
gmake: Target 'all' not remade because of errors.

**** Build Finished ****

**** Build of configuration Debug for project Lab 2 ****

"C:\\ti\\ccsv7\\utils\\bin\\gmake" -k -j 8 all -O 
'Building file: ../uart.c'
'Invoking: ARM Compiler'
"C:/ti/ccsv7/tools/compiler/ti-cgt-arm_16.9.1.LTS/bin/armcl" -mv7M4 --code_state=16 --float_support=FPv4SPD16 -me --include_path="U:/CprE 288/Lab5/Lab 2" --include_path="C:/ti/TivaWare_C_Series-2.1.2.111" --include_path="C:/ti/ccsv7/tools/compiler/ti-cgt-arm_16.9.1.LTS/include" --define=ccs="ccs" --define=PART_TM4C123GH6PM -g --gcc --diag_warning=225 --diag_wrap=off --display_error_number --abi=eabi --preproc_with_compile --preproc_dependency="uart.d"  "../uart.c"

>> Compilation failure
subdir_rules.mk:44: recipe for target 'uart.obj' failed
"..\timer.h", line 44: warning #1-D: last line of file ends without a newline
"../uart.c", line 61: error #148: declaration is incompatible with "void uart_sendChar()" (declared at line 6 of "..\uart.h")
1 error detected in the compilation of "../uart.c".
gmake: *** [uart.obj] Error 1
gmake: Target 'all' not remade because of errors.

**** Build Finished ****

**** Build of configuration Debug for project Lab 2 ****

"C:\\ti\\ccsv7\\utils\\bin\\gmake" -k -j 8 all -O 
'Building file: ../main.c'
'Invoking: ARM Compiler'
"C:/ti/ccsv7/tools/compiler/ti-cgt-arm_16.9.1.LTS/bin/armcl" -mv7M4 --code_state=16 --float_support=FPv4SPD16 -me --include_path="U:/CprE 288/Lab5/Lab 2" --include_path="C:/ti/TivaWare_C_Series-2.1.2.111" --include_path="C:/ti/ccsv7/tools/compiler/ti-cgt-arm_16.9.1.LTS/include" --define=ccs="ccs" --define=PART_TM4C123GH6PM -g --gcc --diag_warning=225 --diag_wrap=off --display_error_number --abi=eabi --preproc_with_compile --preproc_dependency="main.d"  "../main.c"
"..\timer.h", line 44: warning #1-D: last line of file ends without a newline
"..\lcd.h", line 40: warning #1-D: last line of file ends without a newline
'Finished building: ../main.c'
' '
'Building file: ../uart.c'
'Invoking: ARM Compiler'
"C:/ti/ccsv7/tools/compiler/ti-cgt-arm_16.9.1.LTS/bin/armcl" -mv7M4 --code_state=16 --float_support=FPv4SPD16 -me --include_path="U:/CprE 288/Lab5/Lab 2" --include_path="C:/ti/TivaWare_C_Series-2.1.2.111" --include_path="C:/ti/ccsv7/tools/compiler/ti-cgt-arm_16.9.1.LTS/include" --define=ccs="ccs" --define=PART_TM4C123GH6PM -g --gcc --diag_warning=225 --diag_wrap=off --display_error_number --abi=eabi --preproc_with_compile --preproc_dependency="uart.d"  "../uart.c"
"..\timer.h", line 44: warning #1-D: last line of file ends without a newline
'Finished building: ../uart.c'
' '
'Building target: Lab 2.out'
'Invoking: ARM Linker'
"C:/ti/ccsv7/tools/compiler/ti-cgt-arm_16.9.1.LTS/bin/armcl" -mv7M4 --code_state=16 --float_support=FPv4SPD16 -me --define=ccs="ccs" --define=PART_TM4C123GH6PM -g --gcc --diag_warning=225 --diag_wrap=off --display_error_number --abi=eabi -z -m"Lab 2.map" --heap_size=1024 --stack_size=2048 -i"C:/ti/ccsv7/tools/compiler/ti-cgt-arm_16.9.1.LTS/lib" -i"C:/ti/ccsv7/tools/compiler/ti-cgt-arm_16.9.1.LTS/include" --reread_libs --diag_wrap=off --display_error_number --warn_sections --xml_link_info="Lab 2_linkInfo.xml" --rom_model -o "Lab 2.out" "./button.obj" "./lcd.obj" "./main.obj" "./timer.obj" "./tm4c123gh6pm_startup_ccs.obj" "./uart.obj" "../tm4c123gh6pm.cmd"  -llibc.a -l"C:/ti/TivaWare_C_Series-2.1.2.111/driverlib/ccs/Debug/driverlib.lib" 
<Linking>
'Finished building target: Lab 2.out'
' '

**** Build Finished ****

**** Build of configuration Debug for project Lab 2 ****

"C:\\ti\\ccsv7\\utils\\bin\\gmake" -k -j 8 all -O 
gmake[1]: 'Lab 2.out' is up to date.

**** Build Finished ****

**** Build of configuration Debug for project Lab 2 ****

"C:\\ti\\ccsv7\\utils\\bin\\gmake" -k -j 8 all -O 
'Building file: ../main.c'
'Invoking: ARM Compiler'
"C:/ti/ccsv7/tools/compiler/ti-cgt-arm_16.9.1.LTS/bin/armcl" -mv7M4 --code_state=16 --float_support=FPv4SPD16 -me --include_path="U:/CprE 288/Lab5/Lab 2" --include_path="C:/ti/TivaWare_C_Series-2.1.2.111" --include_path="C:/ti/ccsv7/tools/compiler/ti-cgt-arm_16.9.1.LTS/include" --define=ccs="ccs" --define=PART_TM4C123GH6PM -g --gcc --diag_warning=225 --diag_wrap=off --display_error_number --abi=eabi --preproc_with_compile --preproc_dependency="main.d"  "../main.c"
"..\timer.h", line 44: warning #1-D: last line of file ends without a newline
"..\lcd.h", line 40: warning #1-D: last line of file ends without a newline
'Finished building: ../main.c'
' '
'Building target: Lab 2.out'
'Invoking: ARM Linker'
"C:/ti/ccsv7/tools/compiler/ti-cgt-arm_16.9.1.LTS/bin/armcl" -mv7M4 --code_state=16 --float_support=FPv4SPD16 -me --define=ccs="ccs" --define=PART_TM4C123GH6PM -g --gcc --diag_warning=225 --diag_wrap=off --display_error_number --abi=eabi -z -m"Lab 2.map" --heap_size=1024 --stack_size=2048 -i"C:/ti/ccsv7/tools/compiler/ti-cgt-arm_16.9.1.LTS/lib" -i"C:/ti/ccsv7/tools/compiler/ti-cgt-arm_16.9.1.LTS/include" --reread_libs --diag_wrap=off --display_error_number --warn_sections --xml_link_info="Lab 2_linkInfo.xml" --rom_model -o "Lab 2.out" "./button.obj" "./lcd.obj" "./main.obj" "./timer.obj" "./tm4c123gh6pm_startup_ccs.obj" "./uart.obj" "../tm4c123gh6pm.cmd"  -llibc.a -l"C:/ti/TivaWare_C_Series-2.1.2.111/driverlib/ccs/Debug/driverlib.lib" 
<Linking>
'Finished building target: Lab 2.out'
' '

**** Build Finished ****

**** Build of configuration Debug for project Lab 2 ****

"C:\\ti\\ccsv7\\utils\\bin\\gmake" -k -j 8 all -O 
'Building file: ../main.c'
'Invoking: ARM Compiler'
"C:/ti/ccsv7/tools/compiler/ti-cgt-arm_16.9.1.LTS/bin/armcl" -mv7M4 --code_state=16 --float_support=FPv4SPD16 -me --include_path="U:/CprE 288/Lab5/Lab 2" --include_path="C:/ti/TivaWare_C_Series-2.1.2.111" --include_path="C:/ti/ccsv7/tools/compiler/ti-cgt-arm_16.9.1.LTS/include" --define=ccs="ccs" --define=PART_TM4C123GH6PM -g --gcc --diag_warning=225 --diag_wrap=off --display_error_number --abi=eabi --preproc_with_compile --preproc_dependency="main.d"  "../main.c"
"..\timer.h", line 44: warning #1-D: last line of file ends without a newline
"..\lcd.h", line 40: warning #1-D: last line of file ends without a newline
'Finished building: ../main.c'
' '
'Building target: Lab 2.out'
'Invoking: ARM Linker'
"C:/ti/ccsv7/tools/compiler/ti-cgt-arm_16.9.1.LTS/bin/armcl" -mv7M4 --code_state=16 --float_support=FPv4SPD16 -me --define=ccs="ccs" --define=PART_TM4C123GH6PM -g --gcc --diag_warning=225 --diag_wrap=off --display_error_number --abi=eabi -z -m"Lab 2.map" --heap_size=1024 --stack_size=2048 -i"C:/ti/ccsv7/tools/compiler/ti-cgt-arm_16.9.1.LTS/lib" -i"C:/ti/ccsv7/tools/compiler/ti-cgt-arm_16.9.1.LTS/include" --reread_libs --diag_wrap=off --display_error_number --warn_sections --xml_link_info="Lab 2_linkInfo.xml" --rom_model -o "Lab 2.out" "./button.obj" "./lcd.obj" "./main.obj" "./timer.obj" "./tm4c123gh6pm_startup_ccs.obj" "./uart.obj" "../tm4c123gh6pm.cmd"  -llibc.a -l"C:/ti/TivaWare_C_Series-2.1.2.111/driverlib/ccs/Debug/driverlib.lib" 
<Linking>
'Finished building target: Lab 2.out'
' '

**** Build Finished ****

**** Build of configuration Debug for project Lab 2 ****

"C:\\ti\\ccsv7\\utils\\bin\\gmake" -k -j 8 all -O 
gmake[1]: 'Lab 2.out' is up to date.

**** Build Finished ****

**** Build of configuration Debug for project Lab 2 ****

"C:\\ti\\ccsv7\\utils\\bin\\gmake" -k -j 8 all -O 
gmake[1]: 'Lab 2.out' is up to date.

**** Build Finished ****

**** Build of configuration Debug for project Lab 2 ****

"C:\\ti\\ccsv7\\utils\\bin\\gmake" -k -j 8 all -O 
gmake[1]: 'Lab 2.out' is up to date.

**** Build Finished ****

**** Build of configuration Debug for project Lab 2 ****

"C:\\ti\\ccsv7\\utils\\bin\\gmake" -k -j 8 all -O 
gmake[1]: 'Lab 2.out' is up to date.

**** Build Finished ****

**** Build of configuration Debug for project Lab 2 ****

"C:\\ti\\ccsv7\\utils\\bin\\gmake" -k -j 8 all -O 
'Building file: ../main.c'
'Invoking: ARM Compiler'
"C:/ti/ccsv7/tools/compiler/ti-cgt-arm_16.9.1.LTS/bin/armcl" -mv7M4 --code_state=16 --float_support=FPv4SPD16 -me --include_path="U:/CprE 288/Lab5/Lab 2" --include_path="C:/ti/TivaWare_C_Series-2.1.2.111" --include_path="C:/ti/ccsv7/tools/compiler/ti-cgt-arm_16.9.1.LTS/include" --define=ccs="ccs" --define=PART_TM4C123GH6PM -g --gcc --diag_warning=225 --diag_wrap=off --display_error_number --abi=eabi --preproc_with_compile --preproc_dependency="main.d"  "../main.c"
"..\timer.h", line 44: warning #1-D: last line of file ends without a newline
"..\lcd.h", line 40: warning #1-D: last line of file ends without a newline
'Finished building: ../main.c'
' '
'Building target: Lab 2.out'
'Invoking: ARM Linker'
"C:/ti/ccsv7/tools/compiler/ti-cgt-arm_16.9.1.LTS/bin/armcl" -mv7M4 --code_state=16 --float_support=FPv4SPD16 -me --define=ccs="ccs" --define=PART_TM4C123GH6PM -g --gcc --diag_warning=225 --diag_wrap=off --display_error_number --abi=eabi -z -m"Lab 2.map" --heap_size=1024 --stack_size=2048 -i"C:/ti/ccsv7/tools/compiler/ti-cgt-arm_16.9.1.LTS/lib" -i"C:/ti/ccsv7/tools/compiler/ti-cgt-arm_16.9.1.LTS/include" --reread_libs --diag_wrap=off --display_error_number --warn_sections --xml_link_info="Lab 2_linkInfo.xml" --rom_model -o "Lab 2.out" "./button.obj" "./lcd.obj" "./main.obj" "./timer.obj" "./tm4c123gh6pm_startup_ccs.obj" "./uart.obj" "../tm4c123gh6pm.cmd"  -llibc.a -l"C:/ti/TivaWare_C_Series-2.1.2.111/driverlib/ccs/Debug/driverlib.lib" 
<Linking>
'Finished building target: Lab 2.out'
' '

**** Build Finished ****

**** Build of configuration Debug for project Lab 2 ****

"C:\\ti\\ccsv7\\utils\\bin\\gmake" -k -j 8 all -O 
gmake[1]: 'Lab 2.out' is up to date.

**** Build Finished ****

**** Build of configuration Debug for project Lab 2 ****

"C:\\ti\\ccsv7\\utils\\bin\\gmake" -k -j 8 all -O 
gmake[1]: 'Lab 2.out' is up to date.

**** Build Finished ****

**** Build of configuration Debug for project Lab 2 ****

"C:\\ti\\ccsv7\\utils\\bin\\gmake" -k -j 8 all -O 
'Building file: ../main.c'
'Invoking: ARM Compiler'
"C:/ti/ccsv7/tools/compiler/ti-cgt-arm_16.9.1.LTS/bin/armcl" -mv7M4 --code_state=16 --float_support=FPv4SPD16 -me --include_path="U:/CprE 288/Lab5/Lab 2" --include_path="C:/ti/TivaWare_C_Series-2.1.2.111" --include_path="C:/ti/ccsv7/tools/compiler/ti-cgt-arm_16.9.1.LTS/include" --define=ccs="ccs" --define=PART_TM4C123GH6PM -g --gcc --diag_warning=225 --diag_wrap=off --display_error_number --abi=eabi --preproc_with_compile --preproc_dependency="main.d"  "../main.c"
"..\timer.h", line 44: warning #1-D: last line of file ends without a newline
"..\lcd.h", line 40: warning #1-D: last line of file ends without a newline
'Finished building: ../main.c'
' '
'Building target: Lab 2.out'
'Invoking: ARM Linker'
"C:/ti/ccsv7/tools/compiler/ti-cgt-arm_16.9.1.LTS/bin/armcl" -mv7M4 --code_state=16 --float_support=FPv4SPD16 -me --define=ccs="ccs" --define=PART_TM4C123GH6PM -g --gcc --diag_warning=225 --diag_wrap=off --display_error_number --abi=eabi -z -m"Lab 2.map" --heap_size=1024 --stack_size=2048 -i"C:/ti/ccsv7/tools/compiler/ti-cgt-arm_16.9.1.LTS/lib" -i"C:/ti/ccsv7/tools/compiler/ti-cgt-arm_16.9.1.LTS/include" --reread_libs --diag_wrap=off --display_error_number --warn_sections --xml_link_info="Lab 2_linkInfo.xml" --rom_model -o "Lab 2.out" "./button.obj" "./lcd.obj" "./main.obj" "./timer.obj" "./tm4c123gh6pm_startup_ccs.obj" "./uart.obj" "../tm4c123gh6pm.cmd"  -llibc.a -l"C:/ti/TivaWare_C_Series-2.1.2.111/driverlib/ccs/Debug/driverlib.lib" 
<Linking>
'Finished building target: Lab 2.out'
' '

**** Build Finished ****

**** Build of configuration Debug for project Lab 2 ****

"C:\\ti\\ccsv7\\utils\\bin\\gmake" -k -j 8 all -O 
'Building file: ../main.c'
'Invoking: ARM Compiler'
"C:/ti/ccsv7/tools/compiler/ti-cgt-arm_16.9.1.LTS/bin/armcl" -mv7M4 --code_state=16 --float_support=FPv4SPD16 -me --include_path="U:/CprE 288/Lab5/Lab 2" --include_path="C:/ti/TivaWare_C_Series-2.1.2.111" --include_path="C:/ti/ccsv7/tools/compiler/ti-cgt-arm_16.9.1.LTS/include" --define=ccs="ccs" --define=PART_TM4C123GH6PM -g --gcc --diag_warning=225 --diag_wrap=off --display_error_number --abi=eabi --preproc_with_compile --preproc_dependency="main.d"  "../main.c"

>> Compilation failure
subdir_rules.mk:23: recipe for target 'main.obj' failed
"..\timer.h", line 44: warning #1-D: last line of file ends without a newline
"..\lcd.h", line 40: warning #1-D: last line of file ends without a newline
"../main.c", line 8: error #20: identifier "thehehevoid" is undefined
1 error detected in the compilation of "../main.c".
gmake: *** [main.obj] Error 1
gmake: Target 'all' not remade because of errors.

**** Build Finished ****

**** Build of configuration Debug for project Lab 2 ****

"C:\\ti\\ccsv7\\utils\\bin\\gmake" -k -j 8 all -O 
'Building file: ../main.c'
'Invoking: ARM Compiler'
"C:/ti/ccsv7/tools/compiler/ti-cgt-arm_16.9.1.LTS/bin/armcl" -mv7M4 --code_state=16 --float_support=FPv4SPD16 -me --include_path="U:/CprE 288/Lab5/Lab 2" --include_path="C:/ti/TivaWare_C_Series-2.1.2.111" --include_path="C:/ti/ccsv7/tools/compiler/ti-cgt-arm_16.9.1.LTS/include" --define=ccs="ccs" --define=PART_TM4C123GH6PM -g --gcc --diag_warning=225 --diag_wrap=off --display_error_number --abi=eabi --preproc_with_compile --preproc_dependency="main.d"  "../main.c"
"..\timer.h", line 44: warning #1-D: last line of file ends without a newline
"..\lcd.h", line 40: warning #1-D: last line of file ends without a newline
'Finished building: ../main.c'
' '
'Building target: Lab 2.out'
'Invoking: ARM Linker'
"C:/ti/ccsv7/tools/compiler/ti-cgt-arm_16.9.1.LTS/bin/armcl" -mv7M4 --code_state=16 --float_support=FPv4SPD16 -me --define=ccs="ccs" --define=PART_TM4C123GH6PM -g --gcc --diag_warning=225 --diag_wrap=off --display_error_number --abi=eabi -z -m"Lab 2.map" --heap_size=1024 --stack_size=2048 -i"C:/ti/ccsv7/tools/compiler/ti-cgt-arm_16.9.1.LTS/lib" -i"C:/ti/ccsv7/tools/compiler/ti-cgt-arm_16.9.1.LTS/include" --reread_libs --diag_wrap=off --display_error_number --warn_sections --xml_link_info="Lab 2_linkInfo.xml" --rom_model -o "Lab 2.out" "./button.obj" "./lcd.obj" "./main.obj" "./timer.obj" "./tm4c123gh6pm_startup_ccs.obj" "./uart.obj" "../tm4c123gh6pm.cmd"  -llibc.a -l"C:/ti/TivaWare_C_Series-2.1.2.111/driverlib/ccs/Debug/driverlib.lib" 
<Linking>
'Finished building target: Lab 2.out'
' '

**** Build Finished ****

**** Build of configuration Debug for project Lab 2 ****

"C:\\ti\\ccsv7\\utils\\bin\\gmake" -k -j 8 all -O 
gmake[1]: 'Lab 2.out' is up to date.

**** Build Finished ****

**** Build of configuration Debug for project Lab 2 ****

"C:\\ti\\ccsv7\\utils\\bin\\gmake" -k -j 8 all -O 
'Building file: ../main.c'
'Invoking: ARM Compiler'
"C:/ti/ccsv7/tools/compiler/ti-cgt-arm_16.9.1.LTS/bin/armcl" -mv7M4 --code_state=16 --float_support=FPv4SPD16 -me --include_path="U:/CprE 288/Lab5/Lab 2" --include_path="C:/ti/TivaWare_C_Series-2.1.2.111" --include_path="C:/ti/ccsv7/tools/compiler/ti-cgt-arm_16.9.1.LTS/include" --define=ccs="ccs" --define=PART_TM4C123GH6PM -g --gcc --diag_warning=225 --diag_wrap=off --display_error_number --abi=eabi --preproc_with_compile --preproc_dependency="main.d"  "../main.c"
"..\timer.h", line 44: warning #1-D: last line of file ends without a newline
"..\lcd.h", line 40: warning #1-D: last line of file ends without a newline
'Finished building: ../main.c'
' '
'Building target: Lab 2.out'
'Invoking: ARM Linker'
"C:/ti/ccsv7/tools/compiler/ti-cgt-arm_16.9.1.LTS/bin/armcl" -mv7M4 --code_state=16 --float_support=FPv4SPD16 -me --define=ccs="ccs" --define=PART_TM4C123GH6PM -g --gcc --diag_warning=225 --diag_wrap=off --display_error_number --abi=eabi -z -m"Lab 2.map" --heap_size=1024 --stack_size=2048 -i"C:/ti/ccsv7/tools/compiler/ti-cgt-arm_16.9.1.LTS/lib" -i"C:/ti/ccsv7/tools/compiler/ti-cgt-arm_16.9.1.LTS/include" --reread_libs --diag_wrap=off --display_error_number --warn_sections --xml_link_info="Lab 2_linkInfo.xml" --rom_model -o "Lab 2.out" "./button.obj" "./lcd.obj" "./main.obj" "./timer.obj" "./tm4c123gh6pm_startup_ccs.obj" "./uart.obj" "../tm4c123gh6pm.cmd"  -llibc.a -l"C:/ti/TivaWare_C_Series-2.1.2.111/driverlib/ccs/Debug/driverlib.lib" 
<Linking>
'Finished building target: Lab 2.out'
' '

**** Build Finished ****

**** Build of configuration Debug for project Lab 2 ****

"C:\\ti\\ccsv7\\utils\\bin\\gmake" -k -j 8 all -O 
'Building file: ../main.c'
'Invoking: ARM Compiler'
"C:/ti/ccsv7/tools/compiler/ti-cgt-arm_16.9.1.LTS/bin/armcl" -mv7M4 --code_state=16 --float_support=FPv4SPD16 -me --include_path="U:/CprE 288/Lab5/Lab 2" --include_path="C:/ti/TivaWare_C_Series-2.1.2.111" --include_path="C:/ti/ccsv7/tools/compiler/ti-cgt-arm_16.9.1.LTS/include" --define=ccs="ccs" --define=PART_TM4C123GH6PM -g --gcc --diag_warning=225 --diag_wrap=off --display_error_number --abi=eabi --preproc_with_compile --preproc_dependency="main.d"  "../main.c"
"..\timer.h", line 44: warning #1-D: last line of file ends without a newline
"..\lcd.h", line 40: warning #1-D: last line of file ends without a newline
'Finished building: ../main.c'
' '
'Building target: Lab 2.out'
'Invoking: ARM Linker'
"C:/ti/ccsv7/tools/compiler/ti-cgt-arm_16.9.1.LTS/bin/armcl" -mv7M4 --code_state=16 --float_support=FPv4SPD16 -me --define=ccs="ccs" --define=PART_TM4C123GH6PM -g --gcc --diag_warning=225 --diag_wrap=off --display_error_number --abi=eabi -z -m"Lab 2.map" --heap_size=1024 --stack_size=2048 -i"C:/ti/ccsv7/tools/compiler/ti-cgt-arm_16.9.1.LTS/lib" -i"C:/ti/ccsv7/tools/compiler/ti-cgt-arm_16.9.1.LTS/include" --reread_libs --diag_wrap=off --display_error_number --warn_sections --xml_link_info="Lab 2_linkInfo.xml" --rom_model -o "Lab 2.out" "./button.obj" "./lcd.obj" "./main.obj" "./timer.obj" "./tm4c123gh6pm_startup_ccs.obj" "./uart.obj" "../tm4c123gh6pm.cmd"  -llibc.a -l"C:/ti/TivaWare_C_Series-2.1.2.111/driverlib/ccs/Debug/driverlib.lib" 
<Linking>
'Finished building target: Lab 2.out'
' '

**** Build Finished ****

**** Build of configuration Debug for project Lab 2 ****

"C:\\ti\\ccsv7\\utils\\bin\\gmake" -k -j 8 all -O 
'Building file: ../uart.c'
'Invoking: ARM Compiler'
"C:/ti/ccsv7/tools/compiler/ti-cgt-arm_16.9.1.LTS/bin/armcl" -mv7M4 --code_state=16 --float_support=FPv4SPD16 -me --include_path="U:/CprE 288/Lab5/Lab 2" --include_path="C:/ti/TivaWare_C_Series-2.1.2.111" --include_path="C:/ti/ccsv7/tools/compiler/ti-cgt-arm_16.9.1.LTS/include" --define=ccs="ccs" --define=PART_TM4C123GH6PM -g --gcc --diag_warning=225 --diag_wrap=off --display_error_number --abi=eabi --preproc_with_compile --preproc_dependency="uart.d"  "../uart.c"

>> Compilation failure
subdir_rules.mk:44: recipe for target 'uart.obj' failed
"..\timer.h", line 44: warning #1-D: last line of file ends without a newline
"../uart.c", line 62: error #66: expected a ";"
1 error detected in the compilation of "../uart.c".
gmake: *** [uart.obj] Error 1
gmake: Target 'all' not remade because of errors.

**** Build Finished ****

**** Build of configuration Debug for project Lab 2 ****

"C:\\ti\\ccsv7\\utils\\bin\\gmake" -k -j 8 all -O 
'Building file: ../uart.c'
'Invoking: ARM Compiler'
"C:/ti/ccsv7/tools/compiler/ti-cgt-arm_16.9.1.LTS/bin/armcl" -mv7M4 --code_state=16 --float_support=FPv4SPD16 -me --include_path="U:/CprE 288/Lab5/Lab 2" --include_path="C:/ti/TivaWare_C_Series-2.1.2.111" --include_path="C:/ti/ccsv7/tools/compiler/ti-cgt-arm_16.9.1.LTS/include" --define=ccs="ccs" --define=PART_TM4C123GH6PM -g --gcc --diag_warning=225 --diag_wrap=off --display_error_number --abi=eabi --preproc_with_compile --preproc_dependency="uart.d"  "../uart.c"
"..\timer.h", line 44: warning #1-D: last line of file ends without a newline
'Finished building: ../uart.c'
' '
'Building target: Lab 2.out'
'Invoking: ARM Linker'
"C:/ti/ccsv7/tools/compiler/ti-cgt-arm_16.9.1.LTS/bin/armcl" -mv7M4 --code_state=16 --float_support=FPv4SPD16 -me --define=ccs="ccs" --define=PART_TM4C123GH6PM -g --gcc --diag_warning=225 --diag_wrap=off --display_error_number --abi=eabi -z -m"Lab 2.map" --heap_size=1024 --stack_size=2048 -i"C:/ti/ccsv7/tools/compiler/ti-cgt-arm_16.9.1.LTS/lib" -i"C:/ti/ccsv7/tools/compiler/ti-cgt-arm_16.9.1.LTS/include" --reread_libs --diag_wrap=off --display_error_number --warn_sections --xml_link_info="Lab 2_linkInfo.xml" --rom_model -o "Lab 2.out" "./button.obj" "./lcd.obj" "./main.obj" "./timer.obj" "./tm4c123gh6pm_startup_ccs.obj" "./uart.obj" "../tm4c123gh6pm.cmd"  -llibc.a -l"C:/ti/TivaWare_C_Series-2.1.2.111/driverlib/ccs/Debug/driverlib.lib" 
<Linking>
'Finished building target: Lab 2.out'
' '

**** Build Finished ****

**** Build of configuration Debug for project Lab 2 ****

"C:\\ti\\ccsv7\\utils\\bin\\gmake" -k -j 8 all -O 
'Building file: ../uart.c'
'Invoking: ARM Compiler'
"C:/ti/ccsv7/tools/compiler/ti-cgt-arm_16.9.1.LTS/bin/armcl" -mv7M4 --code_state=16 --float_support=FPv4SPD16 -me --include_path="U:/CprE 288/Lab5/Lab 2" --include_path="C:/ti/TivaWare_C_Series-2.1.2.111" --include_path="C:/ti/ccsv7/tools/compiler/ti-cgt-arm_16.9.1.LTS/include" --define=ccs="ccs" --define=PART_TM4C123GH6PM -g --gcc --diag_warning=225 --diag_wrap=off --display_error_number --abi=eabi --preproc_with_compile --preproc_dependency="uart.d"  "../uart.c"
"..\timer.h", line 44: warning #1-D: last line of file ends without a newline
'Finished building: ../uart.c'
' '
'Building target: Lab 2.out'
'Invoking: ARM Linker'
"C:/ti/ccsv7/tools/compiler/ti-cgt-arm_16.9.1.LTS/bin/armcl" -mv7M4 --code_state=16 --float_support=FPv4SPD16 -me --define=ccs="ccs" --define=PART_TM4C123GH6PM -g --gcc --diag_warning=225 --diag_wrap=off --display_error_number --abi=eabi -z -m"Lab 2.map" --heap_size=1024 --stack_size=2048 -i"C:/ti/ccsv7/tools/compiler/ti-cgt-arm_16.9.1.LTS/lib" -i"C:/ti/ccsv7/tools/compiler/ti-cgt-arm_16.9.1.LTS/include" --reread_libs --diag_wrap=off --display_error_number --warn_sections --xml_link_info="Lab 2_linkInfo.xml" --rom_model -o "Lab 2.out" "./button.obj" "./lcd.obj" "./main.obj" "./timer.obj" "./tm4c123gh6pm_startup_ccs.obj" "./uart.obj" "../tm4c123gh6pm.cmd"  -llibc.a -l"C:/ti/TivaWare_C_Series-2.1.2.111/driverlib/ccs/Debug/driverlib.lib" 
<Linking>
'Finished building target: Lab 2.out'
' '

**** Build Finished ****

**** Build of configuration Debug for project Lab 2 ****

"C:\\ti\\ccsv7\\utils\\bin\\gmake" -k -j 8 all -O 
'Building file: ../uart.c'
'Invoking: ARM Compiler'
"C:/ti/ccsv7/tools/compiler/ti-cgt-arm_16.9.1.LTS/bin/armcl" -mv7M4 --code_state=16 --float_support=FPv4SPD16 -me --include_path="U:/CprE 288/Lab5/Lab 2" --include_path="C:/ti/TivaWare_C_Series-2.1.2.111" --include_path="C:/ti/ccsv7/tools/compiler/ti-cgt-arm_16.9.1.LTS/include" --define=ccs="ccs" --define=PART_TM4C123GH6PM -g --gcc --diag_warning=225 --diag_wrap=off --display_error_number --abi=eabi --preproc_with_compile --preproc_dependency="uart.d"  "../uart.c"
"..\timer.h", line 44: warning #1-D: last line of file ends without a newline
"../uart.c", line 54: warning #225-D: function "checkButton" declared implicitly
"../uart.c", line 51: warning #179-D: variable "six" was declared but never referenced
"../uart.c", line 85: warning #161-D: declaration is incompatible with previous "checkButton" (declared at line 54)
'Finished building: ../uart.c'
' '
'Building file: ../main.c'
'Invoking: ARM Compiler'
"C:/ti/ccsv7/tools/compiler/ti-cgt-arm_16.9.1.LTS/bin/armcl" -mv7M4 --code_state=16 --float_support=FPv4SPD16 -me --include_path="U:/CprE 288/Lab5/Lab 2" --include_path="C:/ti/TivaWare_C_Series-2.1.2.111" --include_path="C:/ti/ccsv7/tools/compiler/ti-cgt-arm_16.9.1.LTS/include" --define=ccs="ccs" --define=PART_TM4C123GH6PM -g --gcc --diag_warning=225 --diag_wrap=off --display_error_number --abi=eabi --preproc_with_compile --preproc_dependency="main.d"  "../main.c"
"..\timer.h", line 44: warning #1-D: last line of file ends without a newline
"..\lcd.h", line 40: warning #1-D: last line of file ends without a newline
'Finished building: ../main.c'
' '
'Building target: Lab 2.out'
'Invoking: ARM Linker'
"C:/ti/ccsv7/tools/compiler/ti-cgt-arm_16.9.1.LTS/bin/armcl" -mv7M4 --code_state=16 --float_support=FPv4SPD16 -me --define=ccs="ccs" --define=PART_TM4C123GH6PM -g --gcc --diag_warning=225 --diag_wrap=off --display_error_number --abi=eabi -z -m"Lab 2.map" --heap_size=1024 --stack_size=2048 -i"C:/ti/ccsv7/tools/compiler/ti-cgt-arm_16.9.1.LTS/lib" -i"C:/ti/ccsv7/tools/compiler/ti-cgt-arm_16.9.1.LTS/include" --reread_libs --diag_wrap=off --display_error_number --warn_sections --xml_link_info="Lab 2_linkInfo.xml" --rom_model -o "Lab 2.out" "./button.obj" "./lcd.obj" "./main.obj" "./timer.obj" "./tm4c123gh6pm_startup_ccs.obj" "./uart.obj" "../tm4c123gh6pm.cmd"  -llibc.a -l"C:/ti/TivaWare_C_Series-2.1.2.111/driverlib/ccs/Debug/driverlib.lib" 
<Linking>
'Finished building target: Lab 2.out'
' '

**** Build Finished ****

**** Build of configuration Debug for project Lab 2 ****

"C:\\ti\\ccsv7\\utils\\bin\\gmake" -k -j 8 all -O 
'Building file: ../uart.c'
'Invoking: ARM Compiler'
"C:/ti/ccsv7/tools/compiler/ti-cgt-arm_16.9.1.LTS/bin/armcl" -mv7M4 --code_state=16 --float_support=FPv4SPD16 -me --include_path="U:/CprE 288/Lab5/Lab 2" --include_path="C:/ti/TivaWare_C_Series-2.1.2.111" --include_path="C:/ti/ccsv7/tools/compiler/ti-cgt-arm_16.9.1.LTS/include" --define=ccs="ccs" --define=PART_TM4C123GH6PM -g --gcc --diag_warning=225 --diag_wrap=off --display_error_number --abi=eabi --preproc_with_compile --preproc_dependency="uart.d"  "../uart.c"
"..\timer.h", line 44: warning #1-D: last line of file ends without a newline
'Finished building: ../uart.c'
' '
'Building file: ../main.c'
'Invoking: ARM Compiler'
"C:/ti/ccsv7/tools/compiler/ti-cgt-arm_16.9.1.LTS/bin/armcl" -mv7M4 --code_state=16 --float_support=FPv4SPD16 -me --include_path="U:/CprE 288/Lab5/Lab 2" --include_path="C:/ti/TivaWare_C_Series-2.1.2.111" --include_path="C:/ti/ccsv7/tools/compiler/ti-cgt-arm_16.9.1.LTS/include" --define=ccs="ccs" --define=PART_TM4C123GH6PM -g --gcc --diag_warning=225 --diag_wrap=off --display_error_number --abi=eabi --preproc_with_compile --preproc_dependency="main.d"  "../main.c"
"..\timer.h", line 44: warning #1-D: last line of file ends without a newline
"..\lcd.h", line 40: warning #1-D: last line of file ends without a newline
'Finished building: ../main.c'
' '
'Building target: Lab 2.out'
'Invoking: ARM Linker'
"C:/ti/ccsv7/tools/compiler/ti-cgt-arm_16.9.1.LTS/bin/armcl" -mv7M4 --code_state=16 --float_support=FPv4SPD16 -me --define=ccs="ccs" --define=PART_TM4C123GH6PM -g --gcc --diag_warning=225 --diag_wrap=off --display_error_number --abi=eabi -z -m"Lab 2.map" --heap_size=1024 --stack_size=2048 -i"C:/ti/ccsv7/tools/compiler/ti-cgt-arm_16.9.1.LTS/lib" -i"C:/ti/ccsv7/tools/compiler/ti-cgt-arm_16.9.1.LTS/include" --reread_libs --diag_wrap=off --display_error_number --warn_sections --xml_link_info="Lab 2_linkInfo.xml" --rom_model -o "Lab 2.out" "./button.obj" "./lcd.obj" "./main.obj" "./timer.obj" "./tm4c123gh6pm_startup_ccs.obj" "./uart.obj" "../tm4c123gh6pm.cmd"  -llibc.a -l"C:/ti/TivaWare_C_Series-2.1.2.111/driverlib/ccs/Debug/driverlib.lib" 
<Linking>
'Finished building target: Lab 2.out'
' '

**** Build Finished ****

**** Build of configuration Debug for project Lab 2 ****

"C:\\ti\\ccsv7\\utils\\bin\\gmake" -k -j 8 all -O 
'Building file: ../main.c'
'Invoking: ARM Compiler'
"C:/ti/ccsv7/tools/compiler/ti-cgt-arm_16.9.1.LTS/bin/armcl" -mv7M4 --code_state=16 --float_support=FPv4SPD16 -me --include_path="U:/CprE 288/Lab5/Lab 2" --include_path="C:/ti/TivaWare_C_Series-2.1.2.111" --include_path="C:/ti/ccsv7/tools/compiler/ti-cgt-arm_16.9.1.LTS/include" --define=ccs="ccs" --define=PART_TM4C123GH6PM -g --gcc --diag_warning=225 --diag_wrap=off --display_error_number --abi=eabi --preproc_with_compile --preproc_dependency="main.d"  "../main.c"
"..\timer.h", line 44: warning #1-D: last line of file ends without a newline
"..\lcd.h", line 40: warning #1-D: last line of file ends without a newline
"../main.c", line 12: warning #179-D: variable "b6" was declared but never referenced
'Finished building: ../main.c'
' '
'Building target: Lab 2.out'
'Invoking: ARM Linker'
"C:/ti/ccsv7/tools/compiler/ti-cgt-arm_16.9.1.LTS/bin/armcl" -mv7M4 --code_state=16 --float_support=FPv4SPD16 -me --define=ccs="ccs" --define=PART_TM4C123GH6PM -g --gcc --diag_warning=225 --diag_wrap=off --display_error_number --abi=eabi -z -m"Lab 2.map" --heap_size=1024 --stack_size=2048 -i"C:/ti/ccsv7/tools/compiler/ti-cgt-arm_16.9.1.LTS/lib" -i"C:/ti/ccsv7/tools/compiler/ti-cgt-arm_16.9.1.LTS/include" --reread_libs --diag_wrap=off --display_error_number --warn_sections --xml_link_info="Lab 2_linkInfo.xml" --rom_model -o "Lab 2.out" "./button.obj" "./lcd.obj" "./main.obj" "./timer.obj" "./tm4c123gh6pm_startup_ccs.obj" "./uart.obj" "../tm4c123gh6pm.cmd"  -llibc.a -l"C:/ti/TivaWare_C_Series-2.1.2.111/driverlib/ccs/Debug/driverlib.lib" 
<Linking>
'Finished building target: Lab 2.out'
' '

**** Build Finished ****

**** Build of configuration Debug for project Lab 2 ****

"C:\\ti\\ccsv7\\utils\\bin\\gmake" -k -j 8 all -O 
'Building file: ../uart.c'
'Invoking: ARM Compiler'
"C:/ti/ccsv7/tools/compiler/ti-cgt-arm_16.9.1.LTS/bin/armcl" -mv7M4 --code_state=16 --float_support=FPv4SPD16 -me --include_path="U:/CprE 288/Lab5/Lab 2" --include_path="C:/ti/TivaWare_C_Series-2.1.2.111" --include_path="C:/ti/ccsv7/tools/compiler/ti-cgt-arm_16.9.1.LTS/include" --define=ccs="ccs" --define=PART_TM4C123GH6PM -g --gcc --diag_warning=225 --diag_wrap=off --display_error_number --abi=eabi --preproc_with_compile --preproc_dependency="uart.d"  "../uart.c"
"..\timer.h", line 44: warning #1-D: last line of file ends without a newline
'Finished building: ../uart.c'
' '
'Building target: Lab 2.out'
'Invoking: ARM Linker'
"C:/ti/ccsv7/tools/compiler/ti-cgt-arm_16.9.1.LTS/bin/armcl" -mv7M4 --code_state=16 --float_support=FPv4SPD16 -me --define=ccs="ccs" --define=PART_TM4C123GH6PM -g --gcc --diag_warning=225 --diag_wrap=off --display_error_number --abi=eabi -z -m"Lab 2.map" --heap_size=1024 --stack_size=2048 -i"C:/ti/ccsv7/tools/compiler/ti-cgt-arm_16.9.1.LTS/lib" -i"C:/ti/ccsv7/tools/compiler/ti-cgt-arm_16.9.1.LTS/include" --reread_libs --diag_wrap=off --display_error_number --warn_sections --xml_link_info="Lab 2_linkInfo.xml" --rom_model -o "Lab 2.out" "./button.obj" "./lcd.obj" "./main.obj" "./timer.obj" "./tm4c123gh6pm_startup_ccs.obj" "./uart.obj" "../tm4c123gh6pm.cmd"  -llibc.a -l"C:/ti/TivaWare_C_Series-2.1.2.111/driverlib/ccs/Debug/driverlib.lib" 
<Linking>
'Finished building target: Lab 2.out'
' '

**** Build Finished ****

**** Build of configuration Debug for project Lab 2 ****

"C:\\ti\\ccsv7\\utils\\bin\\gmake" -k -j 8 all -O 
'Building file: ../uart.c'
'Invoking: ARM Compiler'
"C:/ti/ccsv7/tools/compiler/ti-cgt-arm_16.9.1.LTS/bin/armcl" -mv7M4 --code_state=16 --float_support=FPv4SPD16 -me --include_path="U:/CprE 288/Lab5/Lab 2" --include_path="C:/ti/TivaWare_C_Series-2.1.2.111" --include_path="C:/ti/ccsv7/tools/compiler/ti-cgt-arm_16.9.1.LTS/include" --define=ccs="ccs" --define=PART_TM4C123GH6PM -g --gcc --diag_warning=225 --diag_wrap=off --display_error_number --abi=eabi --preproc_with_compile --preproc_dependency="uart.d"  "../uart.c"
"..\timer.h", line 44: warning #1-D: last line of file ends without a newline
"../uart.c", line 59: warning #179-D: variable "i" was declared but never referenced
'Finished building: ../uart.c'
' '
'Building target: Lab 2.out'
'Invoking: ARM Linker'
"C:/ti/ccsv7/tools/compiler/ti-cgt-arm_16.9.1.LTS/bin/armcl" -mv7M4 --code_state=16 --float_support=FPv4SPD16 -me --define=ccs="ccs" --define=PART_TM4C123GH6PM -g --gcc --diag_warning=225 --diag_wrap=off --display_error_number --abi=eabi -z -m"Lab 2.map" --heap_size=1024 --stack_size=2048 -i"C:/ti/ccsv7/tools/compiler/ti-cgt-arm_16.9.1.LTS/lib" -i"C:/ti/ccsv7/tools/compiler/ti-cgt-arm_16.9.1.LTS/include" --reread_libs --diag_wrap=off --display_error_number --warn_sections --xml_link_info="Lab 2_linkInfo.xml" --rom_model -o "Lab 2.out" "./button.obj" "./lcd.obj" "./main.obj" "./timer.obj" "./tm4c123gh6pm_startup_ccs.obj" "./uart.obj" "../tm4c123gh6pm.cmd"  -llibc.a -l"C:/ti/TivaWare_C_Series-2.1.2.111/driverlib/ccs/Debug/driverlib.lib" 
<Linking>
'Finished building target: Lab 2.out'
' '

**** Build Finished ****

**** Build of configuration Debug for project Lab 2 ****

"C:\\ti\\ccsv7\\utils\\bin\\gmake" -k -j 8 all -O 
'Building file: ../uart.c'
'Invoking: ARM Compiler'
"C:/ti/ccsv7/tools/compiler/ti-cgt-arm_16.9.1.LTS/bin/armcl" -mv7M4 --code_state=16 --float_support=FPv4SPD16 -me --include_path="U:/CprE 288/Lab5/Lab 2" --include_path="C:/ti/TivaWare_C_Series-2.1.2.111" --include_path="C:/ti/ccsv7/tools/compiler/ti-cgt-arm_16.9.1.LTS/include" --define=ccs="ccs" --define=PART_TM4C123GH6PM -g --gcc --diag_warning=225 --diag_wrap=off --display_error_number --abi=eabi --preproc_with_compile --preproc_dependency="uart.d"  "../uart.c"
"..\timer.h", line 44: warning #1-D: last line of file ends without a newline
'Finished building: ../uart.c'
' '
'Building target: Lab 2.out'
'Invoking: ARM Linker'
"C:/ti/ccsv7/tools/compiler/ti-cgt-arm_16.9.1.LTS/bin/armcl" -mv7M4 --code_state=16 --float_support=FPv4SPD16 -me --define=ccs="ccs" --define=PART_TM4C123GH6PM -g --gcc --diag_warning=225 --diag_wrap=off --display_error_number --abi=eabi -z -m"Lab 2.map" --heap_size=1024 --stack_size=2048 -i"C:/ti/ccsv7/tools/compiler/ti-cgt-arm_16.9.1.LTS/lib" -i"C:/ti/ccsv7/tools/compiler/ti-cgt-arm_16.9.1.LTS/include" --reread_libs --diag_wrap=off --display_error_number --warn_sections --xml_link_info="Lab 2_linkInfo.xml" --rom_model -o "Lab 2.out" "./button.obj" "./lcd.obj" "./main.obj" "./timer.obj" "./tm4c123gh6pm_startup_ccs.obj" "./uart.obj" "../tm4c123gh6pm.cmd"  -llibc.a -l"C:/ti/TivaWare_C_Series-2.1.2.111/driverlib/ccs/Debug/driverlib.lib" 
<Linking>
'Finished building target: Lab 2.out'
' '

**** Build Finished ****

**** Build of configuration Debug for project Lab 2 ****

"C:\\ti\\ccsv7\\utils\\bin\\gmake" -k -j 8 all -O 
'Building file: ../uart.c'
'Invoking: ARM Compiler'
"C:/ti/ccsv7/tools/compiler/ti-cgt-arm_16.9.1.LTS/bin/armcl" -mv7M4 --code_state=16 --float_support=FPv4SPD16 -me --include_path="U:/CprE 288/Lab5/Lab 2" --include_path="C:/ti/TivaWare_C_Series-2.1.2.111" --include_path="C:/ti/ccsv7/tools/compiler/ti-cgt-arm_16.9.1.LTS/include" --define=ccs="ccs" --define=PART_TM4C123GH6PM -g --gcc --diag_warning=225 --diag_wrap=off --display_error_number --abi=eabi --preproc_with_compile --preproc_dependency="uart.d"  "../uart.c"
"..\timer.h", line 44: warning #1-D: last line of file ends without a newline
'Finished building: ../uart.c'
' '
'Building target: Lab 2.out'
'Invoking: ARM Linker'
"C:/ti/ccsv7/tools/compiler/ti-cgt-arm_16.9.1.LTS/bin/armcl" -mv7M4 --code_state=16 --float_support=FPv4SPD16 -me --define=ccs="ccs" --define=PART_TM4C123GH6PM -g --gcc --diag_warning=225 --diag_wrap=off --display_error_number --abi=eabi -z -m"Lab 2.map" --heap_size=1024 --stack_size=2048 -i"C:/ti/ccsv7/tools/compiler/ti-cgt-arm_16.9.1.LTS/lib" -i"C:/ti/ccsv7/tools/compiler/ti-cgt-arm_16.9.1.LTS/include" --reread_libs --diag_wrap=off --display_error_number --warn_sections --xml_link_info="Lab 2_linkInfo.xml" --rom_model -o "Lab 2.out" "./button.obj" "./lcd.obj" "./main.obj" "./timer.obj" "./tm4c123gh6pm_startup_ccs.obj" "./uart.obj" "../tm4c123gh6pm.cmd"  -llibc.a -l"C:/ti/TivaWare_C_Series-2.1.2.111/driverlib/ccs/Debug/driverlib.lib" 
<Linking>
'Finished building target: Lab 2.out'
' '

**** Build Finished ****

**** Build of configuration Debug for project Lab 2 ****

"C:\\ti\\ccsv7\\utils\\bin\\gmake" -k -j 8 all -O 
'Building file: ../uart.c'
'Invoking: ARM Compiler'
"C:/ti/ccsv7/tools/compiler/ti-cgt-arm_16.9.1.LTS/bin/armcl" -mv7M4 --code_state=16 --float_support=FPv4SPD16 -me --include_path="U:/CprE 288/Lab5/Lab 2" --include_path="C:/ti/TivaWare_C_Series-2.1.2.111" --include_path="C:/ti/ccsv7/tools/compiler/ti-cgt-arm_16.9.1.LTS/include" --define=ccs="ccs" --define=PART_TM4C123GH6PM -g --gcc --diag_warning=225 --diag_wrap=off --display_error_number --abi=eabi --preproc_with_compile --preproc_dependency="uart.d"  "../uart.c"
"..\timer.h", line 44: warning #1-D: last line of file ends without a newline
'Finished building: ../uart.c'
' '
'Building target: Lab 2.out'
'Invoking: ARM Linker'
"C:/ti/ccsv7/tools/compiler/ti-cgt-arm_16.9.1.LTS/bin/armcl" -mv7M4 --code_state=16 --float_support=FPv4SPD16 -me --define=ccs="ccs" --define=PART_TM4C123GH6PM -g --gcc --diag_warning=225 --diag_wrap=off --display_error_number --abi=eabi -z -m"Lab 2.map" --heap_size=1024 --stack_size=2048 -i"C:/ti/ccsv7/tools/compiler/ti-cgt-arm_16.9.1.LTS/lib" -i"C:/ti/ccsv7/tools/compiler/ti-cgt-arm_16.9.1.LTS/include" --reread_libs --diag_wrap=off --display_error_number --warn_sections --xml_link_info="Lab 2_linkInfo.xml" --rom_model -o "Lab 2.out" "./button.obj" "./lcd.obj" "./main.obj" "./timer.obj" "./tm4c123gh6pm_startup_ccs.obj" "./uart.obj" "../tm4c123gh6pm.cmd"  -llibc.a -l"C:/ti/TivaWare_C_Series-2.1.2.111/driverlib/ccs/Debug/driverlib.lib" 
<Linking>
'Finished building target: Lab 2.out'
' '

**** Build Finished ****

**** Build of configuration Debug for project Lab 2 ****

"C:\\ti\\ccsv7\\utils\\bin\\gmake" -k -j 8 all -O 
'Building file: ../uart.c'
'Invoking: ARM Compiler'
"C:/ti/ccsv7/tools/compiler/ti-cgt-arm_16.9.1.LTS/bin/armcl" -mv7M4 --code_state=16 --float_support=FPv4SPD16 -me --include_path="U:/CprE 288/Lab5/Lab 2" --include_path="C:/ti/TivaWare_C_Series-2.1.2.111" --include_path="C:/ti/ccsv7/tools/compiler/ti-cgt-arm_16.9.1.LTS/include" --define=ccs="ccs" --define=PART_TM4C123GH6PM -g --gcc --diag_warning=225 --diag_wrap=off --display_error_number --abi=eabi --preproc_with_compile --preproc_dependency="uart.d"  "../uart.c"
"..\timer.h", line 44: warning #1-D: last line of file ends without a newline
'Finished building: ../uart.c'
' '
'Building target: Lab 2.out'
'Invoking: ARM Linker'
"C:/ti/ccsv7/tools/compiler/ti-cgt-arm_16.9.1.LTS/bin/armcl" -mv7M4 --code_state=16 --float_support=FPv4SPD16 -me --define=ccs="ccs" --define=PART_TM4C123GH6PM -g --gcc --diag_warning=225 --diag_wrap=off --display_error_number --abi=eabi -z -m"Lab 2.map" --heap_size=1024 --stack_size=2048 -i"C:/ti/ccsv7/tools/compiler/ti-cgt-arm_16.9.1.LTS/lib" -i"C:/ti/ccsv7/tools/compiler/ti-cgt-arm_16.9.1.LTS/include" --reread_libs --diag_wrap=off --display_error_number --warn_sections --xml_link_info="Lab 2_linkInfo.xml" --rom_model -o "Lab 2.out" "./button.obj" "./lcd.obj" "./main.obj" "./timer.obj" "./tm4c123gh6pm_startup_ccs.obj" "./uart.obj" "../tm4c123gh6pm.cmd"  -llibc.a -l"C:/ti/TivaWare_C_Series-2.1.2.111/driverlib/ccs/Debug/driverlib.lib" 
<Linking>
'Finished building target: Lab 2.out'
' '

**** Build Finished ****

**** Build of configuration Debug for project Lab 2 ****

"C:\\ti\\ccsv7\\utils\\bin\\gmake" -k -j 8 all -O 
'Building file: ../uart.c'
'Invoking: ARM Compiler'
"C:/ti/ccsv7/tools/compiler/ti-cgt-arm_16.9.1.LTS/bin/armcl" -mv7M4 --code_state=16 --float_support=FPv4SPD16 -me --include_path="U:/CprE 288/Lab5/Lab 2" --include_path="C:/ti/TivaWare_C_Series-2.1.2.111" --include_path="C:/ti/ccsv7/tools/compiler/ti-cgt-arm_16.9.1.LTS/include" --define=ccs="ccs" --define=PART_TM4C123GH6PM -g --gcc --diag_warning=225 --diag_wrap=off --display_error_number --abi=eabi --preproc_with_compile --preproc_dependency="uart.d"  "../uart.c"
"..\timer.h", line 44: warning #1-D: last line of file ends without a newline
'Finished building: ../uart.c'
' '
'Building target: Lab 2.out'
'Invoking: ARM Linker'
"C:/ti/ccsv7/tools/compiler/ti-cgt-arm_16.9.1.LTS/bin/armcl" -mv7M4 --code_state=16 --float_support=FPv4SPD16 -me --define=ccs="ccs" --define=PART_TM4C123GH6PM -g --gcc --diag_warning=225 --diag_wrap=off --display_error_number --abi=eabi -z -m"Lab 2.map" --heap_size=1024 --stack_size=2048 -i"C:/ti/ccsv7/tools/compiler/ti-cgt-arm_16.9.1.LTS/lib" -i"C:/ti/ccsv7/tools/compiler/ti-cgt-arm_16.9.1.LTS/include" --reread_libs --diag_wrap=off --display_error_number --warn_sections --xml_link_info="Lab 2_linkInfo.xml" --rom_model -o "Lab 2.out" "./button.obj" "./lcd.obj" "./main.obj" "./timer.obj" "./tm4c123gh6pm_startup_ccs.obj" "./uart.obj" "../tm4c123gh6pm.cmd"  -llibc.a -l"C:/ti/TivaWare_C_Series-2.1.2.111/driverlib/ccs/Debug/driverlib.lib" 
<Linking>
'Finished building target: Lab 2.out'
' '

**** Build Finished ****

**** Build of configuration Debug for project Lab 2 ****

"C:\\ti\\ccsv7\\utils\\bin\\gmake" -k -j 8 all -O 
'Building file: ../uart.c'
'Invoking: ARM Compiler'
"C:/ti/ccsv7/tools/compiler/ti-cgt-arm_16.9.1.LTS/bin/armcl" -mv7M4 --code_state=16 --float_support=FPv4SPD16 -me --include_path="U:/CprE 288/Lab5/Lab 2" --include_path="C:/ti/TivaWare_C_Series-2.1.2.111" --include_path="C:/ti/ccsv7/tools/compiler/ti-cgt-arm_16.9.1.LTS/include" --define=ccs="ccs" --define=PART_TM4C123GH6PM -g --gcc --diag_warning=225 --diag_wrap=off --display_error_number --abi=eabi --preproc_with_compile --preproc_dependency="uart.d"  "../uart.c"
"..\timer.h", line 44: warning #1-D: last line of file ends without a newline
'Finished building: ../uart.c'
' '
'Building file: ../main.c'
'Invoking: ARM Compiler'
"C:/ti/ccsv7/tools/compiler/ti-cgt-arm_16.9.1.LTS/bin/armcl" -mv7M4 --code_state=16 --float_support=FPv4SPD16 -me --include_path="U:/CprE 288/Lab5/Lab 2" --include_path="C:/ti/TivaWare_C_Series-2.1.2.111" --include_path="C:/ti/ccsv7/tools/compiler/ti-cgt-arm_16.9.1.LTS/include" --define=ccs="ccs" --define=PART_TM4C123GH6PM -g --gcc --diag_warning=225 --diag_wrap=off --display_error_number --abi=eabi --preproc_with_compile --preproc_dependency="main.d"  "../main.c"
"..\timer.h", line 44: warning #1-D: last line of file ends without a newline
"..\lcd.h", line 40: warning #1-D: last line of file ends without a newline
"../main.c", line 12: warning #179-D: variable "b6" was declared but never referenced
'Finished building: ../main.c'
' '
'Building target: Lab 2.out'
'Invoking: ARM Linker'
"C:/ti/ccsv7/tools/compiler/ti-cgt-arm_16.9.1.LTS/bin/armcl" -mv7M4 --code_state=16 --float_support=FPv4SPD16 -me --define=ccs="ccs" --define=PART_TM4C123GH6PM -g --gcc --diag_warning=225 --diag_wrap=off --display_error_number --abi=eabi -z -m"Lab 2.map" --heap_size=1024 --stack_size=2048 -i"C:/ti/ccsv7/tools/compiler/ti-cgt-arm_16.9.1.LTS/lib" -i"C:/ti/ccsv7/tools/compiler/ti-cgt-arm_16.9.1.LTS/include" --reread_libs --diag_wrap=off --display_error_number --warn_sections --xml_link_info="Lab 2_linkInfo.xml" --rom_model -o "Lab 2.out" "./button.obj" "./lcd.obj" "./main.obj" "./timer.obj" "./tm4c123gh6pm_startup_ccs.obj" "./uart.obj" "../tm4c123gh6pm.cmd"  -llibc.a -l"C:/ti/TivaWare_C_Series-2.1.2.111/driverlib/ccs/Debug/driverlib.lib" 
<Linking>
'Finished building target: Lab 2.out'
' '

**** Build Finished ****

**** Build of configuration Debug for project Lab 2 ****

"C:\\ti\\ccsv7\\utils\\bin\\gmake" -k -j 8 all -O 
'Building file: ../uart.c'
'Invoking: ARM Compiler'
"C:/ti/ccsv7/tools/compiler/ti-cgt-arm_16.9.1.LTS/bin/armcl" -mv7M4 --code_state=16 --float_support=FPv4SPD16 -me --include_path="U:/CprE 288/Lab5/Lab 2" --include_path="C:/ti/TivaWare_C_Series-2.1.2.111" --include_path="C:/ti/ccsv7/tools/compiler/ti-cgt-arm_16.9.1.LTS/include" --define=ccs="ccs" --define=PART_TM4C123GH6PM -g --gcc --diag_warning=225 --diag_wrap=off --display_error_number --abi=eabi --preproc_with_compile --preproc_dependency="uart.d"  "../uart.c"
"..\timer.h", line 44: warning #1-D: last line of file ends without a newline
'Finished building: ../uart.c'
' '
'Building target: Lab 2.out'
'Invoking: ARM Linker'
"C:/ti/ccsv7/tools/compiler/ti-cgt-arm_16.9.1.LTS/bin/armcl" -mv7M4 --code_state=16 --float_support=FPv4SPD16 -me --define=ccs="ccs" --define=PART_TM4C123GH6PM -g --gcc --diag_warning=225 --diag_wrap=off --display_error_number --abi=eabi -z -m"Lab 2.map" --heap_size=1024 --stack_size=2048 -i"C:/ti/ccsv7/tools/compiler/ti-cgt-arm_16.9.1.LTS/lib" -i"C:/ti/ccsv7/tools/compiler/ti-cgt-arm_16.9.1.LTS/include" --reread_libs --diag_wrap=off --display_error_number --warn_sections --xml_link_info="Lab 2_linkInfo.xml" --rom_model -o "Lab 2.out" "./button.obj" "./lcd.obj" "./main.obj" "./timer.obj" "./tm4c123gh6pm_startup_ccs.obj" "./uart.obj" "../tm4c123gh6pm.cmd"  -llibc.a -l"C:/ti/TivaWare_C_Series-2.1.2.111/driverlib/ccs/Debug/driverlib.lib" 
<Linking>
'Finished building target: Lab 2.out'
' '

**** Build Finished ****

**** Build of configuration Debug for project Lab 2 ****

"C:\\ti\\ccsv7\\utils\\bin\\gmake" -k -j 8 all -O 
'Building file: ../uart.c'
'Invoking: ARM Compiler'
"C:/ti/ccsv7/tools/compiler/ti-cgt-arm_16.9.1.LTS/bin/armcl" -mv7M4 --code_state=16 --float_support=FPv4SPD16 -me --include_path="U:/CprE 288/Lab5/Lab 2" --include_path="C:/ti/TivaWare_C_Series-2.1.2.111" --include_path="C:/ti/ccsv7/tools/compiler/ti-cgt-arm_16.9.1.LTS/include" --define=ccs="ccs" --define=PART_TM4C123GH6PM -g --gcc --diag_warning=225 --diag_wrap=off --display_error_number --abi=eabi --preproc_with_compile --preproc_dependency="uart.d"  "../uart.c"
"..\timer.h", line 44: warning #1-D: last line of file ends without a newline
'Finished building: ../uart.c'
' '
'Building target: Lab 2.out'
'Invoking: ARM Linker'
"C:/ti/ccsv7/tools/compiler/ti-cgt-arm_16.9.1.LTS/bin/armcl" -mv7M4 --code_state=16 --float_support=FPv4SPD16 -me --define=ccs="ccs" --define=PART_TM4C123GH6PM -g --gcc --diag_warning=225 --diag_wrap=off --display_error_number --abi=eabi -z -m"Lab 2.map" --heap_size=1024 --stack_size=2048 -i"C:/ti/ccsv7/tools/compiler/ti-cgt-arm_16.9.1.LTS/lib" -i"C:/ti/ccsv7/tools/compiler/ti-cgt-arm_16.9.1.LTS/include" --reread_libs --diag_wrap=off --display_error_number --warn_sections --xml_link_info="Lab 2_linkInfo.xml" --rom_model -o "Lab 2.out" "./button.obj" "./lcd.obj" "./main.obj" "./timer.obj" "./tm4c123gh6pm_startup_ccs.obj" "./uart.obj" "../tm4c123gh6pm.cmd"  -llibc.a -l"C:/ti/TivaWare_C_Series-2.1.2.111/driverlib/ccs/Debug/driverlib.lib" 
<Linking>
'Finished building target: Lab 2.out'
' '

**** Build Finished ****

**** Build of configuration Debug for project Lab 2 ****

"C:\\ti\\ccsv7\\utils\\bin\\gmake" -k -j 8 all -O 
'Building file: ../uart.c'
'Invoking: ARM Compiler'
"C:/ti/ccsv7/tools/compiler/ti-cgt-arm_16.9.1.LTS/bin/armcl" -mv7M4 --code_state=16 --float_support=FPv4SPD16 -me --include_path="U:/CprE 288/Lab5/Lab 2" --include_path="C:/ti/TivaWare_C_Series-2.1.2.111" --include_path="C:/ti/ccsv7/tools/compiler/ti-cgt-arm_16.9.1.LTS/include" --define=ccs="ccs" --define=PART_TM4C123GH6PM -g --gcc --diag_warning=225 --diag_wrap=off --display_error_number --abi=eabi --preproc_with_compile --preproc_dependency="uart.d"  "../uart.c"
"..\timer.h", line 44: warning #1-D: last line of file ends without a newline
'Finished building: ../uart.c'
' '
'Building target: Lab 2.out'
'Invoking: ARM Linker'
"C:/ti/ccsv7/tools/compiler/ti-cgt-arm_16.9.1.LTS/bin/armcl" -mv7M4 --code_state=16 --float_support=FPv4SPD16 -me --define=ccs="ccs" --define=PART_TM4C123GH6PM -g --gcc --diag_warning=225 --diag_wrap=off --display_error_number --abi=eabi -z -m"Lab 2.map" --heap_size=1024 --stack_size=2048 -i"C:/ti/ccsv7/tools/compiler/ti-cgt-arm_16.9.1.LTS/lib" -i"C:/ti/ccsv7/tools/compiler/ti-cgt-arm_16.9.1.LTS/include" --reread_libs --diag_wrap=off --display_error_number --warn_sections --xml_link_info="Lab 2_linkInfo.xml" --rom_model -o "Lab 2.out" "./button.obj" "./lcd.obj" "./main.obj" "./timer.obj" "./tm4c123gh6pm_startup_ccs.obj" "./uart.obj" "../tm4c123gh6pm.cmd"  -llibc.a -l"C:/ti/TivaWare_C_Series-2.1.2.111/driverlib/ccs/Debug/driverlib.lib" 
<Linking>
'Finished building target: Lab 2.out'
' '

**** Build Finished ****

**** Build of configuration Debug for project Lab 2 ****

"C:\\ti\\ccsv7\\utils\\bin\\gmake" -k -j 8 all -O 
'Building file: ../uart.c'
'Invoking: ARM Compiler'
"C:/ti/ccsv7/tools/compiler/ti-cgt-arm_16.9.1.LTS/bin/armcl" -mv7M4 --code_state=16 --float_support=FPv4SPD16 -me --include_path="U:/CprE 288/Lab5/Lab 2" --include_path="C:/ti/TivaWare_C_Series-2.1.2.111" --include_path="C:/ti/ccsv7/tools/compiler/ti-cgt-arm_16.9.1.LTS/include" --define=ccs="ccs" --define=PART_TM4C123GH6PM -g --gcc --diag_warning=225 --diag_wrap=off --display_error_number --abi=eabi --preproc_with_compile --preproc_dependency="uart.d"  "../uart.c"
"..\timer.h", line 44: warning #1-D: last line of file ends without a newline
'Finished building: ../uart.c'
' '
'Building target: Lab 2.out'
'Invoking: ARM Linker'
"C:/ti/ccsv7/tools/compiler/ti-cgt-arm_16.9.1.LTS/bin/armcl" -mv7M4 --code_state=16 --float_support=FPv4SPD16 -me --define=ccs="ccs" --define=PART_TM4C123GH6PM -g --gcc --diag_warning=225 --diag_wrap=off --display_error_number --abi=eabi -z -m"Lab 2.map" --heap_size=1024 --stack_size=2048 -i"C:/ti/ccsv7/tools/compiler/ti-cgt-arm_16.9.1.LTS/lib" -i"C:/ti/ccsv7/tools/compiler/ti-cgt-arm_16.9.1.LTS/include" --reread_libs --diag_wrap=off --display_error_number --warn_sections --xml_link_info="Lab 2_linkInfo.xml" --rom_model -o "Lab 2.out" "./button.obj" "./lcd.obj" "./main.obj" "./timer.obj" "./tm4c123gh6pm_startup_ccs.obj" "./uart.obj" "../tm4c123gh6pm.cmd"  -llibc.a -l"C:/ti/TivaWare_C_Series-2.1.2.111/driverlib/ccs/Debug/driverlib.lib" 
<Linking>
'Finished building target: Lab 2.out'
' '

**** Build Finished ****

**** Build of configuration Debug for project Lab 2 ****

"C:\\ti\\ccsv7\\utils\\bin\\gmake" -k -j 8 all -O 
'Building file: ../uart.c'
'Invoking: ARM Compiler'
"C:/ti/ccsv7/tools/compiler/ti-cgt-arm_16.9.1.LTS/bin/armcl" -mv7M4 --code_state=16 --float_support=FPv4SPD16 -me --include_path="U:/CprE 288/Lab5/Lab 2" --include_path="C:/ti/TivaWare_C_Series-2.1.2.111" --include_path="C:/ti/ccsv7/tools/compiler/ti-cgt-arm_16.9.1.LTS/include" --define=ccs="ccs" --define=PART_TM4C123GH6PM -g --gcc --diag_warning=225 --diag_wrap=off --display_error_number --abi=eabi --preproc_with_compile --preproc_dependency="uart.d"  "../uart.c"
"..\timer.h", line 44: warning #1-D: last line of file ends without a newline
'Finished building: ../uart.c'
' '
'Building target: Lab 2.out'
'Invoking: ARM Linker'
"C:/ti/ccsv7/tools/compiler/ti-cgt-arm_16.9.1.LTS/bin/armcl" -mv7M4 --code_state=16 --float_support=FPv4SPD16 -me --define=ccs="ccs" --define=PART_TM4C123GH6PM -g --gcc --diag_warning=225 --diag_wrap=off --display_error_number --abi=eabi -z -m"Lab 2.map" --heap_size=1024 --stack_size=2048 -i"C:/ti/ccsv7/tools/compiler/ti-cgt-arm_16.9.1.LTS/lib" -i"C:/ti/ccsv7/tools/compiler/ti-cgt-arm_16.9.1.LTS/include" --reread_libs --diag_wrap=off --display_error_number --warn_sections --xml_link_info="Lab 2_linkInfo.xml" --rom_model -o "Lab 2.out" "./button.obj" "./lcd.obj" "./main.obj" "./timer.obj" "./tm4c123gh6pm_startup_ccs.obj" "./uart.obj" "../tm4c123gh6pm.cmd"  -llibc.a -l"C:/ti/TivaWare_C_Series-2.1.2.111/driverlib/ccs/Debug/driverlib.lib" 
<Linking>
'Finished building target: Lab 2.out'
' '

**** Build Finished ****

**** Build of configuration Debug for project Lab 2 ****

"C:\\ti\\ccsv7\\utils\\bin\\gmake" -k -j 8 all -O 
'Building file: ../uart.c'
'Invoking: ARM Compiler'
"C:/ti/ccsv7/tools/compiler/ti-cgt-arm_16.9.1.LTS/bin/armcl" -mv7M4 --code_state=16 --float_support=FPv4SPD16 -me --include_path="U:/CprE 288/Lab5/Lab 2" --include_path="C:/ti/TivaWare_C_Series-2.1.2.111" --include_path="C:/ti/ccsv7/tools/compiler/ti-cgt-arm_16.9.1.LTS/include" --define=ccs="ccs" --define=PART_TM4C123GH6PM -g --gcc --diag_warning=225 --diag_wrap=off --display_error_number --abi=eabi --preproc_with_compile --preproc_dependency="uart.d"  "../uart.c"
"..\timer.h", line 44: warning #1-D: last line of file ends without a newline
'Finished building: ../uart.c'
' '
'Building target: Lab 2.out'
'Invoking: ARM Linker'
"C:/ti/ccsv7/tools/compiler/ti-cgt-arm_16.9.1.LTS/bin/armcl" -mv7M4 --code_state=16 --float_support=FPv4SPD16 -me --define=ccs="ccs" --define=PART_TM4C123GH6PM -g --gcc --diag_warning=225 --diag_wrap=off --display_error_number --abi=eabi -z -m"Lab 2.map" --heap_size=1024 --stack_size=2048 -i"C:/ti/ccsv7/tools/compiler/ti-cgt-arm_16.9.1.LTS/lib" -i"C:/ti/ccsv7/tools/compiler/ti-cgt-arm_16.9.1.LTS/include" --reread_libs --diag_wrap=off --display_error_number --warn_sections --xml_link_info="Lab 2_linkInfo.xml" --rom_model -o "Lab 2.out" "./button.obj" "./lcd.obj" "./main.obj" "./timer.obj" "./tm4c123gh6pm_startup_ccs.obj" "./uart.obj" "../tm4c123gh6pm.cmd"  -llibc.a -l"C:/ti/TivaWare_C_Series-2.1.2.111/driverlib/ccs/Debug/driverlib.lib" 
<Linking>
'Finished building target: Lab 2.out'
' '

**** Build Finished ****

**** Build of configuration Debug for project Lab 2 ****

"C:\\ti\\ccsv7\\utils\\bin\\gmake" -k -j 8 all -O 
'Building file: ../uart.c'
'Invoking: ARM Compiler'
"C:/ti/ccsv7/tools/compiler/ti-cgt-arm_16.9.1.LTS/bin/armcl" -mv7M4 --code_state=16 --float_support=FPv4SPD16 -me --include_path="U:/CprE 288/Lab5/Lab 2" --include_path="C:/ti/TivaWare_C_Series-2.1.2.111" --include_path="C:/ti/ccsv7/tools/compiler/ti-cgt-arm_16.9.1.LTS/include" --define=ccs="ccs" --define=PART_TM4C123GH6PM -g --gcc --diag_warning=225 --diag_wrap=off --display_error_number --abi=eabi --preproc_with_compile --preproc_dependency="uart.d"  "../uart.c"
"..\timer.h", line 44: warning #1-D: last line of file ends without a newline
'Finished building: ../uart.c'
' '
'Building target: Lab 2.out'
'Invoking: ARM Linker'
"C:/ti/ccsv7/tools/compiler/ti-cgt-arm_16.9.1.LTS/bin/armcl" -mv7M4 --code_state=16 --float_support=FPv4SPD16 -me --define=ccs="ccs" --define=PART_TM4C123GH6PM -g --gcc --diag_warning=225 --diag_wrap=off --display_error_number --abi=eabi -z -m"Lab 2.map" --heap_size=1024 --stack_size=2048 -i"C:/ti/ccsv7/tools/compiler/ti-cgt-arm_16.9.1.LTS/lib" -i"C:/ti/ccsv7/tools/compiler/ti-cgt-arm_16.9.1.LTS/include" --reread_libs --diag_wrap=off --display_error_number --warn_sections --xml_link_info="Lab 2_linkInfo.xml" --rom_model -o "Lab 2.out" "./button.obj" "./lcd.obj" "./main.obj" "./timer.obj" "./tm4c123gh6pm_startup_ccs.obj" "./uart.obj" "../tm4c123gh6pm.cmd"  -llibc.a -l"C:/ti/TivaWare_C_Series-2.1.2.111/driverlib/ccs/Debug/driverlib.lib" 
<Linking>
'Finished building target: Lab 2.out'
' '

**** Build Finished ****

**** Build of configuration Debug for project Lab 2 ****

"C:\\ti\\ccsv7\\utils\\bin\\gmake" -k -j 8 all -O 
gmake[1]: 'Lab 2.out' is up to date.

**** Build Finished ****

**** Build of configuration Debug for project Lab 2 ****

"C:\\ti\\ccsv7\\utils\\bin\\gmake" -k -j 8 all -O 
'Building file: ../button.c'
'Invoking: ARM Compiler'
"C:/ti/ccsv7/tools/compiler/ti-cgt-arm_16.9.1.LTS/bin/armcl" -mv7M4 --code_state=16 --float_support=FPv4SPD16 -me --include_path="U:/CprE 288/Lab5/Lab 2" --include_path="C:/ti/TivaWare_C_Series-2.1.2.111" --include_path="C:/ti/ccsv7/tools/compiler/ti-cgt-arm_16.9.1.LTS/include" --define=ccs="ccs" --define=PART_TM4C123GH6PM -g --gcc --diag_warning=225 --diag_wrap=off --display_error_number --abi=eabi --preproc_with_compile --preproc_dependency="button.d"  "../button.c"
'Finished building: ../button.c'
' '
'Building target: Lab 2.out'
'Invoking: ARM Linker'
"C:/ti/ccsv7/tools/compiler/ti-cgt-arm_16.9.1.LTS/bin/armcl" -mv7M4 --code_state=16 --float_support=FPv4SPD16 -me --define=ccs="ccs" --define=PART_TM4C123GH6PM -g --gcc --diag_warning=225 --diag_wrap=off --display_error_number --abi=eabi -z -m"Lab 2.map" --heap_size=1024 --stack_size=2048 -i"C:/ti/ccsv7/tools/compiler/ti-cgt-arm_16.9.1.LTS/lib" -i"C:/ti/ccsv7/tools/compiler/ti-cgt-arm_16.9.1.LTS/include" --reread_libs --diag_wrap=off --display_error_number --warn_sections --xml_link_info="Lab 2_linkInfo.xml" --rom_model -o "Lab 2.out" "./button.obj" "./lcd.obj" "./main.obj" "./timer.obj" "./tm4c123gh6pm_startup_ccs.obj" "./uart.obj" "../tm4c123gh6pm.cmd"  -llibc.a -l"C:/ti/TivaWare_C_Series-2.1.2.111/driverlib/ccs/Debug/driverlib.lib" 
<Linking>
'Finished building target: Lab 2.out'
' '

**** Build Finished ****

**** Build of configuration Debug for project Lab 2 ****

"C:\\ti\\ccsv7\\utils\\bin\\gmake" -k -j 8 all -O 
'Building file: ../button.c'
'Invoking: ARM Compiler'
"C:/ti/ccsv7/tools/compiler/ti-cgt-arm_16.9.1.LTS/bin/armcl" -mv7M4 --code_state=16 --float_support=FPv4SPD16 -me --include_path="U:/CprE 288/Lab5/Lab 2" --include_path="C:/ti/TivaWare_C_Series-2.1.2.111" --include_path="C:/ti/ccsv7/tools/compiler/ti-cgt-arm_16.9.1.LTS/include" --define=ccs="ccs" --define=PART_TM4C123GH6PM -g --gcc --diag_warning=225 --diag_wrap=off --display_error_number --abi=eabi --preproc_with_compile --preproc_dependency="button.d"  "../button.c"
'Finished building: ../button.c'
' '
'Building target: Lab 2.out'
'Invoking: ARM Linker'
"C:/ti/ccsv7/tools/compiler/ti-cgt-arm_16.9.1.LTS/bin/armcl" -mv7M4 --code_state=16 --float_support=FPv4SPD16 -me --define=ccs="ccs" --define=PART_TM4C123GH6PM -g --gcc --diag_warning=225 --diag_wrap=off --display_error_number --abi=eabi -z -m"Lab 2.map" --heap_size=1024 --stack_size=2048 -i"C:/ti/ccsv7/tools/compiler/ti-cgt-arm_16.9.1.LTS/lib" -i"C:/ti/ccsv7/tools/compiler/ti-cgt-arm_16.9.1.LTS/include" --reread_libs --diag_wrap=off --display_error_number --warn_sections --xml_link_info="Lab 2_linkInfo.xml" --rom_model -o "Lab 2.out" "./button.obj" "./lcd.obj" "./main.obj" "./timer.obj" "./tm4c123gh6pm_startup_ccs.obj" "./uart.obj" "../tm4c123gh6pm.cmd"  -llibc.a -l"C:/ti/TivaWare_C_Series-2.1.2.111/driverlib/ccs/Debug/driverlib.lib" 
<Linking>
'Finished building target: Lab 2.out'
' '

**** Build Finished ****

**** Build of configuration Debug for project Lab 2 ****

"C:\\ti\\ccsv7\\utils\\bin\\gmake" -k -j 8 all -O 
'Building file: ../main.c'
'Invoking: ARM Compiler'
"C:/ti/ccsv7/tools/compiler/ti-cgt-arm_16.9.1.LTS/bin/armcl" -mv7M4 --code_state=16 --float_support=FPv4SPD16 -me --include_path="U:/CprE 288/Lab5/Lab 2" --include_path="C:/ti/TivaWare_C_Series-2.1.2.111" --include_path="C:/ti/ccsv7/tools/compiler/ti-cgt-arm_16.9.1.LTS/include" --define=ccs="ccs" --define=PART_TM4C123GH6PM -g --gcc --diag_warning=225 --diag_wrap=off --display_error_number --abi=eabi --preproc_with_compile --preproc_dependency="main.d"  "../main.c"
"..\timer.h", line 44: warning #1-D: last line of file ends without a newline
"..\lcd.h", line 40: warning #1-D: last line of file ends without a newline
"../main.c", line 13: warning #179-D: variable "b6" was declared but never referenced
'Finished building: ../main.c'
' '
'Building target: Lab 2.out'
'Invoking: ARM Linker'
"C:/ti/ccsv7/tools/compiler/ti-cgt-arm_16.9.1.LTS/bin/armcl" -mv7M4 --code_state=16 --float_support=FPv4SPD16 -me --define=ccs="ccs" --define=PART_TM4C123GH6PM -g --gcc --diag_warning=225 --diag_wrap=off --display_error_number --abi=eabi -z -m"Lab 2.map" --heap_size=1024 --stack_size=2048 -i"C:/ti/ccsv7/tools/compiler/ti-cgt-arm_16.9.1.LTS/lib" -i"C:/ti/ccsv7/tools/compiler/ti-cgt-arm_16.9.1.LTS/include" --reread_libs --diag_wrap=off --display_error_number --warn_sections --xml_link_info="Lab 2_linkInfo.xml" --rom_model -o "Lab 2.out" "./button.obj" "./lcd.obj" "./main.obj" "./timer.obj" "./tm4c123gh6pm_startup_ccs.obj" "./uart.obj" "../tm4c123gh6pm.cmd"  -llibc.a -l"C:/ti/TivaWare_C_Series-2.1.2.111/driverlib/ccs/Debug/driverlib.lib" 
<Linking>
'Finished building target: Lab 2.out'
' '

**** Build Finished ****

**** Build of configuration Debug for project Lab 2 ****

"C:\\ti\\ccsv7\\utils\\bin\\gmake" -k -j 8 all -O 
'Building file: ../main.c'
'Invoking: ARM Compiler'
"C:/ti/ccsv7/tools/compiler/ti-cgt-arm_16.9.1.LTS/bin/armcl" -mv7M4 --code_state=16 --float_support=FPv4SPD16 -me --include_path="U:/CprE 288/Lab5/Lab 2" --include_path="C:/ti/TivaWare_C_Series-2.1.2.111" --include_path="C:/ti/ccsv7/tools/compiler/ti-cgt-arm_16.9.1.LTS/include" --define=ccs="ccs" --define=PART_TM4C123GH6PM -g --gcc --diag_warning=225 --diag_wrap=off --display_error_number --abi=eabi --preproc_with_compile --preproc_dependency="main.d"  "../main.c"
"..\timer.h", line 44: warning #1-D: last line of file ends without a newline
"..\lcd.h", line 40: warning #1-D: last line of file ends without a newline
'Finished building: ../main.c'
' '
'Building target: Lab 2.out'
'Invoking: ARM Linker'
"C:/ti/ccsv7/tools/compiler/ti-cgt-arm_16.9.1.LTS/bin/armcl" -mv7M4 --code_state=16 --float_support=FPv4SPD16 -me --define=ccs="ccs" --define=PART_TM4C123GH6PM -g --gcc --diag_warning=225 --diag_wrap=off --display_error_number --abi=eabi -z -m"Lab 2.map" --heap_size=1024 --stack_size=2048 -i"C:/ti/ccsv7/tools/compiler/ti-cgt-arm_16.9.1.LTS/lib" -i"C:/ti/ccsv7/tools/compiler/ti-cgt-arm_16.9.1.LTS/include" --reread_libs --diag_wrap=off --display_error_number --warn_sections --xml_link_info="Lab 2_linkInfo.xml" --rom_model -o "Lab 2.out" "./button.obj" "./lcd.obj" "./main.obj" "./timer.obj" "./tm4c123gh6pm_startup_ccs.obj" "./uart.obj" "../tm4c123gh6pm.cmd"  -llibc.a -l"C:/ti/TivaWare_C_Series-2.1.2.111/driverlib/ccs/Debug/driverlib.lib" 
<Linking>
'Finished building target: Lab 2.out'
' '

**** Build Finished ****

**** Build of configuration Debug for project Lab 2 ****

"C:\\ti\\ccsv7\\utils\\bin\\gmake" -k -j 8 all -O 
'Building file: ../uart.c'
'Invoking: ARM Compiler'
"C:/ti/ccsv7/tools/compiler/ti-cgt-arm_16.9.1.LTS/bin/armcl" -mv7M4 --code_state=16 --float_support=FPv4SPD16 -me --include_path="U:/CprE 288/Lab5/Lab 2" --include_path="C:/ti/TivaWare_C_Series-2.1.2.111" --include_path="C:/ti/ccsv7/tools/compiler/ti-cgt-arm_16.9.1.LTS/include" --define=ccs="ccs" --define=PART_TM4C123GH6PM -g --gcc --diag_warning=225 --diag_wrap=off --display_error_number --abi=eabi --preproc_with_compile --preproc_dependency="uart.d"  "../uart.c"
"..\timer.h", line 44: warning #1-D: last line of file ends without a newline
"../uart.c", line 49: warning #551-D: variable "ret" is used before its value is set
'Finished building: ../uart.c'
' '
'Building target: Lab 2.out'
'Invoking: ARM Linker'
"C:/ti/ccsv7/tools/compiler/ti-cgt-arm_16.9.1.LTS/bin/armcl" -mv7M4 --code_state=16 --float_support=FPv4SPD16 -me --define=ccs="ccs" --define=PART_TM4C123GH6PM -g --gcc --diag_warning=225 --diag_wrap=off --display_error_number --abi=eabi -z -m"Lab 2.map" --heap_size=1024 --stack_size=2048 -i"C:/ti/ccsv7/tools/compiler/ti-cgt-arm_16.9.1.LTS/lib" -i"C:/ti/ccsv7/tools/compiler/ti-cgt-arm_16.9.1.LTS/include" --reread_libs --diag_wrap=off --display_error_number --warn_sections --xml_link_info="Lab 2_linkInfo.xml" --rom_model -o "Lab 2.out" "./button.obj" "./lcd.obj" "./main.obj" "./timer.obj" "./tm4c123gh6pm_startup_ccs.obj" "./uart.obj" "../tm4c123gh6pm.cmd"  -llibc.a -l"C:/ti/TivaWare_C_Series-2.1.2.111/driverlib/ccs/Debug/driverlib.lib" 
<Linking>
'Finished building target: Lab 2.out'
' '

**** Build Finished ****

**** Build of configuration Debug for project Lab 2 ****

"C:\\ti\\ccsv7\\utils\\bin\\gmake" -k -j 8 all -O 
'Building file: ../main.c'
'Invoking: ARM Compiler'
"C:/ti/ccsv7/tools/compiler/ti-cgt-arm_16.9.1.LTS/bin/armcl" -mv7M4 --code_state=16 --float_support=FPv4SPD16 -me --include_path="U:/CprE 288/Lab5/Lab 2" --include_path="C:/ti/TivaWare_C_Series-2.1.2.111" --include_path="C:/ti/ccsv7/tools/compiler/ti-cgt-arm_16.9.1.LTS/include" --define=ccs="ccs" --define=PART_TM4C123GH6PM -g --gcc --diag_warning=225 --diag_wrap=off --display_error_number --abi=eabi --preproc_with_compile --preproc_dependency="main.d"  "../main.c"

>> Compilation failure
subdir_rules.mk:23: recipe for target 'main.obj' failed
"..\timer.h", line 44: warning #1-D: last line of file ends without a newline
"..\lcd.h", line 40: warning #1-D: last line of file ends without a newline
"../main.c", line 16: warning #179-D: variable "b6" was declared but never referenced
"../main.c", line 17: warning #179-D: variable "b5" was declared but never referenced
"../main.c", line 18: warning #179-D: variable "b4" was declared but never referenced
"../main.c", line 19: warning #179-D: variable "b3" was declared but never referenced
"../main.c", line 20: warning #179-D: variable "b2" was declared but never referenced
"../main.c", line 21: warning #179-D: variable "b1" was declared but never referenced
"../main.c", line 68: error #20: identifier "b6" is undefined
1 error detected in the compilation of "../main.c".
gmake: *** [main.obj] Error 1
gmake: Target 'all' not remade because of errors.

**** Build Finished ****

**** Build of configuration Debug for project Lab 2 ****

"C:\\ti\\ccsv7\\utils\\bin\\gmake" -k -j 8 all -O 
'Building file: ../main.c'
'Invoking: ARM Compiler'
"C:/ti/ccsv7/tools/compiler/ti-cgt-arm_16.9.1.LTS/bin/armcl" -mv7M4 --code_state=16 --float_support=FPv4SPD16 -me --include_path="U:/CprE 288/Lab5/Lab 2" --include_path="C:/ti/TivaWare_C_Series-2.1.2.111" --include_path="C:/ti/ccsv7/tools/compiler/ti-cgt-arm_16.9.1.LTS/include" --define=ccs="ccs" --define=PART_TM4C123GH6PM -g --gcc --diag_warning=225 --diag_wrap=off --display_error_number --abi=eabi --preproc_with_compile --preproc_dependency="main.d"  "../main.c"
"..\timer.h", line 44: warning #1-D: last line of file ends without a newline
"..\lcd.h", line 40: warning #1-D: last line of file ends without a newline
'Finished building: ../main.c'
' '
'Building target: Lab 2.out'
'Invoking: ARM Linker'
"C:/ti/ccsv7/tools/compiler/ti-cgt-arm_16.9.1.LTS/bin/armcl" -mv7M4 --code_state=16 --float_support=FPv4SPD16 -me --define=ccs="ccs" --define=PART_TM4C123GH6PM -g --gcc --diag_warning=225 --diag_wrap=off --display_error_number --abi=eabi -z -m"Lab 2.map" --heap_size=1024 --stack_size=2048 -i"C:/ti/ccsv7/tools/compiler/ti-cgt-arm_16.9.1.LTS/lib" -i"C:/ti/ccsv7/tools/compiler/ti-cgt-arm_16.9.1.LTS/include" --reread_libs --diag_wrap=off --display_error_number --warn_sections --xml_link_info="Lab 2_linkInfo.xml" --rom_model -o "Lab 2.out" "./button.obj" "./lcd.obj" "./main.obj" "./timer.obj" "./tm4c123gh6pm_startup_ccs.obj" "./uart.obj" "../tm4c123gh6pm.cmd"  -llibc.a -l"C:/ti/TivaWare_C_Series-2.1.2.111/driverlib/ccs/Debug/driverlib.lib" 
<Linking>
'Finished building target: Lab 2.out'
' '

**** Build Finished ****

**** Build of configuration Debug for project Lab 2 ****

"C:\\ti\\ccsv7\\utils\\bin\\gmake" -k -j 8 all -O 
'Building file: ../main.c'
'Invoking: ARM Compiler'
"C:/ti/ccsv7/tools/compiler/ti-cgt-arm_16.9.1.LTS/bin/armcl" -mv7M4 --code_state=16 --float_support=FPv4SPD16 -me --include_path="U:/CprE 288/Lab5/Lab 2" --include_path="C:/ti/TivaWare_C_Series-2.1.2.111" --include_path="C:/ti/ccsv7/tools/compiler/ti-cgt-arm_16.9.1.LTS/include" --define=ccs="ccs" --define=PART_TM4C123GH6PM -g --gcc --diag_warning=225 --diag_wrap=off --display_error_number --abi=eabi --preproc_with_compile --preproc_dependency="main.d"  "../main.c"
"..\timer.h", line 44: warning #1-D: last line of file ends without a newline
"..\lcd.h", line 40: warning #1-D: last line of file ends without a newline
'Finished building: ../main.c'
' '
'Building target: Lab 2.out'
'Invoking: ARM Linker'
"C:/ti/ccsv7/tools/compiler/ti-cgt-arm_16.9.1.LTS/bin/armcl" -mv7M4 --code_state=16 --float_support=FPv4SPD16 -me --define=ccs="ccs" --define=PART_TM4C123GH6PM -g --gcc --diag_warning=225 --diag_wrap=off --display_error_number --abi=eabi -z -m"Lab 2.map" --heap_size=1024 --stack_size=2048 -i"C:/ti/ccsv7/tools/compiler/ti-cgt-arm_16.9.1.LTS/lib" -i"C:/ti/ccsv7/tools/compiler/ti-cgt-arm_16.9.1.LTS/include" --reread_libs --diag_wrap=off --display_error_number --warn_sections --xml_link_info="Lab 2_linkInfo.xml" --rom_model -o "Lab 2.out" "./button.obj" "./lcd.obj" "./main.obj" "./timer.obj" "./tm4c123gh6pm_startup_ccs.obj" "./uart.obj" "../tm4c123gh6pm.cmd"  -llibc.a -l"C:/ti/TivaWare_C_Series-2.1.2.111/driverlib/ccs/Debug/driverlib.lib" 
<Linking>
'Finished building target: Lab 2.out'
' '

**** Build Finished ****

**** Build of configuration Debug for project Lab 2 ****

"C:\\ti\\ccsv7\\utils\\bin\\gmake" -k -j 8 all -O 
'Building file: ../main.c'
'Invoking: ARM Compiler'
"C:/ti/ccsv7/tools/compiler/ti-cgt-arm_16.9.1.LTS/bin/armcl" -mv7M4 --code_state=16 --float_support=FPv4SPD16 -me --include_path="U:/CprE 288/Lab5/Lab 2" --include_path="C:/ti/TivaWare_C_Series-2.1.2.111" --include_path="C:/ti/ccsv7/tools/compiler/ti-cgt-arm_16.9.1.LTS/include" --define=ccs="ccs" --define=PART_TM4C123GH6PM -g --gcc --diag_warning=225 --diag_wrap=off --display_error_number --abi=eabi --preproc_with_compile --preproc_dependency="main.d"  "../main.c"
"..\timer.h", line 44: warning #1-D: last line of file ends without a newline
"..\lcd.h", line 40: warning #1-D: last line of file ends without a newline
'Finished building: ../main.c'
' '
'Building target: Lab 2.out'
'Invoking: ARM Linker'
"C:/ti/ccsv7/tools/compiler/ti-cgt-arm_16.9.1.LTS/bin/armcl" -mv7M4 --code_state=16 --float_support=FPv4SPD16 -me --define=ccs="ccs" --define=PART_TM4C123GH6PM -g --gcc --diag_warning=225 --diag_wrap=off --display_error_number --abi=eabi -z -m"Lab 2.map" --heap_size=1024 --stack_size=2048 -i"C:/ti/ccsv7/tools/compiler/ti-cgt-arm_16.9.1.LTS/lib" -i"C:/ti/ccsv7/tools/compiler/ti-cgt-arm_16.9.1.LTS/include" --reread_libs --diag_wrap=off --display_error_number --warn_sections --xml_link_info="Lab 2_linkInfo.xml" --rom_model -o "Lab 2.out" "./button.obj" "./lcd.obj" "./main.obj" "./timer.obj" "./tm4c123gh6pm_startup_ccs.obj" "./uart.obj" "../tm4c123gh6pm.cmd"  -llibc.a -l"C:/ti/TivaWare_C_Series-2.1.2.111/driverlib/ccs/Debug/driverlib.lib" 
<Linking>
'Finished building target: Lab 2.out'
' '

**** Build Finished ****

**** Build of configuration Debug for project Lab 2 ****

"C:\\ti\\ccsv7\\utils\\bin\\gmake" -k -j 8 all -O 
'Building file: ../main.c'
'Invoking: ARM Compiler'
"C:/ti/ccsv7/tools/compiler/ti-cgt-arm_16.9.1.LTS/bin/armcl" -mv7M4 --code_state=16 --float_support=FPv4SPD16 -me --include_path="U:/CprE 288/Lab5/Lab 2" --include_path="C:/ti/TivaWare_C_Series-2.1.2.111" --include_path="C:/ti/ccsv7/tools/compiler/ti-cgt-arm_16.9.1.LTS/include" --define=ccs="ccs" --define=PART_TM4C123GH6PM -g --gcc --diag_warning=225 --diag_wrap=off --display_error_number --abi=eabi --preproc_with_compile --preproc_dependency="main.d"  "../main.c"

>> Compilation failure
subdir_rules.mk:23: recipe for target 'main.obj' failed
"..\timer.h", line 44: warning #1-D: last line of file ends without a newline
"..\lcd.h", line 40: warning #1-D: last line of file ends without a newline
"../main.c", line 11: error #20: identifier "tvoid" is undefined
"../main.c", line 22: warning #179-D: variable "b4" was declared but never referenced
"../main.c", line 23: warning #179-D: variable "b3" was declared but never referenced
"../main.c", line 24: warning #179-D: variable "b2" was declared but never referenced
"../main.c", line 25: warning #179-D: variable "b1" was declared but never referenced
"../main.c", line 77: error #20: identifier "b6" is undefined
2 errors detected in the compilation of "../main.c".
gmake: *** [main.obj] Error 1
'Building file: ../uart.c'
'Invoking: ARM Compiler'
"C:/ti/ccsv7/tools/compiler/ti-cgt-arm_16.9.1.LTS/bin/armcl" -mv7M4 --code_state=16 --float_support=FPv4SPD16 -me --include_path="U:/CprE 288/Lab5/Lab 2" --include_path="C:/ti/TivaWare_C_Series-2.1.2.111" --include_path="C:/ti/ccsv7/tools/compiler/ti-cgt-arm_16.9.1.LTS/include" --define=ccs="ccs" --define=PART_TM4C123GH6PM -g --gcc --diag_warning=225 --diag_wrap=off --display_error_number --abi=eabi --preproc_with_compile --preproc_dependency="uart.d"  "../uart.c"
"..\timer.h", line 44: warning #1-D: last line of file ends without a newline
"../uart.c", line 49: warning #551-D: variable "ret" is used before its value is set
'Finished building: ../uart.c'
' '
gmake: Target 'all' not remade because of errors.

**** Build Finished ****

**** Build of configuration Debug for project Lab 2 ****

"C:\\ti\\ccsv7\\utils\\bin\\gmake" -k -j 8 all -O 
'Building file: ../main.c'
'Invoking: ARM Compiler'
"C:/ti/ccsv7/tools/compiler/ti-cgt-arm_16.9.1.LTS/bin/armcl" -mv7M4 --code_state=16 --float_support=FPv4SPD16 -me --include_path="U:/CprE 288/Lab5/Lab 2" --include_path="C:/ti/TivaWare_C_Series-2.1.2.111" --include_path="C:/ti/ccsv7/tools/compiler/ti-cgt-arm_16.9.1.LTS/include" --define=ccs="ccs" --define=PART_TM4C123GH6PM -g --gcc --diag_warning=225 --diag_wrap=off --display_error_number --abi=eabi --preproc_with_compile --preproc_dependency="main.d"  "../main.c"
"..\timer.h", line 44: warning #1-D: last line of file ends without a newline
"..\lcd.h", line 40: warning #1-D: last line of file ends without a newline
"../main.c", line 20: warning #179-D: variable "b4" was declared but never referenced
"../main.c", line 21: warning #179-D: variable "b3" was declared but never referenced
"../main.c", line 22: warning #179-D: variable "b2" was declared but never referenced
"../main.c", line 23: warning #179-D: variable "b1" was declared but never referenced
'Finished building: ../main.c'
' '
'Building target: Lab 2.out'
'Invoking: ARM Linker'
"C:/ti/ccsv7/tools/compiler/ti-cgt-arm_16.9.1.LTS/bin/armcl" -mv7M4 --code_state=16 --float_support=FPv4SPD16 -me --define=ccs="ccs" --define=PART_TM4C123GH6PM -g --gcc --diag_warning=225 --diag_wrap=off --display_error_number --abi=eabi -z -m"Lab 2.map" --heap_size=1024 --stack_size=2048 -i"C:/ti/ccsv7/tools/compiler/ti-cgt-arm_16.9.1.LTS/lib" -i"C:/ti/ccsv7/tools/compiler/ti-cgt-arm_16.9.1.LTS/include" --reread_libs --diag_wrap=off --display_error_number --warn_sections --xml_link_info="Lab 2_linkInfo.xml" --rom_model -o "Lab 2.out" "./button.obj" "./lcd.obj" "./main.obj" "./timer.obj" "./tm4c123gh6pm_startup_ccs.obj" "./uart.obj" "../tm4c123gh6pm.cmd"  -llibc.a -l"C:/ti/TivaWare_C_Series-2.1.2.111/driverlib/ccs/Debug/driverlib.lib" 
<Linking>
'Finished building target: Lab 2.out'
' '

**** Build Finished ****

**** Build of configuration Debug for project Lab 2 ****

"C:\\ti\\ccsv7\\utils\\bin\\gmake" -k -j 8 all -O 
'Building file: ../uart.c'
'Invoking: ARM Compiler'
"C:/ti/ccsv7/tools/compiler/ti-cgt-arm_16.9.1.LTS/bin/armcl" -mv7M4 --code_state=16 --float_support=FPv4SPD16 -me --include_path="U:/CprE 288/Lab5/Lab 2" --include_path="C:/ti/TivaWare_C_Series-2.1.2.111" --include_path="C:/ti/ccsv7/tools/compiler/ti-cgt-arm_16.9.1.LTS/include" --define=ccs="ccs" --define=PART_TM4C123GH6PM -g --gcc --diag_warning=225 --diag_wrap=off --display_error_number --abi=eabi --preproc_with_compile --preproc_dependency="uart.d"  "../uart.c"

>> Compilation failure
subdir_rules.mk:44: recipe for target 'uart.obj' failed
"..\timer.h", line 44: warning #1-D: last line of file ends without a newline
"../uart.c", line 49: warning #551-D: variable "ret" is used before its value is set
"../uart.c", line 61: error #29: expected an expression
1 error detected in the compilation of "../uart.c".
gmake: *** [uart.obj] Error 1
'Building file: ../main.c'
'Invoking: ARM Compiler'
"C:/ti/ccsv7/tools/compiler/ti-cgt-arm_16.9.1.LTS/bin/armcl" -mv7M4 --code_state=16 --float_support=FPv4SPD16 -me --include_path="U:/CprE 288/Lab5/Lab 2" --include_path="C:/ti/TivaWare_C_Series-2.1.2.111" --include_path="C:/ti/ccsv7/tools/compiler/ti-cgt-arm_16.9.1.LTS/include" --define=ccs="ccs" --define=PART_TM4C123GH6PM -g --gcc --diag_warning=225 --diag_wrap=off --display_error_number --abi=eabi --preproc_with_compile --preproc_dependency="main.d"  "../main.c"
"..\timer.h", line 44: warning #1-D: last line of file ends without a newline
"..\lcd.h", line 40: warning #1-D: last line of file ends without a newline
"../main.c", line 21: warning #179-D: variable "b4" was declared but never referenced
"../main.c", line 22: warning #179-D: variable "b3" was declared but never referenced
"../main.c", line 23: warning #179-D: variable "b2" was declared but never referenced
"../main.c", line 24: warning #179-D: variable "b1" was declared but never referenced
'Finished building: ../main.c'
' '
gmake: Target 'all' not remade because of errors.

**** Build Finished ****

**** Build of configuration Debug for project Lab 2 ****

"C:\\ti\\ccsv7\\utils\\bin\\gmake" -k -j 8 all -O 
'Building file: ../uart.c'
'Invoking: ARM Compiler'
"C:/ti/ccsv7/tools/compiler/ti-cgt-arm_16.9.1.LTS/bin/armcl" -mv7M4 --code_state=16 --float_support=FPv4SPD16 -me --include_path="U:/CprE 288/Lab5/Lab 2" --include_path="C:/ti/TivaWare_C_Series-2.1.2.111" --include_path="C:/ti/ccsv7/tools/compiler/ti-cgt-arm_16.9.1.LTS/include" --define=ccs="ccs" --define=PART_TM4C123GH6PM -g --gcc --diag_warning=225 --diag_wrap=off --display_error_number --abi=eabi --preproc_with_compile --preproc_dependency="uart.d"  "../uart.c"
"..\timer.h", line 44: warning #1-D: last line of file ends without a newline
"../uart.c", line 49: warning #551-D: variable "ret" is used before its value is set
'Finished building: ../uart.c'
' '
'Building target: Lab 2.out'
'Invoking: ARM Linker'
"C:/ti/ccsv7/tools/compiler/ti-cgt-arm_16.9.1.LTS/bin/armcl" -mv7M4 --code_state=16 --float_support=FPv4SPD16 -me --define=ccs="ccs" --define=PART_TM4C123GH6PM -g --gcc --diag_warning=225 --diag_wrap=off --display_error_number --abi=eabi -z -m"Lab 2.map" --heap_size=1024 --stack_size=2048 -i"C:/ti/ccsv7/tools/compiler/ti-cgt-arm_16.9.1.LTS/lib" -i"C:/ti/ccsv7/tools/compiler/ti-cgt-arm_16.9.1.LTS/include" --reread_libs --diag_wrap=off --display_error_number --warn_sections --xml_link_info="Lab 2_linkInfo.xml" --rom_model -o "Lab 2.out" "./button.obj" "./lcd.obj" "./main.obj" "./timer.obj" "./tm4c123gh6pm_startup_ccs.obj" "./uart.obj" "../tm4c123gh6pm.cmd"  -llibc.a -l"C:/ti/TivaWare_C_Series-2.1.2.111/driverlib/ccs/Debug/driverlib.lib" 
<Linking>
'Finished building target: Lab 2.out'
' '

**** Build Finished ****

**** Build of configuration Debug for project Lab 2 ****

"C:\\ti\\ccsv7\\utils\\bin\\gmake" -k -j 8 all -O 
'Building file: ../main.c'
'Invoking: ARM Compiler'
"C:/ti/ccsv7/tools/compiler/ti-cgt-arm_16.9.1.LTS/bin/armcl" -mv7M4 --code_state=16 --float_support=FPv4SPD16 -me --include_path="U:/CprE 288/Lab5/Lab 2" --include_path="C:/ti/TivaWare_C_Series-2.1.2.111" --include_path="C:/ti/ccsv7/tools/compiler/ti-cgt-arm_16.9.1.LTS/include" --define=ccs="ccs" --define=PART_TM4C123GH6PM -g --gcc --diag_warning=225 --diag_wrap=off --display_error_number --abi=eabi --preproc_with_compile --preproc_dependency="main.d"  "../main.c"
"..\timer.h", line 44: warning #1-D: last line of file ends without a newline
"..\lcd.h", line 40: warning #1-D: last line of file ends without a newline
"../main.c", line 21: warning #179-D: variable "b4" was declared but never referenced
"../main.c", line 22: warning #179-D: variable "b3" was declared but never referenced
"../main.c", line 23: warning #179-D: variable "b2" was declared but never referenced
"../main.c", line 24: warning #179-D: variable "b1" was declared but never referenced
'Finished building: ../main.c'
' '
'Building target: Lab 2.out'
'Invoking: ARM Linker'
"C:/ti/ccsv7/tools/compiler/ti-cgt-arm_16.9.1.LTS/bin/armcl" -mv7M4 --code_state=16 --float_support=FPv4SPD16 -me --define=ccs="ccs" --define=PART_TM4C123GH6PM -g --gcc --diag_warning=225 --diag_wrap=off --display_error_number --abi=eabi -z -m"Lab 2.map" --heap_size=1024 --stack_size=2048 -i"C:/ti/ccsv7/tools/compiler/ti-cgt-arm_16.9.1.LTS/lib" -i"C:/ti/ccsv7/tools/compiler/ti-cgt-arm_16.9.1.LTS/include" --reread_libs --diag_wrap=off --display_error_number --warn_sections --xml_link_info="Lab 2_linkInfo.xml" --rom_model -o "Lab 2.out" "./button.obj" "./lcd.obj" "./main.obj" "./timer.obj" "./tm4c123gh6pm_startup_ccs.obj" "./uart.obj" "../tm4c123gh6pm.cmd"  -llibc.a -l"C:/ti/TivaWare_C_Series-2.1.2.111/driverlib/ccs/Debug/driverlib.lib" 
<Linking>
'Finished building target: Lab 2.out'
' '

**** Build Finished ****

**** Build of configuration Debug for project Lab 2 ****

"C:\\ti\\ccsv7\\utils\\bin\\gmake" -k -j 8 all -O 
'Building file: ../uart.c'
'Invoking: ARM Compiler'
"C:/ti/ccsv7/tools/compiler/ti-cgt-arm_16.9.1.LTS/bin/armcl" -mv7M4 --code_state=16 --float_support=FPv4SPD16 -me --include_path="U:/CprE 288/Lab5/Lab 2" --include_path="C:/ti/TivaWare_C_Series-2.1.2.111" --include_path="C:/ti/ccsv7/tools/compiler/ti-cgt-arm_16.9.1.LTS/include" --define=ccs="ccs" --define=PART_TM4C123GH6PM -g --gcc --diag_warning=225 --diag_wrap=off --display_error_number --abi=eabi --preproc_with_compile --preproc_dependency="uart.d"  "../uart.c"
"..\timer.h", line 44: warning #1-D: last line of file ends without a newline
"../uart.c", line 49: warning #551-D: variable "ret" is used before its value is set
'Finished building: ../uart.c'
' '
'Building file: ../main.c'
'Invoking: ARM Compiler'
"C:/ti/ccsv7/tools/compiler/ti-cgt-arm_16.9.1.LTS/bin/armcl" -mv7M4 --code_state=16 --float_support=FPv4SPD16 -me --include_path="U:/CprE 288/Lab5/Lab 2" --include_path="C:/ti/TivaWare_C_Series-2.1.2.111" --include_path="C:/ti/ccsv7/tools/compiler/ti-cgt-arm_16.9.1.LTS/include" --define=ccs="ccs" --define=PART_TM4C123GH6PM -g --gcc --diag_warning=225 --diag_wrap=off --display_error_number --abi=eabi --preproc_with_compile --preproc_dependency="main.d"  "../main.c"
"..\timer.h", line 44: warning #1-D: last line of file ends without a newline
"..\lcd.h", line 40: warning #1-D: last line of file ends without a newline
"../main.c", line 21: warning #179-D: variable "b4" was declared but never referenced
"../main.c", line 22: warning #179-D: variable "b3" was declared but never referenced
"../main.c", line 23: warning #179-D: variable "b2" was declared but never referenced
"../main.c", line 24: warning #179-D: variable "b1" was declared but never referenced
'Finished building: ../main.c'
' '
'Building target: Lab 2.out'
'Invoking: ARM Linker'
"C:/ti/ccsv7/tools/compiler/ti-cgt-arm_16.9.1.LTS/bin/armcl" -mv7M4 --code_state=16 --float_support=FPv4SPD16 -me --define=ccs="ccs" --define=PART_TM4C123GH6PM -g --gcc --diag_warning=225 --diag_wrap=off --display_error_number --abi=eabi -z -m"Lab 2.map" --heap_size=1024 --stack_size=2048 -i"C:/ti/ccsv7/tools/compiler/ti-cgt-arm_16.9.1.LTS/lib" -i"C:/ti/ccsv7/tools/compiler/ti-cgt-arm_16.9.1.LTS/include" --reread_libs --diag_wrap=off --display_error_number --warn_sections --xml_link_info="Lab 2_linkInfo.xml" --rom_model -o "Lab 2.out" "./button.obj" "./lcd.obj" "./main.obj" "./timer.obj" "./tm4c123gh6pm_startup_ccs.obj" "./uart.obj" "../tm4c123gh6pm.cmd"  -llibc.a -l"C:/ti/TivaWare_C_Series-2.1.2.111/driverlib/ccs/Debug/driverlib.lib" 
<Linking>
'Finished building target: Lab 2.out'
' '

**** Build Finished ****

**** Build of configuration Debug for project Lab 2 ****

"C:\\ti\\ccsv7\\utils\\bin\\gmake" -k -j 8 all -O 
'Building file: ../uart.c'
'Invoking: ARM Compiler'
"C:/ti/ccsv7/tools/compiler/ti-cgt-arm_16.9.1.LTS/bin/armcl" -mv7M4 --code_state=16 --float_support=FPv4SPD16 -me --include_path="U:/CprE 288/Lab5/Lab 2" --include_path="C:/ti/TivaWare_C_Series-2.1.2.111" --include_path="C:/ti/ccsv7/tools/compiler/ti-cgt-arm_16.9.1.LTS/include" --define=ccs="ccs" --define=PART_TM4C123GH6PM -g --gcc --diag_warning=225 --diag_wrap=off --display_error_number --abi=eabi --preproc_with_compile --preproc_dependency="uart.d"  "../uart.c"
"..\timer.h", line 44: warning #1-D: last line of file ends without a newline
"../uart.c", line 49: warning #551-D: variable "ret" is used before its value is set
'Finished building: ../uart.c'
' '
'Building target: Lab 2.out'
'Invoking: ARM Linker'
"C:/ti/ccsv7/tools/compiler/ti-cgt-arm_16.9.1.LTS/bin/armcl" -mv7M4 --code_state=16 --float_support=FPv4SPD16 -me --define=ccs="ccs" --define=PART_TM4C123GH6PM -g --gcc --diag_warning=225 --diag_wrap=off --display_error_number --abi=eabi -z -m"Lab 2.map" --heap_size=1024 --stack_size=2048 -i"C:/ti/ccsv7/tools/compiler/ti-cgt-arm_16.9.1.LTS/lib" -i"C:/ti/ccsv7/tools/compiler/ti-cgt-arm_16.9.1.LTS/include" --reread_libs --diag_wrap=off --display_error_number --warn_sections --xml_link_info="Lab 2_linkInfo.xml" --rom_model -o "Lab 2.out" "./button.obj" "./lcd.obj" "./main.obj" "./timer.obj" "./tm4c123gh6pm_startup_ccs.obj" "./uart.obj" "../tm4c123gh6pm.cmd"  -llibc.a -l"C:/ti/TivaWare_C_Series-2.1.2.111/driverlib/ccs/Debug/driverlib.lib" 
<Linking>
'Finished building target: Lab 2.out'
' '

**** Build Finished ****

**** Build of configuration Debug for project Lab 2 ****

"C:\\ti\\ccsv7\\utils\\bin\\gmake" -k -j 8 all -O 
'Building file: ../main.c'
'Invoking: ARM Compiler'
"C:/ti/ccsv7/tools/compiler/ti-cgt-arm_16.9.1.LTS/bin/armcl" -mv7M4 --code_state=16 --float_support=FPv4SPD16 -me --include_path="U:/CprE 288/Lab5/Lab 2" --include_path="C:/ti/TivaWare_C_Series-2.1.2.111" --include_path="C:/ti/ccsv7/tools/compiler/ti-cgt-arm_16.9.1.LTS/include" --define=ccs="ccs" --define=PART_TM4C123GH6PM -g --gcc --diag_warning=225 --diag_wrap=off --display_error_number --abi=eabi --preproc_with_compile --preproc_dependency="main.d"  "../main.c"
"..\timer.h", line 44: warning #1-D: last line of file ends without a newline
"..\lcd.h", line 40: warning #1-D: last line of file ends without a newline
"../main.c", line 21: warning #179-D: variable "b4" was declared but never referenced
"../main.c", line 22: warning #179-D: variable "b3" was declared but never referenced
"../main.c", line 23: warning #179-D: variable "b2" was declared but never referenced
"../main.c", line 24: warning #179-D: variable "b1" was declared but never referenced
'Finished building: ../main.c'
' '
'Building target: Lab 2.out'
'Invoking: ARM Linker'
"C:/ti/ccsv7/tools/compiler/ti-cgt-arm_16.9.1.LTS/bin/armcl" -mv7M4 --code_state=16 --float_support=FPv4SPD16 -me --define=ccs="ccs" --define=PART_TM4C123GH6PM -g --gcc --diag_warning=225 --diag_wrap=off --display_error_number --abi=eabi -z -m"Lab 2.map" --heap_size=1024 --stack_size=2048 -i"C:/ti/ccsv7/tools/compiler/ti-cgt-arm_16.9.1.LTS/lib" -i"C:/ti/ccsv7/tools/compiler/ti-cgt-arm_16.9.1.LTS/include" --reread_libs --diag_wrap=off --display_error_number --warn_sections --xml_link_info="Lab 2_linkInfo.xml" --rom_model -o "Lab 2.out" "./button.obj" "./lcd.obj" "./main.obj" "./timer.obj" "./tm4c123gh6pm_startup_ccs.obj" "./uart.obj" "../tm4c123gh6pm.cmd"  -llibc.a -l"C:/ti/TivaWare_C_Series-2.1.2.111/driverlib/ccs/Debug/driverlib.lib" 
<Linking>
'Finished building target: Lab 2.out'
' '

**** Build Finished ****

**** Build of configuration Debug for project Lab 2 ****

"C:\\ti\\ccsv7\\utils\\bin\\gmake" -k -j 8 all -O 
'Building file: ../main.c'
'Invoking: ARM Compiler'
"C:/ti/ccsv7/tools/compiler/ti-cgt-arm_16.9.1.LTS/bin/armcl" -mv7M4 --code_state=16 --float_support=FPv4SPD16 -me --include_path="U:/CprE 288/Lab5/Lab 2" --include_path="C:/ti/TivaWare_C_Series-2.1.2.111" --include_path="C:/ti/ccsv7/tools/compiler/ti-cgt-arm_16.9.1.LTS/include" --define=ccs="ccs" --define=PART_TM4C123GH6PM -g --gcc --diag_warning=225 --diag_wrap=off --display_error_number --abi=eabi --preproc_with_compile --preproc_dependency="main.d"  "../main.c"
"..\timer.h", line 44: warning #1-D: last line of file ends without a newline
"..\lcd.h", line 40: warning #1-D: last line of file ends without a newline
"../main.c", line 21: warning #179-D: variable "b4" was declared but never referenced
"../main.c", line 22: warning #179-D: variable "b3" was declared but never referenced
"../main.c", line 23: warning #179-D: variable "b2" was declared but never referenced
"../main.c", line 24: warning #179-D: variable "b1" was declared but never referenced
'Finished building: ../main.c'
' '
'Building target: Lab 2.out'
'Invoking: ARM Linker'
"C:/ti/ccsv7/tools/compiler/ti-cgt-arm_16.9.1.LTS/bin/armcl" -mv7M4 --code_state=16 --float_support=FPv4SPD16 -me --define=ccs="ccs" --define=PART_TM4C123GH6PM -g --gcc --diag_warning=225 --diag_wrap=off --display_error_number --abi=eabi -z -m"Lab 2.map" --heap_size=1024 --stack_size=2048 -i"C:/ti/ccsv7/tools/compiler/ti-cgt-arm_16.9.1.LTS/lib" -i"C:/ti/ccsv7/tools/compiler/ti-cgt-arm_16.9.1.LTS/include" --reread_libs --diag_wrap=off --display_error_number --warn_sections --xml_link_info="Lab 2_linkInfo.xml" --rom_model -o "Lab 2.out" "./button.obj" "./lcd.obj" "./main.obj" "./timer.obj" "./tm4c123gh6pm_startup_ccs.obj" "./uart.obj" "../tm4c123gh6pm.cmd"  -llibc.a -l"C:/ti/TivaWare_C_Series-2.1.2.111/driverlib/ccs/Debug/driverlib.lib" 
<Linking>
'Finished building target: Lab 2.out'
' '

**** Build Finished ****

**** Build of configuration Debug for project Lab 2 ****

"C:\\ti\\ccsv7\\utils\\bin\\gmake" -k -j 8 all -O 
'Building file: ../main.c'
'Invoking: ARM Compiler'
"C:/ti/ccsv7/tools/compiler/ti-cgt-arm_16.9.1.LTS/bin/armcl" -mv7M4 --code_state=16 --float_support=FPv4SPD16 -me --include_path="U:/CprE 288/Lab5/Lab 2" --include_path="C:/ti/TivaWare_C_Series-2.1.2.111" --include_path="C:/ti/ccsv7/tools/compiler/ti-cgt-arm_16.9.1.LTS/include" --define=ccs="ccs" --define=PART_TM4C123GH6PM -g --gcc --diag_warning=225 --diag_wrap=off --display_error_number --abi=eabi --preproc_with_compile --preproc_dependency="main.d"  "../main.c"
"..\timer.h", line 44: warning #1-D: last line of file ends without a newline
"..\lcd.h", line 40: warning #1-D: last line of file ends without a newline
"../main.c", line 21: warning #179-D: variable "b4" was declared but never referenced
"../main.c", line 22: warning #179-D: variable "b3" was declared but never referenced
"../main.c", line 23: warning #179-D: variable "b2" was declared but never referenced
"../main.c", line 24: warning #179-D: variable "b1" was declared but never referenced
'Finished building: ../main.c'
' '
'Building target: Lab 2.out'
'Invoking: ARM Linker'
"C:/ti/ccsv7/tools/compiler/ti-cgt-arm_16.9.1.LTS/bin/armcl" -mv7M4 --code_state=16 --float_support=FPv4SPD16 -me --define=ccs="ccs" --define=PART_TM4C123GH6PM -g --gcc --diag_warning=225 --diag_wrap=off --display_error_number --abi=eabi -z -m"Lab 2.map" --heap_size=1024 --stack_size=2048 -i"C:/ti/ccsv7/tools/compiler/ti-cgt-arm_16.9.1.LTS/lib" -i"C:/ti/ccsv7/tools/compiler/ti-cgt-arm_16.9.1.LTS/include" --reread_libs --diag_wrap=off --display_error_number --warn_sections --xml_link_info="Lab 2_linkInfo.xml" --rom_model -o "Lab 2.out" "./button.obj" "./lcd.obj" "./main.obj" "./timer.obj" "./tm4c123gh6pm_startup_ccs.obj" "./uart.obj" "../tm4c123gh6pm.cmd"  -llibc.a -l"C:/ti/TivaWare_C_Series-2.1.2.111/driverlib/ccs/Debug/driverlib.lib" 
<Linking>
'Finished building target: Lab 2.out'
' '

**** Build Finished ****

**** Build of configuration Debug for project Lab 2 ****

"C:\\ti\\ccsv7\\utils\\bin\\gmake" -k -j 8 all -O 
'Building file: ../main.c'
'Invoking: ARM Compiler'
"C:/ti/ccsv7/tools/compiler/ti-cgt-arm_16.9.1.LTS/bin/armcl" -mv7M4 --code_state=16 --float_support=FPv4SPD16 -me --include_path="U:/CprE 288/Lab5/Lab 2" --include_path="C:/ti/TivaWare_C_Series-2.1.2.111" --include_path="C:/ti/ccsv7/tools/compiler/ti-cgt-arm_16.9.1.LTS/include" --define=ccs="ccs" --define=PART_TM4C123GH6PM -g --gcc --diag_warning=225 --diag_wrap=off --display_error_number --abi=eabi --preproc_with_compile --preproc_dependency="main.d"  "../main.c"
"..\timer.h", line 44: warning #1-D: last line of file ends without a newline
"..\lcd.h", line 40: warning #1-D: last line of file ends without a newline
"../main.c", line 21: warning #179-D: variable "b4" was declared but never referenced
"../main.c", line 22: warning #179-D: variable "b3" was declared but never referenced
"../main.c", line 23: warning #179-D: variable "b2" was declared but never referenced
"../main.c", line 24: warning #179-D: variable "b1" was declared but never referenced
'Finished building: ../main.c'
' '
'Building target: Lab 2.out'
'Invoking: ARM Linker'
"C:/ti/ccsv7/tools/compiler/ti-cgt-arm_16.9.1.LTS/bin/armcl" -mv7M4 --code_state=16 --float_support=FPv4SPD16 -me --define=ccs="ccs" --define=PART_TM4C123GH6PM -g --gcc --diag_warning=225 --diag_wrap=off --display_error_number --abi=eabi -z -m"Lab 2.map" --heap_size=1024 --stack_size=2048 -i"C:/ti/ccsv7/tools/compiler/ti-cgt-arm_16.9.1.LTS/lib" -i"C:/ti/ccsv7/tools/compiler/ti-cgt-arm_16.9.1.LTS/include" --reread_libs --diag_wrap=off --display_error_number --warn_sections --xml_link_info="Lab 2_linkInfo.xml" --rom_model -o "Lab 2.out" "./button.obj" "./lcd.obj" "./main.obj" "./timer.obj" "./tm4c123gh6pm_startup_ccs.obj" "./uart.obj" "../tm4c123gh6pm.cmd"  -llibc.a -l"C:/ti/TivaWare_C_Series-2.1.2.111/driverlib/ccs/Debug/driverlib.lib" 
<Linking>
'Finished building target: Lab 2.out'
' '

**** Build Finished ****

**** Build of configuration Debug for project Lab 2 ****

"C:\\ti\\ccsv7\\utils\\bin\\gmake" -k -j 8 all -O 
'Building file: ../main.c'
'Invoking: ARM Compiler'
"C:/ti/ccsv7/tools/compiler/ti-cgt-arm_16.9.1.LTS/bin/armcl" -mv7M4 --code_state=16 --float_support=FPv4SPD16 -me --include_path="U:/CprE 288/Lab5/Lab 2" --include_path="C:/ti/TivaWare_C_Series-2.1.2.111" --include_path="C:/ti/ccsv7/tools/compiler/ti-cgt-arm_16.9.1.LTS/include" --define=ccs="ccs" --define=PART_TM4C123GH6PM -g --gcc --diag_warning=225 --diag_wrap=off --display_error_number --abi=eabi --preproc_with_compile --preproc_dependency="main.d"  "../main.c"
"..\timer.h", line 44: warning #1-D: last line of file ends without a newline
"..\lcd.h", line 40: warning #1-D: last line of file ends without a newline
"../main.c", line 23: warning #179-D: variable "b4" was declared but never referenced
"../main.c", line 24: warning #179-D: variable "b3" was declared but never referenced
"../main.c", line 25: warning #179-D: variable "b2" was declared but never referenced
"../main.c", line 26: warning #179-D: variable "b1" was declared but never referenced
'Finished building: ../main.c'
' '
'Building target: Lab 2.out'
'Invoking: ARM Linker'
"C:/ti/ccsv7/tools/compiler/ti-cgt-arm_16.9.1.LTS/bin/armcl" -mv7M4 --code_state=16 --float_support=FPv4SPD16 -me --define=ccs="ccs" --define=PART_TM4C123GH6PM -g --gcc --diag_warning=225 --diag_wrap=off --display_error_number --abi=eabi -z -m"Lab 2.map" --heap_size=1024 --stack_size=2048 -i"C:/ti/ccsv7/tools/compiler/ti-cgt-arm_16.9.1.LTS/lib" -i"C:/ti/ccsv7/tools/compiler/ti-cgt-arm_16.9.1.LTS/include" --reread_libs --diag_wrap=off --display_error_number --warn_sections --xml_link_info="Lab 2_linkInfo.xml" --rom_model -o "Lab 2.out" "./button.obj" "./lcd.obj" "./main.obj" "./timer.obj" "./tm4c123gh6pm_startup_ccs.obj" "./uart.obj" "../tm4c123gh6pm.cmd"  -llibc.a -l"C:/ti/TivaWare_C_Series-2.1.2.111/driverlib/ccs/Debug/driverlib.lib" 
<Linking>
'Finished building target: Lab 2.out'
' '

**** Build Finished ****

**** Build of configuration Debug for project Lab 2 ****

"C:\\ti\\ccsv7\\utils\\bin\\gmake" -k -j 8 all -O 
'Building file: ../main.c'
'Invoking: ARM Compiler'
"C:/ti/ccsv7/tools/compiler/ti-cgt-arm_16.9.1.LTS/bin/armcl" -mv7M4 --code_state=16 --float_support=FPv4SPD16 -me --include_path="U:/CprE 288/Lab5/Lab 2" --include_path="C:/ti/TivaWare_C_Series-2.1.2.111" --include_path="C:/ti/ccsv7/tools/compiler/ti-cgt-arm_16.9.1.LTS/include" --define=ccs="ccs" --define=PART_TM4C123GH6PM -g --gcc --diag_warning=225 --diag_wrap=off --display_error_number --abi=eabi --preproc_with_compile --preproc_dependency="main.d"  "../main.c"
"..\timer.h", line 44: warning #1-D: last line of file ends without a newline
"..\lcd.h", line 40: warning #1-D: last line of file ends without a newline
"../main.c", line 23: warning #179-D: variable "b4" was declared but never referenced
"../main.c", line 24: warning #179-D: variable "b3" was declared but never referenced
"../main.c", line 25: warning #179-D: variable "b2" was declared but never referenced
"../main.c", line 26: warning #179-D: variable "b1" was declared but never referenced
'Finished building: ../main.c'
' '
'Building target: Lab 2.out'
'Invoking: ARM Linker'
"C:/ti/ccsv7/tools/compiler/ti-cgt-arm_16.9.1.LTS/bin/armcl" -mv7M4 --code_state=16 --float_support=FPv4SPD16 -me --define=ccs="ccs" --define=PART_TM4C123GH6PM -g --gcc --diag_warning=225 --diag_wrap=off --display_error_number --abi=eabi -z -m"Lab 2.map" --heap_size=1024 --stack_size=2048 -i"C:/ti/ccsv7/tools/compiler/ti-cgt-arm_16.9.1.LTS/lib" -i"C:/ti/ccsv7/tools/compiler/ti-cgt-arm_16.9.1.LTS/include" --reread_libs --diag_wrap=off --display_error_number --warn_sections --xml_link_info="Lab 2_linkInfo.xml" --rom_model -o "Lab 2.out" "./button.obj" "./lcd.obj" "./main.obj" "./timer.obj" "./tm4c123gh6pm_startup_ccs.obj" "./uart.obj" "../tm4c123gh6pm.cmd"  -llibc.a -l"C:/ti/TivaWare_C_Series-2.1.2.111/driverlib/ccs/Debug/driverlib.lib" 
<Linking>
'Finished building target: Lab 2.out'
' '

**** Build Finished ****

**** Build of configuration Debug for project Lab 2 ****

"C:\\ti\\ccsv7\\utils\\bin\\gmake" -k -j 8 all -O 
'Building file: ../main.c'
'Invoking: ARM Compiler'
"C:/ti/ccsv7/tools/compiler/ti-cgt-arm_16.9.1.LTS/bin/armcl" -mv7M4 --code_state=16 --float_support=FPv4SPD16 -me --include_path="U:/CprE 288/Lab5/Lab 2" --include_path="C:/ti/TivaWare_C_Series-2.1.2.111" --include_path="C:/ti/ccsv7/tools/compiler/ti-cgt-arm_16.9.1.LTS/include" --define=ccs="ccs" --define=PART_TM4C123GH6PM -g --gcc --diag_warning=225 --diag_wrap=off --display_error_number --abi=eabi --preproc_with_compile --preproc_dependency="main.d"  "../main.c"

>> Compilation failure
subdir_rules.mk:23: recipe for target 'main.obj' failed
"..\timer.h", line 44: warning #1-D: last line of file ends without a newline
"..\lcd.h", line 40: warning #1-D: last line of file ends without a newline
"../main.c", line 40: warning #169-D: argument of type "int *" is incompatible with parameter of type "char"
"../main.c", line 47: warning #169-D: argument of type "int *" is incompatible with parameter of type "char"
"../main.c", line 23: warning #179-D: variable "b4" was declared but never referenced
"../main.c", line 24: warning #179-D: variable "b3" was declared but never referenced
"../main.c", line 25: warning #179-D: variable "b2" was declared but never referenced
"../main.c", line 26: warning #179-D: variable "b1" was declared but never referenced
"../main.c", line 79: error #148: declaration is incompatible with "void checkIndex(char)" (declared at line 9)
1 error detected in the compilation of "../main.c".
gmake: *** [main.obj] Error 1
gmake: Target 'all' not remade because of errors.

**** Build Finished ****

**** Build of configuration Debug for project Lab 2 ****

"C:\\ti\\ccsv7\\utils\\bin\\gmake" -k -j 8 all -O 
'Building file: ../main.c'
'Invoking: ARM Compiler'
"C:/ti/ccsv7/tools/compiler/ti-cgt-arm_16.9.1.LTS/bin/armcl" -mv7M4 --code_state=16 --float_support=FPv4SPD16 -me --include_path="U:/CprE 288/Lab5/Lab 2" --include_path="C:/ti/TivaWare_C_Series-2.1.2.111" --include_path="C:/ti/ccsv7/tools/compiler/ti-cgt-arm_16.9.1.LTS/include" --define=ccs="ccs" --define=PART_TM4C123GH6PM -g --gcc --diag_warning=225 --diag_wrap=off --display_error_number --abi=eabi --preproc_with_compile --preproc_dependency="main.d"  "../main.c"
"..\timer.h", line 44: warning #1-D: last line of file ends without a newline
"..\lcd.h", line 40: warning #1-D: last line of file ends without a newline
"../main.c", line 40: warning #169-D: argument of type "int *" is incompatible with parameter of type "char *"
"../main.c", line 47: warning #169-D: argument of type "int *" is incompatible with parameter of type "char *"
"../main.c", line 23: warning #179-D: variable "b4" was declared but never referenced
"../main.c", line 24: warning #179-D: variable "b3" was declared but never referenced
"../main.c", line 25: warning #179-D: variable "b2" was declared but never referenced
"../main.c", line 26: warning #179-D: variable "b1" was declared but never referenced
'Finished building: ../main.c'
' '
'Building target: Lab 2.out'
'Invoking: ARM Linker'
"C:/ti/ccsv7/tools/compiler/ti-cgt-arm_16.9.1.LTS/bin/armcl" -mv7M4 --code_state=16 --float_support=FPv4SPD16 -me --define=ccs="ccs" --define=PART_TM4C123GH6PM -g --gcc --diag_warning=225 --diag_wrap=off --display_error_number --abi=eabi -z -m"Lab 2.map" --heap_size=1024 --stack_size=2048 -i"C:/ti/ccsv7/tools/compiler/ti-cgt-arm_16.9.1.LTS/lib" -i"C:/ti/ccsv7/tools/compiler/ti-cgt-arm_16.9.1.LTS/include" --reread_libs --diag_wrap=off --display_error_number --warn_sections --xml_link_info="Lab 2_linkInfo.xml" --rom_model -o "Lab 2.out" "./button.obj" "./lcd.obj" "./main.obj" "./timer.obj" "./tm4c123gh6pm_startup_ccs.obj" "./uart.obj" "../tm4c123gh6pm.cmd"  -llibc.a -l"C:/ti/TivaWare_C_Series-2.1.2.111/driverlib/ccs/Debug/driverlib.lib" 
<Linking>
'Finished building target: Lab 2.out'
' '

**** Build Finished ****

**** Build of configuration Debug for project Lab 2 ****

"C:\\ti\\ccsv7\\utils\\bin\\gmake" -k -j 8 all -O 
'Building file: ../main.c'
'Invoking: ARM Compiler'
"C:/ti/ccsv7/tools/compiler/ti-cgt-arm_16.9.1.LTS/bin/armcl" -mv7M4 --code_state=16 --float_support=FPv4SPD16 -me --include_path="U:/CprE 288/Lab5/Lab 2" --include_path="C:/ti/TivaWare_C_Series-2.1.2.111" --include_path="C:/ti/ccsv7/tools/compiler/ti-cgt-arm_16.9.1.LTS/include" --define=ccs="ccs" --define=PART_TM4C123GH6PM -g --gcc --diag_warning=225 --diag_wrap=off --display_error_number --abi=eabi --preproc_with_compile --preproc_dependency="main.d"  "../main.c"
"..\timer.h", line 44: warning #1-D: last line of file ends without a newline
"..\lcd.h", line 40: warning #1-D: last line of file ends without a newline
"../main.c", line 23: warning #179-D: variable "b4" was declared but never referenced
"../main.c", line 24: warning #179-D: variable "b3" was declared but never referenced
"../main.c", line 25: warning #179-D: variable "b2" was declared but never referenced
"../main.c", line 26: warning #179-D: variable "b1" was declared but never referenced
'Finished building: ../main.c'
' '
'Building target: Lab 2.out'
'Invoking: ARM Linker'
"C:/ti/ccsv7/tools/compiler/ti-cgt-arm_16.9.1.LTS/bin/armcl" -mv7M4 --code_state=16 --float_support=FPv4SPD16 -me --define=ccs="ccs" --define=PART_TM4C123GH6PM -g --gcc --diag_warning=225 --diag_wrap=off --display_error_number --abi=eabi -z -m"Lab 2.map" --heap_size=1024 --stack_size=2048 -i"C:/ti/ccsv7/tools/compiler/ti-cgt-arm_16.9.1.LTS/lib" -i"C:/ti/ccsv7/tools/compiler/ti-cgt-arm_16.9.1.LTS/include" --reread_libs --diag_wrap=off --display_error_number --warn_sections --xml_link_info="Lab 2_linkInfo.xml" --rom_model -o "Lab 2.out" "./button.obj" "./lcd.obj" "./main.obj" "./timer.obj" "./tm4c123gh6pm_startup_ccs.obj" "./uart.obj" "../tm4c123gh6pm.cmd"  -llibc.a -l"C:/ti/TivaWare_C_Series-2.1.2.111/driverlib/ccs/Debug/driverlib.lib" 
<Linking>
'Finished building target: Lab 2.out'
' '

**** Build Finished ****

**** Build of configuration Debug for project Lab 2 ****

"C:\\ti\\ccsv7\\utils\\bin\\gmake" -k -j 8 all -O 
'Building file: ../main.c'
'Invoking: ARM Compiler'
"C:/ti/ccsv7/tools/compiler/ti-cgt-arm_16.9.1.LTS/bin/armcl" -mv7M4 --code_state=16 --float_support=FPv4SPD16 -me --include_path="U:/CprE 288/Lab5/Lab 2" --include_path="C:/ti/TivaWare_C_Series-2.1.2.111" --include_path="C:/ti/ccsv7/tools/compiler/ti-cgt-arm_16.9.1.LTS/include" --define=ccs="ccs" --define=PART_TM4C123GH6PM -g --gcc --diag_warning=225 --diag_wrap=off --display_error_number --abi=eabi --preproc_with_compile --preproc_dependency="main.d"  "../main.c"
"..\timer.h", line 44: warning #1-D: last line of file ends without a newline
"..\lcd.h", line 40: warning #1-D: last line of file ends without a newline
"../main.c", line 23: warning #179-D: variable "b4" was declared but never referenced
"../main.c", line 24: warning #179-D: variable "b3" was declared but never referenced
"../main.c", line 25: warning #179-D: variable "b2" was declared but never referenced
"../main.c", line 26: warning #179-D: variable "b1" was declared but never referenced
'Finished building: ../main.c'
' '
'Building target: Lab 2.out'
'Invoking: ARM Linker'
"C:/ti/ccsv7/tools/compiler/ti-cgt-arm_16.9.1.LTS/bin/armcl" -mv7M4 --code_state=16 --float_support=FPv4SPD16 -me --define=ccs="ccs" --define=PART_TM4C123GH6PM -g --gcc --diag_warning=225 --diag_wrap=off --display_error_number --abi=eabi -z -m"Lab 2.map" --heap_size=1024 --stack_size=2048 -i"C:/ti/ccsv7/tools/compiler/ti-cgt-arm_16.9.1.LTS/lib" -i"C:/ti/ccsv7/tools/compiler/ti-cgt-arm_16.9.1.LTS/include" --reread_libs --diag_wrap=off --display_error_number --warn_sections --xml_link_info="Lab 2_linkInfo.xml" --rom_model -o "Lab 2.out" "./button.obj" "./lcd.obj" "./main.obj" "./timer.obj" "./tm4c123gh6pm_startup_ccs.obj" "./uart.obj" "../tm4c123gh6pm.cmd"  -llibc.a -l"C:/ti/TivaWare_C_Series-2.1.2.111/driverlib/ccs/Debug/driverlib.lib" 
<Linking>
'Finished building target: Lab 2.out'
' '

**** Build Finished ****

**** Build of configuration Debug for project Lab 2 ****

"C:\\ti\\ccsv7\\utils\\bin\\gmake" -k -j 8 all -O 
'Building file: ../main.c'
'Invoking: ARM Compiler'
"C:/ti/ccsv7/tools/compiler/ti-cgt-arm_16.9.1.LTS/bin/armcl" -mv7M4 --code_state=16 --float_support=FPv4SPD16 -me --include_path="U:/CprE 288/Lab5/Lab 2" --include_path="C:/ti/TivaWare_C_Series-2.1.2.111" --include_path="C:/ti/ccsv7/tools/compiler/ti-cgt-arm_16.9.1.LTS/include" --define=ccs="ccs" --define=PART_TM4C123GH6PM -g --gcc --diag_warning=225 --diag_wrap=off --display_error_number --abi=eabi --preproc_with_compile --preproc_dependency="main.d"  "../main.c"
"..\timer.h", line 44: warning #1-D: last line of file ends without a newline
"..\lcd.h", line 40: warning #1-D: last line of file ends without a newline
"../main.c", line 23: warning #179-D: variable "b4" was declared but never referenced
"../main.c", line 24: warning #179-D: variable "b3" was declared but never referenced
"../main.c", line 25: warning #179-D: variable "b2" was declared but never referenced
"../main.c", line 26: warning #179-D: variable "b1" was declared but never referenced
'Finished building: ../main.c'
' '
'Building target: Lab 2.out'
'Invoking: ARM Linker'
"C:/ti/ccsv7/tools/compiler/ti-cgt-arm_16.9.1.LTS/bin/armcl" -mv7M4 --code_state=16 --float_support=FPv4SPD16 -me --define=ccs="ccs" --define=PART_TM4C123GH6PM -g --gcc --diag_warning=225 --diag_wrap=off --display_error_number --abi=eabi -z -m"Lab 2.map" --heap_size=1024 --stack_size=2048 -i"C:/ti/ccsv7/tools/compiler/ti-cgt-arm_16.9.1.LTS/lib" -i"C:/ti/ccsv7/tools/compiler/ti-cgt-arm_16.9.1.LTS/include" --reread_libs --diag_wrap=off --display_error_number --warn_sections --xml_link_info="Lab 2_linkInfo.xml" --rom_model -o "Lab 2.out" "./button.obj" "./lcd.obj" "./main.obj" "./timer.obj" "./tm4c123gh6pm_startup_ccs.obj" "./uart.obj" "../tm4c123gh6pm.cmd"  -llibc.a -l"C:/ti/TivaWare_C_Series-2.1.2.111/driverlib/ccs/Debug/driverlib.lib" 
<Linking>
'Finished building target: Lab 2.out'
' '

**** Build Finished ****

**** Build of configuration Debug for project Lab 2 ****

"C:\\ti\\ccsv7\\utils\\bin\\gmake" -k -j 8 all -O 
'Building file: ../uart.c'
'Invoking: ARM Compiler'
"C:/ti/ccsv7/tools/compiler/ti-cgt-arm_16.9.1.LTS/bin/armcl" -mv7M4 --code_state=16 --float_support=FPv4SPD16 -me --include_path="U:/CprE 288/Lab5/Lab 2" --include_path="C:/ti/TivaWare_C_Series-2.1.2.111" --include_path="C:/ti/ccsv7/tools/compiler/ti-cgt-arm_16.9.1.LTS/include" --define=ccs="ccs" --define=PART_TM4C123GH6PM -g --gcc --diag_warning=225 --diag_wrap=off --display_error_number --abi=eabi --preproc_with_compile --preproc_dependency="uart.d"  "../uart.c"
"..\timer.h", line 44: warning #1-D: last line of file ends without a newline
"../uart.c", line 49: warning #551-D: variable "ret" is used before its value is set
'Finished building: ../uart.c'
' '
'Building file: ../main.c'
'Invoking: ARM Compiler'
"C:/ti/ccsv7/tools/compiler/ti-cgt-arm_16.9.1.LTS/bin/armcl" -mv7M4 --code_state=16 --float_support=FPv4SPD16 -me --include_path="U:/CprE 288/Lab5/Lab 2" --include_path="C:/ti/TivaWare_C_Series-2.1.2.111" --include_path="C:/ti/ccsv7/tools/compiler/ti-cgt-arm_16.9.1.LTS/include" --define=ccs="ccs" --define=PART_TM4C123GH6PM -g --gcc --diag_warning=225 --diag_wrap=off --display_error_number --abi=eabi --preproc_with_compile --preproc_dependency="main.d"  "../main.c"
"..\timer.h", line 44: warning #1-D: last line of file ends without a newline
"..\lcd.h", line 40: warning #1-D: last line of file ends without a newline
"../main.c", line 23: warning #179-D: variable "b4" was declared but never referenced
"../main.c", line 24: warning #179-D: variable "b3" was declared but never referenced
"../main.c", line 25: warning #179-D: variable "b2" was declared but never referenced
"../main.c", line 26: warning #179-D: variable "b1" was declared but never referenced
'Finished building: ../main.c'
' '
'Building target: Lab 2.out'
'Invoking: ARM Linker'
"C:/ti/ccsv7/tools/compiler/ti-cgt-arm_16.9.1.LTS/bin/armcl" -mv7M4 --code_state=16 --float_support=FPv4SPD16 -me --define=ccs="ccs" --define=PART_TM4C123GH6PM -g --gcc --diag_warning=225 --diag_wrap=off --display_error_number --abi=eabi -z -m"Lab 2.map" --heap_size=1024 --stack_size=2048 -i"C:/ti/ccsv7/tools/compiler/ti-cgt-arm_16.9.1.LTS/lib" -i"C:/ti/ccsv7/tools/compiler/ti-cgt-arm_16.9.1.LTS/include" --reread_libs --diag_wrap=off --display_error_number --warn_sections --xml_link_info="Lab 2_linkInfo.xml" --rom_model -o "Lab 2.out" "./button.obj" "./lcd.obj" "./main.obj" "./timer.obj" "./tm4c123gh6pm_startup_ccs.obj" "./uart.obj" "../tm4c123gh6pm.cmd"  -llibc.a -l"C:/ti/TivaWare_C_Series-2.1.2.111/driverlib/ccs/Debug/driverlib.lib" 
<Linking>
'Finished building target: Lab 2.out'
' '

**** Build Finished ****

**** Build of configuration Debug for project Lab 2 ****

"C:\\ti\\ccsv7\\utils\\bin\\gmake" -k -j 8 all -O 
'Building file: ../main.c'
'Invoking: ARM Compiler'
"C:/ti/ccsv7/tools/compiler/ti-cgt-arm_16.9.1.LTS/bin/armcl" -mv7M4 --code_state=16 --float_support=FPv4SPD16 -me --include_path="U:/CprE 288/Lab5/Lab 2" --include_path="C:/ti/TivaWare_C_Series-2.1.2.111" --include_path="C:/ti/ccsv7/tools/compiler/ti-cgt-arm_16.9.1.LTS/include" --define=ccs="ccs" --define=PART_TM4C123GH6PM -g --gcc --diag_warning=225 --diag_wrap=off --display_error_number --abi=eabi --preproc_with_compile --preproc_dependency="main.d"  "../main.c"
"..\timer.h", line 44: warning #1-D: last line of file ends without a newline
"..\lcd.h", line 40: warning #1-D: last line of file ends without a newline
"../main.c", line 23: warning #179-D: variable "b4" was declared but never referenced
"../main.c", line 24: warning #179-D: variable "b3" was declared but never referenced
"../main.c", line 25: warning #179-D: variable "b2" was declared but never referenced
"../main.c", line 26: warning #179-D: variable "b1" was declared but never referenced
'Finished building: ../main.c'
' '
'Building target: Lab 2.out'
'Invoking: ARM Linker'
"C:/ti/ccsv7/tools/compiler/ti-cgt-arm_16.9.1.LTS/bin/armcl" -mv7M4 --code_state=16 --float_support=FPv4SPD16 -me --define=ccs="ccs" --define=PART_TM4C123GH6PM -g --gcc --diag_warning=225 --diag_wrap=off --display_error_number --abi=eabi -z -m"Lab 2.map" --heap_size=1024 --stack_size=2048 -i"C:/ti/ccsv7/tools/compiler/ti-cgt-arm_16.9.1.LTS/lib" -i"C:/ti/ccsv7/tools/compiler/ti-cgt-arm_16.9.1.LTS/include" --reread_libs --diag_wrap=off --display_error_number --warn_sections --xml_link_info="Lab 2_linkInfo.xml" --rom_model -o "Lab 2.out" "./button.obj" "./lcd.obj" "./main.obj" "./timer.obj" "./tm4c123gh6pm_startup_ccs.obj" "./uart.obj" "../tm4c123gh6pm.cmd"  -llibc.a -l"C:/ti/TivaWare_C_Series-2.1.2.111/driverlib/ccs/Debug/driverlib.lib" 
<Linking>
'Finished building target: Lab 2.out'
' '

**** Build Finished ****

**** Build of configuration Debug for project Lab 2 ****

"C:\\ti\\ccsv7\\utils\\bin\\gmake" -k -j 8 all -O 
'Building file: ../main.c'
'Invoking: ARM Compiler'
"C:/ti/ccsv7/tools/compiler/ti-cgt-arm_16.9.1.LTS/bin/armcl" -mv7M4 --code_state=16 --float_support=FPv4SPD16 -me --include_path="U:/CprE 288/Lab5/Lab 2" --include_path="C:/ti/TivaWare_C_Series-2.1.2.111" --include_path="C:/ti/ccsv7/tools/compiler/ti-cgt-arm_16.9.1.LTS/include" --define=ccs="ccs" --define=PART_TM4C123GH6PM -g --gcc --diag_warning=225 --diag_wrap=off --display_error_number --abi=eabi --preproc_with_compile --preproc_dependency="main.d"  "../main.c"
"..\timer.h", line 44: warning #1-D: last line of file ends without a newline
"..\lcd.h", line 40: warning #1-D: last line of file ends without a newline
"../main.c", line 32: warning #179-D: variable "b4" was declared but never referenced
"../main.c", line 33: warning #179-D: variable "b3" was declared but never referenced
"../main.c", line 34: warning #179-D: variable "b2" was declared but never referenced
"../main.c", line 35: warning #179-D: variable "b1" was declared but never referenced
'Finished building: ../main.c'
' '
'Building target: Lab 2.out'
'Invoking: ARM Linker'
"C:/ti/ccsv7/tools/compiler/ti-cgt-arm_16.9.1.LTS/bin/armcl" -mv7M4 --code_state=16 --float_support=FPv4SPD16 -me --define=ccs="ccs" --define=PART_TM4C123GH6PM -g --gcc --diag_warning=225 --diag_wrap=off --display_error_number --abi=eabi -z -m"Lab 2.map" --heap_size=1024 --stack_size=2048 -i"C:/ti/ccsv7/tools/compiler/ti-cgt-arm_16.9.1.LTS/lib" -i"C:/ti/ccsv7/tools/compiler/ti-cgt-arm_16.9.1.LTS/include" --reread_libs --diag_wrap=off --display_error_number --warn_sections --xml_link_info="Lab 2_linkInfo.xml" --rom_model -o "Lab 2.out" "./button.obj" "./lcd.obj" "./main.obj" "./timer.obj" "./tm4c123gh6pm_startup_ccs.obj" "./uart.obj" "../tm4c123gh6pm.cmd"  -llibc.a -l"C:/ti/TivaWare_C_Series-2.1.2.111/driverlib/ccs/Debug/driverlib.lib" 
<Linking>
'Finished building target: Lab 2.out'
' '

**** Build Finished ****

**** Build of configuration Debug for project Lab 2 ****

"C:\\ti\\ccsv7\\utils\\bin\\gmake" -k -j 8 all -O 
'Building file: ../main.c'
'Invoking: ARM Compiler'
"C:/ti/ccsv7/tools/compiler/ti-cgt-arm_16.9.1.LTS/bin/armcl" -mv7M4 --code_state=16 --float_support=FPv4SPD16 -me --include_path="U:/CprE 288/Lab5/Lab 2" --include_path="C:/ti/TivaWare_C_Series-2.1.2.111" --include_path="C:/ti/ccsv7/tools/compiler/ti-cgt-arm_16.9.1.LTS/include" --define=ccs="ccs" --define=PART_TM4C123GH6PM -g --gcc --diag_warning=225 --diag_wrap=off --display_error_number --abi=eabi --preproc_with_compile --preproc_dependency="main.d"  "../main.c"
"..\timer.h", line 44: warning #1-D: last line of file ends without a newline
"..\lcd.h", line 40: warning #1-D: last line of file ends without a newline
'Finished building: ../main.c'
' '
'Building target: Lab 2.out'
'Invoking: ARM Linker'
"C:/ti/ccsv7/tools/compiler/ti-cgt-arm_16.9.1.LTS/bin/armcl" -mv7M4 --code_state=16 --float_support=FPv4SPD16 -me --define=ccs="ccs" --define=PART_TM4C123GH6PM -g --gcc --diag_warning=225 --diag_wrap=off --display_error_number --abi=eabi -z -m"Lab 2.map" --heap_size=1024 --stack_size=2048 -i"C:/ti/ccsv7/tools/compiler/ti-cgt-arm_16.9.1.LTS/lib" -i"C:/ti/ccsv7/tools/compiler/ti-cgt-arm_16.9.1.LTS/include" --reread_libs --diag_wrap=off --display_error_number --warn_sections --xml_link_info="Lab 2_linkInfo.xml" --rom_model -o "Lab 2.out" "./button.obj" "./lcd.obj" "./main.obj" "./timer.obj" "./tm4c123gh6pm_startup_ccs.obj" "./uart.obj" "../tm4c123gh6pm.cmd"  -llibc.a -l"C:/ti/TivaWare_C_Series-2.1.2.111/driverlib/ccs/Debug/driverlib.lib" 
<Linking>
'Finished building target: Lab 2.out'
' '

**** Build Finished ****

**** Build of configuration Debug for project Lab 2 ****

"C:\\ti\\ccsv7\\utils\\bin\\gmake" -k -j 8 all -O 
gmake[1]: 'Lab 2.out' is up to date.

**** Build Finished ****

**** Build of configuration Debug for project Lab 2 ****

"C:\\ti\\ccsv7\\utils\\bin\\gmake" -k -j 8 all -O 
'Building file: ../main.c'
'Invoking: ARM Compiler'
"C:/ti/ccsv7/tools/compiler/ti-cgt-arm_16.9.1.LTS/bin/armcl" -mv7M4 --code_state=16 --float_support=FPv4SPD16 -me --include_path="U:/CprE 288/Lab5/Lab 2" --include_path="C:/ti/TivaWare_C_Series-2.1.2.111" --include_path="C:/ti/ccsv7/tools/compiler/ti-cgt-arm_16.9.1.LTS/include" --define=ccs="ccs" --define=PART_TM4C123GH6PM -g --gcc --diag_warning=225 --diag_wrap=off --display_error_number --abi=eabi --preproc_with_compile --preproc_dependency="main.d"  "../main.c"
"..\timer.h", line 44: warning #1-D: last line of file ends without a newline
"..\lcd.h", line 40: warning #1-D: last line of file ends without a newline
'Finished building: ../main.c'
' '
'Building target: Lab 2.out'
'Invoking: ARM Linker'
"C:/ti/ccsv7/tools/compiler/ti-cgt-arm_16.9.1.LTS/bin/armcl" -mv7M4 --code_state=16 --float_support=FPv4SPD16 -me --define=ccs="ccs" --define=PART_TM4C123GH6PM -g --gcc --diag_warning=225 --diag_wrap=off --display_error_number --abi=eabi -z -m"Lab 2.map" --heap_size=1024 --stack_size=2048 -i"C:/ti/ccsv7/tools/compiler/ti-cgt-arm_16.9.1.LTS/lib" -i"C:/ti/ccsv7/tools/compiler/ti-cgt-arm_16.9.1.LTS/include" --reread_libs --diag_wrap=off --display_error_number --warn_sections --xml_link_info="Lab 2_linkInfo.xml" --rom_model -o "Lab 2.out" "./button.obj" "./lcd.obj" "./main.obj" "./timer.obj" "./tm4c123gh6pm_startup_ccs.obj" "./uart.obj" "../tm4c123gh6pm.cmd"  -llibc.a -l"C:/ti/TivaWare_C_Series-2.1.2.111/driverlib/ccs/Debug/driverlib.lib" 
<Linking>
'Finished building target: Lab 2.out'
' '

**** Build Finished ****

**** Build of configuration Debug for project Lab 2 ****

"C:\\ti\\ccsv7\\utils\\bin\\gmake" -k -j 8 all -O 
'Building file: ../wifi.c'
'Invoking: ARM Compiler'
"C:/ti/ccsv7/tools/compiler/ti-cgt-arm_16.9.1.LTS/bin/armcl" -mv7M4 --code_state=16 --float_support=FPv4SPD16 -me --include_path="U:/CprE 288/Lab5/Lab 2" --include_path="C:/ti/TivaWare_C_Series-2.1.2.111" --include_path="C:/ti/ccsv7/tools/compiler/ti-cgt-arm_16.9.1.LTS/include" --define=ccs="ccs" --define=PART_TM4C123GH6PM -g --gcc --diag_warning=225 --diag_wrap=off --display_error_number --abi=eabi --preproc_with_compile --preproc_dependency="wifi.d"  "../wifi.c"

>> Compilation failure
subdir_rules.mk:51: recipe for target 'wifi.obj' failed
"../wifi.c", line 11: error #171: expected a declaration
At end of source: warning #12-D: parsing restarts here after previous syntax error
At end of source: error #131: expected a "{"
At end of source: error #68: expected a "}"
3 errors detected in the compilation of "../wifi.c".
gmake: *** [wifi.obj] Error 1
'Building file: ../main.c'
'Invoking: ARM Compiler'
"C:/ti/ccsv7/tools/compiler/ti-cgt-arm_16.9.1.LTS/bin/armcl" -mv7M4 --code_state=16 --float_support=FPv4SPD16 -me --include_path="U:/CprE 288/Lab5/Lab 2" --include_path="C:/ti/TivaWare_C_Series-2.1.2.111" --include_path="C:/ti/ccsv7/tools/compiler/ti-cgt-arm_16.9.1.LTS/include" --define=ccs="ccs" --define=PART_TM4C123GH6PM -g --gcc --diag_warning=225 --diag_wrap=off --display_error_number --abi=eabi --preproc_with_compile --preproc_dependency="main.d"  "../main.c"
"..\timer.h", line 44: warning #1-D: last line of file ends without a newline
"..\lcd.h", line 40: warning #1-D: last line of file ends without a newline
"../main.c", line 155: warning #112-D: statement is unreachable
'Finished building: ../main.c'
' '
gmake: Target 'all' not remade because of errors.

**** Build Finished ****

**** Build of configuration Debug for project Lab 2 ****

"C:\\ti\\ccsv7\\utils\\bin\\gmake" -k -j 8 all -O 
'Building file: ../wifi.c'
'Invoking: ARM Compiler'
"C:/ti/ccsv7/tools/compiler/ti-cgt-arm_16.9.1.LTS/bin/armcl" -mv7M4 --code_state=16 --float_support=FPv4SPD16 -me --include_path="U:/CprE 288/Lab5/Lab 2" --include_path="C:/ti/TivaWare_C_Series-2.1.2.111" --include_path="C:/ti/ccsv7/tools/compiler/ti-cgt-arm_16.9.1.LTS/include" --define=ccs="ccs" --define=PART_TM4C123GH6PM -g --gcc --diag_warning=225 --diag_wrap=off --display_error_number --abi=eabi --preproc_with_compile --preproc_dependency="wifi.d"  "../wifi.c"

>> Compilation failure
subdir_rules.mk:51: recipe for target 'wifi.obj' failed
"../wifi.c", line 11: error #20: identifier "commandPin" is undefined
"../wifi.c", line 12: error #66: expected a ";"
"../wifi.c", line 20: warning #12-D: parsing restarts here after previous syntax error
"../wifi.c", line 23: error #20: identifier "commandPin" is undefined
"../wifi.c", line 24: error #66: expected a ";"
"../wifi.c", line 30: warning #12-D: parsing restarts here after previous syntax error
4 errors detected in the compilation of "../wifi.c".
gmake: *** [wifi.obj] Error 1
gmake: Target 'all' not remade because of errors.

**** Build Finished ****

**** Build of configuration Debug for project Lab 2 ****

"C:\\ti\\ccsv7\\utils\\bin\\gmake" -k -j 8 all -O 
'Building file: ../wifi.c'
'Invoking: ARM Compiler'
"C:/ti/ccsv7/tools/compiler/ti-cgt-arm_16.9.1.LTS/bin/armcl" -mv7M4 --code_state=16 --float_support=FPv4SPD16 -me --include_path="U:/CprE 288/Lab5/Lab 2" --include_path="C:/ti/TivaWare_C_Series-2.1.2.111" --include_path="C:/ti/ccsv7/tools/compiler/ti-cgt-arm_16.9.1.LTS/include" --define=ccs="ccs" --define=PART_TM4C123GH6PM -g --gcc --diag_warning=225 --diag_wrap=off --display_error_number --abi=eabi --preproc_with_compile --preproc_dependency="wifi.d"  "../wifi.c"

>> Compilation failure
subdir_rules.mk:51: recipe for target 'wifi.obj' failed
"../wifi.c", line 11: error #20: identifier "commandPin" is undefined
"../wifi.c", line 12: warning #225-D: function "uart_sendChar" declared implicitly
"../wifi.c", line 12: error #20: identifier "WIFI_START_COMMAND" is undefined
"../wifi.c", line 13: warning #225-D: function "uart_sendStr" declared implicitly
"../wifi.c", line 13: error #20: identifier "WIFI_PSK" is undefined
"../wifi.c", line 15: error #20: identifier "response" is undefined
"../wifi.c", line 15: warning #225-D: function "uart_waitForChar" declared implicitly
"../wifi.c", line 23: error #20: identifier "commandPin" is undefined
"../wifi.c", line 24: warning #225-D: function "uart_sendChar" declared implicitly
"../wifi.c", line 24: error #20: identifier "WIFI_STOP_COMMAND" is undefined
"../wifi.c", line 25: error #20: identifier "response" is undefined
"../wifi.c", line 25: warning #225-D: function "uart_waitForChar" declared implicitly
7 errors detected in the compilation of "../wifi.c".
gmake: *** [wifi.obj] Error 1
gmake: Target 'all' not remade because of errors.

**** Build Finished ****

**** Build of configuration Debug for project Lab 2 ****

"C:\\ti\\ccsv7\\utils\\bin\\gmake" -k -j 8 all -O 
'Building file: ../wifi.c'
'Invoking: ARM Compiler'
"C:/ti/ccsv7/tools/compiler/ti-cgt-arm_16.9.1.LTS/bin/armcl" -mv7M4 --code_state=16 --float_support=FPv4SPD16 -me --include_path="U:/CprE 288/Lab5/Lab 2" --include_path="C:/ti/TivaWare_C_Series-2.1.2.111" --include_path="C:/ti/ccsv7/tools/compiler/ti-cgt-arm_16.9.1.LTS/include" --define=ccs="ccs" --define=PART_TM4C123GH6PM -g --gcc --diag_warning=225 --diag_wrap=off --display_error_number --abi=eabi --preproc_with_compile --preproc_dependency="wifi.d"  "../wifi.c"

>> Compilation failure
subdir_rules.mk:51: recipe for target 'wifi.obj' failed
"..\timer.h", line 44: warning #1-D: last line of file ends without a newline
"../wifi.c", line 13: error #20: identifier "commandPin" is undefined
"../wifi.c", line 14: error #20: identifier "WIFI_START_COMMAND" is undefined
"../wifi.c", line 15: warning #225-D: function "uart_sendStr" declared implicitly
"../wifi.c", line 15: error #20: identifier "WIFI_PSK" is undefined
"../wifi.c", line 17: error #20: identifier "response" is undefined
"../wifi.c", line 17: warning #225-D: function "uart_waitForChar" declared implicitly
"../wifi.c", line 25: error #20: identifier "commandPin" is undefined
"../wifi.c", line 26: error #20: identifier "WIFI_STOP_COMMAND" is undefined
"../wifi.c", line 27: error #20: identifier "response" is undefined
"../wifi.c", line 27: warning #225-D: function "uart_waitForChar" declared implicitly
7 errors detected in the compilation of "../wifi.c".
gmake: *** [wifi.obj] Error 1
gmake: Target 'all' not remade because of errors.

**** Build Finished ****

**** Build of configuration Debug for project Lab 2 ****

"C:\\ti\\ccsv7\\utils\\bin\\gmake" -k -j 8 all -O 
'Building file: ../wifi.c'
'Invoking: ARM Compiler'
"C:/ti/ccsv7/tools/compiler/ti-cgt-arm_16.9.1.LTS/bin/armcl" -mv7M4 --code_state=16 --float_support=FPv4SPD16 -me --include_path="U:/CprE 288/Lab5/Lab 2" --include_path="C:/ti/TivaWare_C_Series-2.1.2.111" --include_path="C:/ti/ccsv7/tools/compiler/ti-cgt-arm_16.9.1.LTS/include" --define=ccs="ccs" --define=PART_TM4C123GH6PM -g --gcc --diag_warning=225 --diag_wrap=off --display_error_number --abi=eabi --preproc_with_compile --preproc_dependency="wifi.d"  "../wifi.c"

>> Compilation failure
subdir_rules.mk:51: recipe for target 'wifi.obj' failed
"..\timer.h", line 44: warning #1-D: last line of file ends without a newline
"../wifi.c", line 15: warning #225-D: function "uart_sendStr" declared implicitly
"../wifi.c", line 15: error #20: identifier "WIFI_PSK" is undefined
"../wifi.c", line 17: warning #225-D: function "uart_waitForChar" declared implicitly
"../wifi.c", line 13: warning #552-D: variable "commandPin" was set but never used
"../wifi.c", line 27: warning #225-D: function "uart_waitForChar" declared implicitly
"../wifi.c", line 25: warning #552-D: variable "commandPin" was set but never used
1 error detected in the compilation of "../wifi.c".
gmake: *** [wifi.obj] Error 1
gmake: Target 'all' not remade because of errors.

**** Build Finished ****

**** Build of configuration Debug for project Lab 2 ****

"C:\\ti\\ccsv7\\utils\\bin\\gmake" -k -j 8 all -O 
'Building file: ../wifi.c'
'Invoking: ARM Compiler'
"C:/ti/ccsv7/tools/compiler/ti-cgt-arm_16.9.1.LTS/bin/armcl" -mv7M4 --code_state=16 --float_support=FPv4SPD16 -me --include_path="U:/CprE 288/Lab5/Lab 2" --include_path="C:/ti/TivaWare_C_Series-2.1.2.111" --include_path="C:/ti/ccsv7/tools/compiler/ti-cgt-arm_16.9.1.LTS/include" --define=ccs="ccs" --define=PART_TM4C123GH6PM -g --gcc --diag_warning=225 --diag_wrap=off --display_error_number --abi=eabi --preproc_with_compile --preproc_dependency="wifi.d"  "../wifi.c"
"..\timer.h", line 44: warning #1-D: last line of file ends without a newline
"../wifi.c", line 15: warning #225-D: function "uart_sendStr" declared implicitly
"../wifi.c", line 17: warning #225-D: function "uart_waitForChar" declared implicitly
"../wifi.c", line 13: warning #552-D: variable "commandPin" was set but never used
"../wifi.c", line 27: warning #225-D: function "uart_waitForChar" declared implicitly
"../wifi.c", line 25: warning #552-D: variable "commandPin" was set but never used
'Finished building: ../wifi.c'
' '
'Building target: Lab 2.out'
'Invoking: ARM Linker'
"C:/ti/ccsv7/tools/compiler/ti-cgt-arm_16.9.1.LTS/bin/armcl" -mv7M4 --code_state=16 --float_support=FPv4SPD16 -me --define=ccs="ccs" --define=PART_TM4C123GH6PM -g --gcc --diag_warning=225 --diag_wrap=off --display_error_number --abi=eabi -z -m"Lab 2.map" --heap_size=1024 --stack_size=2048 -i"C:/ti/ccsv7/tools/compiler/ti-cgt-arm_16.9.1.LTS/lib" -i"C:/ti/ccsv7/tools/compiler/ti-cgt-arm_16.9.1.LTS/include" --reread_libs --diag_wrap=off --display_error_number --warn_sections --xml_link_info="Lab 2_linkInfo.xml" --rom_model -o "Lab 2.out" "./button.obj" "./lcd.obj" "./main.obj" "./timer.obj" "./tm4c123gh6pm_startup_ccs.obj" "./uart.obj" "./wifi.obj" "../tm4c123gh6pm.cmd"  -llibc.a -l"C:/ti/TivaWare_C_Series-2.1.2.111/driverlib/ccs/Debug/driverlib.lib" 
<Linking>

 undefined        first referenced
  symbol              in file     
 ---------        ----------------
 uart_sendStr     ./wifi.obj      
 uart_waitForChar ./wifi.obj      

error #10234-D: unresolved symbols remain
error #10010: errors encountered during linking; "Lab 2.out" not built

>> Compilation failure
makefile:148: recipe for target 'Lab 2.out' failed
gmake[1]: *** [Lab 2.out] Error 1
makefile:144: recipe for target 'all' failed
gmake: *** [all] Error 2

**** Build Finished ****
