
**** Build of configuration Debug for project Lab 2 ****

"C:\\ti\\ccsv7\\utils\\bin\\gmake" -k -j 8 all -O 
'Building file: ../wifi.c'
'Invoking: ARM Compiler'
"C:/ti/ccsv7/tools/compiler/ti-cgt-arm_16.9.1.LTS/bin/armcl" -mv7M4 --code_state=16 --float_support=FPv4SPD16 -me --include_path="U:/CprE 288/Lab5/Lab 2" --include_path="C:/ti/TivaWare_C_Series-2.1.2.111" --include_path="C:/ti/ccsv7/tools/compiler/ti-cgt-arm_16.9.1.LTS/include" --define=ccs="ccs" --define=PART_TM4C123GH6PM -g --gcc --diag_warning=225 --diag_wrap=off --display_error_number --abi=eabi --preproc_with_compile --preproc_dependency="wifi.d"  "../wifi.c"
"..\timer.h", line 44: warning #1-D: last line of file ends without a newline
"../wifi.c", line 15: warning #225-D: function "uart_sendStr" declared implicitly
"../wifi.c", line 17: warning #225-D: function "uart_waitForChar" declared implicitly
"../wifi.c", line 13: warning #552-D: variable "commandPin" was set but never used
"../wifi.c", line 27: warning #225-D: function "uart_waitForChar" declared implicitly
"../wifi.c", line 25: warning #552-D: variable "commandPin" was set but never used
'Finished building: ../wifi.c'
' '
'Building target: Lab 2.out'
'Invoking: ARM Linker'
"C:/ti/ccsv7/tools/compiler/ti-cgt-arm_16.9.1.LTS/bin/armcl" -mv7M4 --code_state=16 --float_support=FPv4SPD16 -me --define=ccs="ccs" --define=PART_TM4C123GH6PM -g --gcc --diag_warning=225 --diag_wrap=off --display_error_number --abi=eabi -z -m"Lab 2.map" --heap_size=1024 --stack_size=2048 -i"C:/ti/ccsv7/tools/compiler/ti-cgt-arm_16.9.1.LTS/lib" -i"C:/ti/ccsv7/tools/compiler/ti-cgt-arm_16.9.1.LTS/include" --reread_libs --diag_wrap=off --display_error_number --warn_sections --xml_link_info="Lab 2_linkInfo.xml" --rom_model -o "Lab 2.out" "./button.obj" "./lcd.obj" "./main.obj" "./timer.obj" "./tm4c123gh6pm_startup_ccs.obj" "./uart.obj" "./wifi.obj" "../tm4c123gh6pm.cmd"  -llibc.a -l"C:/ti/TivaWare_C_Series-2.1.2.111/driverlib/ccs/Debug/driverlib.lib" 
<Linking>

 undefined        first referenced
  symbol              in file     
 ---------        ----------------
 uart_sendStr     ./wifi.obj      
 uart_waitForChar ./wifi.obj      

error #10234-D: unresolved symbols remain
error #10010: errors encountered during linking; "Lab 2.out" not built

>> Compilation failure
makefile:148: recipe for target 'Lab 2.out' failed
gmake[1]: *** [Lab 2.out] Error 1
makefile:144: recipe for target 'all' failed
gmake: *** [all] Error 2

**** Build Finished ****
