
**** Build of configuration Debug for project Lab 2 ****

"C:\\ti\\ccsv7\\utils\\bin\\gmake" -k -j 8 all -O 
'Building file: ../lcd.c'
'Invoking: ARM Compiler'
"C:/ti/ccsv7/tools/compiler/ti-cgt-arm_16.9.1.LTS/bin/armcl" -mv7M4 --code_state=16 --float_support=FPv4SPD16 -me --include_path="U:/CprE 288/Lab2/Lab 2" --include_path="C:/ti/ccsv7/tools/compiler/ti-cgt-arm_16.9.1.LTS/include" --preinclude="C:/ti/TivaWare_C_Series-2.1.2.111" --define=ccs="ccs" --define=PART_TM4C123GH6PM -g --gcc --diag_warning=225 --diag_wrap=off --display_error_number --abi=eabi --preproc_with_compile --preproc_dependency="lcd.d"  "../lcd.c"

>> Compilation failure
subdir_rules.mk:9: recipe for target 'lcd.obj' failed
Fatal error #1966: cannot open source file "C:/ti/TivaWare_C_Series-2.1.2.111": Invalid argument
1 catastrophic error detected in the compilation of "../lcd.c".
Compilation terminated.
gmake: *** [lcd.obj] Error 1
'Building file: ../main.c'
'Invoking: ARM Compiler'
"C:/ti/ccsv7/tools/compiler/ti-cgt-arm_16.9.1.LTS/bin/armcl" -mv7M4 --code_state=16 --float_support=FPv4SPD16 -me --include_path="U:/CprE 288/Lab2/Lab 2" --include_path="C:/ti/ccsv7/tools/compiler/ti-cgt-arm_16.9.1.LTS/include" --preinclude="C:/ti/TivaWare_C_Series-2.1.2.111" --define=ccs="ccs" --define=PART_TM4C123GH6PM -g --gcc --diag_warning=225 --diag_wrap=off --display_error_number --abi=eabi --preproc_with_compile --preproc_dependency="main.d"  "../main.c"

>> Compilation failure
subdir_rules.mk:16: recipe for target 'main.obj' failed
Fatal error #1966: cannot open source file "C:/ti/TivaWare_C_Series-2.1.2.111": Invalid argument
1 catastrophic error detected in the compilation of "../main.c".
Compilation terminated.
gmake: *** [main.obj] Error 1
'Building file: ../timer.c'
'Invoking: ARM Compiler'
"C:/ti/ccsv7/tools/compiler/ti-cgt-arm_16.9.1.LTS/bin/armcl" -mv7M4 --code_state=16 --float_support=FPv4SPD16 -me --include_path="U:/CprE 288/Lab2/Lab 2" --include_path="C:/ti/ccsv7/tools/compiler/ti-cgt-arm_16.9.1.LTS/include" --preinclude="C:/ti/TivaWare_C_Series-2.1.2.111" --define=ccs="ccs" --define=PART_TM4C123GH6PM -g --gcc --diag_warning=225 --diag_wrap=off --display_error_number --abi=eabi --preproc_with_compile --preproc_dependency="timer.d"  "../timer.c"

>> Compilation failure
subdir_rules.mk:30: recipe for target 'timer.obj' failed
Fatal error #1966: cannot open source file "C:/ti/TivaWare_C_Series-2.1.2.111": Invalid argument
1 catastrophic error detected in the compilation of "../timer.c".
Compilation terminated.
gmake: *** [timer.obj] Error 1
'Building file: ../open_interface.c'
'Invoking: ARM Compiler'
"C:/ti/ccsv7/tools/compiler/ti-cgt-arm_16.9.1.LTS/bin/armcl" -mv7M4 --code_state=16 --float_support=FPv4SPD16 -me --include_path="U:/CprE 288/Lab2/Lab 2" --include_path="C:/ti/ccsv7/tools/compiler/ti-cgt-arm_16.9.1.LTS/include" --preinclude="C:/ti/TivaWare_C_Series-2.1.2.111" --define=ccs="ccs" --define=PART_TM4C123GH6PM -g --gcc --diag_warning=225 --diag_wrap=off --display_error_number --abi=eabi --preproc_with_compile --preproc_dependency="open_interface.d"  "../open_interface.c"

>> Compilation failure
subdir_rules.mk:23: recipe for target 'open_interface.obj' failed
Fatal error #1966: cannot open source file "C:/ti/TivaWare_C_Series-2.1.2.111": Invalid argument
1 catastrophic error detected in the compilation of "../open_interface.c".
Compilation terminated.
gmake: *** [open_interface.obj] Error 1
'Building file: ../tm4c123gh6pm_startup_ccs.c'
'Invoking: ARM Compiler'
"C:/ti/ccsv7/tools/compiler/ti-cgt-arm_16.9.1.LTS/bin/armcl" -mv7M4 --code_state=16 --float_support=FPv4SPD16 -me --include_path="U:/CprE 288/Lab2/Lab 2" --include_path="C:/ti/ccsv7/tools/compiler/ti-cgt-arm_16.9.1.LTS/include" --preinclude="C:/ti/TivaWare_C_Series-2.1.2.111" --define=ccs="ccs" --define=PART_TM4C123GH6PM -g --gcc --diag_warning=225 --diag_wrap=off --display_error_number --abi=eabi --preproc_with_compile --preproc_dependency="tm4c123gh6pm_startup_ccs.d"  "../tm4c123gh6pm_startup_ccs.c"

>> Compilation failure
subdir_rules.mk:37: recipe for target 'tm4c123gh6pm_startup_ccs.obj' failed
Fatal error #1966: cannot open source file "C:/ti/TivaWare_C_Series-2.1.2.111": Invalid argument
1 catastrophic error detected in the compilation of "../tm4c123gh6pm_startup_ccs.c".
Compilation terminated.
gmake: *** [tm4c123gh6pm_startup_ccs.obj] Error 1
gmake: Target 'all' not remade because of errors.

**** Build Finished ****

**** Build of configuration Debug for project Lab 2 ****

"C:\\ti\\ccsv7\\utils\\bin\\gmake" -k -j 8 all -O 
'Building file: ../lcd.c'
'Invoking: ARM Compiler'
"C:/ti/ccsv7/tools/compiler/ti-cgt-arm_16.9.1.LTS/bin/armcl" -mv7M4 --code_state=16 --float_support=FPv4SPD16 -me --include_path="U:/CprE 288/Lab2/Lab 2" --include_path="C:/ti/TivaWar_C_Series-2.1.2.111" --include_path="C:/ti/ccsv7/tools/compiler/ti-cgt-arm_16.9.1.LTS/include" --preinclude="C:/ti/TivaWare_C_Series-2.1.2.111" --define=ccs="ccs" --define=PART_TM4C123GH6PM -g --gcc --diag_warning=225 --diag_wrap=off --display_error_number --abi=eabi --preproc_with_compile --preproc_dependency="lcd.d"  "../lcd.c"

>> Compilation failure
subdir_rules.mk:9: recipe for target 'lcd.obj' failed
Fatal error #1966: cannot open source file "C:/ti/TivaWare_C_Series-2.1.2.111": Invalid argument
1 catastrophic error detected in the compilation of "../lcd.c".
Compilation terminated.
gmake: *** [lcd.obj] Error 1
'Building file: ../main.c'
'Invoking: ARM Compiler'
"C:/ti/ccsv7/tools/compiler/ti-cgt-arm_16.9.1.LTS/bin/armcl" -mv7M4 --code_state=16 --float_support=FPv4SPD16 -me --include_path="U:/CprE 288/Lab2/Lab 2" --include_path="C:/ti/TivaWar_C_Series-2.1.2.111" --include_path="C:/ti/ccsv7/tools/compiler/ti-cgt-arm_16.9.1.LTS/include" --preinclude="C:/ti/TivaWare_C_Series-2.1.2.111" --define=ccs="ccs" --define=PART_TM4C123GH6PM -g --gcc --diag_warning=225 --diag_wrap=off --display_error_number --abi=eabi --preproc_with_compile --preproc_dependency="main.d"  "../main.c"

>> Compilation failure
subdir_rules.mk:16: recipe for target 'main.obj' failed
Fatal error #1966: cannot open source file "C:/ti/TivaWare_C_Series-2.1.2.111": Invalid argument
1 catastrophic error detected in the compilation of "../main.c".
Compilation terminated.
gmake: *** [main.obj] Error 1
'Building file: ../open_interface.c'
'Invoking: ARM Compiler'
"C:/ti/ccsv7/tools/compiler/ti-cgt-arm_16.9.1.LTS/bin/armcl" -mv7M4 --code_state=16 --float_support=FPv4SPD16 -me --include_path="U:/CprE 288/Lab2/Lab 2" --include_path="C:/ti/TivaWar_C_Series-2.1.2.111" --include_path="C:/ti/ccsv7/tools/compiler/ti-cgt-arm_16.9.1.LTS/include" --preinclude="C:/ti/TivaWare_C_Series-2.1.2.111" --define=ccs="ccs" --define=PART_TM4C123GH6PM -g --gcc --diag_warning=225 --diag_wrap=off --display_error_number --abi=eabi --preproc_with_compile --preproc_dependency="open_interface.d"  "../open_interface.c"

>> Compilation failure
subdir_rules.mk:23: recipe for target 'open_interface.obj' failed
Fatal error #1966: cannot open source file "C:/ti/TivaWare_C_Series-2.1.2.111": Invalid argument
1 catastrophic error detected in the compilation of "../open_interface.c".
Compilation terminated.
gmake: *** [open_interface.obj] Error 1
'Building file: ../timer.c'
'Invoking: ARM Compiler'
"C:/ti/ccsv7/tools/compiler/ti-cgt-arm_16.9.1.LTS/bin/armcl" -mv7M4 --code_state=16 --float_support=FPv4SPD16 -me --include_path="U:/CprE 288/Lab2/Lab 2" --include_path="C:/ti/TivaWar_C_Series-2.1.2.111" --include_path="C:/ti/ccsv7/tools/compiler/ti-cgt-arm_16.9.1.LTS/include" --preinclude="C:/ti/TivaWare_C_Series-2.1.2.111" --define=ccs="ccs" --define=PART_TM4C123GH6PM -g --gcc --diag_warning=225 --diag_wrap=off --display_error_number --abi=eabi --preproc_with_compile --preproc_dependency="timer.d"  "../timer.c"

>> Compilation failure
subdir_rules.mk:30: recipe for target 'timer.obj' failed
Fatal error #1966: cannot open source file "C:/ti/TivaWare_C_Series-2.1.2.111": Invalid argument
1 catastrophic error detected in the compilation of "../timer.c".
Compilation terminated.
gmake: *** [timer.obj] Error 1
'Building file: ../tm4c123gh6pm_startup_ccs.c'
'Invoking: ARM Compiler'
"C:/ti/ccsv7/tools/compiler/ti-cgt-arm_16.9.1.LTS/bin/armcl" -mv7M4 --code_state=16 --float_support=FPv4SPD16 -me --include_path="U:/CprE 288/Lab2/Lab 2" --include_path="C:/ti/TivaWar_C_Series-2.1.2.111" --include_path="C:/ti/ccsv7/tools/compiler/ti-cgt-arm_16.9.1.LTS/include" --preinclude="C:/ti/TivaWare_C_Series-2.1.2.111" --define=ccs="ccs" --define=PART_TM4C123GH6PM -g --gcc --diag_warning=225 --diag_wrap=off --display_error_number --abi=eabi --preproc_with_compile --preproc_dependency="tm4c123gh6pm_startup_ccs.d"  "../tm4c123gh6pm_startup_ccs.c"

>> Compilation failure
subdir_rules.mk:37: recipe for target 'tm4c123gh6pm_startup_ccs.obj' failed
Fatal error #1966: cannot open source file "C:/ti/TivaWare_C_Series-2.1.2.111": Invalid argument
1 catastrophic error detected in the compilation of "../tm4c123gh6pm_startup_ccs.c".
Compilation terminated.
gmake: *** [tm4c123gh6pm_startup_ccs.obj] Error 1
gmake: Target 'all' not remade because of errors.

**** Build Finished ****

**** Build of configuration Debug for project Lab 2 ****

"C:\\ti\\ccsv7\\utils\\bin\\gmake" -k -j 8 all -O 
'Building file: ../main.c'
'Invoking: ARM Compiler'
"C:/ti/ccsv7/tools/compiler/ti-cgt-arm_16.9.1.LTS/bin/armcl" -mv7M4 --code_state=16 --float_support=FPv4SPD16 -me --include_path="U:/CprE 288/Lab2/Lab 2" --include_path="C:/ti/TivaWare_C_Series-2.1.2.111" --include_path="C:/ti/ccsv7/tools/compiler/ti-cgt-arm_16.9.1.LTS/include" --preinclude="C:/ti/TivaWare_C_Series-2.1.2.111" --define=ccs="ccs" --define=PART_TM4C123GH6PM -g --gcc --diag_warning=225 --diag_wrap=off --display_error_number --abi=eabi --preproc_with_compile --preproc_dependency="main.d"  "../main.c"

>> Compilation failure
subdir_rules.mk:16: recipe for target 'main.obj' failed
Fatal error #1966: cannot open source file "C:/ti/TivaWare_C_Series-2.1.2.111": Invalid argument
1 catastrophic error detected in the compilation of "../main.c".
Compilation terminated.
gmake: *** [main.obj] Error 1
'Building file: ../lcd.c'
'Invoking: ARM Compiler'
"C:/ti/ccsv7/tools/compiler/ti-cgt-arm_16.9.1.LTS/bin/armcl" -mv7M4 --code_state=16 --float_support=FPv4SPD16 -me --include_path="U:/CprE 288/Lab2/Lab 2" --include_path="C:/ti/TivaWare_C_Series-2.1.2.111" --include_path="C:/ti/ccsv7/tools/compiler/ti-cgt-arm_16.9.1.LTS/include" --preinclude="C:/ti/TivaWare_C_Series-2.1.2.111" --define=ccs="ccs" --define=PART_TM4C123GH6PM -g --gcc --diag_warning=225 --diag_wrap=off --display_error_number --abi=eabi --preproc_with_compile --preproc_dependency="lcd.d"  "../lcd.c"

>> Compilation failure
subdir_rules.mk:9: recipe for target 'lcd.obj' failed
Fatal error #1966: cannot open source file "C:/ti/TivaWare_C_Series-2.1.2.111": Invalid argument
1 catastrophic error detected in the compilation of "../lcd.c".
Compilation terminated.
gmake: *** [lcd.obj] Error 1
'Building file: ../timer.c'
'Invoking: ARM Compiler'
"C:/ti/ccsv7/tools/compiler/ti-cgt-arm_16.9.1.LTS/bin/armcl" -mv7M4 --code_state=16 --float_support=FPv4SPD16 -me --include_path="U:/CprE 288/Lab2/Lab 2" --include_path="C:/ti/TivaWare_C_Series-2.1.2.111" --include_path="C:/ti/ccsv7/tools/compiler/ti-cgt-arm_16.9.1.LTS/include" --preinclude="C:/ti/TivaWare_C_Series-2.1.2.111" --define=ccs="ccs" --define=PART_TM4C123GH6PM -g --gcc --diag_warning=225 --diag_wrap=off --display_error_number --abi=eabi --preproc_with_compile --preproc_dependency="timer.d"  "../timer.c"

>> Compilation failure
subdir_rules.mk:30: recipe for target 'timer.obj' failed
Fatal error #1966: cannot open source file "C:/ti/TivaWare_C_Series-2.1.2.111": Invalid argument
1 catastrophic error detected in the compilation of "../timer.c".
Compilation terminated.
gmake: *** [timer.obj] Error 1
'Building file: ../open_interface.c'
'Invoking: ARM Compiler'
"C:/ti/ccsv7/tools/compiler/ti-cgt-arm_16.9.1.LTS/bin/armcl" -mv7M4 --code_state=16 --float_support=FPv4SPD16 -me --include_path="U:/CprE 288/Lab2/Lab 2" --include_path="C:/ti/TivaWare_C_Series-2.1.2.111" --include_path="C:/ti/ccsv7/tools/compiler/ti-cgt-arm_16.9.1.LTS/include" --preinclude="C:/ti/TivaWare_C_Series-2.1.2.111" --define=ccs="ccs" --define=PART_TM4C123GH6PM -g --gcc --diag_warning=225 --diag_wrap=off --display_error_number --abi=eabi --preproc_with_compile --preproc_dependency="open_interface.d"  "../open_interface.c"

>> Compilation failure
subdir_rules.mk:23: recipe for target 'open_interface.obj' failed
Fatal error #1966: cannot open source file "C:/ti/TivaWare_C_Series-2.1.2.111": Invalid argument
1 catastrophic error detected in the compilation of "../open_interface.c".
Compilation terminated.
gmake: *** [open_interface.obj] Error 1
'Building file: ../tm4c123gh6pm_startup_ccs.c'
'Invoking: ARM Compiler'
"C:/ti/ccsv7/tools/compiler/ti-cgt-arm_16.9.1.LTS/bin/armcl" -mv7M4 --code_state=16 --float_support=FPv4SPD16 -me --include_path="U:/CprE 288/Lab2/Lab 2" --include_path="C:/ti/TivaWare_C_Series-2.1.2.111" --include_path="C:/ti/ccsv7/tools/compiler/ti-cgt-arm_16.9.1.LTS/include" --preinclude="C:/ti/TivaWare_C_Series-2.1.2.111" --define=ccs="ccs" --define=PART_TM4C123GH6PM -g --gcc --diag_warning=225 --diag_wrap=off --display_error_number --abi=eabi --preproc_with_compile --preproc_dependency="tm4c123gh6pm_startup_ccs.d"  "../tm4c123gh6pm_startup_ccs.c"

>> Compilation failure
subdir_rules.mk:37: recipe for target 'tm4c123gh6pm_startup_ccs.obj' failed
Fatal error #1966: cannot open source file "C:/ti/TivaWare_C_Series-2.1.2.111": Invalid argument
1 catastrophic error detected in the compilation of "../tm4c123gh6pm_startup_ccs.c".
Compilation terminated.
gmake: *** [tm4c123gh6pm_startup_ccs.obj] Error 1
gmake: Target 'all' not remade because of errors.

**** Build Finished ****

**** Build of configuration Debug for project Lab 2 ****

"C:\\ti\\ccsv7\\utils\\bin\\gmake" -k -j 8 all -O 
'Building file: ../tm4c123gh6pm_startup_ccs.c'
'Invoking: ARM Compiler'
"C:/ti/ccsv7/tools/compiler/ti-cgt-arm_16.9.1.LTS/bin/armcl" -mv7M4 --code_state=16 --float_support=FPv4SPD16 -me --include_path="U:/CprE 288/Lab2/Lab 2" --include_path="C:/ti/TivaWare_C_Series-2.1.2.111" --include_path="C:/ti/ccsv7/tools/compiler/ti-cgt-arm_16.9.1.LTS/include" --define=ccs="ccs" --define=PART_TM4C123GH6PM -g --gcc --diag_warning=225 --diag_wrap=off --display_error_number --abi=eabi --preproc_with_compile --preproc_dependency="tm4c123gh6pm_startup_ccs.d"  "../tm4c123gh6pm_startup_ccs.c"
'Finished building: ../tm4c123gh6pm_startup_ccs.c'
' '
'Building file: ../timer.c'
'Invoking: ARM Compiler'
"C:/ti/ccsv7/tools/compiler/ti-cgt-arm_16.9.1.LTS/bin/armcl" -mv7M4 --code_state=16 --float_support=FPv4SPD16 -me --include_path="U:/CprE 288/Lab2/Lab 2" --include_path="C:/ti/TivaWare_C_Series-2.1.2.111" --include_path="C:/ti/ccsv7/tools/compiler/ti-cgt-arm_16.9.1.LTS/include" --define=ccs="ccs" --define=PART_TM4C123GH6PM -g --gcc --diag_warning=225 --diag_wrap=off --display_error_number --abi=eabi --preproc_with_compile --preproc_dependency="timer.d"  "../timer.c"
"..\Timer.h", line 44: warning #1-D: last line of file ends without a newline
"../timer.c", line 117: warning #1-D: last line of file ends without a newline
'Finished building: ../timer.c'
' '
'Building file: ../lcd.c'
'Invoking: ARM Compiler'
"C:/ti/ccsv7/tools/compiler/ti-cgt-arm_16.9.1.LTS/bin/armcl" -mv7M4 --code_state=16 --float_support=FPv4SPD16 -me --include_path="U:/CprE 288/Lab2/Lab 2" --include_path="C:/ti/TivaWare_C_Series-2.1.2.111" --include_path="C:/ti/ccsv7/tools/compiler/ti-cgt-arm_16.9.1.LTS/include" --define=ccs="ccs" --define=PART_TM4C123GH6PM -g --gcc --diag_warning=225 --diag_wrap=off --display_error_number --abi=eabi --preproc_with_compile --preproc_dependency="lcd.d"  "../lcd.c"
"..\timer.h", line 44: warning #1-D: last line of file ends without a newline
"..\lcd.h", line 40: warning #1-D: last line of file ends without a newline
'Finished building: ../lcd.c'
' '
'Building file: ../main.c'
'Invoking: ARM Compiler'
"C:/ti/ccsv7/tools/compiler/ti-cgt-arm_16.9.1.LTS/bin/armcl" -mv7M4 --code_state=16 --float_support=FPv4SPD16 -me --include_path="U:/CprE 288/Lab2/Lab 2" --include_path="C:/ti/TivaWare_C_Series-2.1.2.111" --include_path="C:/ti/ccsv7/tools/compiler/ti-cgt-arm_16.9.1.LTS/include" --define=ccs="ccs" --define=PART_TM4C123GH6PM -g --gcc --diag_warning=225 --diag_wrap=off --display_error_number --abi=eabi --preproc_with_compile --preproc_dependency="main.d"  "../main.c"
"..\Timer.h", line 44: warning #1-D: last line of file ends without a newline
"..\lcd.h", line 40: warning #1-D: last line of file ends without a newline
"..\open_interface.h", line 178: warning #1-D: last line of file ends without a newline
'Finished building: ../main.c'
' '
'Building file: ../open_interface.c'
'Invoking: ARM Compiler'
"C:/ti/ccsv7/tools/compiler/ti-cgt-arm_16.9.1.LTS/bin/armcl" -mv7M4 --code_state=16 --float_support=FPv4SPD16 -me --include_path="U:/CprE 288/Lab2/Lab 2" --include_path="C:/ti/TivaWare_C_Series-2.1.2.111" --include_path="C:/ti/ccsv7/tools/compiler/ti-cgt-arm_16.9.1.LTS/include" --define=ccs="ccs" --define=PART_TM4C123GH6PM -g --gcc --diag_warning=225 --diag_wrap=off --display_error_number --abi=eabi --preproc_with_compile --preproc_dependency="open_interface.d"  "../open_interface.c"
"..\Timer.h", line 44: warning #1-D: last line of file ends without a newline
"..\lcd.h", line 40: warning #1-D: last line of file ends without a newline
"..\open_interface.h", line 178: warning #1-D: last line of file ends without a newline
"../open_interface.c", line 350: warning #179-D: variable "charging_state" was declared but never referenced
"../open_interface.c", line 496: warning #225-D: function "IntRegister" declared implicitly
"../open_interface.c", line 497: warning #225-D: function "IntMasterEnable" declared implicitly
'Finished building: ../open_interface.c'
' '
'Building target: Lab 2.out'
'Invoking: ARM Linker'
"C:/ti/ccsv7/tools/compiler/ti-cgt-arm_16.9.1.LTS/bin/armcl" -mv7M4 --code_state=16 --float_support=FPv4SPD16 -me --define=ccs="ccs" --define=PART_TM4C123GH6PM -g --gcc --diag_warning=225 --diag_wrap=off --display_error_number --abi=eabi -z -m"Lab 2.map" --heap_size=2048 --stack_size=1024 -i"C:/ti/ccsv7/tools/compiler/ti-cgt-arm_16.9.1.LTS/lib" -i"C:/ti/ccsv7/tools/compiler/ti-cgt-arm_16.9.1.LTS/include" --reread_libs --diag_wrap=off --display_error_number --warn_sections --xml_link_info="Lab 2_linkInfo.xml" --rom_model -o "Lab 2.out" "./lcd.obj" "./main.obj" "./open_interface.obj" "./timer.obj" "./tm4c123gh6pm_startup_ccs.obj" "../tm4c123gh6pm.cmd"  -llibc.a -l"C:/ti/TivaWare_C_Series-2.1.2.111/driverlib/ccs/Debug/driverlib.lib" 
<Linking>
'Finished building target: Lab 2.out'
' '

**** Build Finished ****

**** Build of configuration Debug for project Lab 2 ****

"C:\\ti\\ccsv7\\utils\\bin\\gmake" -k -j 8 all -O 
gmake[1]: 'Lab 2.out' is up to date.

**** Build Finished ****

**** Build of configuration Debug for project Lab 2 ****

"C:\\ti\\ccsv7\\utils\\bin\\gmake" -k -j 8 all -O 
gmake[1]: 'Lab 2.out' is up to date.

**** Build Finished ****

**** Build of configuration Debug for project Lab 2 ****

"C:\\ti\\ccsv7\\utils\\bin\\gmake" -k -j 8 all -O 
gmake[1]: 'Lab 2.out' is up to date.

**** Build Finished ****

**** Build of configuration Debug for project Lab 2 ****

"C:\\ti\\ccsv7\\utils\\bin\\gmake" -k -j 8 all -O 
gmake[1]: 'Lab 2.out' is up to date.

**** Build Finished ****

**** Build of configuration Debug for project Lab 2 ****

"C:\\ti\\ccsv7\\utils\\bin\\gmake" -k -j 8 all -O 
gmake[1]: 'Lab 2.out' is up to date.

**** Build Finished ****

**** Build of configuration Debug for project Lab 2 ****

"C:\\ti\\ccsv7\\utils\\bin\\gmake" -k -j 8 all -O 
gmake[1]: 'Lab 2.out' is up to date.

**** Build Finished ****

**** Build of configuration Debug for project Lab 2 ****

"C:\\ti\\ccsv7\\utils\\bin\\gmake" -k -j 8 all -O 
'Building file: ../main.c'
'Invoking: ARM Compiler'
"C:/ti/ccsv7/tools/compiler/ti-cgt-arm_16.9.1.LTS/bin/armcl" -mv7M4 --code_state=16 --float_support=FPv4SPD16 -me --include_path="U:/CprE 288/Lab2/Lab 2" --include_path="C:/ti/TivaWare_C_Series-2.1.2.111" --include_path="C:/ti/ccsv7/tools/compiler/ti-cgt-arm_16.9.1.LTS/include" --define=ccs="ccs" --define=PART_TM4C123GH6PM -g --gcc --diag_warning=225 --diag_wrap=off --display_error_number --abi=eabi --preproc_with_compile --preproc_dependency="main.d"  "../main.c"
"..\Timer.h", line 44: warning #1-D: last line of file ends without a newline
"..\lcd.h", line 40: warning #1-D: last line of file ends without a newline
"..\open_interface.h", line 178: warning #1-D: last line of file ends without a newline
'Finished building: ../main.c'
' '
'Building target: Lab 2.out'
'Invoking: ARM Linker'
"C:/ti/ccsv7/tools/compiler/ti-cgt-arm_16.9.1.LTS/bin/armcl" -mv7M4 --code_state=16 --float_support=FPv4SPD16 -me --define=ccs="ccs" --define=PART_TM4C123GH6PM -g --gcc --diag_warning=225 --diag_wrap=off --display_error_number --abi=eabi -z -m"Lab 2.map" --heap_size=2048 --stack_size=1024 -i"C:/ti/ccsv7/tools/compiler/ti-cgt-arm_16.9.1.LTS/lib" -i"C:/ti/ccsv7/tools/compiler/ti-cgt-arm_16.9.1.LTS/include" --reread_libs --diag_wrap=off --display_error_number --warn_sections --xml_link_info="Lab 2_linkInfo.xml" --rom_model -o "Lab 2.out" "./lcd.obj" "./main.obj" "./open_interface.obj" "./timer.obj" "./tm4c123gh6pm_startup_ccs.obj" "../tm4c123gh6pm.cmd"  -llibc.a -l"C:/ti/TivaWare_C_Series-2.1.2.111/driverlib/ccs/Debug/driverlib.lib" 
<Linking>
'Finished building target: Lab 2.out'
' '

**** Build Finished ****

**** Build of configuration Debug for project Lab 2 ****

"C:\\ti\\ccsv7\\utils\\bin\\gmake" -k -j 8 all -O 
gmake[1]: 'Lab 2.out' is up to date.

**** Build Finished ****

**** Build of configuration Debug for project Lab 2 ****

"C:\\ti\\ccsv7\\utils\\bin\\gmake" -k -j 8 all -O 
gmake[1]: 'Lab 2.out' is up to date.

**** Build Finished ****

**** Build of configuration Debug for project Lab 2 ****

"C:\\ti\\ccsv7\\utils\\bin\\gmake" -k -j 8 all -O 
gmake[1]: 'Lab 2.out' is up to date.

**** Build Finished ****

**** Build of configuration Debug for project Lab 2 ****

"C:\\ti\\ccsv7\\utils\\bin\\gmake" -k -j 8 all -O 
gmake[1]: 'Lab 2.out' is up to date.

**** Build Finished ****

**** Build of configuration Debug for project Lab 2 ****

"C:\\ti\\ccsv7\\utils\\bin\\gmake" -k -j 8 all -O 
gmake[1]: 'Lab 2.out' is up to date.

**** Build Finished ****

**** Build of configuration Debug for project Lab 2 ****

"C:\\ti\\ccsv7\\utils\\bin\\gmake" -k -j 8 all -O 
gmake[1]: 'Lab 2.out' is up to date.

**** Build Finished ****

**** Build of configuration Debug for project Lab 2 ****

"C:\\ti\\ccsv7\\utils\\bin\\gmake" -k -j 8 all -O 
'Building file: ../movement.c'
'Invoking: ARM Compiler'
"C:/ti/ccsv7/tools/compiler/ti-cgt-arm_16.9.1.LTS/bin/armcl" -mv7M4 --code_state=16 --float_support=FPv4SPD16 -me --include_path="U:/CprE 288/Lab2/Lab 2" --include_path="C:/ti/TivaWare_C_Series-2.1.2.111" --include_path="C:/ti/ccsv7/tools/compiler/ti-cgt-arm_16.9.1.LTS/include" --define=ccs="ccs" --define=PART_TM4C123GH6PM -g --gcc --diag_warning=225 --diag_wrap=off --display_error_number --abi=eabi --preproc_with_compile --preproc_dependency="movement.d"  "../movement.c"

>> Compilation failure
subdir_rules.mk:23: recipe for target 'movement.obj' failed
"../movement.c", line 8: error #20: identifier "oi_t" is undefined
"../movement.c", line 11: warning #225-D: function "oi_setWheels" declared implicitly
"../movement.c", line 13: warning #225-D: function "oi_update" declared implicitly
"../movement.c", line 18: warning #225-D: function "oi_free" declared implicitly
"../movement.c", line 22: error #20: identifier "oi_t" is undefined
"../movement.c", line 24: warning #225-D: function "oi_setWheels" declared implicitly
"../movement.c", line 26: warning #225-D: function "oi_update" declared implicitly
"../movement.c", line 31: warning #225-D: function "oi_free" declared implicitly
2 errors detected in the compilation of "../movement.c".
gmake: *** [movement.obj] Error 1
'Building file: ../main.c'
'Invoking: ARM Compiler'
"C:/ti/ccsv7/tools/compiler/ti-cgt-arm_16.9.1.LTS/bin/armcl" -mv7M4 --code_state=16 --float_support=FPv4SPD16 -me --include_path="U:/CprE 288/Lab2/Lab 2" --include_path="C:/ti/TivaWare_C_Series-2.1.2.111" --include_path="C:/ti/ccsv7/tools/compiler/ti-cgt-arm_16.9.1.LTS/include" --define=ccs="ccs" --define=PART_TM4C123GH6PM -g --gcc --diag_warning=225 --diag_wrap=off --display_error_number --abi=eabi --preproc_with_compile --preproc_dependency="main.d"  "../main.c"

>> Compilation failure
subdir_rules.mk:16: recipe for target 'main.obj' failed
"..\Timer.h", line 44: warning #1-D: last line of file ends without a newline
"..\lcd.h", line 40: warning #1-D: last line of file ends without a newline
"..\open_interface.h", line 178: warning #1-D: last line of file ends without a newline
"../main.c", line 13: error #66: expected a ";"
1 error detected in the compilation of "../main.c".
gmake: *** [main.obj] Error 1
gmake: Target 'all' not remade because of errors.

**** Build Finished ****

**** Build of configuration Debug for project Lab 2 ****

"C:\\ti\\ccsv7\\utils\\bin\\gmake" -k -j 8 all -O 
'Building file: ../main.c'
'Invoking: ARM Compiler'
"C:/ti/ccsv7/tools/compiler/ti-cgt-arm_16.9.1.LTS/bin/armcl" -mv7M4 --code_state=16 --float_support=FPv4SPD16 -me --include_path="U:/CprE 288/Lab2/Lab 2" --include_path="C:/ti/TivaWare_C_Series-2.1.2.111" --include_path="C:/ti/ccsv7/tools/compiler/ti-cgt-arm_16.9.1.LTS/include" --define=ccs="ccs" --define=PART_TM4C123GH6PM -g --gcc --diag_warning=225 --diag_wrap=off --display_error_number --abi=eabi --preproc_with_compile --preproc_dependency="main.d"  "../main.c"
"..\Timer.h", line 44: warning #1-D: last line of file ends without a newline
"..\lcd.h", line 40: warning #1-D: last line of file ends without a newline
"..\open_interface.h", line 178: warning #1-D: last line of file ends without a newline
'Finished building: ../main.c'
' '
'Building file: ../movement.c'
'Invoking: ARM Compiler'
"C:/ti/ccsv7/tools/compiler/ti-cgt-arm_16.9.1.LTS/bin/armcl" -mv7M4 --code_state=16 --float_support=FPv4SPD16 -me --include_path="U:/CprE 288/Lab2/Lab 2" --include_path="C:/ti/TivaWare_C_Series-2.1.2.111" --include_path="C:/ti/ccsv7/tools/compiler/ti-cgt-arm_16.9.1.LTS/include" --define=ccs="ccs" --define=PART_TM4C123GH6PM -g --gcc --diag_warning=225 --diag_wrap=off --display_error_number --abi=eabi --preproc_with_compile --preproc_dependency="movement.d"  "../movement.c"
"..\Timer.h", line 44: warning #1-D: last line of file ends without a newline
"..\lcd.h", line 40: warning #1-D: last line of file ends without a newline
"..\open_interface.h", line 178: warning #1-D: last line of file ends without a newline
'Finished building: ../movement.c'
' '
'Building target: Lab 2.out'
'Invoking: ARM Linker'
"C:/ti/ccsv7/tools/compiler/ti-cgt-arm_16.9.1.LTS/bin/armcl" -mv7M4 --code_state=16 --float_support=FPv4SPD16 -me --define=ccs="ccs" --define=PART_TM4C123GH6PM -g --gcc --diag_warning=225 --diag_wrap=off --display_error_number --abi=eabi -z -m"Lab 2.map" --heap_size=2048 --stack_size=1024 -i"C:/ti/ccsv7/tools/compiler/ti-cgt-arm_16.9.1.LTS/lib" -i"C:/ti/ccsv7/tools/compiler/ti-cgt-arm_16.9.1.LTS/include" --reread_libs --diag_wrap=off --display_error_number --warn_sections --xml_link_info="Lab 2_linkInfo.xml" --rom_model -o "Lab 2.out" "./lcd.obj" "./main.obj" "./movement.obj" "./open_interface.obj" "./timer.obj" "./tm4c123gh6pm_startup_ccs.obj" "../tm4c123gh6pm.cmd"  -llibc.a -l"C:/ti/TivaWare_C_Series-2.1.2.111/driverlib/ccs/Debug/driverlib.lib" 
<Linking>
'Finished building target: Lab 2.out'
' '

**** Build Finished ****

**** Build of configuration Debug for project Lab 2 ****

"C:\\ti\\ccsv7\\utils\\bin\\gmake" -k -j 8 all -O 
gmake[1]: 'Lab 2.out' is up to date.

**** Build Finished ****

**** Build of configuration Debug for project Lab 2 ****

"C:\\ti\\ccsv7\\utils\\bin\\gmake" -k -j 8 all -O 
'Building file: ../movement.c'
'Invoking: ARM Compiler'
"C:/ti/ccsv7/tools/compiler/ti-cgt-arm_16.9.1.LTS/bin/armcl" -mv7M4 --code_state=16 --float_support=FPv4SPD16 -me --include_path="U:/CprE 288/Lab2/Lab 2" --include_path="C:/ti/TivaWare_C_Series-2.1.2.111" --include_path="C:/ti/ccsv7/tools/compiler/ti-cgt-arm_16.9.1.LTS/include" --define=ccs="ccs" --define=PART_TM4C123GH6PM -g --gcc --diag_warning=225 --diag_wrap=off --display_error_number --abi=eabi --preproc_with_compile --preproc_dependency="movement.d"  "../movement.c"
"..\Timer.h", line 44: warning #1-D: last line of file ends without a newline
"..\lcd.h", line 40: warning #1-D: last line of file ends without a newline
"..\open_interface.h", line 178: warning #1-D: last line of file ends without a newline
'Finished building: ../movement.c'
' '
'Building target: Lab 2.out'
'Invoking: ARM Linker'
"C:/ti/ccsv7/tools/compiler/ti-cgt-arm_16.9.1.LTS/bin/armcl" -mv7M4 --code_state=16 --float_support=FPv4SPD16 -me --define=ccs="ccs" --define=PART_TM4C123GH6PM -g --gcc --diag_warning=225 --diag_wrap=off --display_error_number --abi=eabi -z -m"Lab 2.map" --heap_size=2048 --stack_size=1024 -i"C:/ti/ccsv7/tools/compiler/ti-cgt-arm_16.9.1.LTS/lib" -i"C:/ti/ccsv7/tools/compiler/ti-cgt-arm_16.9.1.LTS/include" --reread_libs --diag_wrap=off --display_error_number --warn_sections --xml_link_info="Lab 2_linkInfo.xml" --rom_model -o "Lab 2.out" "./lcd.obj" "./main.obj" "./movement.obj" "./open_interface.obj" "./timer.obj" "./tm4c123gh6pm_startup_ccs.obj" "../tm4c123gh6pm.cmd"  -llibc.a -l"C:/ti/TivaWare_C_Series-2.1.2.111/driverlib/ccs/Debug/driverlib.lib" 
<Linking>
'Finished building target: Lab 2.out'
' '

**** Build Finished ****

**** Build of configuration Debug for project Lab 2 ****

"C:\\ti\\ccsv7\\utils\\bin\\gmake" -k -j 8 all -O 
gmake[1]: 'Lab 2.out' is up to date.

**** Build Finished ****

**** Build of configuration Debug for project Lab 2 ****

"C:\\ti\\ccsv7\\utils\\bin\\gmake" -k -j 8 all -O 
'Building file: ../movement.c'
'Invoking: ARM Compiler'
"C:/ti/ccsv7/tools/compiler/ti-cgt-arm_16.9.1.LTS/bin/armcl" -mv7M4 --code_state=16 --float_support=FPv4SPD16 -me --include_path="U:/CprE 288/Lab2/Lab 2" --include_path="C:/ti/TivaWare_C_Series-2.1.2.111" --include_path="C:/ti/ccsv7/tools/compiler/ti-cgt-arm_16.9.1.LTS/include" --define=ccs="ccs" --define=PART_TM4C123GH6PM -g --gcc --diag_warning=225 --diag_wrap=off --display_error_number --abi=eabi --preproc_with_compile --preproc_dependency="movement.d"  "../movement.c"
"..\Timer.h", line 44: warning #1-D: last line of file ends without a newline
"..\lcd.h", line 40: warning #1-D: last line of file ends without a newline
"..\open_interface.h", line 178: warning #1-D: last line of file ends without a newline
'Finished building: ../movement.c'
' '
'Building target: Lab 2.out'
'Invoking: ARM Linker'
"C:/ti/ccsv7/tools/compiler/ti-cgt-arm_16.9.1.LTS/bin/armcl" -mv7M4 --code_state=16 --float_support=FPv4SPD16 -me --define=ccs="ccs" --define=PART_TM4C123GH6PM -g --gcc --diag_warning=225 --diag_wrap=off --display_error_number --abi=eabi -z -m"Lab 2.map" --heap_size=2048 --stack_size=1024 -i"C:/ti/ccsv7/tools/compiler/ti-cgt-arm_16.9.1.LTS/lib" -i"C:/ti/ccsv7/tools/compiler/ti-cgt-arm_16.9.1.LTS/include" --reread_libs --diag_wrap=off --display_error_number --warn_sections --xml_link_info="Lab 2_linkInfo.xml" --rom_model -o "Lab 2.out" "./lcd.obj" "./main.obj" "./movement.obj" "./open_interface.obj" "./timer.obj" "./tm4c123gh6pm_startup_ccs.obj" "../tm4c123gh6pm.cmd"  -llibc.a -l"C:/ti/TivaWare_C_Series-2.1.2.111/driverlib/ccs/Debug/driverlib.lib" 
<Linking>
'Finished building target: Lab 2.out'
' '

**** Build Finished ****

**** Build of configuration Debug for project Lab 2 ****

"C:\\ti\\ccsv7\\utils\\bin\\gmake" -k -j 8 all -O 
gmake[1]: 'Lab 2.out' is up to date.

**** Build Finished ****

**** Build of configuration Debug for project Lab 2 ****

"C:\\ti\\ccsv7\\utils\\bin\\gmake" -k -j 8 all -O 
'Building file: ../movement.c'
'Invoking: ARM Compiler'
"C:/ti/ccsv7/tools/compiler/ti-cgt-arm_16.9.1.LTS/bin/armcl" -mv7M4 --code_state=16 --float_support=FPv4SPD16 -me --include_path="U:/CprE 288/Lab2/Lab 2" --include_path="C:/ti/TivaWare_C_Series-2.1.2.111" --include_path="C:/ti/ccsv7/tools/compiler/ti-cgt-arm_16.9.1.LTS/include" --define=ccs="ccs" --define=PART_TM4C123GH6PM -g --gcc --diag_warning=225 --diag_wrap=off --display_error_number --abi=eabi --preproc_with_compile --preproc_dependency="movement.d"  "../movement.c"
"..\Timer.h", line 44: warning #1-D: last line of file ends without a newline
"..\lcd.h", line 40: warning #1-D: last line of file ends without a newline
"..\open_interface.h", line 178: warning #1-D: last line of file ends without a newline
'Finished building: ../movement.c'
' '
'Building target: Lab 2.out'
'Invoking: ARM Linker'
"C:/ti/ccsv7/tools/compiler/ti-cgt-arm_16.9.1.LTS/bin/armcl" -mv7M4 --code_state=16 --float_support=FPv4SPD16 -me --define=ccs="ccs" --define=PART_TM4C123GH6PM -g --gcc --diag_warning=225 --diag_wrap=off --display_error_number --abi=eabi -z -m"Lab 2.map" --heap_size=2048 --stack_size=1024 -i"C:/ti/ccsv7/tools/compiler/ti-cgt-arm_16.9.1.LTS/lib" -i"C:/ti/ccsv7/tools/compiler/ti-cgt-arm_16.9.1.LTS/include" --reread_libs --diag_wrap=off --display_error_number --warn_sections --xml_link_info="Lab 2_linkInfo.xml" --rom_model -o "Lab 2.out" "./lcd.obj" "./main.obj" "./movement.obj" "./open_interface.obj" "./timer.obj" "./tm4c123gh6pm_startup_ccs.obj" "../tm4c123gh6pm.cmd"  -llibc.a -l"C:/ti/TivaWare_C_Series-2.1.2.111/driverlib/ccs/Debug/driverlib.lib" 
<Linking>
'Finished building target: Lab 2.out'
' '

**** Build Finished ****

**** Build of configuration Debug for project Lab 2 ****

"C:\\ti\\ccsv7\\utils\\bin\\gmake" -k -j 8 all -O 
gmake[1]: 'Lab 2.out' is up to date.

**** Build Finished ****

**** Build of configuration Debug for project Lab 2 ****

"C:\\ti\\ccsv7\\utils\\bin\\gmake" -k -j 8 all -O 
gmake[1]: 'Lab 2.out' is up to date.

**** Build Finished ****

**** Build of configuration Debug for project Lab 2 ****

"C:\\ti\\ccsv7\\utils\\bin\\gmake" -k -j 8 all -O 
gmake[1]: 'Lab 2.out' is up to date.

**** Build Finished ****

**** Build of configuration Debug for project Lab 2 ****

"C:\\ti\\ccsv7\\utils\\bin\\gmake" -k -j 8 all -O 
gmake[1]: 'Lab 2.out' is up to date.

**** Build Finished ****

**** Build of configuration Debug for project Lab 2 ****

"C:\\ti\\ccsv7\\utils\\bin\\gmake" -k -j 8 all -O 
'Building file: ../main.c'
'Invoking: ARM Compiler'
"C:/ti/ccsv7/tools/compiler/ti-cgt-arm_16.9.1.LTS/bin/armcl" -mv7M4 --code_state=16 --float_support=FPv4SPD16 -me --include_path="U:/CprE 288/Lab2/Lab 2" --include_path="C:/ti/TivaWare_C_Series-2.1.2.111" --include_path="C:/ti/ccsv7/tools/compiler/ti-cgt-arm_16.9.1.LTS/include" --define=ccs="ccs" --define=PART_TM4C123GH6PM -g --gcc --diag_warning=225 --diag_wrap=off --display_error_number --abi=eabi --preproc_with_compile --preproc_dependency="main.d"  "../main.c"
"..\Timer.h", line 44: warning #1-D: last line of file ends without a newline
"..\lcd.h", line 40: warning #1-D: last line of file ends without a newline
"..\open_interface.h", line 178: warning #1-D: last line of file ends without a newline
'Finished building: ../main.c'
' '
'Building target: Lab 2.out'
'Invoking: ARM Linker'
"C:/ti/ccsv7/tools/compiler/ti-cgt-arm_16.9.1.LTS/bin/armcl" -mv7M4 --code_state=16 --float_support=FPv4SPD16 -me --define=ccs="ccs" --define=PART_TM4C123GH6PM -g --gcc --diag_warning=225 --diag_wrap=off --display_error_number --abi=eabi -z -m"Lab 2.map" --heap_size=2048 --stack_size=1024 -i"C:/ti/ccsv7/tools/compiler/ti-cgt-arm_16.9.1.LTS/lib" -i"C:/ti/ccsv7/tools/compiler/ti-cgt-arm_16.9.1.LTS/include" --reread_libs --diag_wrap=off --display_error_number --warn_sections --xml_link_info="Lab 2_linkInfo.xml" --rom_model -o "Lab 2.out" "./lcd.obj" "./main.obj" "./movement.obj" "./open_interface.obj" "./timer.obj" "./tm4c123gh6pm_startup_ccs.obj" "../tm4c123gh6pm.cmd"  -llibc.a -l"C:/ti/TivaWare_C_Series-2.1.2.111/driverlib/ccs/Debug/driverlib.lib" 
<Linking>
'Finished building target: Lab 2.out'
' '

**** Build Finished ****

**** Build of configuration Debug for project Lab 2 ****

"C:\\ti\\ccsv7\\utils\\bin\\gmake" -k -j 8 all -O 
'Building file: ../main.c'
'Invoking: ARM Compiler'
"C:/ti/ccsv7/tools/compiler/ti-cgt-arm_16.9.1.LTS/bin/armcl" -mv7M4 --code_state=16 --float_support=FPv4SPD16 -me --include_path="U:/CprE 288/Lab2/Lab 2" --include_path="C:/ti/TivaWare_C_Series-2.1.2.111" --include_path="C:/ti/ccsv7/tools/compiler/ti-cgt-arm_16.9.1.LTS/include" --define=ccs="ccs" --define=PART_TM4C123GH6PM -g --gcc --diag_warning=225 --diag_wrap=off --display_error_number --abi=eabi --preproc_with_compile --preproc_dependency="main.d"  "../main.c"

>> Compilation failure
subdir_rules.mk:16: recipe for target 'main.obj' failed
"..\Timer.h", line 44: warning #1-D: last line of file ends without a newline
"..\lcd.h", line 40: warning #1-D: last line of file ends without a newline
"..\open_interface.h", line 178: warning #1-D: last line of file ends without a newline
"../main.c", line 15: error #20: identifier "sensor" is undefined
1 error detected in the compilation of "../main.c".
gmake: *** [main.obj] Error 1
'Building file: ../movement.c'
'Invoking: ARM Compiler'
"C:/ti/ccsv7/tools/compiler/ti-cgt-arm_16.9.1.LTS/bin/armcl" -mv7M4 --code_state=16 --float_support=FPv4SPD16 -me --include_path="U:/CprE 288/Lab2/Lab 2" --include_path="C:/ti/TivaWare_C_Series-2.1.2.111" --include_path="C:/ti/ccsv7/tools/compiler/ti-cgt-arm_16.9.1.LTS/include" --define=ccs="ccs" --define=PART_TM4C123GH6PM -g --gcc --diag_warning=225 --diag_wrap=off --display_error_number --abi=eabi --preproc_with_compile --preproc_dependency="movement.d"  "../movement.c"
"..\Timer.h", line 44: warning #1-D: last line of file ends without a newline
"..\lcd.h", line 40: warning #1-D: last line of file ends without a newline
"..\open_interface.h", line 178: warning #1-D: last line of file ends without a newline
'Finished building: ../movement.c'
' '
gmake: Target 'all' not remade because of errors.

**** Build Finished ****

**** Build of configuration Debug for project Lab 2 ****

"C:\\ti\\ccsv7\\utils\\bin\\gmake" -k -j 8 all -O 
'Building file: ../main.c'
'Invoking: ARM Compiler'
"C:/ti/ccsv7/tools/compiler/ti-cgt-arm_16.9.1.LTS/bin/armcl" -mv7M4 --code_state=16 --float_support=FPv4SPD16 -me --include_path="U:/CprE 288/Lab2/Lab 2" --include_path="C:/ti/TivaWare_C_Series-2.1.2.111" --include_path="C:/ti/ccsv7/tools/compiler/ti-cgt-arm_16.9.1.LTS/include" --define=ccs="ccs" --define=PART_TM4C123GH6PM -g --gcc --diag_warning=225 --diag_wrap=off --display_error_number --abi=eabi --preproc_with_compile --preproc_dependency="main.d"  "../main.c"
"..\Timer.h", line 44: warning #1-D: last line of file ends without a newline
"..\lcd.h", line 40: warning #1-D: last line of file ends without a newline
"..\open_interface.h", line 178: warning #1-D: last line of file ends without a newline
'Finished building: ../main.c'
' '
'Building target: Lab 2.out'
'Invoking: ARM Linker'
"C:/ti/ccsv7/tools/compiler/ti-cgt-arm_16.9.1.LTS/bin/armcl" -mv7M4 --code_state=16 --float_support=FPv4SPD16 -me --define=ccs="ccs" --define=PART_TM4C123GH6PM -g --gcc --diag_warning=225 --diag_wrap=off --display_error_number --abi=eabi -z -m"Lab 2.map" --heap_size=2048 --stack_size=1024 -i"C:/ti/ccsv7/tools/compiler/ti-cgt-arm_16.9.1.LTS/lib" -i"C:/ti/ccsv7/tools/compiler/ti-cgt-arm_16.9.1.LTS/include" --reread_libs --diag_wrap=off --display_error_number --warn_sections --xml_link_info="Lab 2_linkInfo.xml" --rom_model -o "Lab 2.out" "./lcd.obj" "./main.obj" "./movement.obj" "./open_interface.obj" "./timer.obj" "./tm4c123gh6pm_startup_ccs.obj" "../tm4c123gh6pm.cmd"  -llibc.a -l"C:/ti/TivaWare_C_Series-2.1.2.111/driverlib/ccs/Debug/driverlib.lib" 
<Linking>
'Finished building target: Lab 2.out'
' '

**** Build Finished ****

**** Build of configuration Debug for project Lab 2 ****

"C:\\ti\\ccsv7\\utils\\bin\\gmake" -k -j 8 all -O 
gmake[1]: 'Lab 2.out' is up to date.

**** Build Finished ****

**** Build of configuration Debug for project Lab 2 ****

"C:\\ti\\ccsv7\\utils\\bin\\gmake" -k -j 8 all -O 
gmake[1]: 'Lab 2.out' is up to date.

**** Build Finished ****

**** Build of configuration Debug for project Lab 2 ****

"C:\\ti\\ccsv7\\utils\\bin\\gmake" -k -j 8 all -O 
'Building target: Lab 2.out'
'Invoking: ARM Linker'
"C:/ti/ccsv7/tools/compiler/ti-cgt-arm_16.9.1.LTS/bin/armcl" -mv7M4 --code_state=16 --float_support=FPv4SPD16 -me --define=ccs="ccs" --define=PART_TM4C123GH6PM -g --gcc --diag_warning=225 --diag_wrap=off --display_error_number --abi=eabi -z -m"Lab 2.map" --heap_size=1024 --stack_size=2048 -i"C:/ti/ccsv7/tools/compiler/ti-cgt-arm_16.9.1.LTS/lib" -i"C:/ti/ccsv7/tools/compiler/ti-cgt-arm_16.9.1.LTS/include" --reread_libs --diag_wrap=off --display_error_number --warn_sections --xml_link_info="Lab 2_linkInfo.xml" --rom_model -o "Lab 2.out" "./lcd.obj" "./main.obj" "./movement.obj" "./open_interface.obj" "./timer.obj" "./tm4c123gh6pm_startup_ccs.obj" "../tm4c123gh6pm.cmd"  -llibc.a -l"C:/ti/TivaWare_C_Series-2.1.2.111/driverlib/ccs/Debug/driverlib.lib" 
<Linking>
'Finished building target: Lab 2.out'
' '

**** Build Finished ****

**** Build of configuration Debug for project Lab 2 ****

"C:\\ti\\ccsv7\\utils\\bin\\gmake" -k -j 8 all -O 
'Building file: ../main.c'
'Invoking: ARM Compiler'
"C:/ti/ccsv7/tools/compiler/ti-cgt-arm_16.9.1.LTS/bin/armcl" -mv7M4 --code_state=16 --float_support=FPv4SPD16 -me --include_path="U:/CprE 288/Lab2/Lab 2" --include_path="C:/ti/TivaWare_C_Series-2.1.2.111" --include_path="C:/ti/ccsv7/tools/compiler/ti-cgt-arm_16.9.1.LTS/include" --define=ccs="ccs" --define=PART_TM4C123GH6PM -g --gcc --diag_warning=225 --diag_wrap=off --display_error_number --abi=eabi --preproc_with_compile --preproc_dependency="main.d"  "../main.c"
"..\Timer.h", line 44: warning #1-D: last line of file ends without a newline
"..\lcd.h", line 40: warning #1-D: last line of file ends without a newline
"..\open_interface.h", line 178: warning #1-D: last line of file ends without a newline
'Finished building: ../main.c'
' '
'Building file: ../movement.c'
'Invoking: ARM Compiler'
"C:/ti/ccsv7/tools/compiler/ti-cgt-arm_16.9.1.LTS/bin/armcl" -mv7M4 --code_state=16 --float_support=FPv4SPD16 -me --include_path="U:/CprE 288/Lab2/Lab 2" --include_path="C:/ti/TivaWare_C_Series-2.1.2.111" --include_path="C:/ti/ccsv7/tools/compiler/ti-cgt-arm_16.9.1.LTS/include" --define=ccs="ccs" --define=PART_TM4C123GH6PM -g --gcc --diag_warning=225 --diag_wrap=off --display_error_number --abi=eabi --preproc_with_compile --preproc_dependency="movement.d"  "../movement.c"
"..\Timer.h", line 44: warning #1-D: last line of file ends without a newline
"..\lcd.h", line 40: warning #1-D: last line of file ends without a newline
"..\open_interface.h", line 178: warning #1-D: last line of file ends without a newline
'Finished building: ../movement.c'
' '
'Building target: Lab 2.out'
'Invoking: ARM Linker'
"C:/ti/ccsv7/tools/compiler/ti-cgt-arm_16.9.1.LTS/bin/armcl" -mv7M4 --code_state=16 --float_support=FPv4SPD16 -me --define=ccs="ccs" --define=PART_TM4C123GH6PM -g --gcc --diag_warning=225 --diag_wrap=off --display_error_number --abi=eabi -z -m"Lab 2.map" --heap_size=1024 --stack_size=2048 -i"C:/ti/ccsv7/tools/compiler/ti-cgt-arm_16.9.1.LTS/lib" -i"C:/ti/ccsv7/tools/compiler/ti-cgt-arm_16.9.1.LTS/include" --reread_libs --diag_wrap=off --display_error_number --warn_sections --xml_link_info="Lab 2_linkInfo.xml" --rom_model -o "Lab 2.out" "./lcd.obj" "./main.obj" "./movement.obj" "./open_interface.obj" "./timer.obj" "./tm4c123gh6pm_startup_ccs.obj" "../tm4c123gh6pm.cmd"  -llibc.a -l"C:/ti/TivaWare_C_Series-2.1.2.111/driverlib/ccs/Debug/driverlib.lib" 
<Linking>
'Finished building target: Lab 2.out'
' '

**** Build Finished ****

**** Build of configuration Debug for project Lab 2 ****

"C:\\ti\\ccsv7\\utils\\bin\\gmake" -k -j 8 all -O 
gmake[1]: 'Lab 2.out' is up to date.

**** Build Finished ****

**** Build of configuration Debug for project Lab 2 ****

"C:\\ti\\ccsv7\\utils\\bin\\gmake" -k -j 8 all -O 
'Building file: ../main.c'
'Invoking: ARM Compiler'
"C:/ti/ccsv7/tools/compiler/ti-cgt-arm_16.9.1.LTS/bin/armcl" -mv7M4 --code_state=16 --float_support=FPv4SPD16 -me --include_path="U:/CprE 288/Lab2/Lab 2" --include_path="C:/ti/TivaWare_C_Series-2.1.2.111" --include_path="C:/ti/ccsv7/tools/compiler/ti-cgt-arm_16.9.1.LTS/include" --define=ccs="ccs" --define=PART_TM4C123GH6PM -g --gcc --diag_warning=225 --diag_wrap=off --display_error_number --abi=eabi --preproc_with_compile --preproc_dependency="main.d"  "../main.c"
"..\Timer.h", line 44: warning #1-D: last line of file ends without a newline
"..\lcd.h", line 40: warning #1-D: last line of file ends without a newline
"..\open_interface.h", line 178: warning #1-D: last line of file ends without a newline
'Finished building: ../main.c'
' '
'Building file: ../movement.c'
'Invoking: ARM Compiler'
"C:/ti/ccsv7/tools/compiler/ti-cgt-arm_16.9.1.LTS/bin/armcl" -mv7M4 --code_state=16 --float_support=FPv4SPD16 -me --include_path="U:/CprE 288/Lab2/Lab 2" --include_path="C:/ti/TivaWare_C_Series-2.1.2.111" --include_path="C:/ti/ccsv7/tools/compiler/ti-cgt-arm_16.9.1.LTS/include" --define=ccs="ccs" --define=PART_TM4C123GH6PM -g --gcc --diag_warning=225 --diag_wrap=off --display_error_number --abi=eabi --preproc_with_compile --preproc_dependency="movement.d"  "../movement.c"
"..\Timer.h", line 44: warning #1-D: last line of file ends without a newline
"..\lcd.h", line 40: warning #1-D: last line of file ends without a newline
"..\open_interface.h", line 178: warning #1-D: last line of file ends without a newline
'Finished building: ../movement.c'
' '
'Building target: Lab 2.out'
'Invoking: ARM Linker'
"C:/ti/ccsv7/tools/compiler/ti-cgt-arm_16.9.1.LTS/bin/armcl" -mv7M4 --code_state=16 --float_support=FPv4SPD16 -me --define=ccs="ccs" --define=PART_TM4C123GH6PM -g --gcc --diag_warning=225 --diag_wrap=off --display_error_number --abi=eabi -z -m"Lab 2.map" --heap_size=1024 --stack_size=2048 -i"C:/ti/ccsv7/tools/compiler/ti-cgt-arm_16.9.1.LTS/lib" -i"C:/ti/ccsv7/tools/compiler/ti-cgt-arm_16.9.1.LTS/include" --reread_libs --diag_wrap=off --display_error_number --warn_sections --xml_link_info="Lab 2_linkInfo.xml" --rom_model -o "Lab 2.out" "./lcd.obj" "./main.obj" "./movement.obj" "./open_interface.obj" "./timer.obj" "./tm4c123gh6pm_startup_ccs.obj" "../tm4c123gh6pm.cmd"  -llibc.a -l"C:/ti/TivaWare_C_Series-2.1.2.111/driverlib/ccs/Debug/driverlib.lib" 
<Linking>
'Finished building target: Lab 2.out'
' '

**** Build Finished ****

**** Build of configuration Debug for project Lab 2 ****

"C:\\ti\\ccsv7\\utils\\bin\\gmake" -k -j 8 all -O 
gmake[1]: 'Lab 2.out' is up to date.

**** Build Finished ****

**** Build of configuration Debug for project Lab 2 ****

"C:\\ti\\ccsv7\\utils\\bin\\gmake" -k -j 8 all -O 
'Building file: ../main.c'
'Invoking: ARM Compiler'
"C:/ti/ccsv7/tools/compiler/ti-cgt-arm_16.9.1.LTS/bin/armcl" -mv7M4 --code_state=16 --float_support=FPv4SPD16 -me --include_path="U:/CprE 288/Lab2/Lab 2" --include_path="C:/ti/TivaWare_C_Series-2.1.2.111" --include_path="C:/ti/ccsv7/tools/compiler/ti-cgt-arm_16.9.1.LTS/include" --define=ccs="ccs" --define=PART_TM4C123GH6PM -g --gcc --diag_warning=225 --diag_wrap=off --display_error_number --abi=eabi --preproc_with_compile --preproc_dependency="main.d"  "../main.c"
"..\Timer.h", line 44: warning #1-D: last line of file ends without a newline
"..\lcd.h", line 40: warning #1-D: last line of file ends without a newline
"..\open_interface.h", line 178: warning #1-D: last line of file ends without a newline
'Finished building: ../main.c'
' '
'Building target: Lab 2.out'
'Invoking: ARM Linker'
"C:/ti/ccsv7/tools/compiler/ti-cgt-arm_16.9.1.LTS/bin/armcl" -mv7M4 --code_state=16 --float_support=FPv4SPD16 -me --define=ccs="ccs" --define=PART_TM4C123GH6PM -g --gcc --diag_warning=225 --diag_wrap=off --display_error_number --abi=eabi -z -m"Lab 2.map" --heap_size=1024 --stack_size=2048 -i"C:/ti/ccsv7/tools/compiler/ti-cgt-arm_16.9.1.LTS/lib" -i"C:/ti/ccsv7/tools/compiler/ti-cgt-arm_16.9.1.LTS/include" --reread_libs --diag_wrap=off --display_error_number --warn_sections --xml_link_info="Lab 2_linkInfo.xml" --rom_model -o "Lab 2.out" "./lcd.obj" "./main.obj" "./movement.obj" "./open_interface.obj" "./timer.obj" "./tm4c123gh6pm_startup_ccs.obj" "../tm4c123gh6pm.cmd"  -llibc.a -l"C:/ti/TivaWare_C_Series-2.1.2.111/driverlib/ccs/Debug/driverlib.lib" 
<Linking>
'Finished building target: Lab 2.out'
' '

**** Build Finished ****

**** Build of configuration Debug for project Lab 2 ****

"C:\\ti\\ccsv7\\utils\\bin\\gmake" -k -j 8 all -O 
'Building file: ../main.c'
'Invoking: ARM Compiler'
"C:/ti/ccsv7/tools/compiler/ti-cgt-arm_16.9.1.LTS/bin/armcl" -mv7M4 --code_state=16 --float_support=FPv4SPD16 -me --include_path="U:/CprE 288/Lab2/Lab 2" --include_path="C:/ti/TivaWare_C_Series-2.1.2.111" --include_path="C:/ti/ccsv7/tools/compiler/ti-cgt-arm_16.9.1.LTS/include" --define=ccs="ccs" --define=PART_TM4C123GH6PM -g --gcc --diag_warning=225 --diag_wrap=off --display_error_number --abi=eabi --preproc_with_compile --preproc_dependency="main.d"  "../main.c"
"..\Timer.h", line 44: warning #1-D: last line of file ends without a newline
"..\lcd.h", line 40: warning #1-D: last line of file ends without a newline
"..\open_interface.h", line 178: warning #1-D: last line of file ends without a newline
'Finished building: ../main.c'
' '
'Building target: Lab 2.out'
'Invoking: ARM Linker'
"C:/ti/ccsv7/tools/compiler/ti-cgt-arm_16.9.1.LTS/bin/armcl" -mv7M4 --code_state=16 --float_support=FPv4SPD16 -me --define=ccs="ccs" --define=PART_TM4C123GH6PM -g --gcc --diag_warning=225 --diag_wrap=off --display_error_number --abi=eabi -z -m"Lab 2.map" --heap_size=1024 --stack_size=2048 -i"C:/ti/ccsv7/tools/compiler/ti-cgt-arm_16.9.1.LTS/lib" -i"C:/ti/ccsv7/tools/compiler/ti-cgt-arm_16.9.1.LTS/include" --reread_libs --diag_wrap=off --display_error_number --warn_sections --xml_link_info="Lab 2_linkInfo.xml" --rom_model -o "Lab 2.out" "./lcd.obj" "./main.obj" "./movement.obj" "./open_interface.obj" "./timer.obj" "./tm4c123gh6pm_startup_ccs.obj" "../tm4c123gh6pm.cmd"  -llibc.a -l"C:/ti/TivaWare_C_Series-2.1.2.111/driverlib/ccs/Debug/driverlib.lib" 
<Linking>
'Finished building target: Lab 2.out'
' '

**** Build Finished ****

**** Build of configuration Debug for project Lab 2 ****

"C:\\ti\\ccsv7\\utils\\bin\\gmake" -k -j 8 all -O 
'Building file: ../main.c'
'Invoking: ARM Compiler'
"C:/ti/ccsv7/tools/compiler/ti-cgt-arm_16.9.1.LTS/bin/armcl" -mv7M4 --code_state=16 --float_support=FPv4SPD16 -me --include_path="U:/CprE 288/Lab2/Lab 2" --include_path="C:/ti/TivaWare_C_Series-2.1.2.111" --include_path="C:/ti/ccsv7/tools/compiler/ti-cgt-arm_16.9.1.LTS/include" --define=ccs="ccs" --define=PART_TM4C123GH6PM -g --gcc --diag_warning=225 --diag_wrap=off --display_error_number --abi=eabi --preproc_with_compile --preproc_dependency="main.d"  "../main.c"
"..\Timer.h", line 44: warning #1-D: last line of file ends without a newline
"..\lcd.h", line 40: warning #1-D: last line of file ends without a newline
"..\open_interface.h", line 178: warning #1-D: last line of file ends without a newline
'Finished building: ../main.c'
' '
'Building file: ../movement.c'
'Invoking: ARM Compiler'
"C:/ti/ccsv7/tools/compiler/ti-cgt-arm_16.9.1.LTS/bin/armcl" -mv7M4 --code_state=16 --float_support=FPv4SPD16 -me --include_path="U:/CprE 288/Lab2/Lab 2" --include_path="C:/ti/TivaWare_C_Series-2.1.2.111" --include_path="C:/ti/ccsv7/tools/compiler/ti-cgt-arm_16.9.1.LTS/include" --define=ccs="ccs" --define=PART_TM4C123GH6PM -g --gcc --diag_warning=225 --diag_wrap=off --display_error_number --abi=eabi --preproc_with_compile --preproc_dependency="movement.d"  "../movement.c"
"..\Timer.h", line 44: warning #1-D: last line of file ends without a newline
"..\lcd.h", line 40: warning #1-D: last line of file ends without a newline
"..\open_interface.h", line 178: warning #1-D: last line of file ends without a newline
'Finished building: ../movement.c'
' '
'Building target: Lab 2.out'
'Invoking: ARM Linker'
"C:/ti/ccsv7/tools/compiler/ti-cgt-arm_16.9.1.LTS/bin/armcl" -mv7M4 --code_state=16 --float_support=FPv4SPD16 -me --define=ccs="ccs" --define=PART_TM4C123GH6PM -g --gcc --diag_warning=225 --diag_wrap=off --display_error_number --abi=eabi -z -m"Lab 2.map" --heap_size=1024 --stack_size=2048 -i"C:/ti/ccsv7/tools/compiler/ti-cgt-arm_16.9.1.LTS/lib" -i"C:/ti/ccsv7/tools/compiler/ti-cgt-arm_16.9.1.LTS/include" --reread_libs --diag_wrap=off --display_error_number --warn_sections --xml_link_info="Lab 2_linkInfo.xml" --rom_model -o "Lab 2.out" "./lcd.obj" "./main.obj" "./movement.obj" "./open_interface.obj" "./timer.obj" "./tm4c123gh6pm_startup_ccs.obj" "../tm4c123gh6pm.cmd"  -llibc.a -l"C:/ti/TivaWare_C_Series-2.1.2.111/driverlib/ccs/Debug/driverlib.lib" 
<Linking>
'Finished building target: Lab 2.out'
' '

**** Build Finished ****

**** Build of configuration Debug for project Lab 2 ****

"C:\\ti\\ccsv7\\utils\\bin\\gmake" -k -j 8 all -O 
gmake[1]: 'Lab 2.out' is up to date.

**** Build Finished ****

**** Build of configuration Debug for project Lab 2 ****

"C:\\ti\\ccsv7\\utils\\bin\\gmake" -k -j 8 all -O 
'Building file: ../movement.c'
'Invoking: ARM Compiler'
"C:/ti/ccsv7/tools/compiler/ti-cgt-arm_16.9.1.LTS/bin/armcl" -mv7M4 --code_state=16 --float_support=FPv4SPD16 -me --include_path="U:/CprE 288/Lab2/Lab 2" --include_path="C:/ti/TivaWare_C_Series-2.1.2.111" --include_path="C:/ti/ccsv7/tools/compiler/ti-cgt-arm_16.9.1.LTS/include" --define=ccs="ccs" --define=PART_TM4C123GH6PM -g --gcc --diag_warning=225 --diag_wrap=off --display_error_number --abi=eabi --preproc_with_compile --preproc_dependency="movement.d"  "../movement.c"
"..\Timer.h", line 44: warning #1-D: last line of file ends without a newline
"..\lcd.h", line 40: warning #1-D: last line of file ends without a newline
"..\open_interface.h", line 178: warning #1-D: last line of file ends without a newline
'Finished building: ../movement.c'
' '
'Building target: Lab 2.out'
'Invoking: ARM Linker'
"C:/ti/ccsv7/tools/compiler/ti-cgt-arm_16.9.1.LTS/bin/armcl" -mv7M4 --code_state=16 --float_support=FPv4SPD16 -me --define=ccs="ccs" --define=PART_TM4C123GH6PM -g --gcc --diag_warning=225 --diag_wrap=off --display_error_number --abi=eabi -z -m"Lab 2.map" --heap_size=1024 --stack_size=2048 -i"C:/ti/ccsv7/tools/compiler/ti-cgt-arm_16.9.1.LTS/lib" -i"C:/ti/ccsv7/tools/compiler/ti-cgt-arm_16.9.1.LTS/include" --reread_libs --diag_wrap=off --display_error_number --warn_sections --xml_link_info="Lab 2_linkInfo.xml" --rom_model -o "Lab 2.out" "./lcd.obj" "./main.obj" "./movement.obj" "./open_interface.obj" "./timer.obj" "./tm4c123gh6pm_startup_ccs.obj" "../tm4c123gh6pm.cmd"  -llibc.a -l"C:/ti/TivaWare_C_Series-2.1.2.111/driverlib/ccs/Debug/driverlib.lib" 
<Linking>
'Finished building target: Lab 2.out'
' '

**** Build Finished ****

**** Build of configuration Debug for project Lab 2 ****

"C:\\ti\\ccsv7\\utils\\bin\\gmake" -k -j 8 all -O 
'Building file: ../main.c'
'Invoking: ARM Compiler'
"C:/ti/ccsv7/tools/compiler/ti-cgt-arm_16.9.1.LTS/bin/armcl" -mv7M4 --code_state=16 --float_support=FPv4SPD16 -me --include_path="U:/CprE 288/Lab2/Lab 2" --include_path="C:/ti/TivaWare_C_Series-2.1.2.111" --include_path="C:/ti/ccsv7/tools/compiler/ti-cgt-arm_16.9.1.LTS/include" --define=ccs="ccs" --define=PART_TM4C123GH6PM -g --gcc --diag_warning=225 --diag_wrap=off --display_error_number --abi=eabi --preproc_with_compile --preproc_dependency="main.d"  "../main.c"
"..\Timer.h", line 44: warning #1-D: last line of file ends without a newline
"..\lcd.h", line 40: warning #1-D: last line of file ends without a newline
"..\open_interface.h", line 178: warning #1-D: last line of file ends without a newline
'Finished building: ../main.c'
' '
'Building file: ../movement.c'
'Invoking: ARM Compiler'
"C:/ti/ccsv7/tools/compiler/ti-cgt-arm_16.9.1.LTS/bin/armcl" -mv7M4 --code_state=16 --float_support=FPv4SPD16 -me --include_path="U:/CprE 288/Lab2/Lab 2" --include_path="C:/ti/TivaWare_C_Series-2.1.2.111" --include_path="C:/ti/ccsv7/tools/compiler/ti-cgt-arm_16.9.1.LTS/include" --define=ccs="ccs" --define=PART_TM4C123GH6PM -g --gcc --diag_warning=225 --diag_wrap=off --display_error_number --abi=eabi --preproc_with_compile --preproc_dependency="movement.d"  "../movement.c"
"..\Timer.h", line 44: warning #1-D: last line of file ends without a newline
"..\lcd.h", line 40: warning #1-D: last line of file ends without a newline
"..\open_interface.h", line 178: warning #1-D: last line of file ends without a newline
'Finished building: ../movement.c'
' '
'Building target: Lab 2.out'
'Invoking: ARM Linker'
"C:/ti/ccsv7/tools/compiler/ti-cgt-arm_16.9.1.LTS/bin/armcl" -mv7M4 --code_state=16 --float_support=FPv4SPD16 -me --define=ccs="ccs" --define=PART_TM4C123GH6PM -g --gcc --diag_warning=225 --diag_wrap=off --display_error_number --abi=eabi -z -m"Lab 2.map" --heap_size=1024 --stack_size=2048 -i"C:/ti/ccsv7/tools/compiler/ti-cgt-arm_16.9.1.LTS/lib" -i"C:/ti/ccsv7/tools/compiler/ti-cgt-arm_16.9.1.LTS/include" --reread_libs --diag_wrap=off --display_error_number --warn_sections --xml_link_info="Lab 2_linkInfo.xml" --rom_model -o "Lab 2.out" "./lcd.obj" "./main.obj" "./movement.obj" "./open_interface.obj" "./timer.obj" "./tm4c123gh6pm_startup_ccs.obj" "../tm4c123gh6pm.cmd"  -llibc.a -l"C:/ti/TivaWare_C_Series-2.1.2.111/driverlib/ccs/Debug/driverlib.lib" 
<Linking>
'Finished building target: Lab 2.out'
' '

**** Build Finished ****

**** Build of configuration Debug for project Lab 2 ****

"C:\\ti\\ccsv7\\utils\\bin\\gmake" -k -j 8 all -O 
'Building file: ../main.c'
'Invoking: ARM Compiler'
"C:/ti/ccsv7/tools/compiler/ti-cgt-arm_16.9.1.LTS/bin/armcl" -mv7M4 --code_state=16 --float_support=FPv4SPD16 -me --include_path="U:/CprE 288/Lab2/Lab 2" --include_path="C:/ti/TivaWare_C_Series-2.1.2.111" --include_path="C:/ti/ccsv7/tools/compiler/ti-cgt-arm_16.9.1.LTS/include" --define=ccs="ccs" --define=PART_TM4C123GH6PM -g --gcc --diag_warning=225 --diag_wrap=off --display_error_number --abi=eabi --preproc_with_compile --preproc_dependency="main.d"  "../main.c"
"..\Timer.h", line 44: warning #1-D: last line of file ends without a newline
"..\lcd.h", line 40: warning #1-D: last line of file ends without a newline
"..\open_interface.h", line 178: warning #1-D: last line of file ends without a newline
'Finished building: ../main.c'
' '
'Building target: Lab 2.out'
'Invoking: ARM Linker'
"C:/ti/ccsv7/tools/compiler/ti-cgt-arm_16.9.1.LTS/bin/armcl" -mv7M4 --code_state=16 --float_support=FPv4SPD16 -me --define=ccs="ccs" --define=PART_TM4C123GH6PM -g --gcc --diag_warning=225 --diag_wrap=off --display_error_number --abi=eabi -z -m"Lab 2.map" --heap_size=1024 --stack_size=2048 -i"C:/ti/ccsv7/tools/compiler/ti-cgt-arm_16.9.1.LTS/lib" -i"C:/ti/ccsv7/tools/compiler/ti-cgt-arm_16.9.1.LTS/include" --reread_libs --diag_wrap=off --display_error_number --warn_sections --xml_link_info="Lab 2_linkInfo.xml" --rom_model -o "Lab 2.out" "./lcd.obj" "./main.obj" "./movement.obj" "./open_interface.obj" "./timer.obj" "./tm4c123gh6pm_startup_ccs.obj" "../tm4c123gh6pm.cmd"  -llibc.a -l"C:/ti/TivaWare_C_Series-2.1.2.111/driverlib/ccs/Debug/driverlib.lib" 
<Linking>
'Finished building target: Lab 2.out'
' '

**** Build Finished ****

**** Build of configuration Debug for project Lab 2 ****

"C:\\ti\\ccsv7\\utils\\bin\\gmake" -k -j 8 all -O 
'Building file: ../main.c'
'Invoking: ARM Compiler'
"C:/ti/ccsv7/tools/compiler/ti-cgt-arm_16.9.1.LTS/bin/armcl" -mv7M4 --code_state=16 --float_support=FPv4SPD16 -me --include_path="U:/CprE 288/Lab2/Lab 2" --include_path="C:/ti/TivaWare_C_Series-2.1.2.111" --include_path="C:/ti/ccsv7/tools/compiler/ti-cgt-arm_16.9.1.LTS/include" --define=ccs="ccs" --define=PART_TM4C123GH6PM -g --gcc --diag_warning=225 --diag_wrap=off --display_error_number --abi=eabi --preproc_with_compile --preproc_dependency="main.d"  "../main.c"
"..\Timer.h", line 44: warning #1-D: last line of file ends without a newline
"..\lcd.h", line 40: warning #1-D: last line of file ends without a newline
"..\open_interface.h", line 178: warning #1-D: last line of file ends without a newline
'Finished building: ../main.c'
' '
'Building file: ../movement.c'
'Invoking: ARM Compiler'
"C:/ti/ccsv7/tools/compiler/ti-cgt-arm_16.9.1.LTS/bin/armcl" -mv7M4 --code_state=16 --float_support=FPv4SPD16 -me --include_path="U:/CprE 288/Lab2/Lab 2" --include_path="C:/ti/TivaWare_C_Series-2.1.2.111" --include_path="C:/ti/ccsv7/tools/compiler/ti-cgt-arm_16.9.1.LTS/include" --define=ccs="ccs" --define=PART_TM4C123GH6PM -g --gcc --diag_warning=225 --diag_wrap=off --display_error_number --abi=eabi --preproc_with_compile --preproc_dependency="movement.d"  "../movement.c"
"..\Timer.h", line 44: warning #1-D: last line of file ends without a newline
"..\lcd.h", line 40: warning #1-D: last line of file ends without a newline
"..\open_interface.h", line 178: warning #1-D: last line of file ends without a newline
'Finished building: ../movement.c'
' '
'Building target: Lab 2.out'
'Invoking: ARM Linker'
"C:/ti/ccsv7/tools/compiler/ti-cgt-arm_16.9.1.LTS/bin/armcl" -mv7M4 --code_state=16 --float_support=FPv4SPD16 -me --define=ccs="ccs" --define=PART_TM4C123GH6PM -g --gcc --diag_warning=225 --diag_wrap=off --display_error_number --abi=eabi -z -m"Lab 2.map" --heap_size=1024 --stack_size=2048 -i"C:/ti/ccsv7/tools/compiler/ti-cgt-arm_16.9.1.LTS/lib" -i"C:/ti/ccsv7/tools/compiler/ti-cgt-arm_16.9.1.LTS/include" --reread_libs --diag_wrap=off --display_error_number --warn_sections --xml_link_info="Lab 2_linkInfo.xml" --rom_model -o "Lab 2.out" "./lcd.obj" "./main.obj" "./movement.obj" "./open_interface.obj" "./timer.obj" "./tm4c123gh6pm_startup_ccs.obj" "../tm4c123gh6pm.cmd"  -llibc.a -l"C:/ti/TivaWare_C_Series-2.1.2.111/driverlib/ccs/Debug/driverlib.lib" 
<Linking>
'Finished building target: Lab 2.out'
' '

**** Build Finished ****

**** Build of configuration Debug for project Lab 2 ****

"C:\\ti\\ccsv7\\utils\\bin\\gmake" -k -j 8 all -O 
'Building file: ../movement.c'
'Invoking: ARM Compiler'
"C:/ti/ccsv7/tools/compiler/ti-cgt-arm_16.9.1.LTS/bin/armcl" -mv7M4 --code_state=16 --float_support=FPv4SPD16 -me --include_path="U:/CprE 288/Lab2/Lab 2" --include_path="C:/ti/TivaWare_C_Series-2.1.2.111" --include_path="C:/ti/ccsv7/tools/compiler/ti-cgt-arm_16.9.1.LTS/include" --define=ccs="ccs" --define=PART_TM4C123GH6PM -g --gcc --diag_warning=225 --diag_wrap=off --display_error_number --abi=eabi --preproc_with_compile --preproc_dependency="movement.d"  "../movement.c"

>> Compilation failure
subdir_rules.mk:23: recipe for target 'movement.obj' failed
"..\Timer.h", line 44: warning #1-D: last line of file ends without a newline
"..\lcd.h", line 40: warning #1-D: last line of file ends without a newline
"..\open_interface.h", line 178: warning #1-D: last line of file ends without a newline
"../movement.c", line 16: error #20: identifier "sensor_bumpLeft" is undefined
"../movement.c", line 16: error #20: identifier "sensor_bumpRight" is undefined
2 errors detected in the compilation of "../movement.c".
gmake: *** [movement.obj] Error 1
'Building file: ../main.c'
'Invoking: ARM Compiler'
"C:/ti/ccsv7/tools/compiler/ti-cgt-arm_16.9.1.LTS/bin/armcl" -mv7M4 --code_state=16 --float_support=FPv4SPD16 -me --include_path="U:/CprE 288/Lab2/Lab 2" --include_path="C:/ti/TivaWare_C_Series-2.1.2.111" --include_path="C:/ti/ccsv7/tools/compiler/ti-cgt-arm_16.9.1.LTS/include" --define=ccs="ccs" --define=PART_TM4C123GH6PM -g --gcc --diag_warning=225 --diag_wrap=off --display_error_number --abi=eabi --preproc_with_compile --preproc_dependency="main.d"  "../main.c"

>> Compilation failure
subdir_rules.mk:16: recipe for target 'main.obj' failed
"..\Timer.h", line 44: warning #1-D: last line of file ends without a newline
"..\lcd.h", line 40: warning #1-D: last line of file ends without a newline
"..\open_interface.h", line 178: warning #1-D: last line of file ends without a newline
"../main.c", line 10: warning #551-D: variable "sum" is used before its value is set
"../main.c", line 16: error #32: expression must have arithmetic type
"../main.c", line 19: error #167: too few arguments in function call
2 errors detected in the compilation of "../main.c".
gmake: *** [main.obj] Error 1
gmake: Target 'all' not remade because of errors.

**** Build Finished ****

**** Build of configuration Debug for project Lab 2 ****

"C:\\ti\\ccsv7\\utils\\bin\\gmake" -k -j 8 all -O 
'Building file: ../main.c'
'Invoking: ARM Compiler'
"C:/ti/ccsv7/tools/compiler/ti-cgt-arm_16.9.1.LTS/bin/armcl" -mv7M4 --code_state=16 --float_support=FPv4SPD16 -me --include_path="U:/CprE 288/Lab2/Lab 2" --include_path="C:/ti/TivaWare_C_Series-2.1.2.111" --include_path="C:/ti/ccsv7/tools/compiler/ti-cgt-arm_16.9.1.LTS/include" --define=ccs="ccs" --define=PART_TM4C123GH6PM -g --gcc --diag_warning=225 --diag_wrap=off --display_error_number --abi=eabi --preproc_with_compile --preproc_dependency="main.d"  "../main.c"

>> Compilation failure
subdir_rules.mk:16: recipe for target 'main.obj' failed
"..\Timer.h", line 44: warning #1-D: last line of file ends without a newline
"..\lcd.h", line 40: warning #1-D: last line of file ends without a newline
"..\open_interface.h", line 178: warning #1-D: last line of file ends without a newline
"../main.c", line 10: warning #551-D: variable "sum" is used before its value is set
"../main.c", line 18: error #32: expression must have arithmetic type
1 error detected in the compilation of "../main.c".
gmake: *** [main.obj] Error 1
'Building file: ../movement.c'
'Invoking: ARM Compiler'
"C:/ti/ccsv7/tools/compiler/ti-cgt-arm_16.9.1.LTS/bin/armcl" -mv7M4 --code_state=16 --float_support=FPv4SPD16 -me --include_path="U:/CprE 288/Lab2/Lab 2" --include_path="C:/ti/TivaWare_C_Series-2.1.2.111" --include_path="C:/ti/ccsv7/tools/compiler/ti-cgt-arm_16.9.1.LTS/include" --define=ccs="ccs" --define=PART_TM4C123GH6PM -g --gcc --diag_warning=225 --diag_wrap=off --display_error_number --abi=eabi --preproc_with_compile --preproc_dependency="movement.d"  "../movement.c"
"..\Timer.h", line 44: warning #1-D: last line of file ends without a newline
"..\lcd.h", line 40: warning #1-D: last line of file ends without a newline
"..\open_interface.h", line 178: warning #1-D: last line of file ends without a newline
'Finished building: ../movement.c'
' '
gmake: Target 'all' not remade because of errors.

**** Build Finished ****

**** Build of configuration Debug for project Lab 2 ****

"C:\\ti\\ccsv7\\utils\\bin\\gmake" -k -j 8 all -O 
'Building file: ../main.c'
'Invoking: ARM Compiler'
"C:/ti/ccsv7/tools/compiler/ti-cgt-arm_16.9.1.LTS/bin/armcl" -mv7M4 --code_state=16 --float_support=FPv4SPD16 -me --include_path="U:/CprE 288/Lab2/Lab 2" --include_path="C:/ti/TivaWare_C_Series-2.1.2.111" --include_path="C:/ti/ccsv7/tools/compiler/ti-cgt-arm_16.9.1.LTS/include" --define=ccs="ccs" --define=PART_TM4C123GH6PM -g --gcc --diag_warning=225 --diag_wrap=off --display_error_number --abi=eabi --preproc_with_compile --preproc_dependency="main.d"  "../main.c"

>> Compilation failure
subdir_rules.mk:16: recipe for target 'main.obj' failed
"..\Timer.h", line 44: warning #1-D: last line of file ends without a newline
"..\lcd.h", line 40: warning #1-D: last line of file ends without a newline
"..\open_interface.h", line 178: warning #1-D: last line of file ends without a newline
"../main.c", line 18: error #32: expression must have arithmetic type
1 error detected in the compilation of "../main.c".
gmake: *** [main.obj] Error 1
gmake: Target 'all' not remade because of errors.

**** Build Finished ****

**** Build of configuration Debug for project Lab 2 ****

"C:\\ti\\ccsv7\\utils\\bin\\gmake" -k -j 8 all -O 
'Building file: ../main.c'
'Invoking: ARM Compiler'
"C:/ti/ccsv7/tools/compiler/ti-cgt-arm_16.9.1.LTS/bin/armcl" -mv7M4 --code_state=16 --float_support=FPv4SPD16 -me --include_path="U:/CprE 288/Lab2/Lab 2" --include_path="C:/ti/TivaWare_C_Series-2.1.2.111" --include_path="C:/ti/ccsv7/tools/compiler/ti-cgt-arm_16.9.1.LTS/include" --define=ccs="ccs" --define=PART_TM4C123GH6PM -g --gcc --diag_warning=225 --diag_wrap=off --display_error_number --abi=eabi --preproc_with_compile --preproc_dependency="main.d"  "../main.c"
"..\Timer.h", line 44: warning #1-D: last line of file ends without a newline
"..\lcd.h", line 40: warning #1-D: last line of file ends without a newline
"..\open_interface.h", line 178: warning #1-D: last line of file ends without a newline
'Finished building: ../main.c'
' '
'Building target: Lab 2.out'
'Invoking: ARM Linker'
"C:/ti/ccsv7/tools/compiler/ti-cgt-arm_16.9.1.LTS/bin/armcl" -mv7M4 --code_state=16 --float_support=FPv4SPD16 -me --define=ccs="ccs" --define=PART_TM4C123GH6PM -g --gcc --diag_warning=225 --diag_wrap=off --display_error_number --abi=eabi -z -m"Lab 2.map" --heap_size=1024 --stack_size=2048 -i"C:/ti/ccsv7/tools/compiler/ti-cgt-arm_16.9.1.LTS/lib" -i"C:/ti/ccsv7/tools/compiler/ti-cgt-arm_16.9.1.LTS/include" --reread_libs --diag_wrap=off --display_error_number --warn_sections --xml_link_info="Lab 2_linkInfo.xml" --rom_model -o "Lab 2.out" "./lcd.obj" "./main.obj" "./movement.obj" "./open_interface.obj" "./timer.obj" "./tm4c123gh6pm_startup_ccs.obj" "../tm4c123gh6pm.cmd"  -llibc.a -l"C:/ti/TivaWare_C_Series-2.1.2.111/driverlib/ccs/Debug/driverlib.lib" 
<Linking>
'Finished building target: Lab 2.out'
' '

**** Build Finished ****

**** Build of configuration Debug for project Lab 2 ****

"C:\\ti\\ccsv7\\utils\\bin\\gmake" -k -j 8 all -O 
'Building file: ../main.c'
'Invoking: ARM Compiler'
"C:/ti/ccsv7/tools/compiler/ti-cgt-arm_16.9.1.LTS/bin/armcl" -mv7M4 --code_state=16 --float_support=FPv4SPD16 -me --include_path="U:/CprE 288/Lab2/Lab 2" --include_path="C:/ti/TivaWare_C_Series-2.1.2.111" --include_path="C:/ti/ccsv7/tools/compiler/ti-cgt-arm_16.9.1.LTS/include" --define=ccs="ccs" --define=PART_TM4C123GH6PM -g --gcc --diag_warning=225 --diag_wrap=off --display_error_number --abi=eabi --preproc_with_compile --preproc_dependency="main.d"  "../main.c"
"..\Timer.h", line 44: warning #1-D: last line of file ends without a newline
"..\lcd.h", line 40: warning #1-D: last line of file ends without a newline
"..\open_interface.h", line 178: warning #1-D: last line of file ends without a newline
'Finished building: ../main.c'
' '
'Building target: Lab 2.out'
'Invoking: ARM Linker'
"C:/ti/ccsv7/tools/compiler/ti-cgt-arm_16.9.1.LTS/bin/armcl" -mv7M4 --code_state=16 --float_support=FPv4SPD16 -me --define=ccs="ccs" --define=PART_TM4C123GH6PM -g --gcc --diag_warning=225 --diag_wrap=off --display_error_number --abi=eabi -z -m"Lab 2.map" --heap_size=1024 --stack_size=2048 -i"C:/ti/ccsv7/tools/compiler/ti-cgt-arm_16.9.1.LTS/lib" -i"C:/ti/ccsv7/tools/compiler/ti-cgt-arm_16.9.1.LTS/include" --reread_libs --diag_wrap=off --display_error_number --warn_sections --xml_link_info="Lab 2_linkInfo.xml" --rom_model -o "Lab 2.out" "./lcd.obj" "./main.obj" "./movement.obj" "./open_interface.obj" "./timer.obj" "./tm4c123gh6pm_startup_ccs.obj" "../tm4c123gh6pm.cmd"  -llibc.a -l"C:/ti/TivaWare_C_Series-2.1.2.111/driverlib/ccs/Debug/driverlib.lib" 
<Linking>
'Finished building target: Lab 2.out'
' '

**** Build Finished ****

**** Build of configuration Debug for project Lab 2 ****

"C:\\ti\\ccsv7\\utils\\bin\\gmake" -k -j 8 all -O 
'Building file: ../movement.c'
'Invoking: ARM Compiler'
"C:/ti/ccsv7/tools/compiler/ti-cgt-arm_16.9.1.LTS/bin/armcl" -mv7M4 --code_state=16 --float_support=FPv4SPD16 -me --include_path="U:/CprE 288/Lab2/Lab 2" --include_path="C:/ti/TivaWare_C_Series-2.1.2.111" --include_path="C:/ti/ccsv7/tools/compiler/ti-cgt-arm_16.9.1.LTS/include" --define=ccs="ccs" --define=PART_TM4C123GH6PM -g --gcc --diag_warning=225 --diag_wrap=off --display_error_number --abi=eabi --preproc_with_compile --preproc_dependency="movement.d"  "../movement.c"
"..\Timer.h", line 44: warning #1-D: last line of file ends without a newline
"..\lcd.h", line 40: warning #1-D: last line of file ends without a newline
"..\open_interface.h", line 178: warning #1-D: last line of file ends without a newline
'Finished building: ../movement.c'
' '
'Building target: Lab 2.out'
'Invoking: ARM Linker'
"C:/ti/ccsv7/tools/compiler/ti-cgt-arm_16.9.1.LTS/bin/armcl" -mv7M4 --code_state=16 --float_support=FPv4SPD16 -me --define=ccs="ccs" --define=PART_TM4C123GH6PM -g --gcc --diag_warning=225 --diag_wrap=off --display_error_number --abi=eabi -z -m"Lab 2.map" --heap_size=1024 --stack_size=2048 -i"C:/ti/ccsv7/tools/compiler/ti-cgt-arm_16.9.1.LTS/lib" -i"C:/ti/ccsv7/tools/compiler/ti-cgt-arm_16.9.1.LTS/include" --reread_libs --diag_wrap=off --display_error_number --warn_sections --xml_link_info="Lab 2_linkInfo.xml" --rom_model -o "Lab 2.out" "./lcd.obj" "./main.obj" "./movement.obj" "./open_interface.obj" "./timer.obj" "./tm4c123gh6pm_startup_ccs.obj" "../tm4c123gh6pm.cmd"  -llibc.a -l"C:/ti/TivaWare_C_Series-2.1.2.111/driverlib/ccs/Debug/driverlib.lib" 
<Linking>
'Finished building target: Lab 2.out'
' '

**** Build Finished ****

**** Build of configuration Debug for project Lab 2 ****

"C:\\ti\\ccsv7\\utils\\bin\\gmake" -k -j 8 all -O 
'Building file: ../main.c'
'Invoking: ARM Compiler'
"C:/ti/ccsv7/tools/compiler/ti-cgt-arm_16.9.1.LTS/bin/armcl" -mv7M4 --code_state=16 --float_support=FPv4SPD16 -me --include_path="U:/CprE 288/Lab2/Lab 2" --include_path="C:/ti/TivaWare_C_Series-2.1.2.111" --include_path="C:/ti/ccsv7/tools/compiler/ti-cgt-arm_16.9.1.LTS/include" --define=ccs="ccs" --define=PART_TM4C123GH6PM -g --gcc --diag_warning=225 --diag_wrap=off --display_error_number --abi=eabi --preproc_with_compile --preproc_dependency="main.d"  "../main.c"
"..\Timer.h", line 44: warning #1-D: last line of file ends without a newline
"..\lcd.h", line 40: warning #1-D: last line of file ends without a newline
"..\open_interface.h", line 178: warning #1-D: last line of file ends without a newline
'Finished building: ../main.c'
' '
'Building target: Lab 2.out'
'Invoking: ARM Linker'
"C:/ti/ccsv7/tools/compiler/ti-cgt-arm_16.9.1.LTS/bin/armcl" -mv7M4 --code_state=16 --float_support=FPv4SPD16 -me --define=ccs="ccs" --define=PART_TM4C123GH6PM -g --gcc --diag_warning=225 --diag_wrap=off --display_error_number --abi=eabi -z -m"Lab 2.map" --heap_size=1024 --stack_size=2048 -i"C:/ti/ccsv7/tools/compiler/ti-cgt-arm_16.9.1.LTS/lib" -i"C:/ti/ccsv7/tools/compiler/ti-cgt-arm_16.9.1.LTS/include" --reread_libs --diag_wrap=off --display_error_number --warn_sections --xml_link_info="Lab 2_linkInfo.xml" --rom_model -o "Lab 2.out" "./lcd.obj" "./main.obj" "./movement.obj" "./open_interface.obj" "./timer.obj" "./tm4c123gh6pm_startup_ccs.obj" "../tm4c123gh6pm.cmd"  -llibc.a -l"C:/ti/TivaWare_C_Series-2.1.2.111/driverlib/ccs/Debug/driverlib.lib" 
<Linking>
'Finished building target: Lab 2.out'
' '

**** Build Finished ****

**** Build of configuration Debug for project Lab 2 ****

"C:\\ti\\ccsv7\\utils\\bin\\gmake" -k -j 8 all -O 
'Building file: ../movement.c'
'Invoking: ARM Compiler'
"C:/ti/ccsv7/tools/compiler/ti-cgt-arm_16.9.1.LTS/bin/armcl" -mv7M4 --code_state=16 --float_support=FPv4SPD16 -me --include_path="U:/CprE 288/Lab2/Lab 2" --include_path="C:/ti/TivaWare_C_Series-2.1.2.111" --include_path="C:/ti/ccsv7/tools/compiler/ti-cgt-arm_16.9.1.LTS/include" --define=ccs="ccs" --define=PART_TM4C123GH6PM -g --gcc --diag_warning=225 --diag_wrap=off --display_error_number --abi=eabi --preproc_with_compile --preproc_dependency="movement.d"  "../movement.c"
"..\Timer.h", line 44: warning #1-D: last line of file ends without a newline
"..\lcd.h", line 40: warning #1-D: last line of file ends without a newline
"..\open_interface.h", line 178: warning #1-D: last line of file ends without a newline
'Finished building: ../movement.c'
' '
'Building target: Lab 2.out'
'Invoking: ARM Linker'
"C:/ti/ccsv7/tools/compiler/ti-cgt-arm_16.9.1.LTS/bin/armcl" -mv7M4 --code_state=16 --float_support=FPv4SPD16 -me --define=ccs="ccs" --define=PART_TM4C123GH6PM -g --gcc --diag_warning=225 --diag_wrap=off --display_error_number --abi=eabi -z -m"Lab 2.map" --heap_size=1024 --stack_size=2048 -i"C:/ti/ccsv7/tools/compiler/ti-cgt-arm_16.9.1.LTS/lib" -i"C:/ti/ccsv7/tools/compiler/ti-cgt-arm_16.9.1.LTS/include" --reread_libs --diag_wrap=off --display_error_number --warn_sections --xml_link_info="Lab 2_linkInfo.xml" --rom_model -o "Lab 2.out" "./lcd.obj" "./main.obj" "./movement.obj" "./open_interface.obj" "./timer.obj" "./tm4c123gh6pm_startup_ccs.obj" "../tm4c123gh6pm.cmd"  -llibc.a -l"C:/ti/TivaWare_C_Series-2.1.2.111/driverlib/ccs/Debug/driverlib.lib" 
<Linking>
'Finished building target: Lab 2.out'
' '

**** Build Finished ****

**** Build of configuration Debug for project Lab 2 ****

"C:\\ti\\ccsv7\\utils\\bin\\gmake" -k -j 8 all -O 
'Building file: ../movement.c'
'Invoking: ARM Compiler'
"C:/ti/ccsv7/tools/compiler/ti-cgt-arm_16.9.1.LTS/bin/armcl" -mv7M4 --code_state=16 --float_support=FPv4SPD16 -me --include_path="U:/CprE 288/Lab2/Lab 2" --include_path="C:/ti/TivaWare_C_Series-2.1.2.111" --include_path="C:/ti/ccsv7/tools/compiler/ti-cgt-arm_16.9.1.LTS/include" --define=ccs="ccs" --define=PART_TM4C123GH6PM -g --gcc --diag_warning=225 --diag_wrap=off --display_error_number --abi=eabi --preproc_with_compile --preproc_dependency="movement.d"  "../movement.c"
"..\Timer.h", line 44: warning #1-D: last line of file ends without a newline
"..\lcd.h", line 40: warning #1-D: last line of file ends without a newline
"..\open_interface.h", line 178: warning #1-D: last line of file ends without a newline
'Finished building: ../movement.c'
' '
'Building target: Lab 2.out'
'Invoking: ARM Linker'
"C:/ti/ccsv7/tools/compiler/ti-cgt-arm_16.9.1.LTS/bin/armcl" -mv7M4 --code_state=16 --float_support=FPv4SPD16 -me --define=ccs="ccs" --define=PART_TM4C123GH6PM -g --gcc --diag_warning=225 --diag_wrap=off --display_error_number --abi=eabi -z -m"Lab 2.map" --heap_size=1024 --stack_size=2048 -i"C:/ti/ccsv7/tools/compiler/ti-cgt-arm_16.9.1.LTS/lib" -i"C:/ti/ccsv7/tools/compiler/ti-cgt-arm_16.9.1.LTS/include" --reread_libs --diag_wrap=off --display_error_number --warn_sections --xml_link_info="Lab 2_linkInfo.xml" --rom_model -o "Lab 2.out" "./lcd.obj" "./main.obj" "./movement.obj" "./open_interface.obj" "./timer.obj" "./tm4c123gh6pm_startup_ccs.obj" "../tm4c123gh6pm.cmd"  -llibc.a -l"C:/ti/TivaWare_C_Series-2.1.2.111/driverlib/ccs/Debug/driverlib.lib" 
<Linking>
'Finished building target: Lab 2.out'
' '

**** Build Finished ****

**** Build of configuration Debug for project Lab 2 ****

"C:\\ti\\ccsv7\\utils\\bin\\gmake" -k -j 8 all -O 
'Building file: ../movement.c'
'Invoking: ARM Compiler'
"C:/ti/ccsv7/tools/compiler/ti-cgt-arm_16.9.1.LTS/bin/armcl" -mv7M4 --code_state=16 --float_support=FPv4SPD16 -me --include_path="U:/CprE 288/Lab2/Lab 2" --include_path="C:/ti/TivaWare_C_Series-2.1.2.111" --include_path="C:/ti/ccsv7/tools/compiler/ti-cgt-arm_16.9.1.LTS/include" --define=ccs="ccs" --define=PART_TM4C123GH6PM -g --gcc --diag_warning=225 --diag_wrap=off --display_error_number --abi=eabi --preproc_with_compile --preproc_dependency="movement.d"  "../movement.c"
"..\Timer.h", line 44: warning #1-D: last line of file ends without a newline
"..\lcd.h", line 40: warning #1-D: last line of file ends without a newline
"..\open_interface.h", line 178: warning #1-D: last line of file ends without a newline
'Finished building: ../movement.c'
' '
'Building target: Lab 2.out'
'Invoking: ARM Linker'
"C:/ti/ccsv7/tools/compiler/ti-cgt-arm_16.9.1.LTS/bin/armcl" -mv7M4 --code_state=16 --float_support=FPv4SPD16 -me --define=ccs="ccs" --define=PART_TM4C123GH6PM -g --gcc --diag_warning=225 --diag_wrap=off --display_error_number --abi=eabi -z -m"Lab 2.map" --heap_size=1024 --stack_size=2048 -i"C:/ti/ccsv7/tools/compiler/ti-cgt-arm_16.9.1.LTS/lib" -i"C:/ti/ccsv7/tools/compiler/ti-cgt-arm_16.9.1.LTS/include" --reread_libs --diag_wrap=off --display_error_number --warn_sections --xml_link_info="Lab 2_linkInfo.xml" --rom_model -o "Lab 2.out" "./lcd.obj" "./main.obj" "./movement.obj" "./open_interface.obj" "./timer.obj" "./tm4c123gh6pm_startup_ccs.obj" "../tm4c123gh6pm.cmd"  -llibc.a -l"C:/ti/TivaWare_C_Series-2.1.2.111/driverlib/ccs/Debug/driverlib.lib" 
<Linking>
'Finished building target: Lab 2.out'
' '

**** Build Finished ****

**** Build of configuration Debug for project Lab 2 ****

"C:\\ti\\ccsv7\\utils\\bin\\gmake" -k -j 8 all -O 
'Building file: ../movement.c'
'Invoking: ARM Compiler'
"C:/ti/ccsv7/tools/compiler/ti-cgt-arm_16.9.1.LTS/bin/armcl" -mv7M4 --code_state=16 --float_support=FPv4SPD16 -me --include_path="U:/CprE 288/Lab2/Lab 2" --include_path="C:/ti/TivaWare_C_Series-2.1.2.111" --include_path="C:/ti/ccsv7/tools/compiler/ti-cgt-arm_16.9.1.LTS/include" --define=ccs="ccs" --define=PART_TM4C123GH6PM -g --gcc --diag_warning=225 --diag_wrap=off --display_error_number --abi=eabi --preproc_with_compile --preproc_dependency="movement.d"  "../movement.c"
"..\Timer.h", line 44: warning #1-D: last line of file ends without a newline
"..\lcd.h", line 40: warning #1-D: last line of file ends without a newline
"..\open_interface.h", line 178: warning #1-D: last line of file ends without a newline
'Finished building: ../movement.c'
' '
'Building target: Lab 2.out'
'Invoking: ARM Linker'
"C:/ti/ccsv7/tools/compiler/ti-cgt-arm_16.9.1.LTS/bin/armcl" -mv7M4 --code_state=16 --float_support=FPv4SPD16 -me --define=ccs="ccs" --define=PART_TM4C123GH6PM -g --gcc --diag_warning=225 --diag_wrap=off --display_error_number --abi=eabi -z -m"Lab 2.map" --heap_size=1024 --stack_size=2048 -i"C:/ti/ccsv7/tools/compiler/ti-cgt-arm_16.9.1.LTS/lib" -i"C:/ti/ccsv7/tools/compiler/ti-cgt-arm_16.9.1.LTS/include" --reread_libs --diag_wrap=off --display_error_number --warn_sections --xml_link_info="Lab 2_linkInfo.xml" --rom_model -o "Lab 2.out" "./lcd.obj" "./main.obj" "./movement.obj" "./open_interface.obj" "./timer.obj" "./tm4c123gh6pm_startup_ccs.obj" "../tm4c123gh6pm.cmd"  -llibc.a -l"C:/ti/TivaWare_C_Series-2.1.2.111/driverlib/ccs/Debug/driverlib.lib" 
<Linking>
'Finished building target: Lab 2.out'
' '

**** Build Finished ****

**** Build of configuration Debug for project Lab 2 ****

"C:\\ti\\ccsv7\\utils\\bin\\gmake" -k -j 8 all -O 
'Building file: ../movement.c'
'Invoking: ARM Compiler'
"C:/ti/ccsv7/tools/compiler/ti-cgt-arm_16.9.1.LTS/bin/armcl" -mv7M4 --code_state=16 --float_support=FPv4SPD16 -me --include_path="U:/CprE 288/Lab2/Lab 2" --include_path="C:/ti/TivaWare_C_Series-2.1.2.111" --include_path="C:/ti/ccsv7/tools/compiler/ti-cgt-arm_16.9.1.LTS/include" --define=ccs="ccs" --define=PART_TM4C123GH6PM -g --gcc --diag_warning=225 --diag_wrap=off --display_error_number --abi=eabi --preproc_with_compile --preproc_dependency="movement.d"  "../movement.c"
"..\Timer.h", line 44: warning #1-D: last line of file ends without a newline
"..\lcd.h", line 40: warning #1-D: last line of file ends without a newline
"..\open_interface.h", line 178: warning #1-D: last line of file ends without a newline
'Finished building: ../movement.c'
' '
'Building target: Lab 2.out'
'Invoking: ARM Linker'
"C:/ti/ccsv7/tools/compiler/ti-cgt-arm_16.9.1.LTS/bin/armcl" -mv7M4 --code_state=16 --float_support=FPv4SPD16 -me --define=ccs="ccs" --define=PART_TM4C123GH6PM -g --gcc --diag_warning=225 --diag_wrap=off --display_error_number --abi=eabi -z -m"Lab 2.map" --heap_size=1024 --stack_size=2048 -i"C:/ti/ccsv7/tools/compiler/ti-cgt-arm_16.9.1.LTS/lib" -i"C:/ti/ccsv7/tools/compiler/ti-cgt-arm_16.9.1.LTS/include" --reread_libs --diag_wrap=off --display_error_number --warn_sections --xml_link_info="Lab 2_linkInfo.xml" --rom_model -o "Lab 2.out" "./lcd.obj" "./main.obj" "./movement.obj" "./open_interface.obj" "./timer.obj" "./tm4c123gh6pm_startup_ccs.obj" "../tm4c123gh6pm.cmd"  -llibc.a -l"C:/ti/TivaWare_C_Series-2.1.2.111/driverlib/ccs/Debug/driverlib.lib" 
<Linking>
'Finished building target: Lab 2.out'
' '

**** Build Finished ****

**** Build of configuration Debug for project Lab 2 ****

"C:\\ti\\ccsv7\\utils\\bin\\gmake" -k -j 8 all -O 
gmake[1]: 'Lab 2.out' is up to date.

**** Build Finished ****

**** Build of configuration Debug for project Lab 2 ****

"C:\\ti\\ccsv7\\utils\\bin\\gmake" -k -j 8 all -O 
'Building file: ../movement.c'
'Invoking: ARM Compiler'
"C:/ti/ccsv7/tools/compiler/ti-cgt-arm_16.9.1.LTS/bin/armcl" -mv7M4 --code_state=16 --float_support=FPv4SPD16 -me --include_path="U:/CprE 288/Lab2/Lab 2" --include_path="C:/ti/TivaWare_C_Series-2.1.2.111" --include_path="C:/ti/ccsv7/tools/compiler/ti-cgt-arm_16.9.1.LTS/include" --define=ccs="ccs" --define=PART_TM4C123GH6PM -g --gcc --diag_warning=225 --diag_wrap=off --display_error_number --abi=eabi --preproc_with_compile --preproc_dependency="movement.d"  "../movement.c"
"..\Timer.h", line 44: warning #1-D: last line of file ends without a newline
"..\lcd.h", line 40: warning #1-D: last line of file ends without a newline
"..\open_interface.h", line 178: warning #1-D: last line of file ends without a newline
'Finished building: ../movement.c'
' '
'Building target: Lab 2.out'
'Invoking: ARM Linker'
"C:/ti/ccsv7/tools/compiler/ti-cgt-arm_16.9.1.LTS/bin/armcl" -mv7M4 --code_state=16 --float_support=FPv4SPD16 -me --define=ccs="ccs" --define=PART_TM4C123GH6PM -g --gcc --diag_warning=225 --diag_wrap=off --display_error_number --abi=eabi -z -m"Lab 2.map" --heap_size=1024 --stack_size=2048 -i"C:/ti/ccsv7/tools/compiler/ti-cgt-arm_16.9.1.LTS/lib" -i"C:/ti/ccsv7/tools/compiler/ti-cgt-arm_16.9.1.LTS/include" --reread_libs --diag_wrap=off --display_error_number --warn_sections --xml_link_info="Lab 2_linkInfo.xml" --rom_model -o "Lab 2.out" "./lcd.obj" "./main.obj" "./movement.obj" "./open_interface.obj" "./timer.obj" "./tm4c123gh6pm_startup_ccs.obj" "../tm4c123gh6pm.cmd"  -llibc.a -l"C:/ti/TivaWare_C_Series-2.1.2.111/driverlib/ccs/Debug/driverlib.lib" 
<Linking>
'Finished building target: Lab 2.out'
' '

**** Build Finished ****

**** Build of configuration Debug for project Lab 2 ****

"C:\\ti\\ccsv7\\utils\\bin\\gmake" -k -j 8 all -O 
'Building file: ../main.c'
'Invoking: ARM Compiler'
"C:/ti/ccsv7/tools/compiler/ti-cgt-arm_16.9.1.LTS/bin/armcl" -mv7M4 --code_state=16 --float_support=FPv4SPD16 -me --include_path="U:/CprE 288/Lab2/Lab 2" --include_path="C:/ti/TivaWare_C_Series-2.1.2.111" --include_path="C:/ti/ccsv7/tools/compiler/ti-cgt-arm_16.9.1.LTS/include" --define=ccs="ccs" --define=PART_TM4C123GH6PM -g --gcc --diag_warning=225 --diag_wrap=off --display_error_number --abi=eabi --preproc_with_compile --preproc_dependency="main.d"  "../main.c"
"..\Timer.h", line 44: warning #1-D: last line of file ends without a newline
"..\lcd.h", line 40: warning #1-D: last line of file ends without a newline
"..\open_interface.h", line 178: warning #1-D: last line of file ends without a newline
'Finished building: ../main.c'
' '
'Building target: Lab 2.out'
'Invoking: ARM Linker'
"C:/ti/ccsv7/tools/compiler/ti-cgt-arm_16.9.1.LTS/bin/armcl" -mv7M4 --code_state=16 --float_support=FPv4SPD16 -me --define=ccs="ccs" --define=PART_TM4C123GH6PM -g --gcc --diag_warning=225 --diag_wrap=off --display_error_number --abi=eabi -z -m"Lab 2.map" --heap_size=1024 --stack_size=2048 -i"C:/ti/ccsv7/tools/compiler/ti-cgt-arm_16.9.1.LTS/lib" -i"C:/ti/ccsv7/tools/compiler/ti-cgt-arm_16.9.1.LTS/include" --reread_libs --diag_wrap=off --display_error_number --warn_sections --xml_link_info="Lab 2_linkInfo.xml" --rom_model -o "Lab 2.out" "./lcd.obj" "./main.obj" "./movement.obj" "./open_interface.obj" "./timer.obj" "./tm4c123gh6pm_startup_ccs.obj" "../tm4c123gh6pm.cmd"  -llibc.a -l"C:/ti/TivaWare_C_Series-2.1.2.111/driverlib/ccs/Debug/driverlib.lib" 
<Linking>
'Finished building target: Lab 2.out'
' '

**** Build Finished ****

**** Build of configuration Debug for project Lab 2 ****

"C:\\ti\\ccsv7\\utils\\bin\\gmake" -k -j 8 all -O 
'Building file: ../main.c'
'Invoking: ARM Compiler'
"C:/ti/ccsv7/tools/compiler/ti-cgt-arm_16.9.1.LTS/bin/armcl" -mv7M4 --code_state=16 --float_support=FPv4SPD16 -me --include_path="U:/CprE 288/Lab2/Lab 2" --include_path="C:/ti/TivaWare_C_Series-2.1.2.111" --include_path="C:/ti/ccsv7/tools/compiler/ti-cgt-arm_16.9.1.LTS/include" --define=ccs="ccs" --define=PART_TM4C123GH6PM -g --gcc --diag_warning=225 --diag_wrap=off --display_error_number --abi=eabi --preproc_with_compile --preproc_dependency="main.d"  "../main.c"
"..\Timer.h", line 44: warning #1-D: last line of file ends without a newline
"..\lcd.h", line 40: warning #1-D: last line of file ends without a newline
"..\open_interface.h", line 178: warning #1-D: last line of file ends without a newline
'Finished building: ../main.c'
' '
'Building file: ../movement.c'
'Invoking: ARM Compiler'
"C:/ti/ccsv7/tools/compiler/ti-cgt-arm_16.9.1.LTS/bin/armcl" -mv7M4 --code_state=16 --float_support=FPv4SPD16 -me --include_path="U:/CprE 288/Lab2/Lab 2" --include_path="C:/ti/TivaWare_C_Series-2.1.2.111" --include_path="C:/ti/ccsv7/tools/compiler/ti-cgt-arm_16.9.1.LTS/include" --define=ccs="ccs" --define=PART_TM4C123GH6PM -g --gcc --diag_warning=225 --diag_wrap=off --display_error_number --abi=eabi --preproc_with_compile --preproc_dependency="movement.d"  "../movement.c"
"..\Timer.h", line 44: warning #1-D: last line of file ends without a newline
"..\lcd.h", line 40: warning #1-D: last line of file ends without a newline
"..\open_interface.h", line 178: warning #1-D: last line of file ends without a newline
'Finished building: ../movement.c'
' '
'Building target: Lab 2.out'
'Invoking: ARM Linker'
"C:/ti/ccsv7/tools/compiler/ti-cgt-arm_16.9.1.LTS/bin/armcl" -mv7M4 --code_state=16 --float_support=FPv4SPD16 -me --define=ccs="ccs" --define=PART_TM4C123GH6PM -g --gcc --diag_warning=225 --diag_wrap=off --display_error_number --abi=eabi -z -m"Lab 2.map" --heap_size=1024 --stack_size=2048 -i"C:/ti/ccsv7/tools/compiler/ti-cgt-arm_16.9.1.LTS/lib" -i"C:/ti/ccsv7/tools/compiler/ti-cgt-arm_16.9.1.LTS/include" --reread_libs --diag_wrap=off --display_error_number --warn_sections --xml_link_info="Lab 2_linkInfo.xml" --rom_model -o "Lab 2.out" "./lcd.obj" "./main.obj" "./movement.obj" "./open_interface.obj" "./timer.obj" "./tm4c123gh6pm_startup_ccs.obj" "../tm4c123gh6pm.cmd"  -llibc.a -l"C:/ti/TivaWare_C_Series-2.1.2.111/driverlib/ccs/Debug/driverlib.lib" 
<Linking>
'Finished building target: Lab 2.out'
' '

**** Build Finished ****

**** Build of configuration Debug for project Lab 2 ****

"C:\\ti\\ccsv7\\utils\\bin\\gmake" -k -j 8 all -O 
'Building file: ../main.c'
'Invoking: ARM Compiler'
"C:/ti/ccsv7/tools/compiler/ti-cgt-arm_16.9.1.LTS/bin/armcl" -mv7M4 --code_state=16 --float_support=FPv4SPD16 -me --include_path="U:/CprE 288/Lab2/Lab 2" --include_path="C:/ti/TivaWare_C_Series-2.1.2.111" --include_path="C:/ti/ccsv7/tools/compiler/ti-cgt-arm_16.9.1.LTS/include" --define=ccs="ccs" --define=PART_TM4C123GH6PM -g --gcc --diag_warning=225 --diag_wrap=off --display_error_number --abi=eabi --preproc_with_compile --preproc_dependency="main.d"  "../main.c"
"..\Timer.h", line 44: warning #1-D: last line of file ends without a newline
"..\lcd.h", line 40: warning #1-D: last line of file ends without a newline
"..\open_interface.h", line 178: warning #1-D: last line of file ends without a newline
'Finished building: ../main.c'
' '
'Building target: Lab 2.out'
'Invoking: ARM Linker'
"C:/ti/ccsv7/tools/compiler/ti-cgt-arm_16.9.1.LTS/bin/armcl" -mv7M4 --code_state=16 --float_support=FPv4SPD16 -me --define=ccs="ccs" --define=PART_TM4C123GH6PM -g --gcc --diag_warning=225 --diag_wrap=off --display_error_number --abi=eabi -z -m"Lab 2.map" --heap_size=1024 --stack_size=2048 -i"C:/ti/ccsv7/tools/compiler/ti-cgt-arm_16.9.1.LTS/lib" -i"C:/ti/ccsv7/tools/compiler/ti-cgt-arm_16.9.1.LTS/include" --reread_libs --diag_wrap=off --display_error_number --warn_sections --xml_link_info="Lab 2_linkInfo.xml" --rom_model -o "Lab 2.out" "./lcd.obj" "./main.obj" "./movement.obj" "./open_interface.obj" "./timer.obj" "./tm4c123gh6pm_startup_ccs.obj" "../tm4c123gh6pm.cmd"  -llibc.a -l"C:/ti/TivaWare_C_Series-2.1.2.111/driverlib/ccs/Debug/driverlib.lib" 
<Linking>
'Finished building target: Lab 2.out'
' '

**** Build Finished ****

**** Build of configuration Debug for project Lab 2 ****

"C:\\ti\\ccsv7\\utils\\bin\\gmake" -k -j 8 all -O 
'Building file: ../main.c'
'Invoking: ARM Compiler'
"C:/ti/ccsv7/tools/compiler/ti-cgt-arm_16.9.4.LTS/bin/armcl" -mv7M4 --code_state=16 --float_support=FPv4SPD16 -me --include_path="//MY.FILES.IASTATE.EDU/Users/jdanner/Desktop/GitHub/PrawnStars/Main Code/Lab 2" --include_path="C:/ti/TivaWare_C_Series-2.1.2.111" --include_path="C:/ti/ccsv7/tools/compiler/ti-cgt-arm_16.9.4.LTS/include" --define=ccs="ccs" --define=PART_TM4C123GH6PM -g --gcc --diag_warning=225 --diag_wrap=off --display_error_number --abi=eabi --preproc_with_compile --preproc_dependency="main.d_raw"  "../main.c"

>> Compilation failure
subdir_rules.mk:30: recipe for target 'main.obj' failed
'\\MY.FILES.IASTATE.EDU\Users\jdanner\Desktop\GitHub\PrawnStars\Main Code\Lab 2\Debug'
CMD.EXE was started with the above path as the current directory.
UNC paths are not supported.  Defaulting to Windows directory.
'\\MY.FILES.IASTATE.EDU\Users\jdanner\Desktop\GitHub\PrawnStars\Main Code\Lab 2\Debug'
CMD.EXE was started with the above path as the current directory.
UNC paths are not supported.  Defaulting to Windows directory.
"../main.c", line 24: warning #225-D: function "initialize" declared implicitly
"../main.c", line 32: warning #161-D: declaration is incompatible with previous "initialize" (declared at line 24)
"../main.c", line 57: error #20: identifier "irDis" is undefined
"../main.c", line 57: error #20: identifier "sonarDis" is undefined
"../main.c", line 57: error #20: identifier "Comparator" is undefined
3 errors detected in the compilation of "../main.c".
gmake: *** [main.obj] Error 1
'Building file: ../timer.c'
'Invoking: ARM Compiler'
"C:/ti/ccsv7/tools/compiler/ti-cgt-arm_16.9.4.LTS/bin/armcl" -mv7M4 --code_state=16 --float_support=FPv4SPD16 -me --include_path="//MY.FILES.IASTATE.EDU/Users/jdanner/Desktop/GitHub/PrawnStars/Main Code/Lab 2" --include_path="C:/ti/TivaWare_C_Series-2.1.2.111" --include_path="C:/ti/ccsv7/tools/compiler/ti-cgt-arm_16.9.4.LTS/include" --define=ccs="ccs" --define=PART_TM4C123GH6PM -g --gcc --diag_warning=225 --diag_wrap=off --display_error_number --abi=eabi --preproc_with_compile --preproc_dependency="timer.d_raw"  "../timer.c"
'\\MY.FILES.IASTATE.EDU\Users\jdanner\Desktop\GitHub\PrawnStars\Main Code\Lab 2\Debug'
CMD.EXE was started with the above path as the current directory.
UNC paths are not supported.  Defaulting to Windows directory.
'\\MY.FILES.IASTATE.EDU\Users\jdanner\Desktop\GitHub\PrawnStars\Main Code\Lab 2\Debug'
CMD.EXE was started with the above path as the current directory.
UNC paths are not supported.  Defaulting to Windows directory.
"../timer.c", line 117: warning #1-D: last line of file ends without a newline
'\\MY.FILES.IASTATE.EDU\Users\jdanner\Desktop\GitHub\PrawnStars\Main Code\Lab 2\Debug'
CMD.EXE was started with the above path as the current directory.
UNC paths are not supported.  Defaulting to Windows directory.
'\\MY.FILES.IASTATE.EDU\Users\jdanner\Desktop\GitHub\PrawnStars\Main Code\Lab 2\Debug'
CMD.EXE was started with the above path as the current directory.
UNC paths are not supported.  Defaulting to Windows directory.
'Finished building: ../timer.c'
' '
'Building file: ../adc.c'
'Invoking: ARM Compiler'
"C:/ti/ccsv7/tools/compiler/ti-cgt-arm_16.9.4.LTS/bin/armcl" -mv7M4 --code_state=16 --float_support=FPv4SPD16 -me --include_path="//MY.FILES.IASTATE.EDU/Users/jdanner/Desktop/GitHub/PrawnStars/Main Code/Lab 2" --include_path="C:/ti/TivaWare_C_Series-2.1.2.111" --include_path="C:/ti/ccsv7/tools/compiler/ti-cgt-arm_16.9.4.LTS/include" --define=ccs="ccs" --define=PART_TM4C123GH6PM -g --gcc --diag_warning=225 --diag_wrap=off --display_error_number --abi=eabi --preproc_with_compile --preproc_dependency="adc.d_raw"  "../adc.c"
'\\MY.FILES.IASTATE.EDU\Users\jdanner\Desktop\GitHub\PrawnStars\Main Code\Lab 2\Debug'
CMD.EXE was started with the above path as the current directory.
UNC paths are not supported.  Defaulting to Windows directory.
'\\MY.FILES.IASTATE.EDU\Users\jdanner\Desktop\GitHub\PrawnStars\Main Code\Lab 2\Debug'
CMD.EXE was started with the above path as the current directory.
UNC paths are not supported.  Defaulting to Windows directory.
'\\MY.FILES.IASTATE.EDU\Users\jdanner\Desktop\GitHub\PrawnStars\Main Code\Lab 2\Debug'
CMD.EXE was started with the above path as the current directory.
UNC paths are not supported.  Defaulting to Windows directory.
'\\MY.FILES.IASTATE.EDU\Users\jdanner\Desktop\GitHub\PrawnStars\Main Code\Lab 2\Debug'
CMD.EXE was started with the above path as the current directory.
UNC paths are not supported.  Defaulting to Windows directory.
'Finished building: ../adc.c'
' '
'Building file: ../servo.c'
'Invoking: ARM Compiler'
"C:/ti/ccsv7/tools/compiler/ti-cgt-arm_16.9.4.LTS/bin/armcl" -mv7M4 --code_state=16 --float_support=FPv4SPD16 -me --include_path="//MY.FILES.IASTATE.EDU/Users/jdanner/Desktop/GitHub/PrawnStars/Main Code/Lab 2" --include_path="C:/ti/TivaWare_C_Series-2.1.2.111" --include_path="C:/ti/ccsv7/tools/compiler/ti-cgt-arm_16.9.4.LTS/include" --define=ccs="ccs" --define=PART_TM4C123GH6PM -g --gcc --diag_warning=225 --diag_wrap=off --display_error_number --abi=eabi --preproc_with_compile --preproc_dependency="servo.d_raw"  "../servo.c"
'\\MY.FILES.IASTATE.EDU\Users\jdanner\Desktop\GitHub\PrawnStars\Main Code\Lab 2\Debug'
CMD.EXE was started with the above path as the current directory.
UNC paths are not supported.  Defaulting to Windows directory.
'\\MY.FILES.IASTATE.EDU\Users\jdanner\Desktop\GitHub\PrawnStars\Main Code\Lab 2\Debug'
CMD.EXE was started with the above path as the current directory.
UNC paths are not supported.  Defaulting to Windows directory.
'\\MY.FILES.IASTATE.EDU\Users\jdanner\Desktop\GitHub\PrawnStars\Main Code\Lab 2\Debug'
CMD.EXE was started with the above path as the current directory.
UNC paths are not supported.  Defaulting to Windows directory.
'\\MY.FILES.IASTATE.EDU\Users\jdanner\Desktop\GitHub\PrawnStars\Main Code\Lab 2\Debug'
CMD.EXE was started with the above path as the current directory.
UNC paths are not supported.  Defaulting to Windows directory.
'Finished building: ../servo.c'
' '
'Building file: ../init.c'
'Invoking: ARM Compiler'
"C:/ti/ccsv7/tools/compiler/ti-cgt-arm_16.9.4.LTS/bin/armcl" -mv7M4 --code_state=16 --float_support=FPv4SPD16 -me --include_path="//MY.FILES.IASTATE.EDU/Users/jdanner/Desktop/GitHub/PrawnStars/Main Code/Lab 2" --include_path="C:/ti/TivaWare_C_Series-2.1.2.111" --include_path="C:/ti/ccsv7/tools/compiler/ti-cgt-arm_16.9.4.LTS/include" --define=ccs="ccs" --define=PART_TM4C123GH6PM -g --gcc --diag_warning=225 --diag_wrap=off --display_error_number --abi=eabi --preproc_with_compile --preproc_dependency="init.d_raw"  "../init.c"
'\\MY.FILES.IASTATE.EDU\Users\jdanner\Desktop\GitHub\PrawnStars\Main Code\Lab 2\Debug'
CMD.EXE was started with the above path as the current directory.
UNC paths are not supported.  Defaulting to Windows directory.
'\\MY.FILES.IASTATE.EDU\Users\jdanner\Desktop\GitHub\PrawnStars\Main Code\Lab 2\Debug'
CMD.EXE was started with the above path as the current directory.
UNC paths are not supported.  Defaulting to Windows directory.
'\\MY.FILES.IASTATE.EDU\Users\jdanner\Desktop\GitHub\PrawnStars\Main Code\Lab 2\Debug'
CMD.EXE was started with the above path as the current directory.
UNC paths are not supported.  Defaulting to Windows directory.
'\\MY.FILES.IASTATE.EDU\Users\jdanner\Desktop\GitHub\PrawnStars\Main Code\Lab 2\Debug'
CMD.EXE was started with the above path as the current directory.
UNC paths are not supported.  Defaulting to Windows directory.
'Finished building: ../init.c'
' '
'Building file: ../lcd.c'
'Invoking: ARM Compiler'
"C:/ti/ccsv7/tools/compiler/ti-cgt-arm_16.9.4.LTS/bin/armcl" -mv7M4 --code_state=16 --float_support=FPv4SPD16 -me --include_path="//MY.FILES.IASTATE.EDU/Users/jdanner/Desktop/GitHub/PrawnStars/Main Code/Lab 2" --include_path="C:/ti/TivaWare_C_Series-2.1.2.111" --include_path="C:/ti/ccsv7/tools/compiler/ti-cgt-arm_16.9.4.LTS/include" --define=ccs="ccs" --define=PART_TM4C123GH6PM -g --gcc --diag_warning=225 --diag_wrap=off --display_error_number --abi=eabi --preproc_with_compile --preproc_dependency="lcd.d_raw"  "../lcd.c"
'\\MY.FILES.IASTATE.EDU\Users\jdanner\Desktop\GitHub\PrawnStars\Main Code\Lab 2\Debug'
CMD.EXE was started with the above path as the current directory.
UNC paths are not supported.  Defaulting to Windows directory.
'\\MY.FILES.IASTATE.EDU\Users\jdanner\Desktop\GitHub\PrawnStars\Main Code\Lab 2\Debug'
CMD.EXE was started with the above path as the current directory.
UNC paths are not supported.  Defaulting to Windows directory.
'\\MY.FILES.IASTATE.EDU\Users\jdanner\Desktop\GitHub\PrawnStars\Main Code\Lab 2\Debug'
CMD.EXE was started with the above path as the current directory.
UNC paths are not supported.  Defaulting to Windows directory.
'\\MY.FILES.IASTATE.EDU\Users\jdanner\Desktop\GitHub\PrawnStars\Main Code\Lab 2\Debug'
CMD.EXE was started with the above path as the current directory.
UNC paths are not supported.  Defaulting to Windows directory.
'Finished building: ../lcd.c'
' '
'Building file: ../movement.c'
'Invoking: ARM Compiler'
"C:/ti/ccsv7/tools/compiler/ti-cgt-arm_16.9.4.LTS/bin/armcl" -mv7M4 --code_state=16 --float_support=FPv4SPD16 -me --include_path="//MY.FILES.IASTATE.EDU/Users/jdanner/Desktop/GitHub/PrawnStars/Main Code/Lab 2" --include_path="C:/ti/TivaWare_C_Series-2.1.2.111" --include_path="C:/ti/ccsv7/tools/compiler/ti-cgt-arm_16.9.4.LTS/include" --define=ccs="ccs" --define=PART_TM4C123GH6PM -g --gcc --diag_warning=225 --diag_wrap=off --display_error_number --abi=eabi --preproc_with_compile --preproc_dependency="movement.d_raw"  "../movement.c"
'\\MY.FILES.IASTATE.EDU\Users\jdanner\Desktop\GitHub\PrawnStars\Main Code\Lab 2\Debug'
CMD.EXE was started with the above path as the current directory.
UNC paths are not supported.  Defaulting to Windows directory.
'\\MY.FILES.IASTATE.EDU\Users\jdanner\Desktop\GitHub\PrawnStars\Main Code\Lab 2\Debug'
CMD.EXE was started with the above path as the current directory.
UNC paths are not supported.  Defaulting to Windows directory.
"..\open_interface.h", line 178: warning #1-D: last line of file ends without a newline
'\\MY.FILES.IASTATE.EDU\Users\jdanner\Desktop\GitHub\PrawnStars\Main Code\Lab 2\Debug'
CMD.EXE was started with the above path as the current directory.
UNC paths are not supported.  Defaulting to Windows directory.
'\\MY.FILES.IASTATE.EDU\Users\jdanner\Desktop\GitHub\PrawnStars\Main Code\Lab 2\Debug'
CMD.EXE was started with the above path as the current directory.
UNC paths are not supported.  Defaulting to Windows directory.
'Finished building: ../movement.c'
' '
'Building file: ../open_interface.c'
'Invoking: ARM Compiler'
"C:/ti/ccsv7/tools/compiler/ti-cgt-arm_16.9.4.LTS/bin/armcl" -mv7M4 --code_state=16 --float_support=FPv4SPD16 -me --include_path="//MY.FILES.IASTATE.EDU/Users/jdanner/Desktop/GitHub/PrawnStars/Main Code/Lab 2" --include_path="C:/ti/TivaWare_C_Series-2.1.2.111" --include_path="C:/ti/ccsv7/tools/compiler/ti-cgt-arm_16.9.4.LTS/include" --define=ccs="ccs" --define=PART_TM4C123GH6PM -g --gcc --diag_warning=225 --diag_wrap=off --display_error_number --abi=eabi --preproc_with_compile --preproc_dependency="open_interface.d_raw"  "../open_interface.c"
'\\MY.FILES.IASTATE.EDU\Users\jdanner\Desktop\GitHub\PrawnStars\Main Code\Lab 2\Debug'
CMD.EXE was started with the above path as the current directory.
UNC paths are not supported.  Defaulting to Windows directory.
'\\MY.FILES.IASTATE.EDU\Users\jdanner\Desktop\GitHub\PrawnStars\Main Code\Lab 2\Debug'
CMD.EXE was started with the above path as the current directory.
UNC paths are not supported.  Defaulting to Windows directory.
"..\open_interface.h", line 178: warning #1-D: last line of file ends without a newline
"../open_interface.c", line 350: warning #179-D: variable "charging_state" was declared but never referenced
"../open_interface.c", line 496: warning #225-D: function "IntRegister" declared implicitly
"../open_interface.c", line 497: warning #225-D: function "IntMasterEnable" declared implicitly
'\\MY.FILES.IASTATE.EDU\Users\jdanner\Desktop\GitHub\PrawnStars\Main Code\Lab 2\Debug'
CMD.EXE was started with the above path as the current directory.
UNC paths are not supported.  Defaulting to Windows directory.
'\\MY.FILES.IASTATE.EDU\Users\jdanner\Desktop\GitHub\PrawnStars\Main Code\Lab 2\Debug'
CMD.EXE was started with the above path as the current directory.
UNC paths are not supported.  Defaulting to Windows directory.
'Finished building: ../open_interface.c'
' '
'Building file: ../sonar.c'
'Invoking: ARM Compiler'
"C:/ti/ccsv7/tools/compiler/ti-cgt-arm_16.9.4.LTS/bin/armcl" -mv7M4 --code_state=16 --float_support=FPv4SPD16 -me --include_path="//MY.FILES.IASTATE.EDU/Users/jdanner/Desktop/GitHub/PrawnStars/Main Code/Lab 2" --include_path="C:/ti/TivaWare_C_Series-2.1.2.111" --include_path="C:/ti/ccsv7/tools/compiler/ti-cgt-arm_16.9.4.LTS/include" --define=ccs="ccs" --define=PART_TM4C123GH6PM -g --gcc --diag_warning=225 --diag_wrap=off --display_error_number --abi=eabi --preproc_with_compile --preproc_dependency="sonar.d_raw"  "../sonar.c"
'\\MY.FILES.IASTATE.EDU\Users\jdanner\Desktop\GitHub\PrawnStars\Main Code\Lab 2\Debug'
CMD.EXE was started with the above path as the current directory.
UNC paths are not supported.  Defaulting to Windows directory.
'\\MY.FILES.IASTATE.EDU\Users\jdanner\Desktop\GitHub\PrawnStars\Main Code\Lab 2\Debug'
CMD.EXE was started with the above path as the current directory.
UNC paths are not supported.  Defaulting to Windows directory.
'\\MY.FILES.IASTATE.EDU\Users\jdanner\Desktop\GitHub\PrawnStars\Main Code\Lab 2\Debug'
CMD.EXE was started with the above path as the current directory.
UNC paths are not supported.  Defaulting to Windows directory.
'\\MY.FILES.IASTATE.EDU\Users\jdanner\Desktop\GitHub\PrawnStars\Main Code\Lab 2\Debug'
CMD.EXE was started with the above path as the current directory.
UNC paths are not supported.  Defaulting to Windows directory.
'Finished building: ../sonar.c'
' '
'Building file: ../tm4c123gh6pm_startup_ccs.c'
'Invoking: ARM Compiler'
"C:/ti/ccsv7/tools/compiler/ti-cgt-arm_16.9.4.LTS/bin/armcl" -mv7M4 --code_state=16 --float_support=FPv4SPD16 -me --include_path="//MY.FILES.IASTATE.EDU/Users/jdanner/Desktop/GitHub/PrawnStars/Main Code/Lab 2" --include_path="C:/ti/TivaWare_C_Series-2.1.2.111" --include_path="C:/ti/ccsv7/tools/compiler/ti-cgt-arm_16.9.4.LTS/include" --define=ccs="ccs" --define=PART_TM4C123GH6PM -g --gcc --diag_warning=225 --diag_wrap=off --display_error_number --abi=eabi --preproc_with_compile --preproc_dependency="tm4c123gh6pm_startup_ccs.d_raw"  "../tm4c123gh6pm_startup_ccs.c"
'\\MY.FILES.IASTATE.EDU\Users\jdanner\Desktop\GitHub\PrawnStars\Main Code\Lab 2\Debug'
CMD.EXE was started with the above path as the current directory.
UNC paths are not supported.  Defaulting to Windows directory.
'\\MY.FILES.IASTATE.EDU\Users\jdanner\Desktop\GitHub\PrawnStars\Main Code\Lab 2\Debug'
CMD.EXE was started with the above path as the current directory.
UNC paths are not supported.  Defaulting to Windows directory.
'\\MY.FILES.IASTATE.EDU\Users\jdanner\Desktop\GitHub\PrawnStars\Main Code\Lab 2\Debug'
CMD.EXE was started with the above path as the current directory.
UNC paths are not supported.  Defaulting to Windows directory.
'\\MY.FILES.IASTATE.EDU\Users\jdanner\Desktop\GitHub\PrawnStars\Main Code\Lab 2\Debug'
CMD.EXE was started with the above path as the current directory.
UNC paths are not supported.  Defaulting to Windows directory.
'Finished building: ../tm4c123gh6pm_startup_ccs.c'
' '
'Building file: ../uart.c'
'Invoking: ARM Compiler'
"C:/ti/ccsv7/tools/compiler/ti-cgt-arm_16.9.4.LTS/bin/armcl" -mv7M4 --code_state=16 --float_support=FPv4SPD16 -me --include_path="//MY.FILES.IASTATE.EDU/Users/jdanner/Desktop/GitHub/PrawnStars/Main Code/Lab 2" --include_path="C:/ti/TivaWare_C_Series-2.1.2.111" --include_path="C:/ti/ccsv7/tools/compiler/ti-cgt-arm_16.9.4.LTS/include" --define=ccs="ccs" --define=PART_TM4C123GH6PM -g --gcc --diag_warning=225 --diag_wrap=off --display_error_number --abi=eabi --preproc_with_compile --preproc_dependency="uart.d_raw"  "../uart.c"
'\\MY.FILES.IASTATE.EDU\Users\jdanner\Desktop\GitHub\PrawnStars\Main Code\Lab 2\Debug'
CMD.EXE was started with the above path as the current directory.
UNC paths are not supported.  Defaulting to Windows directory.
'\\MY.FILES.IASTATE.EDU\Users\jdanner\Desktop\GitHub\PrawnStars\Main Code\Lab 2\Debug'
CMD.EXE was started with the above path as the current directory.
UNC paths are not supported.  Defaulting to Windows directory.
'\\MY.FILES.IASTATE.EDU\Users\jdanner\Desktop\GitHub\PrawnStars\Main Code\Lab 2\Debug'
CMD.EXE was started with the above path as the current directory.
UNC paths are not supported.  Defaulting to Windows directory.
'\\MY.FILES.IASTATE.EDU\Users\jdanner\Desktop\GitHub\PrawnStars\Main Code\Lab 2\Debug'
CMD.EXE was started with the above path as the current directory.
UNC paths are not supported.  Defaulting to Windows directory.
'Finished building: ../uart.c'
' '
'Building file: ../wifi.c'
'Invoking: ARM Compiler'
"C:/ti/ccsv7/tools/compiler/ti-cgt-arm_16.9.4.LTS/bin/armcl" -mv7M4 --code_state=16 --float_support=FPv4SPD16 -me --include_path="//MY.FILES.IASTATE.EDU/Users/jdanner/Desktop/GitHub/PrawnStars/Main Code/Lab 2" --include_path="C:/ti/TivaWare_C_Series-2.1.2.111" --include_path="C:/ti/ccsv7/tools/compiler/ti-cgt-arm_16.9.4.LTS/include" --define=ccs="ccs" --define=PART_TM4C123GH6PM -g --gcc --diag_warning=225 --diag_wrap=off --display_error_number --abi=eabi --preproc_with_compile --preproc_dependency="wifi.d_raw"  "../wifi.c"
'\\MY.FILES.IASTATE.EDU\Users\jdanner\Desktop\GitHub\PrawnStars\Main Code\Lab 2\Debug'
CMD.EXE was started with the above path as the current directory.
UNC paths are not supported.  Defaulting to Windows directory.
'\\MY.FILES.IASTATE.EDU\Users\jdanner\Desktop\GitHub\PrawnStars\Main Code\Lab 2\Debug'
CMD.EXE was started with the above path as the current directory.
UNC paths are not supported.  Defaulting to Windows directory.
"../wifi.c", line 49: warning #169-D: argument of type "char *" is incompatible with parameter of type "uint8_t *"
'\\MY.FILES.IASTATE.EDU\Users\jdanner\Desktop\GitHub\PrawnStars\Main Code\Lab 2\Debug'
CMD.EXE was started with the above path as the current directory.
UNC paths are not supported.  Defaulting to Windows directory.
'\\MY.FILES.IASTATE.EDU\Users\jdanner\Desktop\GitHub\PrawnStars\Main Code\Lab 2\Debug'
CMD.EXE was started with the above path as the current directory.
UNC paths are not supported.  Defaulting to Windows directory.
'Finished building: ../wifi.c'
' '
gmake: Target 'all' not remade because of errors.

**** Build Finished ****

**** Build of configuration Debug for project Lab 2 ****

"C:\\ti\\ccsv7\\utils\\bin\\gmake" -k -j 8 all -O 
'Building file: ../main.c'
'Invoking: ARM Compiler'
"C:/ti/ccsv7/tools/compiler/ti-cgt-arm_16.9.4.LTS/bin/armcl" -mv7M4 --code_state=16 --float_support=FPv4SPD16 -me --include_path="//MY.FILES.IASTATE.EDU/Users/jdanner/Desktop/GitHub/PrawnStars/Main Code/Lab 2" --include_path="C:/ti/TivaWare_C_Series-2.1.2.111" --include_path="C:/ti/ccsv7/tools/compiler/ti-cgt-arm_16.9.4.LTS/include" --define=ccs="ccs" --define=PART_TM4C123GH6PM -g --gcc --diag_warning=225 --diag_wrap=off --display_error_number --abi=eabi --preproc_with_compile --preproc_dependency="main.d_raw"  "../main.c"

>> Compilation failure
subdir_rules.mk:30: recipe for target 'main.obj' failed
'\\MY.FILES.IASTATE.EDU\Users\jdanner\Desktop\GitHub\PrawnStars\Main Code\Lab 2\Debug'
CMD.EXE was started with the above path as the current directory.
UNC paths are not supported.  Defaulting to Windows directory.
'\\MY.FILES.IASTATE.EDU\Users\jdanner\Desktop\GitHub\PrawnStars\Main Code\Lab 2\Debug'
CMD.EXE was started with the above path as the current directory.
UNC paths are not supported.  Defaulting to Windows directory.
"../main.c", line 24: warning #225-D: function "initialize" declared implicitly
"../main.c", line 32: warning #161-D: declaration is incompatible with previous "initialize" (declared at line 24)
"../main.c", line 57: error #20: identifier "irDis" is undefined
"../main.c", line 57: error #20: identifier "sonarDis" is undefined
"../main.c", line 57: error #20: identifier "Comparator" is undefined
3 errors detected in the compilation of "../main.c".
gmake: *** [main.obj] Error 1
gmake: Target 'all' not remade because of errors.

**** Build Finished ****

**** Build of configuration Debug for project Lab 2 ****

"C:\\ti\\ccsv7\\utils\\bin\\gmake" -k -j 8 all -O 
'Building file: ../main.c'
'Invoking: ARM Compiler'
"C:/ti/ccsv7/tools/compiler/ti-cgt-arm_16.9.4.LTS/bin/armcl" -mv7M4 --code_state=16 --float_support=FPv4SPD16 -me --include_path="//MY.FILES.IASTATE.EDU/Users/jdanner/Desktop/GitHub/PrawnStars/Main Code/Lab 2" --include_path="C:/ti/TivaWare_C_Series-2.1.2.111" --include_path="C:/ti/ccsv7/tools/compiler/ti-cgt-arm_16.9.4.LTS/include" --define=ccs="ccs" --define=PART_TM4C123GH6PM -g --gcc --diag_warning=225 --diag_wrap=off --display_error_number --abi=eabi --preproc_with_compile --preproc_dependency="main.d_raw"  "../main.c"

>> Compilation failure
subdir_rules.mk:30: recipe for target 'main.obj' failed
'\\MY.FILES.IASTATE.EDU\Users\jdanner\Desktop\GitHub\PrawnStars\Main Code\Lab 2\Debug'
CMD.EXE was started with the above path as the current directory.
UNC paths are not supported.  Defaulting to Windows directory.
'\\MY.FILES.IASTATE.EDU\Users\jdanner\Desktop\GitHub\PrawnStars\Main Code\Lab 2\Debug'
CMD.EXE was started with the above path as the current directory.
UNC paths are not supported.  Defaulting to Windows directory.
"../main.c", line 24: warning #225-D: function "initialize" declared implicitly
"../main.c", line 32: warning #161-D: declaration is incompatible with previous "initialize" (declared at line 24)
"../main.c", line 57: error #20: identifier "irDis" is undefined
"../main.c", line 57: error #20: identifier "sonarDis" is undefined
"../main.c", line 57: error #20: identifier "Comparator" is undefined
3 errors detected in the compilation of "../main.c".
gmake: *** [main.obj] Error 1
gmake: Target 'all' not remade because of errors.

**** Build Finished ****

**** Build of configuration Debug for project Lab 2 ****

"C:\\ti\\ccsv7\\utils\\bin\\gmake" -k -j 8 all -O 
'Building file: ../main.c'
'Invoking: ARM Compiler'
"C:/ti/ccsv7/tools/compiler/ti-cgt-arm_16.9.4.LTS/bin/armcl" -mv7M4 --code_state=16 --float_support=FPv4SPD16 -me --include_path="//MY.FILES.IASTATE.EDU/Users/jdanner/Desktop/GitHub/PrawnStars/Main Code/Lab 2" --include_path="C:/ti/TivaWare_C_Series-2.1.2.111" --include_path="C:/ti/ccsv7/tools/compiler/ti-cgt-arm_16.9.4.LTS/include" --define=ccs="ccs" --define=PART_TM4C123GH6PM -g --gcc --diag_warning=225 --diag_wrap=off --display_error_number --abi=eabi --preproc_with_compile --preproc_dependency="main.d_raw"  "../main.c"

>> Compilation failure
subdir_rules.mk:30: recipe for target 'main.obj' failed
'\\MY.FILES.IASTATE.EDU\Users\jdanner\Desktop\GitHub\PrawnStars\Main Code\Lab 2\Debug'
CMD.EXE was started with the above path as the current directory.
UNC paths are not supported.  Defaulting to Windows directory.
'\\MY.FILES.IASTATE.EDU\Users\jdanner\Desktop\GitHub\PrawnStars\Main Code\Lab 2\Debug'
CMD.EXE was started with the above path as the current directory.
UNC paths are not supported.  Defaulting to Windows directory.
"../main.c", line 24: warning #225-D: function "initialize" declared implicitly
"../main.c", line 32: warning #161-D: declaration is incompatible with previous "initialize" (declared at line 24)
"../main.c", line 57: error #20: identifier "irDis" is undefined
"../main.c", line 57: error #20: identifier "sonarDis" is undefined
"../main.c", line 57: error #20: identifier "Comparator" is undefined
3 errors detected in the compilation of "../main.c".
gmake: *** [main.obj] Error 1
gmake: Target 'all' not remade because of errors.

**** Build Finished ****

**** Build of configuration Debug for project Lab 2 ****

"C:\\ti\\ccsv7\\utils\\bin\\gmake" -k -j 8 all -O 
'Building file: ../main.c'
'Invoking: ARM Compiler'
"C:/ti/ccsv7/tools/compiler/ti-cgt-arm_16.9.4.LTS/bin/armcl" -mv7M4 --code_state=16 --float_support=FPv4SPD16 -me --include_path="//MY.FILES.IASTATE.EDU/Users/jdanner/Desktop/GitHub/PrawnStars/Main Code/Lab 2" --include_path="C:/ti/TivaWare_C_Series-2.1.2.111" --include_path="C:/ti/ccsv7/tools/compiler/ti-cgt-arm_16.9.4.LTS/include" --define=ccs="ccs" --define=PART_TM4C123GH6PM -g --gcc --diag_warning=225 --diag_wrap=off --display_error_number --abi=eabi --preproc_with_compile --preproc_dependency="main.d_raw"  "../main.c"

>> Compilation failure
subdir_rules.mk:30: recipe for target 'main.obj' failed
'\\MY.FILES.IASTATE.EDU\Users\jdanner\Desktop\GitHub\PrawnStars\Main Code\Lab 2\Debug'
CMD.EXE was started with the above path as the current directory.
UNC paths are not supported.  Defaulting to Windows directory.
'\\MY.FILES.IASTATE.EDU\Users\jdanner\Desktop\GitHub\PrawnStars\Main Code\Lab 2\Debug'
CMD.EXE was started with the above path as the current directory.
UNC paths are not supported.  Defaulting to Windows directory.
"../main.c", line 24: warning #225-D: function "initialize" declared implicitly
"../main.c", line 32: warning #161-D: declaration is incompatible with previous "initialize" (declared at line 24)
"../main.c", line 57: error #20: identifier "irDis" is undefined
"../main.c", line 57: error #20: identifier "sonarDis" is undefined
"../main.c", line 57: error #20: identifier "Comparator" is undefined
3 errors detected in the compilation of "../main.c".
gmake: *** [main.obj] Error 1
gmake: Target 'all' not remade because of errors.

**** Build Finished ****

**** Build of configuration Debug for project Lab 2 ****

"C:\\ti\\ccsv7\\utils\\bin\\gmake" -k -j 8 all -O 
'Building file: ../main.c'
'Invoking: ARM Compiler'
"C:/ti/ccsv7/tools/compiler/ti-cgt-arm_16.9.4.LTS/bin/armcl" -mv7M4 --code_state=16 --float_support=FPv4SPD16 -me --include_path="//MY.FILES.IASTATE.EDU/Users/jdanner/Desktop/GitHub/PrawnStars/Main Code/Lab 2" --include_path="C:/ti/TivaWare_C_Series-2.1.2.111" --include_path="C:/ti/ccsv7/tools/compiler/ti-cgt-arm_16.9.4.LTS/include" --define=ccs="ccs" --define=PART_TM4C123GH6PM -g --gcc --diag_warning=225 --diag_wrap=off --display_error_number --abi=eabi --preproc_with_compile --preproc_dependency="main.d_raw"  "../main.c"
'\\MY.FILES.IASTATE.EDU\Users\jdanner\Desktop\GitHub\PrawnStars\Main Code\Lab 2\Debug'
CMD.EXE was started with the above path as the current directory.
UNC paths are not supported.  Defaulting to Windows directory.
'\\MY.FILES.IASTATE.EDU\Users\jdanner\Desktop\GitHub\PrawnStars\Main Code\Lab 2\Debug'
CMD.EXE was started with the above path as the current directory.
UNC paths are not supported.  Defaulting to Windows directory.
"../main.c", line 24: warning #225-D: function "initialize" declared implicitly
"../main.c", line 32: warning #161-D: declaration is incompatible with previous "initialize" (declared at line 24)
'\\MY.FILES.IASTATE.EDU\Users\jdanner\Desktop\GitHub\PrawnStars\Main Code\Lab 2\Debug'
CMD.EXE was started with the above path as the current directory.
UNC paths are not supported.  Defaulting to Windows directory.
'\\MY.FILES.IASTATE.EDU\Users\jdanner\Desktop\GitHub\PrawnStars\Main Code\Lab 2\Debug'
CMD.EXE was started with the above path as the current directory.
UNC paths are not supported.  Defaulting to Windows directory.
'Finished building: ../main.c'
' '
'Building target: Lab 2.out'
'Invoking: ARM Linker'
"C:/ti/ccsv7/tools/compiler/ti-cgt-arm_16.9.4.LTS/bin/armcl" -mv7M4 --code_state=16 --float_support=FPv4SPD16 -me --define=ccs="ccs" --define=PART_TM4C123GH6PM -g --gcc --diag_warning=225 --diag_wrap=off --display_error_number --abi=eabi -z -m"Lab 2.map" --heap_size=1024 --stack_size=2048 -i"C:/ti/ccsv7/tools/compiler/ti-cgt-arm_16.9.4.LTS/lib" -i"C:/ti/ccsv7/tools/compiler/ti-cgt-arm_16.9.4.LTS/include" --reread_libs --diag_wrap=off --display_error_number --warn_sections --xml_link_info="Lab 2_linkInfo.xml" --rom_model -o "Lab 2.out" "./adc.obj" "./init.obj" "./lcd.obj" "./main.obj" "./movement.obj" "./open_interface.obj" "./servo.obj" "./sonar.obj" "./timer.obj" "./tm4c123gh6pm_startup_ccs.obj" "./uart.obj" "./wifi.obj" "../tm4c123gh6pm.cmd"  -llibc.a -l"C:/ti/TivaWare_C_Series-2.1.2.111/driverlib/ccs/Debug/driverlib.lib" 
<Linking>
'\\MY.FILES.IASTATE.EDU\Users\jdanner\Desktop\GitHub\PrawnStars\Main Code\Lab 2\Debug'
CMD.EXE was started with the above path as the current directory.
UNC paths are not supported.  Defaulting to Windows directory.
'\\MY.FILES.IASTATE.EDU\Users\jdanner\Desktop\GitHub\PrawnStars\Main Code\Lab 2\Debug'
CMD.EXE was started with the above path as the current directory.
UNC paths are not supported.  Defaulting to Windows directory.
'\\MY.FILES.IASTATE.EDU\Users\jdanner\Desktop\GitHub\PrawnStars\Main Code\Lab 2\Debug'
CMD.EXE was started with the above path as the current directory.
UNC paths are not supported.  Defaulting to Windows directory.
'Finished building target: Lab 2.out'
' '
'\\MY.FILES.IASTATE.EDU\Users\jdanner\Desktop\GitHub\PrawnStars\Main Code\Lab 2\Debug'
CMD.EXE was started with the above path as the current directory.
UNC paths are not supported.  Defaulting to Windows directory.

**** Build Finished ****

**** Build of configuration Debug for project Lab 2 ****

"C:\\ti\\ccsv7\\utils\\bin\\gmake" -k -j 8 all -O 
'Building file: ../main.c'
'Invoking: ARM Compiler'
"C:/ti/ccsv7/tools/compiler/ti-cgt-arm_16.9.4.LTS/bin/armcl" -mv7M4 --code_state=16 --float_support=FPv4SPD16 -me --include_path="//MY.FILES.IASTATE.EDU/Users/jdanner/Desktop/GitHub/PrawnStars/Main Code/Lab 2" --include_path="C:/ti/TivaWare_C_Series-2.1.2.111" --include_path="C:/ti/ccsv7/tools/compiler/ti-cgt-arm_16.9.4.LTS/include" --define=ccs="ccs" --define=PART_TM4C123GH6PM -g --gcc --diag_warning=225 --diag_wrap=off --display_error_number --abi=eabi --preproc_with_compile --preproc_dependency="main.d_raw"  "../main.c"
'\\MY.FILES.IASTATE.EDU\Users\jdanner\Desktop\GitHub\PrawnStars\Main Code\Lab 2\Debug'
CMD.EXE was started with the above path as the current directory.
UNC paths are not supported.  Defaulting to Windows directory.
'\\MY.FILES.IASTATE.EDU\Users\jdanner\Desktop\GitHub\PrawnStars\Main Code\Lab 2\Debug'
CMD.EXE was started with the above path as the current directory.
UNC paths are not supported.  Defaulting to Windows directory.
"../main.c", line 25: warning #225-D: function "initialize" declared implicitly
"../main.c", line 35: warning #161-D: declaration is incompatible with previous "initialize" (declared at line 25)
'\\MY.FILES.IASTATE.EDU\Users\jdanner\Desktop\GitHub\PrawnStars\Main Code\Lab 2\Debug'
CMD.EXE was started with the above path as the current directory.
UNC paths are not supported.  Defaulting to Windows directory.
'\\MY.FILES.IASTATE.EDU\Users\jdanner\Desktop\GitHub\PrawnStars\Main Code\Lab 2\Debug'
CMD.EXE was started with the above path as the current directory.
UNC paths are not supported.  Defaulting to Windows directory.
'Finished building: ../main.c'
' '
'Building target: Lab 2.out'
'Invoking: ARM Linker'
"C:/ti/ccsv7/tools/compiler/ti-cgt-arm_16.9.4.LTS/bin/armcl" -mv7M4 --code_state=16 --float_support=FPv4SPD16 -me --define=ccs="ccs" --define=PART_TM4C123GH6PM -g --gcc --diag_warning=225 --diag_wrap=off --display_error_number --abi=eabi -z -m"Lab 2.map" --heap_size=1024 --stack_size=2048 -i"C:/ti/ccsv7/tools/compiler/ti-cgt-arm_16.9.4.LTS/lib" -i"C:/ti/ccsv7/tools/compiler/ti-cgt-arm_16.9.4.LTS/include" --reread_libs --diag_wrap=off --display_error_number --warn_sections --xml_link_info="Lab 2_linkInfo.xml" --rom_model -o "Lab 2.out" "./adc.obj" "./init.obj" "./lcd.obj" "./main.obj" "./movement.obj" "./open_interface.obj" "./servo.obj" "./sonar.obj" "./timer.obj" "./tm4c123gh6pm_startup_ccs.obj" "./uart.obj" "./wifi.obj" "../tm4c123gh6pm.cmd"  -llibc.a -l"C:/ti/TivaWare_C_Series-2.1.2.111/driverlib/ccs/Debug/driverlib.lib" 
<Linking>
'\\MY.FILES.IASTATE.EDU\Users\jdanner\Desktop\GitHub\PrawnStars\Main Code\Lab 2\Debug'
CMD.EXE was started with the above path as the current directory.
UNC paths are not supported.  Defaulting to Windows directory.
'\\MY.FILES.IASTATE.EDU\Users\jdanner\Desktop\GitHub\PrawnStars\Main Code\Lab 2\Debug'
CMD.EXE was started with the above path as the current directory.
UNC paths are not supported.  Defaulting to Windows directory.
'\\MY.FILES.IASTATE.EDU\Users\jdanner\Desktop\GitHub\PrawnStars\Main Code\Lab 2\Debug'
CMD.EXE was started with the above path as the current directory.
UNC paths are not supported.  Defaulting to Windows directory.
'Finished building target: Lab 2.out'
' '
'\\MY.FILES.IASTATE.EDU\Users\jdanner\Desktop\GitHub\PrawnStars\Main Code\Lab 2\Debug'
CMD.EXE was started with the above path as the current directory.
UNC paths are not supported.  Defaulting to Windows directory.

**** Build Finished ****

**** Build of configuration Debug for project Lab 2 ****

"C:\\ti\\ccsv7\\utils\\bin\\gmake" -k -j 8 all -O 
'Building file: ../wifi.c'
'Invoking: ARM Compiler'
"C:/ti/ccsv7/tools/compiler/ti-cgt-arm_16.9.4.LTS/bin/armcl" -mv7M4 --code_state=16 --float_support=FPv4SPD16 -me --include_path="//MY.FILES.IASTATE.EDU/Users/jdanner/Desktop/GitHub/PrawnStars/Main Code/Lab 2" --include_path="C:/ti/TivaWare_C_Series-2.1.2.111" --include_path="C:/ti/ccsv7/tools/compiler/ti-cgt-arm_16.9.4.LTS/include" --define=ccs="ccs" --define=PART_TM4C123GH6PM -g --gcc --diag_warning=225 --diag_wrap=off --display_error_number --abi=eabi --preproc_with_compile --preproc_dependency="wifi.d_raw"  "../wifi.c"
'\\MY.FILES.IASTATE.EDU\Users\jdanner\Desktop\GitHub\PrawnStars\Main Code\Lab 2\Debug'
CMD.EXE was started with the above path as the current directory.
UNC paths are not supported.  Defaulting to Windows directory.
'\\MY.FILES.IASTATE.EDU\Users\jdanner\Desktop\GitHub\PrawnStars\Main Code\Lab 2\Debug'
CMD.EXE was started with the above path as the current directory.
UNC paths are not supported.  Defaulting to Windows directory.
"../wifi.c", line 46: warning #169-D: argument of type "char *" is incompatible with parameter of type "uint8_t *"
'\\MY.FILES.IASTATE.EDU\Users\jdanner\Desktop\GitHub\PrawnStars\Main Code\Lab 2\Debug'
CMD.EXE was started with the above path as the current directory.
UNC paths are not supported.  Defaulting to Windows directory.
'\\MY.FILES.IASTATE.EDU\Users\jdanner\Desktop\GitHub\PrawnStars\Main Code\Lab 2\Debug'
CMD.EXE was started with the above path as the current directory.
UNC paths are not supported.  Defaulting to Windows directory.
'Finished building: ../wifi.c'
' '
'Building target: Lab 2.out'
'Invoking: ARM Linker'
"C:/ti/ccsv7/tools/compiler/ti-cgt-arm_16.9.4.LTS/bin/armcl" -mv7M4 --code_state=16 --float_support=FPv4SPD16 -me --define=ccs="ccs" --define=PART_TM4C123GH6PM -g --gcc --diag_warning=225 --diag_wrap=off --display_error_number --abi=eabi -z -m"Lab 2.map" --heap_size=1024 --stack_size=2048 -i"C:/ti/ccsv7/tools/compiler/ti-cgt-arm_16.9.4.LTS/lib" -i"C:/ti/ccsv7/tools/compiler/ti-cgt-arm_16.9.4.LTS/include" --reread_libs --diag_wrap=off --display_error_number --warn_sections --xml_link_info="Lab 2_linkInfo.xml" --rom_model -o "Lab 2.out" "./adc.obj" "./init.obj" "./lcd.obj" "./main.obj" "./movement.obj" "./open_interface.obj" "./servo.obj" "./sonar.obj" "./timer.obj" "./tm4c123gh6pm_startup_ccs.obj" "./uart.obj" "./wifi.obj" "../tm4c123gh6pm.cmd"  -llibc.a -l"C:/ti/TivaWare_C_Series-2.1.2.111/driverlib/ccs/Debug/driverlib.lib" 
<Linking>
'\\MY.FILES.IASTATE.EDU\Users\jdanner\Desktop\GitHub\PrawnStars\Main Code\Lab 2\Debug'
CMD.EXE was started with the above path as the current directory.
UNC paths are not supported.  Defaulting to Windows directory.
'\\MY.FILES.IASTATE.EDU\Users\jdanner\Desktop\GitHub\PrawnStars\Main Code\Lab 2\Debug'
CMD.EXE was started with the above path as the current directory.
UNC paths are not supported.  Defaulting to Windows directory.
'\\MY.FILES.IASTATE.EDU\Users\jdanner\Desktop\GitHub\PrawnStars\Main Code\Lab 2\Debug'
CMD.EXE was started with the above path as the current directory.
UNC paths are not supported.  Defaulting to Windows directory.
'Finished building target: Lab 2.out'
' '
'\\MY.FILES.IASTATE.EDU\Users\jdanner\Desktop\GitHub\PrawnStars\Main Code\Lab 2\Debug'
CMD.EXE was started with the above path as the current directory.
UNC paths are not supported.  Defaulting to Windows directory.

**** Build Finished ****

**** Build of configuration Debug for project Lab 2 ****

"C:\\ti\\ccsv7\\utils\\bin\\gmake" -k -j 8 all -O 
'Building file: ../main.c'
'Invoking: ARM Compiler'
"C:/ti/ccsv7/tools/compiler/ti-cgt-arm_16.9.4.LTS/bin/armcl" -mv7M4 --code_state=16 --float_support=FPv4SPD16 -me --include_path="//MY.FILES.IASTATE.EDU/Users/jdanner/Desktop/GitHub/PrawnStars/Main Code/Lab 2" --include_path="C:/ti/TivaWare_C_Series-2.1.2.111" --include_path="C:/ti/ccsv7/tools/compiler/ti-cgt-arm_16.9.4.LTS/include" --define=ccs="ccs" --define=PART_TM4C123GH6PM -g --gcc --diag_warning=225 --diag_wrap=off --display_error_number --abi=eabi --preproc_with_compile --preproc_dependency="main.d_raw"  "../main.c"
'\\MY.FILES.IASTATE.EDU\Users\jdanner\Desktop\GitHub\PrawnStars\Main Code\Lab 2\Debug'
CMD.EXE was started with the above path as the current directory.
UNC paths are not supported.  Defaulting to Windows directory.
'\\MY.FILES.IASTATE.EDU\Users\jdanner\Desktop\GitHub\PrawnStars\Main Code\Lab 2\Debug'
CMD.EXE was started with the above path as the current directory.
UNC paths are not supported.  Defaulting to Windows directory.
"../main.c", line 25: warning #225-D: function "initialize" declared implicitly
"../main.c", line 35: warning #161-D: declaration is incompatible with previous "initialize" (declared at line 25)
'\\MY.FILES.IASTATE.EDU\Users\jdanner\Desktop\GitHub\PrawnStars\Main Code\Lab 2\Debug'
CMD.EXE was started with the above path as the current directory.
UNC paths are not supported.  Defaulting to Windows directory.
'\\MY.FILES.IASTATE.EDU\Users\jdanner\Desktop\GitHub\PrawnStars\Main Code\Lab 2\Debug'
CMD.EXE was started with the above path as the current directory.
UNC paths are not supported.  Defaulting to Windows directory.
'Finished building: ../main.c'
' '
'Building target: Lab 2.out'
'Invoking: ARM Linker'
"C:/ti/ccsv7/tools/compiler/ti-cgt-arm_16.9.4.LTS/bin/armcl" -mv7M4 --code_state=16 --float_support=FPv4SPD16 -me --define=ccs="ccs" --define=PART_TM4C123GH6PM -g --gcc --diag_warning=225 --diag_wrap=off --display_error_number --abi=eabi -z -m"Lab 2.map" --heap_size=1024 --stack_size=2048 -i"C:/ti/ccsv7/tools/compiler/ti-cgt-arm_16.9.4.LTS/lib" -i"C:/ti/ccsv7/tools/compiler/ti-cgt-arm_16.9.4.LTS/include" --reread_libs --diag_wrap=off --display_error_number --warn_sections --xml_link_info="Lab 2_linkInfo.xml" --rom_model -o "Lab 2.out" "./adc.obj" "./init.obj" "./lcd.obj" "./main.obj" "./movement.obj" "./open_interface.obj" "./servo.obj" "./sonar.obj" "./timer.obj" "./tm4c123gh6pm_startup_ccs.obj" "./uart.obj" "./wifi.obj" "../tm4c123gh6pm.cmd"  -llibc.a -l"C:/ti/TivaWare_C_Series-2.1.2.111/driverlib/ccs/Debug/driverlib.lib" 
<Linking>
'\\MY.FILES.IASTATE.EDU\Users\jdanner\Desktop\GitHub\PrawnStars\Main Code\Lab 2\Debug'
CMD.EXE was started with the above path as the current directory.
UNC paths are not supported.  Defaulting to Windows directory.
'\\MY.FILES.IASTATE.EDU\Users\jdanner\Desktop\GitHub\PrawnStars\Main Code\Lab 2\Debug'
CMD.EXE was started with the above path as the current directory.
UNC paths are not supported.  Defaulting to Windows directory.
'\\MY.FILES.IASTATE.EDU\Users\jdanner\Desktop\GitHub\PrawnStars\Main Code\Lab 2\Debug'
CMD.EXE was started with the above path as the current directory.
UNC paths are not supported.  Defaulting to Windows directory.
'Finished building target: Lab 2.out'
' '
'\\MY.FILES.IASTATE.EDU\Users\jdanner\Desktop\GitHub\PrawnStars\Main Code\Lab 2\Debug'
CMD.EXE was started with the above path as the current directory.
UNC paths are not supported.  Defaulting to Windows directory.

**** Build Finished ****

**** Build of configuration Debug for project Lab 2 ****

"C:\\ti\\ccsv7\\utils\\bin\\gmake" -k -j 8 all -O 
gmake[1]: 'Lab 2.out' is up to date.

**** Build Finished ****

**** Build of configuration Debug for project Lab 2 ****

"C:\\ti\\ccsv7\\utils\\bin\\gmake" -k -j 8 all -O 
'Building file: ../main.c'
'Invoking: ARM Compiler'
"C:/ti/ccsv7/tools/compiler/ti-cgt-arm_16.9.4.LTS/bin/armcl" -mv7M4 --code_state=16 --float_support=FPv4SPD16 -me --include_path="//MY.FILES.IASTATE.EDU/Users/jdanner/Desktop/GitHub/PrawnStars/Main Code/Lab 2" --include_path="C:/ti/TivaWare_C_Series-2.1.2.111" --include_path="C:/ti/ccsv7/tools/compiler/ti-cgt-arm_16.9.4.LTS/include" --define=ccs="ccs" --define=PART_TM4C123GH6PM -g --gcc --diag_warning=225 --diag_wrap=off --display_error_number --abi=eabi --preproc_with_compile --preproc_dependency="main.d_raw"  "../main.c"
'\\MY.FILES.IASTATE.EDU\Users\jdanner\Desktop\GitHub\PrawnStars\Main Code\Lab 2\Debug'
CMD.EXE was started with the above path as the current directory.
UNC paths are not supported.  Defaulting to Windows directory.
'\\MY.FILES.IASTATE.EDU\Users\jdanner\Desktop\GitHub\PrawnStars\Main Code\Lab 2\Debug'
CMD.EXE was started with the above path as the current directory.
UNC paths are not supported.  Defaulting to Windows directory.
"../main.c", line 25: warning #225-D: function "initialize" declared implicitly
"../main.c", line 35: warning #161-D: declaration is incompatible with previous "initialize" (declared at line 25)
'\\MY.FILES.IASTATE.EDU\Users\jdanner\Desktop\GitHub\PrawnStars\Main Code\Lab 2\Debug'
CMD.EXE was started with the above path as the current directory.
UNC paths are not supported.  Defaulting to Windows directory.
'\\MY.FILES.IASTATE.EDU\Users\jdanner\Desktop\GitHub\PrawnStars\Main Code\Lab 2\Debug'
CMD.EXE was started with the above path as the current directory.
UNC paths are not supported.  Defaulting to Windows directory.
'Finished building: ../main.c'
' '
'Building target: Lab 2.out'
'Invoking: ARM Linker'
"C:/ti/ccsv7/tools/compiler/ti-cgt-arm_16.9.4.LTS/bin/armcl" -mv7M4 --code_state=16 --float_support=FPv4SPD16 -me --define=ccs="ccs" --define=PART_TM4C123GH6PM -g --gcc --diag_warning=225 --diag_wrap=off --display_error_number --abi=eabi -z -m"Lab 2.map" --heap_size=1024 --stack_size=2048 -i"C:/ti/ccsv7/tools/compiler/ti-cgt-arm_16.9.4.LTS/lib" -i"C:/ti/ccsv7/tools/compiler/ti-cgt-arm_16.9.4.LTS/include" --reread_libs --diag_wrap=off --display_error_number --warn_sections --xml_link_info="Lab 2_linkInfo.xml" --rom_model -o "Lab 2.out" "./adc.obj" "./init.obj" "./lcd.obj" "./main.obj" "./movement.obj" "./open_interface.obj" "./servo.obj" "./sonar.obj" "./timer.obj" "./tm4c123gh6pm_startup_ccs.obj" "./uart.obj" "./wifi.obj" "../tm4c123gh6pm.cmd"  -llibc.a -l"C:/ti/TivaWare_C_Series-2.1.2.111/driverlib/ccs/Debug/driverlib.lib" 
<Linking>
'\\MY.FILES.IASTATE.EDU\Users\jdanner\Desktop\GitHub\PrawnStars\Main Code\Lab 2\Debug'
CMD.EXE was started with the above path as the current directory.
UNC paths are not supported.  Defaulting to Windows directory.
'\\MY.FILES.IASTATE.EDU\Users\jdanner\Desktop\GitHub\PrawnStars\Main Code\Lab 2\Debug'
CMD.EXE was started with the above path as the current directory.
UNC paths are not supported.  Defaulting to Windows directory.
'\\MY.FILES.IASTATE.EDU\Users\jdanner\Desktop\GitHub\PrawnStars\Main Code\Lab 2\Debug'
CMD.EXE was started with the above path as the current directory.
UNC paths are not supported.  Defaulting to Windows directory.
'Finished building target: Lab 2.out'
' '
'\\MY.FILES.IASTATE.EDU\Users\jdanner\Desktop\GitHub\PrawnStars\Main Code\Lab 2\Debug'
CMD.EXE was started with the above path as the current directory.
UNC paths are not supported.  Defaulting to Windows directory.

**** Build Finished ****

**** Build of configuration Debug for project Lab 2 ****

"C:\\ti\\ccsv7\\utils\\bin\\gmake" -k -j 8 all -O 
gmake[1]: 'Lab 2.out' is up to date.

**** Build Finished ****

**** Build of configuration Debug for project Lab 2 ****

"C:\\ti\\ccsv7\\utils\\bin\\gmake" -k -j 8 all -O 
gmake[1]: 'Lab 2.out' is up to date.

**** Build Finished ****

**** Build of configuration Debug for project Lab 2 ****

"C:\\ti\\ccsv7\\utils\\bin\\gmake" -k -j 8 all -O 
'Building file: ../wifi.c'
'Invoking: ARM Compiler'
"C:/ti/ccsv7/tools/compiler/ti-cgt-arm_16.9.4.LTS/bin/armcl" -mv7M4 --code_state=16 --float_support=FPv4SPD16 -me --include_path="//MY.FILES.IASTATE.EDU/Users/jdanner/Desktop/GitHub/PrawnStars/Main Code/Lab 2" --include_path="C:/ti/TivaWare_C_Series-2.1.2.111" --include_path="C:/ti/ccsv7/tools/compiler/ti-cgt-arm_16.9.4.LTS/include" --define=ccs="ccs" --define=PART_TM4C123GH6PM -g --gcc --diag_warning=225 --diag_wrap=off --display_error_number --abi=eabi --preproc_with_compile --preproc_dependency="wifi.d_raw"  "../wifi.c"

>> Compilation failure
subdir_rules.mk:86: recipe for target 'wifi.obj' failed
'\\MY.FILES.IASTATE.EDU\Users\jdanner\Desktop\GitHub\PrawnStars\Main Code\Lab 2\Debug'
CMD.EXE was started with the above path as the current directory.
UNC paths are not supported.  Defaulting to Windows directory.
'\\MY.FILES.IASTATE.EDU\Users\jdanner\Desktop\GitHub\PrawnStars\Main Code\Lab 2\Debug'
CMD.EXE was started with the above path as the current directory.
UNC paths are not supported.  Defaulting to Windows directory.
"../wifi.c", line 34: error #148: declaration is incompatible with "int WiFi_start(char *)" (declared at line 16 of "..\wifi.h")
"../wifi.c", line 46: error #167: too few arguments in function call
2 errors detected in the compilation of "../wifi.c".
gmake: *** [wifi.obj] Error 1
gmake: Target 'all' not remade because of errors.

**** Build Finished ****

**** Build of configuration Debug for project Lab 2 ****

"C:\\ti\\ccsv7\\utils\\bin\\gmake" -k -j 8 all -O 
'Building file: ../wifi.c'
'Invoking: ARM Compiler'
"C:/ti/ccsv7/tools/compiler/ti-cgt-arm_16.9.4.LTS/bin/armcl" -mv7M4 --code_state=16 --float_support=FPv4SPD16 -me --include_path="//MY.FILES.IASTATE.EDU/Users/jdanner/Desktop/GitHub/PrawnStars/Main Code/Lab 2" --include_path="C:/ti/TivaWare_C_Series-2.1.2.111" --include_path="C:/ti/ccsv7/tools/compiler/ti-cgt-arm_16.9.4.LTS/include" --define=ccs="ccs" --define=PART_TM4C123GH6PM -g --gcc --diag_warning=225 --diag_wrap=off --display_error_number --abi=eabi --preproc_with_compile --preproc_dependency="wifi.d_raw"  "../wifi.c"

>> Compilation failure
subdir_rules.mk:86: recipe for target 'wifi.obj' failed
'\\MY.FILES.IASTATE.EDU\Users\jdanner\Desktop\GitHub\PrawnStars\Main Code\Lab 2\Debug'
CMD.EXE was started with the above path as the current directory.
UNC paths are not supported.  Defaulting to Windows directory.
'\\MY.FILES.IASTATE.EDU\Users\jdanner\Desktop\GitHub\PrawnStars\Main Code\Lab 2\Debug'
CMD.EXE was started with the above path as the current directory.
UNC paths are not supported.  Defaulting to Windows directory.
"../wifi.c", line 34: error #148: declaration is incompatible with "int WiFi_start(char *)" (declared at line 16 of "..\wifi.h")
1 error detected in the compilation of "../wifi.c".
gmake: *** [wifi.obj] Error 1
gmake: Target 'all' not remade because of errors.

**** Build Finished ****

**** Build of configuration Debug for project Lab 2 ****

"C:\\ti\\ccsv7\\utils\\bin\\gmake" -k -j 8 all -O 
'Building file: ../wifi.c'
'Invoking: ARM Compiler'
"C:/ti/ccsv7/tools/compiler/ti-cgt-arm_16.9.4.LTS/bin/armcl" -mv7M4 --code_state=16 --float_support=FPv4SPD16 -me --include_path="//MY.FILES.IASTATE.EDU/Users/jdanner/Desktop/GitHub/PrawnStars/Main Code/Lab 2" --include_path="C:/ti/TivaWare_C_Series-2.1.2.111" --include_path="C:/ti/ccsv7/tools/compiler/ti-cgt-arm_16.9.4.LTS/include" --define=ccs="ccs" --define=PART_TM4C123GH6PM -g --gcc --diag_warning=225 --diag_wrap=off --display_error_number --abi=eabi --preproc_with_compile --preproc_dependency="wifi.d_raw"  "../wifi.c"
'\\MY.FILES.IASTATE.EDU\Users\jdanner\Desktop\GitHub\PrawnStars\Main Code\Lab 2\Debug'
CMD.EXE was started with the above path as the current directory.
UNC paths are not supported.  Defaulting to Windows directory.
'\\MY.FILES.IASTATE.EDU\Users\jdanner\Desktop\GitHub\PrawnStars\Main Code\Lab 2\Debug'
CMD.EXE was started with the above path as the current directory.
UNC paths are not supported.  Defaulting to Windows directory.
'\\MY.FILES.IASTATE.EDU\Users\jdanner\Desktop\GitHub\PrawnStars\Main Code\Lab 2\Debug'
CMD.EXE was started with the above path as the current directory.
UNC paths are not supported.  Defaulting to Windows directory.
'\\MY.FILES.IASTATE.EDU\Users\jdanner\Desktop\GitHub\PrawnStars\Main Code\Lab 2\Debug'
CMD.EXE was started with the above path as the current directory.
UNC paths are not supported.  Defaulting to Windows directory.
'Finished building: ../wifi.c'
' '
'Building file: ../main.c'
'Invoking: ARM Compiler'
"C:/ti/ccsv7/tools/compiler/ti-cgt-arm_16.9.4.LTS/bin/armcl" -mv7M4 --code_state=16 --float_support=FPv4SPD16 -me --include_path="//MY.FILES.IASTATE.EDU/Users/jdanner/Desktop/GitHub/PrawnStars/Main Code/Lab 2" --include_path="C:/ti/TivaWare_C_Series-2.1.2.111" --include_path="C:/ti/ccsv7/tools/compiler/ti-cgt-arm_16.9.4.LTS/include" --define=ccs="ccs" --define=PART_TM4C123GH6PM -g --gcc --diag_warning=225 --diag_wrap=off --display_error_number --abi=eabi --preproc_with_compile --preproc_dependency="main.d_raw"  "../main.c"
'\\MY.FILES.IASTATE.EDU\Users\jdanner\Desktop\GitHub\PrawnStars\Main Code\Lab 2\Debug'
CMD.EXE was started with the above path as the current directory.
UNC paths are not supported.  Defaulting to Windows directory.
'\\MY.FILES.IASTATE.EDU\Users\jdanner\Desktop\GitHub\PrawnStars\Main Code\Lab 2\Debug'
CMD.EXE was started with the above path as the current directory.
UNC paths are not supported.  Defaulting to Windows directory.
"../main.c", line 25: warning #225-D: function "initialize" declared implicitly
"../main.c", line 35: warning #161-D: declaration is incompatible with previous "initialize" (declared at line 25)
'\\MY.FILES.IASTATE.EDU\Users\jdanner\Desktop\GitHub\PrawnStars\Main Code\Lab 2\Debug'
CMD.EXE was started with the above path as the current directory.
UNC paths are not supported.  Defaulting to Windows directory.
'\\MY.FILES.IASTATE.EDU\Users\jdanner\Desktop\GitHub\PrawnStars\Main Code\Lab 2\Debug'
CMD.EXE was started with the above path as the current directory.
UNC paths are not supported.  Defaulting to Windows directory.
'Finished building: ../main.c'
' '
'Building target: Lab 2.out'
'Invoking: ARM Linker'
"C:/ti/ccsv7/tools/compiler/ti-cgt-arm_16.9.4.LTS/bin/armcl" -mv7M4 --code_state=16 --float_support=FPv4SPD16 -me --define=ccs="ccs" --define=PART_TM4C123GH6PM -g --gcc --diag_warning=225 --diag_wrap=off --display_error_number --abi=eabi -z -m"Lab 2.map" --heap_size=1024 --stack_size=2048 -i"C:/ti/ccsv7/tools/compiler/ti-cgt-arm_16.9.4.LTS/lib" -i"C:/ti/ccsv7/tools/compiler/ti-cgt-arm_16.9.4.LTS/include" --reread_libs --diag_wrap=off --display_error_number --warn_sections --xml_link_info="Lab 2_linkInfo.xml" --rom_model -o "Lab 2.out" "./adc.obj" "./init.obj" "./lcd.obj" "./main.obj" "./movement.obj" "./open_interface.obj" "./servo.obj" "./sonar.obj" "./timer.obj" "./tm4c123gh6pm_startup_ccs.obj" "./uart.obj" "./wifi.obj" "../tm4c123gh6pm.cmd"  -llibc.a -l"C:/ti/TivaWare_C_Series-2.1.2.111/driverlib/ccs/Debug/driverlib.lib" 
<Linking>
'\\MY.FILES.IASTATE.EDU\Users\jdanner\Desktop\GitHub\PrawnStars\Main Code\Lab 2\Debug'
CMD.EXE was started with the above path as the current directory.
UNC paths are not supported.  Defaulting to Windows directory.
'\\MY.FILES.IASTATE.EDU\Users\jdanner\Desktop\GitHub\PrawnStars\Main Code\Lab 2\Debug'
CMD.EXE was started with the above path as the current directory.
UNC paths are not supported.  Defaulting to Windows directory.
'\\MY.FILES.IASTATE.EDU\Users\jdanner\Desktop\GitHub\PrawnStars\Main Code\Lab 2\Debug'
CMD.EXE was started with the above path as the current directory.
UNC paths are not supported.  Defaulting to Windows directory.
'Finished building target: Lab 2.out'
' '
'\\MY.FILES.IASTATE.EDU\Users\jdanner\Desktop\GitHub\PrawnStars\Main Code\Lab 2\Debug'
CMD.EXE was started with the above path as the current directory.
UNC paths are not supported.  Defaulting to Windows directory.

**** Build Finished ****

**** Build of configuration Debug for project Lab 2 ****

"C:\\ti\\ccsv7\\utils\\bin\\gmake" -k -j 8 all -O 
gmake[1]: 'Lab 2.out' is up to date.

**** Build Finished ****

**** Build of configuration Debug for project Lab 2 ****

"C:\\ti\\ccsv7\\utils\\bin\\gmake" -k -j 8 all -O 
gmake[1]: 'Lab 2.out' is up to date.

**** Build Finished ****

**** Build of configuration Debug for project Lab 2 ****

"C:\\ti\\ccsv7\\utils\\bin\\gmake" -k -j 8 all -O 
gmake[1]: 'Lab 2.out' is up to date.

**** Build Finished ****

**** Build of configuration Debug for project Lab 2 ****

"C:\\ti\\ccsv7\\utils\\bin\\gmake" -k -j 8 all -O 
gmake[1]: 'Lab 2.out' is up to date.

**** Build Finished ****

**** Build of configuration Debug for project Lab 2 ****

"C:\\ti\\ccsv7\\utils\\bin\\gmake" -k -j 8 all -O 
'Building file: ../main.c'
'Invoking: ARM Compiler'
"C:/ti/ccsv7/tools/compiler/ti-cgt-arm_16.9.4.LTS/bin/armcl" -mv7M4 --code_state=16 --float_support=FPv4SPD16 -me --include_path="U:/Desktop/GitHub/PrawnStars/Main Code/Lab 2" --include_path="C:/ti/TivaWare_C_Series-2.1.2.111" --include_path="C:/ti/ccsv7/tools/compiler/ti-cgt-arm_16.9.4.LTS/include" --define=ccs="ccs" --define=PART_TM4C123GH6PM -g --gcc --diag_warning=225 --diag_wrap=off --display_error_number --abi=eabi --preproc_with_compile --preproc_dependency="main.d_raw"  "../main.c"
"../main.c", line 25: warning #225-D: function "initialize" declared implicitly
"../main.c", line 35: warning #161-D: declaration is incompatible with previous "initialize" (declared at line 25)
'Finished building: ../main.c'
' '
'Building target: Lab 2.out'
'Invoking: ARM Linker'
"C:/ti/ccsv7/tools/compiler/ti-cgt-arm_16.9.4.LTS/bin/armcl" -mv7M4 --code_state=16 --float_support=FPv4SPD16 -me --define=ccs="ccs" --define=PART_TM4C123GH6PM -g --gcc --diag_warning=225 --diag_wrap=off --display_error_number --abi=eabi -z -m"Lab 2.map" --heap_size=1024 --stack_size=2048 -i"C:/ti/ccsv7/tools/compiler/ti-cgt-arm_16.9.4.LTS/lib" -i"C:/ti/ccsv7/tools/compiler/ti-cgt-arm_16.9.4.LTS/include" --reread_libs --diag_wrap=off --display_error_number --warn_sections --xml_link_info="Lab 2_linkInfo.xml" --rom_model -o "Lab 2.out" "./adc.obj" "./init.obj" "./lcd.obj" "./main.obj" "./movement.obj" "./open_interface.obj" "./servo.obj" "./sonar.obj" "./timer.obj" "./tm4c123gh6pm_startup_ccs.obj" "./uart.obj" "./wifi.obj" "../tm4c123gh6pm.cmd"  -llibc.a -l"C:/ti/TivaWare_C_Series-2.1.2.111/driverlib/ccs/Debug/driverlib.lib" 
<Linking>
'Finished building target: Lab 2.out'
' '

**** Build Finished ****

**** Build of configuration Debug for project Lab 2 ****

"C:\\ti\\ccsv7\\utils\\bin\\gmake" -k -j 8 all -O 
gmake[1]: 'Lab 2.out' is up to date.

**** Build Finished ****

**** Build of configuration Debug for project Lab 2 ****

"C:\\ti\\ccsv7\\utils\\bin\\gmake" -k -j 8 all -O 
gmake[1]: 'Lab 2.out' is up to date.

**** Build Finished ****

**** Build of configuration Debug for project Lab 2 ****

"C:\\ti\\ccsv7\\utils\\bin\\gmake" -k -j 8 all -O 
gmake[1]: 'Lab 2.out' is up to date.

**** Build Finished ****

**** Build of configuration Debug for project Lab 2 ****

"C:\\ti\\ccsv7\\utils\\bin\\gmake" -k -j 8 all -O 
gmake[1]: 'Lab 2.out' is up to date.

**** Build Finished ****
