
**** Build of configuration Debug for project Lab 2 ****

"C:\\ti\\ccsv7\\utils\\bin\\gmake" -k -j 8 all -O 
'Building file: ../lcd.c'
'Invoking: ARM Compiler'
"C:/ti/ccsv7/tools/compiler/ti-cgt-arm_16.9.1.LTS/bin/armcl" -mv7M4 --code_state=16 --float_support=FPv4SPD16 -me --include_path="U:/CprE 288/Lab2/Lab 2" --include_path="C:/ti/ccsv7/tools/compiler/ti-cgt-arm_16.9.1.LTS/include" --preinclude="C:/ti/TivaWare_C_Series-2.1.2.111" --define=ccs="ccs" --define=PART_TM4C123GH6PM -g --gcc --diag_warning=225 --diag_wrap=off --display_error_number --abi=eabi --preproc_with_compile --preproc_dependency="lcd.d"  "../lcd.c"

>> Compilation failure
subdir_rules.mk:9: recipe for target 'lcd.obj' failed
Fatal error #1966: cannot open source file "C:/ti/TivaWare_C_Series-2.1.2.111": Invalid argument
1 catastrophic error detected in the compilation of "../lcd.c".
Compilation terminated.
gmake: *** [lcd.obj] Error 1
'Building file: ../main.c'
'Invoking: ARM Compiler'
"C:/ti/ccsv7/tools/compiler/ti-cgt-arm_16.9.1.LTS/bin/armcl" -mv7M4 --code_state=16 --float_support=FPv4SPD16 -me --include_path="U:/CprE 288/Lab2/Lab 2" --include_path="C:/ti/ccsv7/tools/compiler/ti-cgt-arm_16.9.1.LTS/include" --preinclude="C:/ti/TivaWare_C_Series-2.1.2.111" --define=ccs="ccs" --define=PART_TM4C123GH6PM -g --gcc --diag_warning=225 --diag_wrap=off --display_error_number --abi=eabi --preproc_with_compile --preproc_dependency="main.d"  "../main.c"

>> Compilation failure
subdir_rules.mk:16: recipe for target 'main.obj' failed
Fatal error #1966: cannot open source file "C:/ti/TivaWare_C_Series-2.1.2.111": Invalid argument
1 catastrophic error detected in the compilation of "../main.c".
Compilation terminated.
gmake: *** [main.obj] Error 1
'Building file: ../timer.c'
'Invoking: ARM Compiler'
"C:/ti/ccsv7/tools/compiler/ti-cgt-arm_16.9.1.LTS/bin/armcl" -mv7M4 --code_state=16 --float_support=FPv4SPD16 -me --include_path="U:/CprE 288/Lab2/Lab 2" --include_path="C:/ti/ccsv7/tools/compiler/ti-cgt-arm_16.9.1.LTS/include" --preinclude="C:/ti/TivaWare_C_Series-2.1.2.111" --define=ccs="ccs" --define=PART_TM4C123GH6PM -g --gcc --diag_warning=225 --diag_wrap=off --display_error_number --abi=eabi --preproc_with_compile --preproc_dependency="timer.d"  "../timer.c"

>> Compilation failure
subdir_rules.mk:30: recipe for target 'timer.obj' failed
Fatal error #1966: cannot open source file "C:/ti/TivaWare_C_Series-2.1.2.111": Invalid argument
1 catastrophic error detected in the compilation of "../timer.c".
Compilation terminated.
gmake: *** [timer.obj] Error 1
'Building file: ../open_interface.c'
'Invoking: ARM Compiler'
"C:/ti/ccsv7/tools/compiler/ti-cgt-arm_16.9.1.LTS/bin/armcl" -mv7M4 --code_state=16 --float_support=FPv4SPD16 -me --include_path="U:/CprE 288/Lab2/Lab 2" --include_path="C:/ti/ccsv7/tools/compiler/ti-cgt-arm_16.9.1.LTS/include" --preinclude="C:/ti/TivaWare_C_Series-2.1.2.111" --define=ccs="ccs" --define=PART_TM4C123GH6PM -g --gcc --diag_warning=225 --diag_wrap=off --display_error_number --abi=eabi --preproc_with_compile --preproc_dependency="open_interface.d"  "../open_interface.c"

>> Compilation failure
subdir_rules.mk:23: recipe for target 'open_interface.obj' failed
Fatal error #1966: cannot open source file "C:/ti/TivaWare_C_Series-2.1.2.111": Invalid argument
1 catastrophic error detected in the compilation of "../open_interface.c".
Compilation terminated.
gmake: *** [open_interface.obj] Error 1
'Building file: ../tm4c123gh6pm_startup_ccs.c'
'Invoking: ARM Compiler'
"C:/ti/ccsv7/tools/compiler/ti-cgt-arm_16.9.1.LTS/bin/armcl" -mv7M4 --code_state=16 --float_support=FPv4SPD16 -me --include_path="U:/CprE 288/Lab2/Lab 2" --include_path="C:/ti/ccsv7/tools/compiler/ti-cgt-arm_16.9.1.LTS/include" --preinclude="C:/ti/TivaWare_C_Series-2.1.2.111" --define=ccs="ccs" --define=PART_TM4C123GH6PM -g --gcc --diag_warning=225 --diag_wrap=off --display_error_number --abi=eabi --preproc_with_compile --preproc_dependency="tm4c123gh6pm_startup_ccs.d"  "../tm4c123gh6pm_startup_ccs.c"

>> Compilation failure
subdir_rules.mk:37: recipe for target 'tm4c123gh6pm_startup_ccs.obj' failed
Fatal error #1966: cannot open source file "C:/ti/TivaWare_C_Series-2.1.2.111": Invalid argument
1 catastrophic error detected in the compilation of "../tm4c123gh6pm_startup_ccs.c".
Compilation terminated.
gmake: *** [tm4c123gh6pm_startup_ccs.obj] Error 1
gmake: Target 'all' not remade because of errors.

**** Build Finished ****

**** Build of configuration Debug for project Lab 2 ****

"C:\\ti\\ccsv7\\utils\\bin\\gmake" -k -j 8 all -O 
'Building file: ../lcd.c'
'Invoking: ARM Compiler'
"C:/ti/ccsv7/tools/compiler/ti-cgt-arm_16.9.1.LTS/bin/armcl" -mv7M4 --code_state=16 --float_support=FPv4SPD16 -me --include_path="U:/CprE 288/Lab2/Lab 2" --include_path="C:/ti/TivaWar_C_Series-2.1.2.111" --include_path="C:/ti/ccsv7/tools/compiler/ti-cgt-arm_16.9.1.LTS/include" --preinclude="C:/ti/TivaWare_C_Series-2.1.2.111" --define=ccs="ccs" --define=PART_TM4C123GH6PM -g --gcc --diag_warning=225 --diag_wrap=off --display_error_number --abi=eabi --preproc_with_compile --preproc_dependency="lcd.d"  "../lcd.c"

>> Compilation failure
subdir_rules.mk:9: recipe for target 'lcd.obj' failed
Fatal error #1966: cannot open source file "C:/ti/TivaWare_C_Series-2.1.2.111": Invalid argument
1 catastrophic error detected in the compilation of "../lcd.c".
Compilation terminated.
gmake: *** [lcd.obj] Error 1
'Building file: ../main.c'
'Invoking: ARM Compiler'
"C:/ti/ccsv7/tools/compiler/ti-cgt-arm_16.9.1.LTS/bin/armcl" -mv7M4 --code_state=16 --float_support=FPv4SPD16 -me --include_path="U:/CprE 288/Lab2/Lab 2" --include_path="C:/ti/TivaWar_C_Series-2.1.2.111" --include_path="C:/ti/ccsv7/tools/compiler/ti-cgt-arm_16.9.1.LTS/include" --preinclude="C:/ti/TivaWare_C_Series-2.1.2.111" --define=ccs="ccs" --define=PART_TM4C123GH6PM -g --gcc --diag_warning=225 --diag_wrap=off --display_error_number --abi=eabi --preproc_with_compile --preproc_dependency="main.d"  "../main.c"

>> Compilation failure
subdir_rules.mk:16: recipe for target 'main.obj' failed
Fatal error #1966: cannot open source file "C:/ti/TivaWare_C_Series-2.1.2.111": Invalid argument
1 catastrophic error detected in the compilation of "../main.c".
Compilation terminated.
gmake: *** [main.obj] Error 1
'Building file: ../open_interface.c'
'Invoking: ARM Compiler'
"C:/ti/ccsv7/tools/compiler/ti-cgt-arm_16.9.1.LTS/bin/armcl" -mv7M4 --code_state=16 --float_support=FPv4SPD16 -me --include_path="U:/CprE 288/Lab2/Lab 2" --include_path="C:/ti/TivaWar_C_Series-2.1.2.111" --include_path="C:/ti/ccsv7/tools/compiler/ti-cgt-arm_16.9.1.LTS/include" --preinclude="C:/ti/TivaWare_C_Series-2.1.2.111" --define=ccs="ccs" --define=PART_TM4C123GH6PM -g --gcc --diag_warning=225 --diag_wrap=off --display_error_number --abi=eabi --preproc_with_compile --preproc_dependency="open_interface.d"  "../open_interface.c"

>> Compilation failure
subdir_rules.mk:23: recipe for target 'open_interface.obj' failed
Fatal error #1966: cannot open source file "C:/ti/TivaWare_C_Series-2.1.2.111": Invalid argument
1 catastrophic error detected in the compilation of "../open_interface.c".
Compilation terminated.
gmake: *** [open_interface.obj] Error 1
'Building file: ../timer.c'
'Invoking: ARM Compiler'
"C:/ti/ccsv7/tools/compiler/ti-cgt-arm_16.9.1.LTS/bin/armcl" -mv7M4 --code_state=16 --float_support=FPv4SPD16 -me --include_path="U:/CprE 288/Lab2/Lab 2" --include_path="C:/ti/TivaWar_C_Series-2.1.2.111" --include_path="C:/ti/ccsv7/tools/compiler/ti-cgt-arm_16.9.1.LTS/include" --preinclude="C:/ti/TivaWare_C_Series-2.1.2.111" --define=ccs="ccs" --define=PART_TM4C123GH6PM -g --gcc --diag_warning=225 --diag_wrap=off --display_error_number --abi=eabi --preproc_with_compile --preproc_dependency="timer.d"  "../timer.c"

>> Compilation failure
subdir_rules.mk:30: recipe for target 'timer.obj' failed
Fatal error #1966: cannot open source file "C:/ti/TivaWare_C_Series-2.1.2.111": Invalid argument
1 catastrophic error detected in the compilation of "../timer.c".
Compilation terminated.
gmake: *** [timer.obj] Error 1
'Building file: ../tm4c123gh6pm_startup_ccs.c'
'Invoking: ARM Compiler'
"C:/ti/ccsv7/tools/compiler/ti-cgt-arm_16.9.1.LTS/bin/armcl" -mv7M4 --code_state=16 --float_support=FPv4SPD16 -me --include_path="U:/CprE 288/Lab2/Lab 2" --include_path="C:/ti/TivaWar_C_Series-2.1.2.111" --include_path="C:/ti/ccsv7/tools/compiler/ti-cgt-arm_16.9.1.LTS/include" --preinclude="C:/ti/TivaWare_C_Series-2.1.2.111" --define=ccs="ccs" --define=PART_TM4C123GH6PM -g --gcc --diag_warning=225 --diag_wrap=off --display_error_number --abi=eabi --preproc_with_compile --preproc_dependency="tm4c123gh6pm_startup_ccs.d"  "../tm4c123gh6pm_startup_ccs.c"

>> Compilation failure
subdir_rules.mk:37: recipe for target 'tm4c123gh6pm_startup_ccs.obj' failed
Fatal error #1966: cannot open source file "C:/ti/TivaWare_C_Series-2.1.2.111": Invalid argument
1 catastrophic error detected in the compilation of "../tm4c123gh6pm_startup_ccs.c".
Compilation terminated.
gmake: *** [tm4c123gh6pm_startup_ccs.obj] Error 1
gmake: Target 'all' not remade because of errors.

**** Build Finished ****

**** Build of configuration Debug for project Lab 2 ****

"C:\\ti\\ccsv7\\utils\\bin\\gmake" -k -j 8 all -O 
'Building file: ../main.c'
'Invoking: ARM Compiler'
"C:/ti/ccsv7/tools/compiler/ti-cgt-arm_16.9.1.LTS/bin/armcl" -mv7M4 --code_state=16 --float_support=FPv4SPD16 -me --include_path="U:/CprE 288/Lab2/Lab 2" --include_path="C:/ti/TivaWare_C_Series-2.1.2.111" --include_path="C:/ti/ccsv7/tools/compiler/ti-cgt-arm_16.9.1.LTS/include" --preinclude="C:/ti/TivaWare_C_Series-2.1.2.111" --define=ccs="ccs" --define=PART_TM4C123GH6PM -g --gcc --diag_warning=225 --diag_wrap=off --display_error_number --abi=eabi --preproc_with_compile --preproc_dependency="main.d"  "../main.c"

>> Compilation failure
subdir_rules.mk:16: recipe for target 'main.obj' failed
Fatal error #1966: cannot open source file "C:/ti/TivaWare_C_Series-2.1.2.111": Invalid argument
1 catastrophic error detected in the compilation of "../main.c".
Compilation terminated.
gmake: *** [main.obj] Error 1
'Building file: ../lcd.c'
'Invoking: ARM Compiler'
"C:/ti/ccsv7/tools/compiler/ti-cgt-arm_16.9.1.LTS/bin/armcl" -mv7M4 --code_state=16 --float_support=FPv4SPD16 -me --include_path="U:/CprE 288/Lab2/Lab 2" --include_path="C:/ti/TivaWare_C_Series-2.1.2.111" --include_path="C:/ti/ccsv7/tools/compiler/ti-cgt-arm_16.9.1.LTS/include" --preinclude="C:/ti/TivaWare_C_Series-2.1.2.111" --define=ccs="ccs" --define=PART_TM4C123GH6PM -g --gcc --diag_warning=225 --diag_wrap=off --display_error_number --abi=eabi --preproc_with_compile --preproc_dependency="lcd.d"  "../lcd.c"

>> Compilation failure
subdir_rules.mk:9: recipe for target 'lcd.obj' failed
Fatal error #1966: cannot open source file "C:/ti/TivaWare_C_Series-2.1.2.111": Invalid argument
1 catastrophic error detected in the compilation of "../lcd.c".
Compilation terminated.
gmake: *** [lcd.obj] Error 1
'Building file: ../timer.c'
'Invoking: ARM Compiler'
"C:/ti/ccsv7/tools/compiler/ti-cgt-arm_16.9.1.LTS/bin/armcl" -mv7M4 --code_state=16 --float_support=FPv4SPD16 -me --include_path="U:/CprE 288/Lab2/Lab 2" --include_path="C:/ti/TivaWare_C_Series-2.1.2.111" --include_path="C:/ti/ccsv7/tools/compiler/ti-cgt-arm_16.9.1.LTS/include" --preinclude="C:/ti/TivaWare_C_Series-2.1.2.111" --define=ccs="ccs" --define=PART_TM4C123GH6PM -g --gcc --diag_warning=225 --diag_wrap=off --display_error_number --abi=eabi --preproc_with_compile --preproc_dependency="timer.d"  "../timer.c"

>> Compilation failure
subdir_rules.mk:30: recipe for target 'timer.obj' failed
Fatal error #1966: cannot open source file "C:/ti/TivaWare_C_Series-2.1.2.111": Invalid argument
1 catastrophic error detected in the compilation of "../timer.c".
Compilation terminated.
gmake: *** [timer.obj] Error 1
'Building file: ../open_interface.c'
'Invoking: ARM Compiler'
"C:/ti/ccsv7/tools/compiler/ti-cgt-arm_16.9.1.LTS/bin/armcl" -mv7M4 --code_state=16 --float_support=FPv4SPD16 -me --include_path="U:/CprE 288/Lab2/Lab 2" --include_path="C:/ti/TivaWare_C_Series-2.1.2.111" --include_path="C:/ti/ccsv7/tools/compiler/ti-cgt-arm_16.9.1.LTS/include" --preinclude="C:/ti/TivaWare_C_Series-2.1.2.111" --define=ccs="ccs" --define=PART_TM4C123GH6PM -g --gcc --diag_warning=225 --diag_wrap=off --display_error_number --abi=eabi --preproc_with_compile --preproc_dependency="open_interface.d"  "../open_interface.c"

>> Compilation failure
subdir_rules.mk:23: recipe for target 'open_interface.obj' failed
Fatal error #1966: cannot open source file "C:/ti/TivaWare_C_Series-2.1.2.111": Invalid argument
1 catastrophic error detected in the compilation of "../open_interface.c".
Compilation terminated.
gmake: *** [open_interface.obj] Error 1
'Building file: ../tm4c123gh6pm_startup_ccs.c'
'Invoking: ARM Compiler'
"C:/ti/ccsv7/tools/compiler/ti-cgt-arm_16.9.1.LTS/bin/armcl" -mv7M4 --code_state=16 --float_support=FPv4SPD16 -me --include_path="U:/CprE 288/Lab2/Lab 2" --include_path="C:/ti/TivaWare_C_Series-2.1.2.111" --include_path="C:/ti/ccsv7/tools/compiler/ti-cgt-arm_16.9.1.LTS/include" --preinclude="C:/ti/TivaWare_C_Series-2.1.2.111" --define=ccs="ccs" --define=PART_TM4C123GH6PM -g --gcc --diag_warning=225 --diag_wrap=off --display_error_number --abi=eabi --preproc_with_compile --preproc_dependency="tm4c123gh6pm_startup_ccs.d"  "../tm4c123gh6pm_startup_ccs.c"

>> Compilation failure
subdir_rules.mk:37: recipe for target 'tm4c123gh6pm_startup_ccs.obj' failed
Fatal error #1966: cannot open source file "C:/ti/TivaWare_C_Series-2.1.2.111": Invalid argument
1 catastrophic error detected in the compilation of "../tm4c123gh6pm_startup_ccs.c".
Compilation terminated.
gmake: *** [tm4c123gh6pm_startup_ccs.obj] Error 1
gmake: Target 'all' not remade because of errors.

**** Build Finished ****

**** Build of configuration Debug for project Lab 2 ****

"C:\\ti\\ccsv7\\utils\\bin\\gmake" -k -j 8 all -O 
'Building file: ../tm4c123gh6pm_startup_ccs.c'
'Invoking: ARM Compiler'
"C:/ti/ccsv7/tools/compiler/ti-cgt-arm_16.9.1.LTS/bin/armcl" -mv7M4 --code_state=16 --float_support=FPv4SPD16 -me --include_path="U:/CprE 288/Lab2/Lab 2" --include_path="C:/ti/TivaWare_C_Series-2.1.2.111" --include_path="C:/ti/ccsv7/tools/compiler/ti-cgt-arm_16.9.1.LTS/include" --define=ccs="ccs" --define=PART_TM4C123GH6PM -g --gcc --diag_warning=225 --diag_wrap=off --display_error_number --abi=eabi --preproc_with_compile --preproc_dependency="tm4c123gh6pm_startup_ccs.d"  "../tm4c123gh6pm_startup_ccs.c"
'Finished building: ../tm4c123gh6pm_startup_ccs.c'
' '
'Building file: ../timer.c'
'Invoking: ARM Compiler'
"C:/ti/ccsv7/tools/compiler/ti-cgt-arm_16.9.1.LTS/bin/armcl" -mv7M4 --code_state=16 --float_support=FPv4SPD16 -me --include_path="U:/CprE 288/Lab2/Lab 2" --include_path="C:/ti/TivaWare_C_Series-2.1.2.111" --include_path="C:/ti/ccsv7/tools/compiler/ti-cgt-arm_16.9.1.LTS/include" --define=ccs="ccs" --define=PART_TM4C123GH6PM -g --gcc --diag_warning=225 --diag_wrap=off --display_error_number --abi=eabi --preproc_with_compile --preproc_dependency="timer.d"  "../timer.c"
"..\Timer.h", line 44: warning #1-D: last line of file ends without a newline
"../timer.c", line 117: warning #1-D: last line of file ends without a newline
'Finished building: ../timer.c'
' '
'Building file: ../lcd.c'
'Invoking: ARM Compiler'
"C:/ti/ccsv7/tools/compiler/ti-cgt-arm_16.9.1.LTS/bin/armcl" -mv7M4 --code_state=16 --float_support=FPv4SPD16 -me --include_path="U:/CprE 288/Lab2/Lab 2" --include_path="C:/ti/TivaWare_C_Series-2.1.2.111" --include_path="C:/ti/ccsv7/tools/compiler/ti-cgt-arm_16.9.1.LTS/include" --define=ccs="ccs" --define=PART_TM4C123GH6PM -g --gcc --diag_warning=225 --diag_wrap=off --display_error_number --abi=eabi --preproc_with_compile --preproc_dependency="lcd.d"  "../lcd.c"
"..\timer.h", line 44: warning #1-D: last line of file ends without a newline
"..\lcd.h", line 40: warning #1-D: last line of file ends without a newline
'Finished building: ../lcd.c'
' '
'Building file: ../main.c'
'Invoking: ARM Compiler'
"C:/ti/ccsv7/tools/compiler/ti-cgt-arm_16.9.1.LTS/bin/armcl" -mv7M4 --code_state=16 --float_support=FPv4SPD16 -me --include_path="U:/CprE 288/Lab2/Lab 2" --include_path="C:/ti/TivaWare_C_Series-2.1.2.111" --include_path="C:/ti/ccsv7/tools/compiler/ti-cgt-arm_16.9.1.LTS/include" --define=ccs="ccs" --define=PART_TM4C123GH6PM -g --gcc --diag_warning=225 --diag_wrap=off --display_error_number --abi=eabi --preproc_with_compile --preproc_dependency="main.d"  "../main.c"
"..\Timer.h", line 44: warning #1-D: last line of file ends without a newline
"..\lcd.h", line 40: warning #1-D: last line of file ends without a newline
"..\open_interface.h", line 178: warning #1-D: last line of file ends without a newline
'Finished building: ../main.c'
' '
'Building file: ../open_interface.c'
'Invoking: ARM Compiler'
"C:/ti/ccsv7/tools/compiler/ti-cgt-arm_16.9.1.LTS/bin/armcl" -mv7M4 --code_state=16 --float_support=FPv4SPD16 -me --include_path="U:/CprE 288/Lab2/Lab 2" --include_path="C:/ti/TivaWare_C_Series-2.1.2.111" --include_path="C:/ti/ccsv7/tools/compiler/ti-cgt-arm_16.9.1.LTS/include" --define=ccs="ccs" --define=PART_TM4C123GH6PM -g --gcc --diag_warning=225 --diag_wrap=off --display_error_number --abi=eabi --preproc_with_compile --preproc_dependency="open_interface.d"  "../open_interface.c"
"..\Timer.h", line 44: warning #1-D: last line of file ends without a newline
"..\lcd.h", line 40: warning #1-D: last line of file ends without a newline
"..\open_interface.h", line 178: warning #1-D: last line of file ends without a newline
"../open_interface.c", line 350: warning #179-D: variable "charging_state" was declared but never referenced
"../open_interface.c", line 496: warning #225-D: function "IntRegister" declared implicitly
"../open_interface.c", line 497: warning #225-D: function "IntMasterEnable" declared implicitly
'Finished building: ../open_interface.c'
' '
'Building target: Lab 2.out'
'Invoking: ARM Linker'
"C:/ti/ccsv7/tools/compiler/ti-cgt-arm_16.9.1.LTS/bin/armcl" -mv7M4 --code_state=16 --float_support=FPv4SPD16 -me --define=ccs="ccs" --define=PART_TM4C123GH6PM -g --gcc --diag_warning=225 --diag_wrap=off --display_error_number --abi=eabi -z -m"Lab 2.map" --heap_size=2048 --stack_size=1024 -i"C:/ti/ccsv7/tools/compiler/ti-cgt-arm_16.9.1.LTS/lib" -i"C:/ti/ccsv7/tools/compiler/ti-cgt-arm_16.9.1.LTS/include" --reread_libs --diag_wrap=off --display_error_number --warn_sections --xml_link_info="Lab 2_linkInfo.xml" --rom_model -o "Lab 2.out" "./lcd.obj" "./main.obj" "./open_interface.obj" "./timer.obj" "./tm4c123gh6pm_startup_ccs.obj" "../tm4c123gh6pm.cmd"  -llibc.a -l"C:/ti/TivaWare_C_Series-2.1.2.111/driverlib/ccs/Debug/driverlib.lib" 
<Linking>
'Finished building target: Lab 2.out'
' '

**** Build Finished ****

**** Build of configuration Debug for project Lab 2 ****

"C:\\ti\\ccsv7\\utils\\bin\\gmake" -k -j 8 all -O 
gmake[1]: 'Lab 2.out' is up to date.

**** Build Finished ****

**** Build of configuration Debug for project Lab 2 ****

"C:\\ti\\ccsv7\\utils\\bin\\gmake" -k -j 8 all -O 
gmake[1]: 'Lab 2.out' is up to date.

**** Build Finished ****

**** Build of configuration Debug for project Lab 2 ****

"C:\\ti\\ccsv7\\utils\\bin\\gmake" -k -j 8 all -O 
gmake[1]: 'Lab 2.out' is up to date.

**** Build Finished ****

**** Build of configuration Debug for project Lab 2 ****

"C:\\ti\\ccsv7\\utils\\bin\\gmake" -k -j 8 all -O 
gmake[1]: 'Lab 2.out' is up to date.

**** Build Finished ****

**** Build of configuration Debug for project Lab 2 ****

"C:\\ti\\ccsv7\\utils\\bin\\gmake" -k -j 8 all -O 
gmake[1]: 'Lab 2.out' is up to date.

**** Build Finished ****

**** Build of configuration Debug for project Lab 2 ****

"C:\\ti\\ccsv7\\utils\\bin\\gmake" -k -j 8 all -O 
gmake[1]: 'Lab 2.out' is up to date.

**** Build Finished ****

**** Build of configuration Debug for project Lab 2 ****

"C:\\ti\\ccsv7\\utils\\bin\\gmake" -k -j 8 all -O 
'Building file: ../main.c'
'Invoking: ARM Compiler'
"C:/ti/ccsv7/tools/compiler/ti-cgt-arm_16.9.1.LTS/bin/armcl" -mv7M4 --code_state=16 --float_support=FPv4SPD16 -me --include_path="U:/CprE 288/Lab2/Lab 2" --include_path="C:/ti/TivaWare_C_Series-2.1.2.111" --include_path="C:/ti/ccsv7/tools/compiler/ti-cgt-arm_16.9.1.LTS/include" --define=ccs="ccs" --define=PART_TM4C123GH6PM -g --gcc --diag_warning=225 --diag_wrap=off --display_error_number --abi=eabi --preproc_with_compile --preproc_dependency="main.d"  "../main.c"
"..\Timer.h", line 44: warning #1-D: last line of file ends without a newline
"..\lcd.h", line 40: warning #1-D: last line of file ends without a newline
"..\open_interface.h", line 178: warning #1-D: last line of file ends without a newline
'Finished building: ../main.c'
' '
'Building target: Lab 2.out'
'Invoking: ARM Linker'
"C:/ti/ccsv7/tools/compiler/ti-cgt-arm_16.9.1.LTS/bin/armcl" -mv7M4 --code_state=16 --float_support=FPv4SPD16 -me --define=ccs="ccs" --define=PART_TM4C123GH6PM -g --gcc --diag_warning=225 --diag_wrap=off --display_error_number --abi=eabi -z -m"Lab 2.map" --heap_size=2048 --stack_size=1024 -i"C:/ti/ccsv7/tools/compiler/ti-cgt-arm_16.9.1.LTS/lib" -i"C:/ti/ccsv7/tools/compiler/ti-cgt-arm_16.9.1.LTS/include" --reread_libs --diag_wrap=off --display_error_number --warn_sections --xml_link_info="Lab 2_linkInfo.xml" --rom_model -o "Lab 2.out" "./lcd.obj" "./main.obj" "./open_interface.obj" "./timer.obj" "./tm4c123gh6pm_startup_ccs.obj" "../tm4c123gh6pm.cmd"  -llibc.a -l"C:/ti/TivaWare_C_Series-2.1.2.111/driverlib/ccs/Debug/driverlib.lib" 
<Linking>
'Finished building target: Lab 2.out'
' '

**** Build Finished ****

**** Build of configuration Debug for project Lab 2 ****

"C:\\ti\\ccsv7\\utils\\bin\\gmake" -k -j 8 all -O 
gmake[1]: 'Lab 2.out' is up to date.

**** Build Finished ****

**** Build of configuration Debug for project Lab 2 ****

"C:\\ti\\ccsv7\\utils\\bin\\gmake" -k -j 8 all -O 
gmake[1]: 'Lab 2.out' is up to date.

**** Build Finished ****

**** Build of configuration Debug for project Lab 2 ****

"C:\\ti\\ccsv7\\utils\\bin\\gmake" -k -j 8 all -O 
gmake[1]: 'Lab 2.out' is up to date.

**** Build Finished ****

**** Build of configuration Debug for project Lab 2 ****

"C:\\ti\\ccsv7\\utils\\bin\\gmake" -k -j 8 all -O 
gmake[1]: 'Lab 2.out' is up to date.

**** Build Finished ****

**** Build of configuration Debug for project Lab 2 ****

"C:\\ti\\ccsv7\\utils\\bin\\gmake" -k -j 8 all -O 
gmake[1]: 'Lab 2.out' is up to date.

**** Build Finished ****

**** Build of configuration Debug for project Lab 2 ****

"C:\\ti\\ccsv7\\utils\\bin\\gmake" -k -j 8 all -O 
gmake[1]: 'Lab 2.out' is up to date.

**** Build Finished ****

**** Build of configuration Debug for project Lab 2 ****

"C:\\ti\\ccsv7\\utils\\bin\\gmake" -k -j 8 all -O 
'Building file: ../movement.c'
'Invoking: ARM Compiler'
"C:/ti/ccsv7/tools/compiler/ti-cgt-arm_16.9.1.LTS/bin/armcl" -mv7M4 --code_state=16 --float_support=FPv4SPD16 -me --include_path="U:/CprE 288/Lab2/Lab 2" --include_path="C:/ti/TivaWare_C_Series-2.1.2.111" --include_path="C:/ti/ccsv7/tools/compiler/ti-cgt-arm_16.9.1.LTS/include" --define=ccs="ccs" --define=PART_TM4C123GH6PM -g --gcc --diag_warning=225 --diag_wrap=off --display_error_number --abi=eabi --preproc_with_compile --preproc_dependency="movement.d"  "../movement.c"

>> Compilation failure
subdir_rules.mk:23: recipe for target 'movement.obj' failed
"../movement.c", line 8: error #20: identifier "oi_t" is undefined
"../movement.c", line 11: warning #225-D: function "oi_setWheels" declared implicitly
"../movement.c", line 13: warning #225-D: function "oi_update" declared implicitly
"../movement.c", line 18: warning #225-D: function "oi_free" declared implicitly
"../movement.c", line 22: error #20: identifier "oi_t" is undefined
"../movement.c", line 24: warning #225-D: function "oi_setWheels" declared implicitly
"../movement.c", line 26: warning #225-D: function "oi_update" declared implicitly
"../movement.c", line 31: warning #225-D: function "oi_free" declared implicitly
2 errors detected in the compilation of "../movement.c".
gmake: *** [movement.obj] Error 1
'Building file: ../main.c'
'Invoking: ARM Compiler'
"C:/ti/ccsv7/tools/compiler/ti-cgt-arm_16.9.1.LTS/bin/armcl" -mv7M4 --code_state=16 --float_support=FPv4SPD16 -me --include_path="U:/CprE 288/Lab2/Lab 2" --include_path="C:/ti/TivaWare_C_Series-2.1.2.111" --include_path="C:/ti/ccsv7/tools/compiler/ti-cgt-arm_16.9.1.LTS/include" --define=ccs="ccs" --define=PART_TM4C123GH6PM -g --gcc --diag_warning=225 --diag_wrap=off --display_error_number --abi=eabi --preproc_with_compile --preproc_dependency="main.d"  "../main.c"

>> Compilation failure
subdir_rules.mk:16: recipe for target 'main.obj' failed
"..\Timer.h", line 44: warning #1-D: last line of file ends without a newline
"..\lcd.h", line 40: warning #1-D: last line of file ends without a newline
"..\open_interface.h", line 178: warning #1-D: last line of file ends without a newline
"../main.c", line 13: error #66: expected a ";"
1 error detected in the compilation of "../main.c".
gmake: *** [main.obj] Error 1
gmake: Target 'all' not remade because of errors.

**** Build Finished ****

**** Build of configuration Debug for project Lab 2 ****

"C:\\ti\\ccsv7\\utils\\bin\\gmake" -k -j 8 all -O 
'Building file: ../main.c'
'Invoking: ARM Compiler'
"C:/ti/ccsv7/tools/compiler/ti-cgt-arm_16.9.1.LTS/bin/armcl" -mv7M4 --code_state=16 --float_support=FPv4SPD16 -me --include_path="U:/CprE 288/Lab2/Lab 2" --include_path="C:/ti/TivaWare_C_Series-2.1.2.111" --include_path="C:/ti/ccsv7/tools/compiler/ti-cgt-arm_16.9.1.LTS/include" --define=ccs="ccs" --define=PART_TM4C123GH6PM -g --gcc --diag_warning=225 --diag_wrap=off --display_error_number --abi=eabi --preproc_with_compile --preproc_dependency="main.d"  "../main.c"
"..\Timer.h", line 44: warning #1-D: last line of file ends without a newline
"..\lcd.h", line 40: warning #1-D: last line of file ends without a newline
"..\open_interface.h", line 178: warning #1-D: last line of file ends without a newline
'Finished building: ../main.c'
' '
'Building file: ../movement.c'
'Invoking: ARM Compiler'
"C:/ti/ccsv7/tools/compiler/ti-cgt-arm_16.9.1.LTS/bin/armcl" -mv7M4 --code_state=16 --float_support=FPv4SPD16 -me --include_path="U:/CprE 288/Lab2/Lab 2" --include_path="C:/ti/TivaWare_C_Series-2.1.2.111" --include_path="C:/ti/ccsv7/tools/compiler/ti-cgt-arm_16.9.1.LTS/include" --define=ccs="ccs" --define=PART_TM4C123GH6PM -g --gcc --diag_warning=225 --diag_wrap=off --display_error_number --abi=eabi --preproc_with_compile --preproc_dependency="movement.d"  "../movement.c"
"..\Timer.h", line 44: warning #1-D: last line of file ends without a newline
"..\lcd.h", line 40: warning #1-D: last line of file ends without a newline
"..\open_interface.h", line 178: warning #1-D: last line of file ends without a newline
'Finished building: ../movement.c'
' '
'Building target: Lab 2.out'
'Invoking: ARM Linker'
"C:/ti/ccsv7/tools/compiler/ti-cgt-arm_16.9.1.LTS/bin/armcl" -mv7M4 --code_state=16 --float_support=FPv4SPD16 -me --define=ccs="ccs" --define=PART_TM4C123GH6PM -g --gcc --diag_warning=225 --diag_wrap=off --display_error_number --abi=eabi -z -m"Lab 2.map" --heap_size=2048 --stack_size=1024 -i"C:/ti/ccsv7/tools/compiler/ti-cgt-arm_16.9.1.LTS/lib" -i"C:/ti/ccsv7/tools/compiler/ti-cgt-arm_16.9.1.LTS/include" --reread_libs --diag_wrap=off --display_error_number --warn_sections --xml_link_info="Lab 2_linkInfo.xml" --rom_model -o "Lab 2.out" "./lcd.obj" "./main.obj" "./movement.obj" "./open_interface.obj" "./timer.obj" "./tm4c123gh6pm_startup_ccs.obj" "../tm4c123gh6pm.cmd"  -llibc.a -l"C:/ti/TivaWare_C_Series-2.1.2.111/driverlib/ccs/Debug/driverlib.lib" 
<Linking>
'Finished building target: Lab 2.out'
' '

**** Build Finished ****

**** Build of configuration Debug for project Lab 2 ****

"C:\\ti\\ccsv7\\utils\\bin\\gmake" -k -j 8 all -O 
gmake[1]: 'Lab 2.out' is up to date.

**** Build Finished ****

**** Build of configuration Debug for project Lab 2 ****

"C:\\ti\\ccsv7\\utils\\bin\\gmake" -k -j 8 all -O 
'Building file: ../movement.c'
'Invoking: ARM Compiler'
"C:/ti/ccsv7/tools/compiler/ti-cgt-arm_16.9.1.LTS/bin/armcl" -mv7M4 --code_state=16 --float_support=FPv4SPD16 -me --include_path="U:/CprE 288/Lab2/Lab 2" --include_path="C:/ti/TivaWare_C_Series-2.1.2.111" --include_path="C:/ti/ccsv7/tools/compiler/ti-cgt-arm_16.9.1.LTS/include" --define=ccs="ccs" --define=PART_TM4C123GH6PM -g --gcc --diag_warning=225 --diag_wrap=off --display_error_number --abi=eabi --preproc_with_compile --preproc_dependency="movement.d"  "../movement.c"
"..\Timer.h", line 44: warning #1-D: last line of file ends without a newline
"..\lcd.h", line 40: warning #1-D: last line of file ends without a newline
"..\open_interface.h", line 178: warning #1-D: last line of file ends without a newline
'Finished building: ../movement.c'
' '
'Building target: Lab 2.out'
'Invoking: ARM Linker'
"C:/ti/ccsv7/tools/compiler/ti-cgt-arm_16.9.1.LTS/bin/armcl" -mv7M4 --code_state=16 --float_support=FPv4SPD16 -me --define=ccs="ccs" --define=PART_TM4C123GH6PM -g --gcc --diag_warning=225 --diag_wrap=off --display_error_number --abi=eabi -z -m"Lab 2.map" --heap_size=2048 --stack_size=1024 -i"C:/ti/ccsv7/tools/compiler/ti-cgt-arm_16.9.1.LTS/lib" -i"C:/ti/ccsv7/tools/compiler/ti-cgt-arm_16.9.1.LTS/include" --reread_libs --diag_wrap=off --display_error_number --warn_sections --xml_link_info="Lab 2_linkInfo.xml" --rom_model -o "Lab 2.out" "./lcd.obj" "./main.obj" "./movement.obj" "./open_interface.obj" "./timer.obj" "./tm4c123gh6pm_startup_ccs.obj" "../tm4c123gh6pm.cmd"  -llibc.a -l"C:/ti/TivaWare_C_Series-2.1.2.111/driverlib/ccs/Debug/driverlib.lib" 
<Linking>
'Finished building target: Lab 2.out'
' '

**** Build Finished ****

**** Build of configuration Debug for project Lab 2 ****

"C:\\ti\\ccsv7\\utils\\bin\\gmake" -k -j 8 all -O 
gmake[1]: 'Lab 2.out' is up to date.

**** Build Finished ****

**** Build of configuration Debug for project Lab 2 ****

"C:\\ti\\ccsv7\\utils\\bin\\gmake" -k -j 8 all -O 
'Building file: ../movement.c'
'Invoking: ARM Compiler'
"C:/ti/ccsv7/tools/compiler/ti-cgt-arm_16.9.1.LTS/bin/armcl" -mv7M4 --code_state=16 --float_support=FPv4SPD16 -me --include_path="U:/CprE 288/Lab2/Lab 2" --include_path="C:/ti/TivaWare_C_Series-2.1.2.111" --include_path="C:/ti/ccsv7/tools/compiler/ti-cgt-arm_16.9.1.LTS/include" --define=ccs="ccs" --define=PART_TM4C123GH6PM -g --gcc --diag_warning=225 --diag_wrap=off --display_error_number --abi=eabi --preproc_with_compile --preproc_dependency="movement.d"  "../movement.c"
"..\Timer.h", line 44: warning #1-D: last line of file ends without a newline
"..\lcd.h", line 40: warning #1-D: last line of file ends without a newline
"..\open_interface.h", line 178: warning #1-D: last line of file ends without a newline
'Finished building: ../movement.c'
' '
'Building target: Lab 2.out'
'Invoking: ARM Linker'
"C:/ti/ccsv7/tools/compiler/ti-cgt-arm_16.9.1.LTS/bin/armcl" -mv7M4 --code_state=16 --float_support=FPv4SPD16 -me --define=ccs="ccs" --define=PART_TM4C123GH6PM -g --gcc --diag_warning=225 --diag_wrap=off --display_error_number --abi=eabi -z -m"Lab 2.map" --heap_size=2048 --stack_size=1024 -i"C:/ti/ccsv7/tools/compiler/ti-cgt-arm_16.9.1.LTS/lib" -i"C:/ti/ccsv7/tools/compiler/ti-cgt-arm_16.9.1.LTS/include" --reread_libs --diag_wrap=off --display_error_number --warn_sections --xml_link_info="Lab 2_linkInfo.xml" --rom_model -o "Lab 2.out" "./lcd.obj" "./main.obj" "./movement.obj" "./open_interface.obj" "./timer.obj" "./tm4c123gh6pm_startup_ccs.obj" "../tm4c123gh6pm.cmd"  -llibc.a -l"C:/ti/TivaWare_C_Series-2.1.2.111/driverlib/ccs/Debug/driverlib.lib" 
<Linking>
'Finished building target: Lab 2.out'
' '

**** Build Finished ****

**** Build of configuration Debug for project Lab 2 ****

"C:\\ti\\ccsv7\\utils\\bin\\gmake" -k -j 8 all -O 
gmake[1]: 'Lab 2.out' is up to date.

**** Build Finished ****

**** Build of configuration Debug for project Lab 2 ****

"C:\\ti\\ccsv7\\utils\\bin\\gmake" -k -j 8 all -O 
'Building file: ../movement.c'
'Invoking: ARM Compiler'
"C:/ti/ccsv7/tools/compiler/ti-cgt-arm_16.9.1.LTS/bin/armcl" -mv7M4 --code_state=16 --float_support=FPv4SPD16 -me --include_path="U:/CprE 288/Lab2/Lab 2" --include_path="C:/ti/TivaWare_C_Series-2.1.2.111" --include_path="C:/ti/ccsv7/tools/compiler/ti-cgt-arm_16.9.1.LTS/include" --define=ccs="ccs" --define=PART_TM4C123GH6PM -g --gcc --diag_warning=225 --diag_wrap=off --display_error_number --abi=eabi --preproc_with_compile --preproc_dependency="movement.d"  "../movement.c"
"..\Timer.h", line 44: warning #1-D: last line of file ends without a newline
"..\lcd.h", line 40: warning #1-D: last line of file ends without a newline
"..\open_interface.h", line 178: warning #1-D: last line of file ends without a newline
'Finished building: ../movement.c'
' '
'Building target: Lab 2.out'
'Invoking: ARM Linker'
"C:/ti/ccsv7/tools/compiler/ti-cgt-arm_16.9.1.LTS/bin/armcl" -mv7M4 --code_state=16 --float_support=FPv4SPD16 -me --define=ccs="ccs" --define=PART_TM4C123GH6PM -g --gcc --diag_warning=225 --diag_wrap=off --display_error_number --abi=eabi -z -m"Lab 2.map" --heap_size=2048 --stack_size=1024 -i"C:/ti/ccsv7/tools/compiler/ti-cgt-arm_16.9.1.LTS/lib" -i"C:/ti/ccsv7/tools/compiler/ti-cgt-arm_16.9.1.LTS/include" --reread_libs --diag_wrap=off --display_error_number --warn_sections --xml_link_info="Lab 2_linkInfo.xml" --rom_model -o "Lab 2.out" "./lcd.obj" "./main.obj" "./movement.obj" "./open_interface.obj" "./timer.obj" "./tm4c123gh6pm_startup_ccs.obj" "../tm4c123gh6pm.cmd"  -llibc.a -l"C:/ti/TivaWare_C_Series-2.1.2.111/driverlib/ccs/Debug/driverlib.lib" 
<Linking>
'Finished building target: Lab 2.out'
' '

**** Build Finished ****

**** Build of configuration Debug for project Lab 2 ****

"C:\\ti\\ccsv7\\utils\\bin\\gmake" -k -j 8 all -O 
gmake[1]: 'Lab 2.out' is up to date.

**** Build Finished ****

**** Build of configuration Debug for project Lab 2 ****

"C:\\ti\\ccsv7\\utils\\bin\\gmake" -k -j 8 all -O 
gmake[1]: 'Lab 2.out' is up to date.

**** Build Finished ****

**** Build of configuration Debug for project Lab 2 ****

"C:\\ti\\ccsv7\\utils\\bin\\gmake" -k -j 8 all -O 
gmake[1]: 'Lab 2.out' is up to date.

**** Build Finished ****

**** Build of configuration Debug for project Lab 2 ****

"C:\\ti\\ccsv7\\utils\\bin\\gmake" -k -j 8 all -O 
gmake[1]: 'Lab 2.out' is up to date.

**** Build Finished ****

**** Build of configuration Debug for project Lab 2 ****

"C:\\ti\\ccsv7\\utils\\bin\\gmake" -k -j 8 all -O 
'Building file: ../main.c'
'Invoking: ARM Compiler'
"C:/ti/ccsv7/tools/compiler/ti-cgt-arm_16.9.1.LTS/bin/armcl" -mv7M4 --code_state=16 --float_support=FPv4SPD16 -me --include_path="U:/CprE 288/Lab2/Lab 2" --include_path="C:/ti/TivaWare_C_Series-2.1.2.111" --include_path="C:/ti/ccsv7/tools/compiler/ti-cgt-arm_16.9.1.LTS/include" --define=ccs="ccs" --define=PART_TM4C123GH6PM -g --gcc --diag_warning=225 --diag_wrap=off --display_error_number --abi=eabi --preproc_with_compile --preproc_dependency="main.d"  "../main.c"
"..\Timer.h", line 44: warning #1-D: last line of file ends without a newline
"..\lcd.h", line 40: warning #1-D: last line of file ends without a newline
"..\open_interface.h", line 178: warning #1-D: last line of file ends without a newline
'Finished building: ../main.c'
' '
'Building target: Lab 2.out'
'Invoking: ARM Linker'
"C:/ti/ccsv7/tools/compiler/ti-cgt-arm_16.9.1.LTS/bin/armcl" -mv7M4 --code_state=16 --float_support=FPv4SPD16 -me --define=ccs="ccs" --define=PART_TM4C123GH6PM -g --gcc --diag_warning=225 --diag_wrap=off --display_error_number --abi=eabi -z -m"Lab 2.map" --heap_size=2048 --stack_size=1024 -i"C:/ti/ccsv7/tools/compiler/ti-cgt-arm_16.9.1.LTS/lib" -i"C:/ti/ccsv7/tools/compiler/ti-cgt-arm_16.9.1.LTS/include" --reread_libs --diag_wrap=off --display_error_number --warn_sections --xml_link_info="Lab 2_linkInfo.xml" --rom_model -o "Lab 2.out" "./lcd.obj" "./main.obj" "./movement.obj" "./open_interface.obj" "./timer.obj" "./tm4c123gh6pm_startup_ccs.obj" "../tm4c123gh6pm.cmd"  -llibc.a -l"C:/ti/TivaWare_C_Series-2.1.2.111/driverlib/ccs/Debug/driverlib.lib" 
<Linking>
'Finished building target: Lab 2.out'
' '

**** Build Finished ****

**** Build of configuration Debug for project Lab 2 ****

"C:\\ti\\ccsv7\\utils\\bin\\gmake" -k -j 8 all -O 
'Building file: ../main.c'
'Invoking: ARM Compiler'
"C:/ti/ccsv7/tools/compiler/ti-cgt-arm_16.9.1.LTS/bin/armcl" -mv7M4 --code_state=16 --float_support=FPv4SPD16 -me --include_path="U:/CprE 288/Lab2/Lab 2" --include_path="C:/ti/TivaWare_C_Series-2.1.2.111" --include_path="C:/ti/ccsv7/tools/compiler/ti-cgt-arm_16.9.1.LTS/include" --define=ccs="ccs" --define=PART_TM4C123GH6PM -g --gcc --diag_warning=225 --diag_wrap=off --display_error_number --abi=eabi --preproc_with_compile --preproc_dependency="main.d"  "../main.c"

>> Compilation failure
subdir_rules.mk:16: recipe for target 'main.obj' failed
"..\Timer.h", line 44: warning #1-D: last line of file ends without a newline
"..\lcd.h", line 40: warning #1-D: last line of file ends without a newline
"..\open_interface.h", line 178: warning #1-D: last line of file ends without a newline
"../main.c", line 15: error #20: identifier "sensor" is undefined
1 error detected in the compilation of "../main.c".
gmake: *** [main.obj] Error 1
'Building file: ../movement.c'
'Invoking: ARM Compiler'
"C:/ti/ccsv7/tools/compiler/ti-cgt-arm_16.9.1.LTS/bin/armcl" -mv7M4 --code_state=16 --float_support=FPv4SPD16 -me --include_path="U:/CprE 288/Lab2/Lab 2" --include_path="C:/ti/TivaWare_C_Series-2.1.2.111" --include_path="C:/ti/ccsv7/tools/compiler/ti-cgt-arm_16.9.1.LTS/include" --define=ccs="ccs" --define=PART_TM4C123GH6PM -g --gcc --diag_warning=225 --diag_wrap=off --display_error_number --abi=eabi --preproc_with_compile --preproc_dependency="movement.d"  "../movement.c"
"..\Timer.h", line 44: warning #1-D: last line of file ends without a newline
"..\lcd.h", line 40: warning #1-D: last line of file ends without a newline
"..\open_interface.h", line 178: warning #1-D: last line of file ends without a newline
'Finished building: ../movement.c'
' '
gmake: Target 'all' not remade because of errors.

**** Build Finished ****

**** Build of configuration Debug for project Lab 2 ****

"C:\\ti\\ccsv7\\utils\\bin\\gmake" -k -j 8 all -O 
'Building file: ../main.c'
'Invoking: ARM Compiler'
"C:/ti/ccsv7/tools/compiler/ti-cgt-arm_16.9.1.LTS/bin/armcl" -mv7M4 --code_state=16 --float_support=FPv4SPD16 -me --include_path="U:/CprE 288/Lab2/Lab 2" --include_path="C:/ti/TivaWare_C_Series-2.1.2.111" --include_path="C:/ti/ccsv7/tools/compiler/ti-cgt-arm_16.9.1.LTS/include" --define=ccs="ccs" --define=PART_TM4C123GH6PM -g --gcc --diag_warning=225 --diag_wrap=off --display_error_number --abi=eabi --preproc_with_compile --preproc_dependency="main.d"  "../main.c"
"..\Timer.h", line 44: warning #1-D: last line of file ends without a newline
"..\lcd.h", line 40: warning #1-D: last line of file ends without a newline
"..\open_interface.h", line 178: warning #1-D: last line of file ends without a newline
'Finished building: ../main.c'
' '
'Building target: Lab 2.out'
'Invoking: ARM Linker'
"C:/ti/ccsv7/tools/compiler/ti-cgt-arm_16.9.1.LTS/bin/armcl" -mv7M4 --code_state=16 --float_support=FPv4SPD16 -me --define=ccs="ccs" --define=PART_TM4C123GH6PM -g --gcc --diag_warning=225 --diag_wrap=off --display_error_number --abi=eabi -z -m"Lab 2.map" --heap_size=2048 --stack_size=1024 -i"C:/ti/ccsv7/tools/compiler/ti-cgt-arm_16.9.1.LTS/lib" -i"C:/ti/ccsv7/tools/compiler/ti-cgt-arm_16.9.1.LTS/include" --reread_libs --diag_wrap=off --display_error_number --warn_sections --xml_link_info="Lab 2_linkInfo.xml" --rom_model -o "Lab 2.out" "./lcd.obj" "./main.obj" "./movement.obj" "./open_interface.obj" "./timer.obj" "./tm4c123gh6pm_startup_ccs.obj" "../tm4c123gh6pm.cmd"  -llibc.a -l"C:/ti/TivaWare_C_Series-2.1.2.111/driverlib/ccs/Debug/driverlib.lib" 
<Linking>
'Finished building target: Lab 2.out'
' '

**** Build Finished ****

**** Build of configuration Debug for project Lab 2 ****

"C:\\ti\\ccsv7\\utils\\bin\\gmake" -k -j 8 all -O 
gmake[1]: 'Lab 2.out' is up to date.

**** Build Finished ****

**** Build of configuration Debug for project Lab 2 ****

"C:\\ti\\ccsv7\\utils\\bin\\gmake" -k -j 8 all -O 
gmake[1]: 'Lab 2.out' is up to date.

**** Build Finished ****

**** Build of configuration Debug for project Lab 2 ****

"C:\\ti\\ccsv7\\utils\\bin\\gmake" -k -j 8 all -O 
'Building target: Lab 2.out'
'Invoking: ARM Linker'
"C:/ti/ccsv7/tools/compiler/ti-cgt-arm_16.9.1.LTS/bin/armcl" -mv7M4 --code_state=16 --float_support=FPv4SPD16 -me --define=ccs="ccs" --define=PART_TM4C123GH6PM -g --gcc --diag_warning=225 --diag_wrap=off --display_error_number --abi=eabi -z -m"Lab 2.map" --heap_size=1024 --stack_size=2048 -i"C:/ti/ccsv7/tools/compiler/ti-cgt-arm_16.9.1.LTS/lib" -i"C:/ti/ccsv7/tools/compiler/ti-cgt-arm_16.9.1.LTS/include" --reread_libs --diag_wrap=off --display_error_number --warn_sections --xml_link_info="Lab 2_linkInfo.xml" --rom_model -o "Lab 2.out" "./lcd.obj" "./main.obj" "./movement.obj" "./open_interface.obj" "./timer.obj" "./tm4c123gh6pm_startup_ccs.obj" "../tm4c123gh6pm.cmd"  -llibc.a -l"C:/ti/TivaWare_C_Series-2.1.2.111/driverlib/ccs/Debug/driverlib.lib" 
<Linking>
'Finished building target: Lab 2.out'
' '

**** Build Finished ****

**** Build of configuration Debug for project Lab 2 ****

"C:\\ti\\ccsv7\\utils\\bin\\gmake" -k -j 8 all -O 
'Building file: ../main.c'
'Invoking: ARM Compiler'
"C:/ti/ccsv7/tools/compiler/ti-cgt-arm_16.9.1.LTS/bin/armcl" -mv7M4 --code_state=16 --float_support=FPv4SPD16 -me --include_path="U:/CprE 288/Lab2/Lab 2" --include_path="C:/ti/TivaWare_C_Series-2.1.2.111" --include_path="C:/ti/ccsv7/tools/compiler/ti-cgt-arm_16.9.1.LTS/include" --define=ccs="ccs" --define=PART_TM4C123GH6PM -g --gcc --diag_warning=225 --diag_wrap=off --display_error_number --abi=eabi --preproc_with_compile --preproc_dependency="main.d"  "../main.c"
"..\Timer.h", line 44: warning #1-D: last line of file ends without a newline
"..\lcd.h", line 40: warning #1-D: last line of file ends without a newline
"..\open_interface.h", line 178: warning #1-D: last line of file ends without a newline
'Finished building: ../main.c'
' '
'Building file: ../movement.c'
'Invoking: ARM Compiler'
"C:/ti/ccsv7/tools/compiler/ti-cgt-arm_16.9.1.LTS/bin/armcl" -mv7M4 --code_state=16 --float_support=FPv4SPD16 -me --include_path="U:/CprE 288/Lab2/Lab 2" --include_path="C:/ti/TivaWare_C_Series-2.1.2.111" --include_path="C:/ti/ccsv7/tools/compiler/ti-cgt-arm_16.9.1.LTS/include" --define=ccs="ccs" --define=PART_TM4C123GH6PM -g --gcc --diag_warning=225 --diag_wrap=off --display_error_number --abi=eabi --preproc_with_compile --preproc_dependency="movement.d"  "../movement.c"
"..\Timer.h", line 44: warning #1-D: last line of file ends without a newline
"..\lcd.h", line 40: warning #1-D: last line of file ends without a newline
"..\open_interface.h", line 178: warning #1-D: last line of file ends without a newline
'Finished building: ../movement.c'
' '
'Building target: Lab 2.out'
'Invoking: ARM Linker'
"C:/ti/ccsv7/tools/compiler/ti-cgt-arm_16.9.1.LTS/bin/armcl" -mv7M4 --code_state=16 --float_support=FPv4SPD16 -me --define=ccs="ccs" --define=PART_TM4C123GH6PM -g --gcc --diag_warning=225 --diag_wrap=off --display_error_number --abi=eabi -z -m"Lab 2.map" --heap_size=1024 --stack_size=2048 -i"C:/ti/ccsv7/tools/compiler/ti-cgt-arm_16.9.1.LTS/lib" -i"C:/ti/ccsv7/tools/compiler/ti-cgt-arm_16.9.1.LTS/include" --reread_libs --diag_wrap=off --display_error_number --warn_sections --xml_link_info="Lab 2_linkInfo.xml" --rom_model -o "Lab 2.out" "./lcd.obj" "./main.obj" "./movement.obj" "./open_interface.obj" "./timer.obj" "./tm4c123gh6pm_startup_ccs.obj" "../tm4c123gh6pm.cmd"  -llibc.a -l"C:/ti/TivaWare_C_Series-2.1.2.111/driverlib/ccs/Debug/driverlib.lib" 
<Linking>
'Finished building target: Lab 2.out'
' '

**** Build Finished ****

**** Build of configuration Debug for project Lab 2 ****

"C:\\ti\\ccsv7\\utils\\bin\\gmake" -k -j 8 all -O 
gmake[1]: 'Lab 2.out' is up to date.

**** Build Finished ****

**** Build of configuration Debug for project Lab 2 ****

"C:\\ti\\ccsv7\\utils\\bin\\gmake" -k -j 8 all -O 
'Building file: ../main.c'
'Invoking: ARM Compiler'
"C:/ti/ccsv7/tools/compiler/ti-cgt-arm_16.9.1.LTS/bin/armcl" -mv7M4 --code_state=16 --float_support=FPv4SPD16 -me --include_path="U:/CprE 288/Lab2/Lab 2" --include_path="C:/ti/TivaWare_C_Series-2.1.2.111" --include_path="C:/ti/ccsv7/tools/compiler/ti-cgt-arm_16.9.1.LTS/include" --define=ccs="ccs" --define=PART_TM4C123GH6PM -g --gcc --diag_warning=225 --diag_wrap=off --display_error_number --abi=eabi --preproc_with_compile --preproc_dependency="main.d"  "../main.c"
"..\Timer.h", line 44: warning #1-D: last line of file ends without a newline
"..\lcd.h", line 40: warning #1-D: last line of file ends without a newline
"..\open_interface.h", line 178: warning #1-D: last line of file ends without a newline
'Finished building: ../main.c'
' '
'Building file: ../movement.c'
'Invoking: ARM Compiler'
"C:/ti/ccsv7/tools/compiler/ti-cgt-arm_16.9.1.LTS/bin/armcl" -mv7M4 --code_state=16 --float_support=FPv4SPD16 -me --include_path="U:/CprE 288/Lab2/Lab 2" --include_path="C:/ti/TivaWare_C_Series-2.1.2.111" --include_path="C:/ti/ccsv7/tools/compiler/ti-cgt-arm_16.9.1.LTS/include" --define=ccs="ccs" --define=PART_TM4C123GH6PM -g --gcc --diag_warning=225 --diag_wrap=off --display_error_number --abi=eabi --preproc_with_compile --preproc_dependency="movement.d"  "../movement.c"
"..\Timer.h", line 44: warning #1-D: last line of file ends without a newline
"..\lcd.h", line 40: warning #1-D: last line of file ends without a newline
"..\open_interface.h", line 178: warning #1-D: last line of file ends without a newline
'Finished building: ../movement.c'
' '
'Building target: Lab 2.out'
'Invoking: ARM Linker'
"C:/ti/ccsv7/tools/compiler/ti-cgt-arm_16.9.1.LTS/bin/armcl" -mv7M4 --code_state=16 --float_support=FPv4SPD16 -me --define=ccs="ccs" --define=PART_TM4C123GH6PM -g --gcc --diag_warning=225 --diag_wrap=off --display_error_number --abi=eabi -z -m"Lab 2.map" --heap_size=1024 --stack_size=2048 -i"C:/ti/ccsv7/tools/compiler/ti-cgt-arm_16.9.1.LTS/lib" -i"C:/ti/ccsv7/tools/compiler/ti-cgt-arm_16.9.1.LTS/include" --reread_libs --diag_wrap=off --display_error_number --warn_sections --xml_link_info="Lab 2_linkInfo.xml" --rom_model -o "Lab 2.out" "./lcd.obj" "./main.obj" "./movement.obj" "./open_interface.obj" "./timer.obj" "./tm4c123gh6pm_startup_ccs.obj" "../tm4c123gh6pm.cmd"  -llibc.a -l"C:/ti/TivaWare_C_Series-2.1.2.111/driverlib/ccs/Debug/driverlib.lib" 
<Linking>
'Finished building target: Lab 2.out'
' '

**** Build Finished ****

**** Build of configuration Debug for project Lab 2 ****

"C:\\ti\\ccsv7\\utils\\bin\\gmake" -k -j 8 all -O 
gmake[1]: 'Lab 2.out' is up to date.

**** Build Finished ****

**** Build of configuration Debug for project Lab 2 ****

"C:\\ti\\ccsv7\\utils\\bin\\gmake" -k -j 8 all -O 
'Building file: ../main.c'
'Invoking: ARM Compiler'
"C:/ti/ccsv7/tools/compiler/ti-cgt-arm_16.9.1.LTS/bin/armcl" -mv7M4 --code_state=16 --float_support=FPv4SPD16 -me --include_path="U:/CprE 288/Lab2/Lab 2" --include_path="C:/ti/TivaWare_C_Series-2.1.2.111" --include_path="C:/ti/ccsv7/tools/compiler/ti-cgt-arm_16.9.1.LTS/include" --define=ccs="ccs" --define=PART_TM4C123GH6PM -g --gcc --diag_warning=225 --diag_wrap=off --display_error_number --abi=eabi --preproc_with_compile --preproc_dependency="main.d"  "../main.c"
"..\Timer.h", line 44: warning #1-D: last line of file ends without a newline
"..\lcd.h", line 40: warning #1-D: last line of file ends without a newline
"..\open_interface.h", line 178: warning #1-D: last line of file ends without a newline
'Finished building: ../main.c'
' '
'Building target: Lab 2.out'
'Invoking: ARM Linker'
"C:/ti/ccsv7/tools/compiler/ti-cgt-arm_16.9.1.LTS/bin/armcl" -mv7M4 --code_state=16 --float_support=FPv4SPD16 -me --define=ccs="ccs" --define=PART_TM4C123GH6PM -g --gcc --diag_warning=225 --diag_wrap=off --display_error_number --abi=eabi -z -m"Lab 2.map" --heap_size=1024 --stack_size=2048 -i"C:/ti/ccsv7/tools/compiler/ti-cgt-arm_16.9.1.LTS/lib" -i"C:/ti/ccsv7/tools/compiler/ti-cgt-arm_16.9.1.LTS/include" --reread_libs --diag_wrap=off --display_error_number --warn_sections --xml_link_info="Lab 2_linkInfo.xml" --rom_model -o "Lab 2.out" "./lcd.obj" "./main.obj" "./movement.obj" "./open_interface.obj" "./timer.obj" "./tm4c123gh6pm_startup_ccs.obj" "../tm4c123gh6pm.cmd"  -llibc.a -l"C:/ti/TivaWare_C_Series-2.1.2.111/driverlib/ccs/Debug/driverlib.lib" 
<Linking>
'Finished building target: Lab 2.out'
' '

**** Build Finished ****

**** Build of configuration Debug for project Lab 2 ****

"C:\\ti\\ccsv7\\utils\\bin\\gmake" -k -j 8 all -O 
'Building file: ../main.c'
'Invoking: ARM Compiler'
"C:/ti/ccsv7/tools/compiler/ti-cgt-arm_16.9.1.LTS/bin/armcl" -mv7M4 --code_state=16 --float_support=FPv4SPD16 -me --include_path="U:/CprE 288/Lab2/Lab 2" --include_path="C:/ti/TivaWare_C_Series-2.1.2.111" --include_path="C:/ti/ccsv7/tools/compiler/ti-cgt-arm_16.9.1.LTS/include" --define=ccs="ccs" --define=PART_TM4C123GH6PM -g --gcc --diag_warning=225 --diag_wrap=off --display_error_number --abi=eabi --preproc_with_compile --preproc_dependency="main.d"  "../main.c"
"..\Timer.h", line 44: warning #1-D: last line of file ends without a newline
"..\lcd.h", line 40: warning #1-D: last line of file ends without a newline
"..\open_interface.h", line 178: warning #1-D: last line of file ends without a newline
'Finished building: ../main.c'
' '
'Building target: Lab 2.out'
'Invoking: ARM Linker'
"C:/ti/ccsv7/tools/compiler/ti-cgt-arm_16.9.1.LTS/bin/armcl" -mv7M4 --code_state=16 --float_support=FPv4SPD16 -me --define=ccs="ccs" --define=PART_TM4C123GH6PM -g --gcc --diag_warning=225 --diag_wrap=off --display_error_number --abi=eabi -z -m"Lab 2.map" --heap_size=1024 --stack_size=2048 -i"C:/ti/ccsv7/tools/compiler/ti-cgt-arm_16.9.1.LTS/lib" -i"C:/ti/ccsv7/tools/compiler/ti-cgt-arm_16.9.1.LTS/include" --reread_libs --diag_wrap=off --display_error_number --warn_sections --xml_link_info="Lab 2_linkInfo.xml" --rom_model -o "Lab 2.out" "./lcd.obj" "./main.obj" "./movement.obj" "./open_interface.obj" "./timer.obj" "./tm4c123gh6pm_startup_ccs.obj" "../tm4c123gh6pm.cmd"  -llibc.a -l"C:/ti/TivaWare_C_Series-2.1.2.111/driverlib/ccs/Debug/driverlib.lib" 
<Linking>
'Finished building target: Lab 2.out'
' '

**** Build Finished ****

**** Build of configuration Debug for project Lab 2 ****

"C:\\ti\\ccsv7\\utils\\bin\\gmake" -k -j 8 all -O 
'Building file: ../main.c'
'Invoking: ARM Compiler'
"C:/ti/ccsv7/tools/compiler/ti-cgt-arm_16.9.1.LTS/bin/armcl" -mv7M4 --code_state=16 --float_support=FPv4SPD16 -me --include_path="U:/CprE 288/Lab2/Lab 2" --include_path="C:/ti/TivaWare_C_Series-2.1.2.111" --include_path="C:/ti/ccsv7/tools/compiler/ti-cgt-arm_16.9.1.LTS/include" --define=ccs="ccs" --define=PART_TM4C123GH6PM -g --gcc --diag_warning=225 --diag_wrap=off --display_error_number --abi=eabi --preproc_with_compile --preproc_dependency="main.d"  "../main.c"
"..\Timer.h", line 44: warning #1-D: last line of file ends without a newline
"..\lcd.h", line 40: warning #1-D: last line of file ends without a newline
"..\open_interface.h", line 178: warning #1-D: last line of file ends without a newline
'Finished building: ../main.c'
' '
'Building file: ../movement.c'
'Invoking: ARM Compiler'
"C:/ti/ccsv7/tools/compiler/ti-cgt-arm_16.9.1.LTS/bin/armcl" -mv7M4 --code_state=16 --float_support=FPv4SPD16 -me --include_path="U:/CprE 288/Lab2/Lab 2" --include_path="C:/ti/TivaWare_C_Series-2.1.2.111" --include_path="C:/ti/ccsv7/tools/compiler/ti-cgt-arm_16.9.1.LTS/include" --define=ccs="ccs" --define=PART_TM4C123GH6PM -g --gcc --diag_warning=225 --diag_wrap=off --display_error_number --abi=eabi --preproc_with_compile --preproc_dependency="movement.d"  "../movement.c"
"..\Timer.h", line 44: warning #1-D: last line of file ends without a newline
"..\lcd.h", line 40: warning #1-D: last line of file ends without a newline
"..\open_interface.h", line 178: warning #1-D: last line of file ends without a newline
'Finished building: ../movement.c'
' '
'Building target: Lab 2.out'
'Invoking: ARM Linker'
"C:/ti/ccsv7/tools/compiler/ti-cgt-arm_16.9.1.LTS/bin/armcl" -mv7M4 --code_state=16 --float_support=FPv4SPD16 -me --define=ccs="ccs" --define=PART_TM4C123GH6PM -g --gcc --diag_warning=225 --diag_wrap=off --display_error_number --abi=eabi -z -m"Lab 2.map" --heap_size=1024 --stack_size=2048 -i"C:/ti/ccsv7/tools/compiler/ti-cgt-arm_16.9.1.LTS/lib" -i"C:/ti/ccsv7/tools/compiler/ti-cgt-arm_16.9.1.LTS/include" --reread_libs --diag_wrap=off --display_error_number --warn_sections --xml_link_info="Lab 2_linkInfo.xml" --rom_model -o "Lab 2.out" "./lcd.obj" "./main.obj" "./movement.obj" "./open_interface.obj" "./timer.obj" "./tm4c123gh6pm_startup_ccs.obj" "../tm4c123gh6pm.cmd"  -llibc.a -l"C:/ti/TivaWare_C_Series-2.1.2.111/driverlib/ccs/Debug/driverlib.lib" 
<Linking>
'Finished building target: Lab 2.out'
' '

**** Build Finished ****

**** Build of configuration Debug for project Lab 2 ****

"C:\\ti\\ccsv7\\utils\\bin\\gmake" -k -j 8 all -O 
gmake[1]: 'Lab 2.out' is up to date.

**** Build Finished ****

**** Build of configuration Debug for project Lab 2 ****

"C:\\ti\\ccsv7\\utils\\bin\\gmake" -k -j 8 all -O 
'Building file: ../movement.c'
'Invoking: ARM Compiler'
"C:/ti/ccsv7/tools/compiler/ti-cgt-arm_16.9.1.LTS/bin/armcl" -mv7M4 --code_state=16 --float_support=FPv4SPD16 -me --include_path="U:/CprE 288/Lab2/Lab 2" --include_path="C:/ti/TivaWare_C_Series-2.1.2.111" --include_path="C:/ti/ccsv7/tools/compiler/ti-cgt-arm_16.9.1.LTS/include" --define=ccs="ccs" --define=PART_TM4C123GH6PM -g --gcc --diag_warning=225 --diag_wrap=off --display_error_number --abi=eabi --preproc_with_compile --preproc_dependency="movement.d"  "../movement.c"
"..\Timer.h", line 44: warning #1-D: last line of file ends without a newline
"..\lcd.h", line 40: warning #1-D: last line of file ends without a newline
"..\open_interface.h", line 178: warning #1-D: last line of file ends without a newline
'Finished building: ../movement.c'
' '
'Building target: Lab 2.out'
'Invoking: ARM Linker'
"C:/ti/ccsv7/tools/compiler/ti-cgt-arm_16.9.1.LTS/bin/armcl" -mv7M4 --code_state=16 --float_support=FPv4SPD16 -me --define=ccs="ccs" --define=PART_TM4C123GH6PM -g --gcc --diag_warning=225 --diag_wrap=off --display_error_number --abi=eabi -z -m"Lab 2.map" --heap_size=1024 --stack_size=2048 -i"C:/ti/ccsv7/tools/compiler/ti-cgt-arm_16.9.1.LTS/lib" -i"C:/ti/ccsv7/tools/compiler/ti-cgt-arm_16.9.1.LTS/include" --reread_libs --diag_wrap=off --display_error_number --warn_sections --xml_link_info="Lab 2_linkInfo.xml" --rom_model -o "Lab 2.out" "./lcd.obj" "./main.obj" "./movement.obj" "./open_interface.obj" "./timer.obj" "./tm4c123gh6pm_startup_ccs.obj" "../tm4c123gh6pm.cmd"  -llibc.a -l"C:/ti/TivaWare_C_Series-2.1.2.111/driverlib/ccs/Debug/driverlib.lib" 
<Linking>
'Finished building target: Lab 2.out'
' '

**** Build Finished ****

**** Build of configuration Debug for project Lab 2 ****

"C:\\ti\\ccsv7\\utils\\bin\\gmake" -k -j 8 all -O 
'Building file: ../main.c'
'Invoking: ARM Compiler'
"C:/ti/ccsv7/tools/compiler/ti-cgt-arm_16.9.1.LTS/bin/armcl" -mv7M4 --code_state=16 --float_support=FPv4SPD16 -me --include_path="U:/CprE 288/Lab2/Lab 2" --include_path="C:/ti/TivaWare_C_Series-2.1.2.111" --include_path="C:/ti/ccsv7/tools/compiler/ti-cgt-arm_16.9.1.LTS/include" --define=ccs="ccs" --define=PART_TM4C123GH6PM -g --gcc --diag_warning=225 --diag_wrap=off --display_error_number --abi=eabi --preproc_with_compile --preproc_dependency="main.d"  "../main.c"
"..\Timer.h", line 44: warning #1-D: last line of file ends without a newline
"..\lcd.h", line 40: warning #1-D: last line of file ends without a newline
"..\open_interface.h", line 178: warning #1-D: last line of file ends without a newline
'Finished building: ../main.c'
' '
'Building file: ../movement.c'
'Invoking: ARM Compiler'
"C:/ti/ccsv7/tools/compiler/ti-cgt-arm_16.9.1.LTS/bin/armcl" -mv7M4 --code_state=16 --float_support=FPv4SPD16 -me --include_path="U:/CprE 288/Lab2/Lab 2" --include_path="C:/ti/TivaWare_C_Series-2.1.2.111" --include_path="C:/ti/ccsv7/tools/compiler/ti-cgt-arm_16.9.1.LTS/include" --define=ccs="ccs" --define=PART_TM4C123GH6PM -g --gcc --diag_warning=225 --diag_wrap=off --display_error_number --abi=eabi --preproc_with_compile --preproc_dependency="movement.d"  "../movement.c"
"..\Timer.h", line 44: warning #1-D: last line of file ends without a newline
"..\lcd.h", line 40: warning #1-D: last line of file ends without a newline
"..\open_interface.h", line 178: warning #1-D: last line of file ends without a newline
'Finished building: ../movement.c'
' '
'Building target: Lab 2.out'
'Invoking: ARM Linker'
"C:/ti/ccsv7/tools/compiler/ti-cgt-arm_16.9.1.LTS/bin/armcl" -mv7M4 --code_state=16 --float_support=FPv4SPD16 -me --define=ccs="ccs" --define=PART_TM4C123GH6PM -g --gcc --diag_warning=225 --diag_wrap=off --display_error_number --abi=eabi -z -m"Lab 2.map" --heap_size=1024 --stack_size=2048 -i"C:/ti/ccsv7/tools/compiler/ti-cgt-arm_16.9.1.LTS/lib" -i"C:/ti/ccsv7/tools/compiler/ti-cgt-arm_16.9.1.LTS/include" --reread_libs --diag_wrap=off --display_error_number --warn_sections --xml_link_info="Lab 2_linkInfo.xml" --rom_model -o "Lab 2.out" "./lcd.obj" "./main.obj" "./movement.obj" "./open_interface.obj" "./timer.obj" "./tm4c123gh6pm_startup_ccs.obj" "../tm4c123gh6pm.cmd"  -llibc.a -l"C:/ti/TivaWare_C_Series-2.1.2.111/driverlib/ccs/Debug/driverlib.lib" 
<Linking>
'Finished building target: Lab 2.out'
' '

**** Build Finished ****

**** Build of configuration Debug for project Lab 2 ****

"C:\\ti\\ccsv7\\utils\\bin\\gmake" -k -j 8 all -O 
'Building file: ../main.c'
'Invoking: ARM Compiler'
"C:/ti/ccsv7/tools/compiler/ti-cgt-arm_16.9.1.LTS/bin/armcl" -mv7M4 --code_state=16 --float_support=FPv4SPD16 -me --include_path="U:/CprE 288/Lab2/Lab 2" --include_path="C:/ti/TivaWare_C_Series-2.1.2.111" --include_path="C:/ti/ccsv7/tools/compiler/ti-cgt-arm_16.9.1.LTS/include" --define=ccs="ccs" --define=PART_TM4C123GH6PM -g --gcc --diag_warning=225 --diag_wrap=off --display_error_number --abi=eabi --preproc_with_compile --preproc_dependency="main.d"  "../main.c"
"..\Timer.h", line 44: warning #1-D: last line of file ends without a newline
"..\lcd.h", line 40: warning #1-D: last line of file ends without a newline
"..\open_interface.h", line 178: warning #1-D: last line of file ends without a newline
'Finished building: ../main.c'
' '
'Building target: Lab 2.out'
'Invoking: ARM Linker'
"C:/ti/ccsv7/tools/compiler/ti-cgt-arm_16.9.1.LTS/bin/armcl" -mv7M4 --code_state=16 --float_support=FPv4SPD16 -me --define=ccs="ccs" --define=PART_TM4C123GH6PM -g --gcc --diag_warning=225 --diag_wrap=off --display_error_number --abi=eabi -z -m"Lab 2.map" --heap_size=1024 --stack_size=2048 -i"C:/ti/ccsv7/tools/compiler/ti-cgt-arm_16.9.1.LTS/lib" -i"C:/ti/ccsv7/tools/compiler/ti-cgt-arm_16.9.1.LTS/include" --reread_libs --diag_wrap=off --display_error_number --warn_sections --xml_link_info="Lab 2_linkInfo.xml" --rom_model -o "Lab 2.out" "./lcd.obj" "./main.obj" "./movement.obj" "./open_interface.obj" "./timer.obj" "./tm4c123gh6pm_startup_ccs.obj" "../tm4c123gh6pm.cmd"  -llibc.a -l"C:/ti/TivaWare_C_Series-2.1.2.111/driverlib/ccs/Debug/driverlib.lib" 
<Linking>
'Finished building target: Lab 2.out'
' '

**** Build Finished ****

**** Build of configuration Debug for project Lab 2 ****

"C:\\ti\\ccsv7\\utils\\bin\\gmake" -k -j 8 all -O 
'Building file: ../main.c'
'Invoking: ARM Compiler'
"C:/ti/ccsv7/tools/compiler/ti-cgt-arm_16.9.1.LTS/bin/armcl" -mv7M4 --code_state=16 --float_support=FPv4SPD16 -me --include_path="U:/CprE 288/Lab2/Lab 2" --include_path="C:/ti/TivaWare_C_Series-2.1.2.111" --include_path="C:/ti/ccsv7/tools/compiler/ti-cgt-arm_16.9.1.LTS/include" --define=ccs="ccs" --define=PART_TM4C123GH6PM -g --gcc --diag_warning=225 --diag_wrap=off --display_error_number --abi=eabi --preproc_with_compile --preproc_dependency="main.d"  "../main.c"
"..\Timer.h", line 44: warning #1-D: last line of file ends without a newline
"..\lcd.h", line 40: warning #1-D: last line of file ends without a newline
"..\open_interface.h", line 178: warning #1-D: last line of file ends without a newline
'Finished building: ../main.c'
' '
'Building file: ../movement.c'
'Invoking: ARM Compiler'
"C:/ti/ccsv7/tools/compiler/ti-cgt-arm_16.9.1.LTS/bin/armcl" -mv7M4 --code_state=16 --float_support=FPv4SPD16 -me --include_path="U:/CprE 288/Lab2/Lab 2" --include_path="C:/ti/TivaWare_C_Series-2.1.2.111" --include_path="C:/ti/ccsv7/tools/compiler/ti-cgt-arm_16.9.1.LTS/include" --define=ccs="ccs" --define=PART_TM4C123GH6PM -g --gcc --diag_warning=225 --diag_wrap=off --display_error_number --abi=eabi --preproc_with_compile --preproc_dependency="movement.d"  "../movement.c"
"..\Timer.h", line 44: warning #1-D: last line of file ends without a newline
"..\lcd.h", line 40: warning #1-D: last line of file ends without a newline
"..\open_interface.h", line 178: warning #1-D: last line of file ends without a newline
'Finished building: ../movement.c'
' '
'Building target: Lab 2.out'
'Invoking: ARM Linker'
"C:/ti/ccsv7/tools/compiler/ti-cgt-arm_16.9.1.LTS/bin/armcl" -mv7M4 --code_state=16 --float_support=FPv4SPD16 -me --define=ccs="ccs" --define=PART_TM4C123GH6PM -g --gcc --diag_warning=225 --diag_wrap=off --display_error_number --abi=eabi -z -m"Lab 2.map" --heap_size=1024 --stack_size=2048 -i"C:/ti/ccsv7/tools/compiler/ti-cgt-arm_16.9.1.LTS/lib" -i"C:/ti/ccsv7/tools/compiler/ti-cgt-arm_16.9.1.LTS/include" --reread_libs --diag_wrap=off --display_error_number --warn_sections --xml_link_info="Lab 2_linkInfo.xml" --rom_model -o "Lab 2.out" "./lcd.obj" "./main.obj" "./movement.obj" "./open_interface.obj" "./timer.obj" "./tm4c123gh6pm_startup_ccs.obj" "../tm4c123gh6pm.cmd"  -llibc.a -l"C:/ti/TivaWare_C_Series-2.1.2.111/driverlib/ccs/Debug/driverlib.lib" 
<Linking>
'Finished building target: Lab 2.out'
' '

**** Build Finished ****

**** Build of configuration Debug for project Lab 2 ****

"C:\\ti\\ccsv7\\utils\\bin\\gmake" -k -j 8 all -O 
'Building file: ../movement.c'
'Invoking: ARM Compiler'
"C:/ti/ccsv7/tools/compiler/ti-cgt-arm_16.9.1.LTS/bin/armcl" -mv7M4 --code_state=16 --float_support=FPv4SPD16 -me --include_path="U:/CprE 288/Lab2/Lab 2" --include_path="C:/ti/TivaWare_C_Series-2.1.2.111" --include_path="C:/ti/ccsv7/tools/compiler/ti-cgt-arm_16.9.1.LTS/include" --define=ccs="ccs" --define=PART_TM4C123GH6PM -g --gcc --diag_warning=225 --diag_wrap=off --display_error_number --abi=eabi --preproc_with_compile --preproc_dependency="movement.d"  "../movement.c"

>> Compilation failure
subdir_rules.mk:23: recipe for target 'movement.obj' failed
"..\Timer.h", line 44: warning #1-D: last line of file ends without a newline
"..\lcd.h", line 40: warning #1-D: last line of file ends without a newline
"..\open_interface.h", line 178: warning #1-D: last line of file ends without a newline
"../movement.c", line 16: error #20: identifier "sensor_bumpLeft" is undefined
"../movement.c", line 16: error #20: identifier "sensor_bumpRight" is undefined
2 errors detected in the compilation of "../movement.c".
gmake: *** [movement.obj] Error 1
'Building file: ../main.c'
'Invoking: ARM Compiler'
"C:/ti/ccsv7/tools/compiler/ti-cgt-arm_16.9.1.LTS/bin/armcl" -mv7M4 --code_state=16 --float_support=FPv4SPD16 -me --include_path="U:/CprE 288/Lab2/Lab 2" --include_path="C:/ti/TivaWare_C_Series-2.1.2.111" --include_path="C:/ti/ccsv7/tools/compiler/ti-cgt-arm_16.9.1.LTS/include" --define=ccs="ccs" --define=PART_TM4C123GH6PM -g --gcc --diag_warning=225 --diag_wrap=off --display_error_number --abi=eabi --preproc_with_compile --preproc_dependency="main.d"  "../main.c"

>> Compilation failure
subdir_rules.mk:16: recipe for target 'main.obj' failed
"..\Timer.h", line 44: warning #1-D: last line of file ends without a newline
"..\lcd.h", line 40: warning #1-D: last line of file ends without a newline
"..\open_interface.h", line 178: warning #1-D: last line of file ends without a newline
"../main.c", line 10: warning #551-D: variable "sum" is used before its value is set
"../main.c", line 16: error #32: expression must have arithmetic type
"../main.c", line 19: error #167: too few arguments in function call
2 errors detected in the compilation of "../main.c".
gmake: *** [main.obj] Error 1
gmake: Target 'all' not remade because of errors.

**** Build Finished ****

**** Build of configuration Debug for project Lab 2 ****

"C:\\ti\\ccsv7\\utils\\bin\\gmake" -k -j 8 all -O 
'Building file: ../main.c'
'Invoking: ARM Compiler'
"C:/ti/ccsv7/tools/compiler/ti-cgt-arm_16.9.1.LTS/bin/armcl" -mv7M4 --code_state=16 --float_support=FPv4SPD16 -me --include_path="U:/CprE 288/Lab2/Lab 2" --include_path="C:/ti/TivaWare_C_Series-2.1.2.111" --include_path="C:/ti/ccsv7/tools/compiler/ti-cgt-arm_16.9.1.LTS/include" --define=ccs="ccs" --define=PART_TM4C123GH6PM -g --gcc --diag_warning=225 --diag_wrap=off --display_error_number --abi=eabi --preproc_with_compile --preproc_dependency="main.d"  "../main.c"

>> Compilation failure
subdir_rules.mk:16: recipe for target 'main.obj' failed
"..\Timer.h", line 44: warning #1-D: last line of file ends without a newline
"..\lcd.h", line 40: warning #1-D: last line of file ends without a newline
"..\open_interface.h", line 178: warning #1-D: last line of file ends without a newline
"../main.c", line 10: warning #551-D: variable "sum" is used before its value is set
"../main.c", line 18: error #32: expression must have arithmetic type
1 error detected in the compilation of "../main.c".
gmake: *** [main.obj] Error 1
'Building file: ../movement.c'
'Invoking: ARM Compiler'
"C:/ti/ccsv7/tools/compiler/ti-cgt-arm_16.9.1.LTS/bin/armcl" -mv7M4 --code_state=16 --float_support=FPv4SPD16 -me --include_path="U:/CprE 288/Lab2/Lab 2" --include_path="C:/ti/TivaWare_C_Series-2.1.2.111" --include_path="C:/ti/ccsv7/tools/compiler/ti-cgt-arm_16.9.1.LTS/include" --define=ccs="ccs" --define=PART_TM4C123GH6PM -g --gcc --diag_warning=225 --diag_wrap=off --display_error_number --abi=eabi --preproc_with_compile --preproc_dependency="movement.d"  "../movement.c"
"..\Timer.h", line 44: warning #1-D: last line of file ends without a newline
"..\lcd.h", line 40: warning #1-D: last line of file ends without a newline
"..\open_interface.h", line 178: warning #1-D: last line of file ends without a newline
'Finished building: ../movement.c'
' '
gmake: Target 'all' not remade because of errors.

**** Build Finished ****

**** Build of configuration Debug for project Lab 2 ****

"C:\\ti\\ccsv7\\utils\\bin\\gmake" -k -j 8 all -O 
'Building file: ../main.c'
'Invoking: ARM Compiler'
"C:/ti/ccsv7/tools/compiler/ti-cgt-arm_16.9.1.LTS/bin/armcl" -mv7M4 --code_state=16 --float_support=FPv4SPD16 -me --include_path="U:/CprE 288/Lab2/Lab 2" --include_path="C:/ti/TivaWare_C_Series-2.1.2.111" --include_path="C:/ti/ccsv7/tools/compiler/ti-cgt-arm_16.9.1.LTS/include" --define=ccs="ccs" --define=PART_TM4C123GH6PM -g --gcc --diag_warning=225 --diag_wrap=off --display_error_number --abi=eabi --preproc_with_compile --preproc_dependency="main.d"  "../main.c"

>> Compilation failure
subdir_rules.mk:16: recipe for target 'main.obj' failed
"..\Timer.h", line 44: warning #1-D: last line of file ends without a newline
"..\lcd.h", line 40: warning #1-D: last line of file ends without a newline
"..\open_interface.h", line 178: warning #1-D: last line of file ends without a newline
"../main.c", line 18: error #32: expression must have arithmetic type
1 error detected in the compilation of "../main.c".
gmake: *** [main.obj] Error 1
gmake: Target 'all' not remade because of errors.

**** Build Finished ****

**** Build of configuration Debug for project Lab 2 ****

"C:\\ti\\ccsv7\\utils\\bin\\gmake" -k -j 8 all -O 
'Building file: ../main.c'
'Invoking: ARM Compiler'
"C:/ti/ccsv7/tools/compiler/ti-cgt-arm_16.9.1.LTS/bin/armcl" -mv7M4 --code_state=16 --float_support=FPv4SPD16 -me --include_path="U:/CprE 288/Lab2/Lab 2" --include_path="C:/ti/TivaWare_C_Series-2.1.2.111" --include_path="C:/ti/ccsv7/tools/compiler/ti-cgt-arm_16.9.1.LTS/include" --define=ccs="ccs" --define=PART_TM4C123GH6PM -g --gcc --diag_warning=225 --diag_wrap=off --display_error_number --abi=eabi --preproc_with_compile --preproc_dependency="main.d"  "../main.c"
"..\Timer.h", line 44: warning #1-D: last line of file ends without a newline
"..\lcd.h", line 40: warning #1-D: last line of file ends without a newline
"..\open_interface.h", line 178: warning #1-D: last line of file ends without a newline
'Finished building: ../main.c'
' '
'Building target: Lab 2.out'
'Invoking: ARM Linker'
"C:/ti/ccsv7/tools/compiler/ti-cgt-arm_16.9.1.LTS/bin/armcl" -mv7M4 --code_state=16 --float_support=FPv4SPD16 -me --define=ccs="ccs" --define=PART_TM4C123GH6PM -g --gcc --diag_warning=225 --diag_wrap=off --display_error_number --abi=eabi -z -m"Lab 2.map" --heap_size=1024 --stack_size=2048 -i"C:/ti/ccsv7/tools/compiler/ti-cgt-arm_16.9.1.LTS/lib" -i"C:/ti/ccsv7/tools/compiler/ti-cgt-arm_16.9.1.LTS/include" --reread_libs --diag_wrap=off --display_error_number --warn_sections --xml_link_info="Lab 2_linkInfo.xml" --rom_model -o "Lab 2.out" "./lcd.obj" "./main.obj" "./movement.obj" "./open_interface.obj" "./timer.obj" "./tm4c123gh6pm_startup_ccs.obj" "../tm4c123gh6pm.cmd"  -llibc.a -l"C:/ti/TivaWare_C_Series-2.1.2.111/driverlib/ccs/Debug/driverlib.lib" 
<Linking>
'Finished building target: Lab 2.out'
' '

**** Build Finished ****

**** Build of configuration Debug for project Lab 2 ****

"C:\\ti\\ccsv7\\utils\\bin\\gmake" -k -j 8 all -O 
'Building file: ../main.c'
'Invoking: ARM Compiler'
"C:/ti/ccsv7/tools/compiler/ti-cgt-arm_16.9.1.LTS/bin/armcl" -mv7M4 --code_state=16 --float_support=FPv4SPD16 -me --include_path="U:/CprE 288/Lab2/Lab 2" --include_path="C:/ti/TivaWare_C_Series-2.1.2.111" --include_path="C:/ti/ccsv7/tools/compiler/ti-cgt-arm_16.9.1.LTS/include" --define=ccs="ccs" --define=PART_TM4C123GH6PM -g --gcc --diag_warning=225 --diag_wrap=off --display_error_number --abi=eabi --preproc_with_compile --preproc_dependency="main.d"  "../main.c"
"..\Timer.h", line 44: warning #1-D: last line of file ends without a newline
"..\lcd.h", line 40: warning #1-D: last line of file ends without a newline
"..\open_interface.h", line 178: warning #1-D: last line of file ends without a newline
'Finished building: ../main.c'
' '
'Building target: Lab 2.out'
'Invoking: ARM Linker'
"C:/ti/ccsv7/tools/compiler/ti-cgt-arm_16.9.1.LTS/bin/armcl" -mv7M4 --code_state=16 --float_support=FPv4SPD16 -me --define=ccs="ccs" --define=PART_TM4C123GH6PM -g --gcc --diag_warning=225 --diag_wrap=off --display_error_number --abi=eabi -z -m"Lab 2.map" --heap_size=1024 --stack_size=2048 -i"C:/ti/ccsv7/tools/compiler/ti-cgt-arm_16.9.1.LTS/lib" -i"C:/ti/ccsv7/tools/compiler/ti-cgt-arm_16.9.1.LTS/include" --reread_libs --diag_wrap=off --display_error_number --warn_sections --xml_link_info="Lab 2_linkInfo.xml" --rom_model -o "Lab 2.out" "./lcd.obj" "./main.obj" "./movement.obj" "./open_interface.obj" "./timer.obj" "./tm4c123gh6pm_startup_ccs.obj" "../tm4c123gh6pm.cmd"  -llibc.a -l"C:/ti/TivaWare_C_Series-2.1.2.111/driverlib/ccs/Debug/driverlib.lib" 
<Linking>
'Finished building target: Lab 2.out'
' '

**** Build Finished ****

**** Build of configuration Debug for project Lab 2 ****

"C:\\ti\\ccsv7\\utils\\bin\\gmake" -k -j 8 all -O 
'Building file: ../movement.c'
'Invoking: ARM Compiler'
"C:/ti/ccsv7/tools/compiler/ti-cgt-arm_16.9.1.LTS/bin/armcl" -mv7M4 --code_state=16 --float_support=FPv4SPD16 -me --include_path="U:/CprE 288/Lab2/Lab 2" --include_path="C:/ti/TivaWare_C_Series-2.1.2.111" --include_path="C:/ti/ccsv7/tools/compiler/ti-cgt-arm_16.9.1.LTS/include" --define=ccs="ccs" --define=PART_TM4C123GH6PM -g --gcc --diag_warning=225 --diag_wrap=off --display_error_number --abi=eabi --preproc_with_compile --preproc_dependency="movement.d"  "../movement.c"
"..\Timer.h", line 44: warning #1-D: last line of file ends without a newline
"..\lcd.h", line 40: warning #1-D: last line of file ends without a newline
"..\open_interface.h", line 178: warning #1-D: last line of file ends without a newline
'Finished building: ../movement.c'
' '
'Building target: Lab 2.out'
'Invoking: ARM Linker'
"C:/ti/ccsv7/tools/compiler/ti-cgt-arm_16.9.1.LTS/bin/armcl" -mv7M4 --code_state=16 --float_support=FPv4SPD16 -me --define=ccs="ccs" --define=PART_TM4C123GH6PM -g --gcc --diag_warning=225 --diag_wrap=off --display_error_number --abi=eabi -z -m"Lab 2.map" --heap_size=1024 --stack_size=2048 -i"C:/ti/ccsv7/tools/compiler/ti-cgt-arm_16.9.1.LTS/lib" -i"C:/ti/ccsv7/tools/compiler/ti-cgt-arm_16.9.1.LTS/include" --reread_libs --diag_wrap=off --display_error_number --warn_sections --xml_link_info="Lab 2_linkInfo.xml" --rom_model -o "Lab 2.out" "./lcd.obj" "./main.obj" "./movement.obj" "./open_interface.obj" "./timer.obj" "./tm4c123gh6pm_startup_ccs.obj" "../tm4c123gh6pm.cmd"  -llibc.a -l"C:/ti/TivaWare_C_Series-2.1.2.111/driverlib/ccs/Debug/driverlib.lib" 
<Linking>
'Finished building target: Lab 2.out'
' '

**** Build Finished ****

**** Build of configuration Debug for project Lab 2 ****

"C:\\ti\\ccsv7\\utils\\bin\\gmake" -k -j 8 all -O 
'Building file: ../main.c'
'Invoking: ARM Compiler'
"C:/ti/ccsv7/tools/compiler/ti-cgt-arm_16.9.1.LTS/bin/armcl" -mv7M4 --code_state=16 --float_support=FPv4SPD16 -me --include_path="U:/CprE 288/Lab2/Lab 2" --include_path="C:/ti/TivaWare_C_Series-2.1.2.111" --include_path="C:/ti/ccsv7/tools/compiler/ti-cgt-arm_16.9.1.LTS/include" --define=ccs="ccs" --define=PART_TM4C123GH6PM -g --gcc --diag_warning=225 --diag_wrap=off --display_error_number --abi=eabi --preproc_with_compile --preproc_dependency="main.d"  "../main.c"
"..\Timer.h", line 44: warning #1-D: last line of file ends without a newline
"..\lcd.h", line 40: warning #1-D: last line of file ends without a newline
"..\open_interface.h", line 178: warning #1-D: last line of file ends without a newline
'Finished building: ../main.c'
' '
'Building target: Lab 2.out'
'Invoking: ARM Linker'
"C:/ti/ccsv7/tools/compiler/ti-cgt-arm_16.9.1.LTS/bin/armcl" -mv7M4 --code_state=16 --float_support=FPv4SPD16 -me --define=ccs="ccs" --define=PART_TM4C123GH6PM -g --gcc --diag_warning=225 --diag_wrap=off --display_error_number --abi=eabi -z -m"Lab 2.map" --heap_size=1024 --stack_size=2048 -i"C:/ti/ccsv7/tools/compiler/ti-cgt-arm_16.9.1.LTS/lib" -i"C:/ti/ccsv7/tools/compiler/ti-cgt-arm_16.9.1.LTS/include" --reread_libs --diag_wrap=off --display_error_number --warn_sections --xml_link_info="Lab 2_linkInfo.xml" --rom_model -o "Lab 2.out" "./lcd.obj" "./main.obj" "./movement.obj" "./open_interface.obj" "./timer.obj" "./tm4c123gh6pm_startup_ccs.obj" "../tm4c123gh6pm.cmd"  -llibc.a -l"C:/ti/TivaWare_C_Series-2.1.2.111/driverlib/ccs/Debug/driverlib.lib" 
<Linking>
'Finished building target: Lab 2.out'
' '

**** Build Finished ****

**** Build of configuration Debug for project Lab 2 ****

"C:\\ti\\ccsv7\\utils\\bin\\gmake" -k -j 8 all -O 
'Building file: ../movement.c'
'Invoking: ARM Compiler'
"C:/ti/ccsv7/tools/compiler/ti-cgt-arm_16.9.1.LTS/bin/armcl" -mv7M4 --code_state=16 --float_support=FPv4SPD16 -me --include_path="U:/CprE 288/Lab2/Lab 2" --include_path="C:/ti/TivaWare_C_Series-2.1.2.111" --include_path="C:/ti/ccsv7/tools/compiler/ti-cgt-arm_16.9.1.LTS/include" --define=ccs="ccs" --define=PART_TM4C123GH6PM -g --gcc --diag_warning=225 --diag_wrap=off --display_error_number --abi=eabi --preproc_with_compile --preproc_dependency="movement.d"  "../movement.c"
"..\Timer.h", line 44: warning #1-D: last line of file ends without a newline
"..\lcd.h", line 40: warning #1-D: last line of file ends without a newline
"..\open_interface.h", line 178: warning #1-D: last line of file ends without a newline
'Finished building: ../movement.c'
' '
'Building target: Lab 2.out'
'Invoking: ARM Linker'
"C:/ti/ccsv7/tools/compiler/ti-cgt-arm_16.9.1.LTS/bin/armcl" -mv7M4 --code_state=16 --float_support=FPv4SPD16 -me --define=ccs="ccs" --define=PART_TM4C123GH6PM -g --gcc --diag_warning=225 --diag_wrap=off --display_error_number --abi=eabi -z -m"Lab 2.map" --heap_size=1024 --stack_size=2048 -i"C:/ti/ccsv7/tools/compiler/ti-cgt-arm_16.9.1.LTS/lib" -i"C:/ti/ccsv7/tools/compiler/ti-cgt-arm_16.9.1.LTS/include" --reread_libs --diag_wrap=off --display_error_number --warn_sections --xml_link_info="Lab 2_linkInfo.xml" --rom_model -o "Lab 2.out" "./lcd.obj" "./main.obj" "./movement.obj" "./open_interface.obj" "./timer.obj" "./tm4c123gh6pm_startup_ccs.obj" "../tm4c123gh6pm.cmd"  -llibc.a -l"C:/ti/TivaWare_C_Series-2.1.2.111/driverlib/ccs/Debug/driverlib.lib" 
<Linking>
'Finished building target: Lab 2.out'
' '

**** Build Finished ****

**** Build of configuration Debug for project Lab 2 ****

"C:\\ti\\ccsv7\\utils\\bin\\gmake" -k -j 8 all -O 
'Building file: ../movement.c'
'Invoking: ARM Compiler'
"C:/ti/ccsv7/tools/compiler/ti-cgt-arm_16.9.1.LTS/bin/armcl" -mv7M4 --code_state=16 --float_support=FPv4SPD16 -me --include_path="U:/CprE 288/Lab2/Lab 2" --include_path="C:/ti/TivaWare_C_Series-2.1.2.111" --include_path="C:/ti/ccsv7/tools/compiler/ti-cgt-arm_16.9.1.LTS/include" --define=ccs="ccs" --define=PART_TM4C123GH6PM -g --gcc --diag_warning=225 --diag_wrap=off --display_error_number --abi=eabi --preproc_with_compile --preproc_dependency="movement.d"  "../movement.c"
"..\Timer.h", line 44: warning #1-D: last line of file ends without a newline
"..\lcd.h", line 40: warning #1-D: last line of file ends without a newline
"..\open_interface.h", line 178: warning #1-D: last line of file ends without a newline
'Finished building: ../movement.c'
' '
'Building target: Lab 2.out'
'Invoking: ARM Linker'
"C:/ti/ccsv7/tools/compiler/ti-cgt-arm_16.9.1.LTS/bin/armcl" -mv7M4 --code_state=16 --float_support=FPv4SPD16 -me --define=ccs="ccs" --define=PART_TM4C123GH6PM -g --gcc --diag_warning=225 --diag_wrap=off --display_error_number --abi=eabi -z -m"Lab 2.map" --heap_size=1024 --stack_size=2048 -i"C:/ti/ccsv7/tools/compiler/ti-cgt-arm_16.9.1.LTS/lib" -i"C:/ti/ccsv7/tools/compiler/ti-cgt-arm_16.9.1.LTS/include" --reread_libs --diag_wrap=off --display_error_number --warn_sections --xml_link_info="Lab 2_linkInfo.xml" --rom_model -o "Lab 2.out" "./lcd.obj" "./main.obj" "./movement.obj" "./open_interface.obj" "./timer.obj" "./tm4c123gh6pm_startup_ccs.obj" "../tm4c123gh6pm.cmd"  -llibc.a -l"C:/ti/TivaWare_C_Series-2.1.2.111/driverlib/ccs/Debug/driverlib.lib" 
<Linking>
'Finished building target: Lab 2.out'
' '

**** Build Finished ****

**** Build of configuration Debug for project Lab 2 ****

"C:\\ti\\ccsv7\\utils\\bin\\gmake" -k -j 8 all -O 
'Building file: ../movement.c'
'Invoking: ARM Compiler'
"C:/ti/ccsv7/tools/compiler/ti-cgt-arm_16.9.1.LTS/bin/armcl" -mv7M4 --code_state=16 --float_support=FPv4SPD16 -me --include_path="U:/CprE 288/Lab2/Lab 2" --include_path="C:/ti/TivaWare_C_Series-2.1.2.111" --include_path="C:/ti/ccsv7/tools/compiler/ti-cgt-arm_16.9.1.LTS/include" --define=ccs="ccs" --define=PART_TM4C123GH6PM -g --gcc --diag_warning=225 --diag_wrap=off --display_error_number --abi=eabi --preproc_with_compile --preproc_dependency="movement.d"  "../movement.c"
"..\Timer.h", line 44: warning #1-D: last line of file ends without a newline
"..\lcd.h", line 40: warning #1-D: last line of file ends without a newline
"..\open_interface.h", line 178: warning #1-D: last line of file ends without a newline
'Finished building: ../movement.c'
' '
'Building target: Lab 2.out'
'Invoking: ARM Linker'
"C:/ti/ccsv7/tools/compiler/ti-cgt-arm_16.9.1.LTS/bin/armcl" -mv7M4 --code_state=16 --float_support=FPv4SPD16 -me --define=ccs="ccs" --define=PART_TM4C123GH6PM -g --gcc --diag_warning=225 --diag_wrap=off --display_error_number --abi=eabi -z -m"Lab 2.map" --heap_size=1024 --stack_size=2048 -i"C:/ti/ccsv7/tools/compiler/ti-cgt-arm_16.9.1.LTS/lib" -i"C:/ti/ccsv7/tools/compiler/ti-cgt-arm_16.9.1.LTS/include" --reread_libs --diag_wrap=off --display_error_number --warn_sections --xml_link_info="Lab 2_linkInfo.xml" --rom_model -o "Lab 2.out" "./lcd.obj" "./main.obj" "./movement.obj" "./open_interface.obj" "./timer.obj" "./tm4c123gh6pm_startup_ccs.obj" "../tm4c123gh6pm.cmd"  -llibc.a -l"C:/ti/TivaWare_C_Series-2.1.2.111/driverlib/ccs/Debug/driverlib.lib" 
<Linking>
'Finished building target: Lab 2.out'
' '

**** Build Finished ****

**** Build of configuration Debug for project Lab 2 ****

"C:\\ti\\ccsv7\\utils\\bin\\gmake" -k -j 8 all -O 
'Building file: ../movement.c'
'Invoking: ARM Compiler'
"C:/ti/ccsv7/tools/compiler/ti-cgt-arm_16.9.1.LTS/bin/armcl" -mv7M4 --code_state=16 --float_support=FPv4SPD16 -me --include_path="U:/CprE 288/Lab2/Lab 2" --include_path="C:/ti/TivaWare_C_Series-2.1.2.111" --include_path="C:/ti/ccsv7/tools/compiler/ti-cgt-arm_16.9.1.LTS/include" --define=ccs="ccs" --define=PART_TM4C123GH6PM -g --gcc --diag_warning=225 --diag_wrap=off --display_error_number --abi=eabi --preproc_with_compile --preproc_dependency="movement.d"  "../movement.c"
"..\Timer.h", line 44: warning #1-D: last line of file ends without a newline
"..\lcd.h", line 40: warning #1-D: last line of file ends without a newline
"..\open_interface.h", line 178: warning #1-D: last line of file ends without a newline
'Finished building: ../movement.c'
' '
'Building target: Lab 2.out'
'Invoking: ARM Linker'
"C:/ti/ccsv7/tools/compiler/ti-cgt-arm_16.9.1.LTS/bin/armcl" -mv7M4 --code_state=16 --float_support=FPv4SPD16 -me --define=ccs="ccs" --define=PART_TM4C123GH6PM -g --gcc --diag_warning=225 --diag_wrap=off --display_error_number --abi=eabi -z -m"Lab 2.map" --heap_size=1024 --stack_size=2048 -i"C:/ti/ccsv7/tools/compiler/ti-cgt-arm_16.9.1.LTS/lib" -i"C:/ti/ccsv7/tools/compiler/ti-cgt-arm_16.9.1.LTS/include" --reread_libs --diag_wrap=off --display_error_number --warn_sections --xml_link_info="Lab 2_linkInfo.xml" --rom_model -o "Lab 2.out" "./lcd.obj" "./main.obj" "./movement.obj" "./open_interface.obj" "./timer.obj" "./tm4c123gh6pm_startup_ccs.obj" "../tm4c123gh6pm.cmd"  -llibc.a -l"C:/ti/TivaWare_C_Series-2.1.2.111/driverlib/ccs/Debug/driverlib.lib" 
<Linking>
'Finished building target: Lab 2.out'
' '

**** Build Finished ****

**** Build of configuration Debug for project Lab 2 ****

"C:\\ti\\ccsv7\\utils\\bin\\gmake" -k -j 8 all -O 
'Building file: ../movement.c'
'Invoking: ARM Compiler'
"C:/ti/ccsv7/tools/compiler/ti-cgt-arm_16.9.1.LTS/bin/armcl" -mv7M4 --code_state=16 --float_support=FPv4SPD16 -me --include_path="U:/CprE 288/Lab2/Lab 2" --include_path="C:/ti/TivaWare_C_Series-2.1.2.111" --include_path="C:/ti/ccsv7/tools/compiler/ti-cgt-arm_16.9.1.LTS/include" --define=ccs="ccs" --define=PART_TM4C123GH6PM -g --gcc --diag_warning=225 --diag_wrap=off --display_error_number --abi=eabi --preproc_with_compile --preproc_dependency="movement.d"  "../movement.c"
"..\Timer.h", line 44: warning #1-D: last line of file ends without a newline
"..\lcd.h", line 40: warning #1-D: last line of file ends without a newline
"..\open_interface.h", line 178: warning #1-D: last line of file ends without a newline
'Finished building: ../movement.c'
' '
'Building target: Lab 2.out'
'Invoking: ARM Linker'
"C:/ti/ccsv7/tools/compiler/ti-cgt-arm_16.9.1.LTS/bin/armcl" -mv7M4 --code_state=16 --float_support=FPv4SPD16 -me --define=ccs="ccs" --define=PART_TM4C123GH6PM -g --gcc --diag_warning=225 --diag_wrap=off --display_error_number --abi=eabi -z -m"Lab 2.map" --heap_size=1024 --stack_size=2048 -i"C:/ti/ccsv7/tools/compiler/ti-cgt-arm_16.9.1.LTS/lib" -i"C:/ti/ccsv7/tools/compiler/ti-cgt-arm_16.9.1.LTS/include" --reread_libs --diag_wrap=off --display_error_number --warn_sections --xml_link_info="Lab 2_linkInfo.xml" --rom_model -o "Lab 2.out" "./lcd.obj" "./main.obj" "./movement.obj" "./open_interface.obj" "./timer.obj" "./tm4c123gh6pm_startup_ccs.obj" "../tm4c123gh6pm.cmd"  -llibc.a -l"C:/ti/TivaWare_C_Series-2.1.2.111/driverlib/ccs/Debug/driverlib.lib" 
<Linking>
'Finished building target: Lab 2.out'
' '

**** Build Finished ****

**** Build of configuration Debug for project Lab 2 ****

"C:\\ti\\ccsv7\\utils\\bin\\gmake" -k -j 8 all -O 
gmake[1]: 'Lab 2.out' is up to date.

**** Build Finished ****

**** Build of configuration Debug for project Lab 2 ****

"C:\\ti\\ccsv7\\utils\\bin\\gmake" -k -j 8 all -O 
'Building file: ../movement.c'
'Invoking: ARM Compiler'
"C:/ti/ccsv7/tools/compiler/ti-cgt-arm_16.9.1.LTS/bin/armcl" -mv7M4 --code_state=16 --float_support=FPv4SPD16 -me --include_path="U:/CprE 288/Lab2/Lab 2" --include_path="C:/ti/TivaWare_C_Series-2.1.2.111" --include_path="C:/ti/ccsv7/tools/compiler/ti-cgt-arm_16.9.1.LTS/include" --define=ccs="ccs" --define=PART_TM4C123GH6PM -g --gcc --diag_warning=225 --diag_wrap=off --display_error_number --abi=eabi --preproc_with_compile --preproc_dependency="movement.d"  "../movement.c"
"..\Timer.h", line 44: warning #1-D: last line of file ends without a newline
"..\lcd.h", line 40: warning #1-D: last line of file ends without a newline
"..\open_interface.h", line 178: warning #1-D: last line of file ends without a newline
'Finished building: ../movement.c'
' '
'Building target: Lab 2.out'
'Invoking: ARM Linker'
"C:/ti/ccsv7/tools/compiler/ti-cgt-arm_16.9.1.LTS/bin/armcl" -mv7M4 --code_state=16 --float_support=FPv4SPD16 -me --define=ccs="ccs" --define=PART_TM4C123GH6PM -g --gcc --diag_warning=225 --diag_wrap=off --display_error_number --abi=eabi -z -m"Lab 2.map" --heap_size=1024 --stack_size=2048 -i"C:/ti/ccsv7/tools/compiler/ti-cgt-arm_16.9.1.LTS/lib" -i"C:/ti/ccsv7/tools/compiler/ti-cgt-arm_16.9.1.LTS/include" --reread_libs --diag_wrap=off --display_error_number --warn_sections --xml_link_info="Lab 2_linkInfo.xml" --rom_model -o "Lab 2.out" "./lcd.obj" "./main.obj" "./movement.obj" "./open_interface.obj" "./timer.obj" "./tm4c123gh6pm_startup_ccs.obj" "../tm4c123gh6pm.cmd"  -llibc.a -l"C:/ti/TivaWare_C_Series-2.1.2.111/driverlib/ccs/Debug/driverlib.lib" 
<Linking>
'Finished building target: Lab 2.out'
' '

**** Build Finished ****

**** Build of configuration Debug for project Lab 2 ****

"C:\\ti\\ccsv7\\utils\\bin\\gmake" -k -j 8 all -O 
'Building file: ../main.c'
'Invoking: ARM Compiler'
"C:/ti/ccsv7/tools/compiler/ti-cgt-arm_16.9.1.LTS/bin/armcl" -mv7M4 --code_state=16 --float_support=FPv4SPD16 -me --include_path="U:/CprE 288/Lab2/Lab 2" --include_path="C:/ti/TivaWare_C_Series-2.1.2.111" --include_path="C:/ti/ccsv7/tools/compiler/ti-cgt-arm_16.9.1.LTS/include" --define=ccs="ccs" --define=PART_TM4C123GH6PM -g --gcc --diag_warning=225 --diag_wrap=off --display_error_number --abi=eabi --preproc_with_compile --preproc_dependency="main.d"  "../main.c"
"..\Timer.h", line 44: warning #1-D: last line of file ends without a newline
"..\lcd.h", line 40: warning #1-D: last line of file ends without a newline
"..\open_interface.h", line 178: warning #1-D: last line of file ends without a newline
'Finished building: ../main.c'
' '
'Building target: Lab 2.out'
'Invoking: ARM Linker'
"C:/ti/ccsv7/tools/compiler/ti-cgt-arm_16.9.1.LTS/bin/armcl" -mv7M4 --code_state=16 --float_support=FPv4SPD16 -me --define=ccs="ccs" --define=PART_TM4C123GH6PM -g --gcc --diag_warning=225 --diag_wrap=off --display_error_number --abi=eabi -z -m"Lab 2.map" --heap_size=1024 --stack_size=2048 -i"C:/ti/ccsv7/tools/compiler/ti-cgt-arm_16.9.1.LTS/lib" -i"C:/ti/ccsv7/tools/compiler/ti-cgt-arm_16.9.1.LTS/include" --reread_libs --diag_wrap=off --display_error_number --warn_sections --xml_link_info="Lab 2_linkInfo.xml" --rom_model -o "Lab 2.out" "./lcd.obj" "./main.obj" "./movement.obj" "./open_interface.obj" "./timer.obj" "./tm4c123gh6pm_startup_ccs.obj" "../tm4c123gh6pm.cmd"  -llibc.a -l"C:/ti/TivaWare_C_Series-2.1.2.111/driverlib/ccs/Debug/driverlib.lib" 
<Linking>
'Finished building target: Lab 2.out'
' '

**** Build Finished ****

**** Build of configuration Debug for project Lab 2 ****

"C:\\ti\\ccsv7\\utils\\bin\\gmake" -k -j 8 all -O 
'Building file: ../main.c'
'Invoking: ARM Compiler'
"C:/ti/ccsv7/tools/compiler/ti-cgt-arm_16.9.1.LTS/bin/armcl" -mv7M4 --code_state=16 --float_support=FPv4SPD16 -me --include_path="U:/CprE 288/Lab2/Lab 2" --include_path="C:/ti/TivaWare_C_Series-2.1.2.111" --include_path="C:/ti/ccsv7/tools/compiler/ti-cgt-arm_16.9.1.LTS/include" --define=ccs="ccs" --define=PART_TM4C123GH6PM -g --gcc --diag_warning=225 --diag_wrap=off --display_error_number --abi=eabi --preproc_with_compile --preproc_dependency="main.d"  "../main.c"
"..\Timer.h", line 44: warning #1-D: last line of file ends without a newline
"..\lcd.h", line 40: warning #1-D: last line of file ends without a newline
"..\open_interface.h", line 178: warning #1-D: last line of file ends without a newline
'Finished building: ../main.c'
' '
'Building file: ../movement.c'
'Invoking: ARM Compiler'
"C:/ti/ccsv7/tools/compiler/ti-cgt-arm_16.9.1.LTS/bin/armcl" -mv7M4 --code_state=16 --float_support=FPv4SPD16 -me --include_path="U:/CprE 288/Lab2/Lab 2" --include_path="C:/ti/TivaWare_C_Series-2.1.2.111" --include_path="C:/ti/ccsv7/tools/compiler/ti-cgt-arm_16.9.1.LTS/include" --define=ccs="ccs" --define=PART_TM4C123GH6PM -g --gcc --diag_warning=225 --diag_wrap=off --display_error_number --abi=eabi --preproc_with_compile --preproc_dependency="movement.d"  "../movement.c"
"..\Timer.h", line 44: warning #1-D: last line of file ends without a newline
"..\lcd.h", line 40: warning #1-D: last line of file ends without a newline
"..\open_interface.h", line 178: warning #1-D: last line of file ends without a newline
'Finished building: ../movement.c'
' '
'Building target: Lab 2.out'
'Invoking: ARM Linker'
"C:/ti/ccsv7/tools/compiler/ti-cgt-arm_16.9.1.LTS/bin/armcl" -mv7M4 --code_state=16 --float_support=FPv4SPD16 -me --define=ccs="ccs" --define=PART_TM4C123GH6PM -g --gcc --diag_warning=225 --diag_wrap=off --display_error_number --abi=eabi -z -m"Lab 2.map" --heap_size=1024 --stack_size=2048 -i"C:/ti/ccsv7/tools/compiler/ti-cgt-arm_16.9.1.LTS/lib" -i"C:/ti/ccsv7/tools/compiler/ti-cgt-arm_16.9.1.LTS/include" --reread_libs --diag_wrap=off --display_error_number --warn_sections --xml_link_info="Lab 2_linkInfo.xml" --rom_model -o "Lab 2.out" "./lcd.obj" "./main.obj" "./movement.obj" "./open_interface.obj" "./timer.obj" "./tm4c123gh6pm_startup_ccs.obj" "../tm4c123gh6pm.cmd"  -llibc.a -l"C:/ti/TivaWare_C_Series-2.1.2.111/driverlib/ccs/Debug/driverlib.lib" 
<Linking>
'Finished building target: Lab 2.out'
' '

**** Build Finished ****

**** Build of configuration Debug for project Lab 2 ****

"C:\\ti\\ccsv7\\utils\\bin\\gmake" -k -j 8 all -O 
'Building file: ../main.c'
'Invoking: ARM Compiler'
"C:/ti/ccsv7/tools/compiler/ti-cgt-arm_16.9.1.LTS/bin/armcl" -mv7M4 --code_state=16 --float_support=FPv4SPD16 -me --include_path="U:/CprE 288/Lab2/Lab 2" --include_path="C:/ti/TivaWare_C_Series-2.1.2.111" --include_path="C:/ti/ccsv7/tools/compiler/ti-cgt-arm_16.9.1.LTS/include" --define=ccs="ccs" --define=PART_TM4C123GH6PM -g --gcc --diag_warning=225 --diag_wrap=off --display_error_number --abi=eabi --preproc_with_compile --preproc_dependency="main.d"  "../main.c"
"..\Timer.h", line 44: warning #1-D: last line of file ends without a newline
"..\lcd.h", line 40: warning #1-D: last line of file ends without a newline
"..\open_interface.h", line 178: warning #1-D: last line of file ends without a newline
'Finished building: ../main.c'
' '
'Building target: Lab 2.out'
'Invoking: ARM Linker'
"C:/ti/ccsv7/tools/compiler/ti-cgt-arm_16.9.1.LTS/bin/armcl" -mv7M4 --code_state=16 --float_support=FPv4SPD16 -me --define=ccs="ccs" --define=PART_TM4C123GH6PM -g --gcc --diag_warning=225 --diag_wrap=off --display_error_number --abi=eabi -z -m"Lab 2.map" --heap_size=1024 --stack_size=2048 -i"C:/ti/ccsv7/tools/compiler/ti-cgt-arm_16.9.1.LTS/lib" -i"C:/ti/ccsv7/tools/compiler/ti-cgt-arm_16.9.1.LTS/include" --reread_libs --diag_wrap=off --display_error_number --warn_sections --xml_link_info="Lab 2_linkInfo.xml" --rom_model -o "Lab 2.out" "./lcd.obj" "./main.obj" "./movement.obj" "./open_interface.obj" "./timer.obj" "./tm4c123gh6pm_startup_ccs.obj" "../tm4c123gh6pm.cmd"  -llibc.a -l"C:/ti/TivaWare_C_Series-2.1.2.111/driverlib/ccs/Debug/driverlib.lib" 
<Linking>
'Finished building target: Lab 2.out'
' '

**** Build Finished ****
Buildfile generation error occurred..
This project was created using a version of compiler that is not currently installed: 16.9.1.LTS [ARM]. See 'Help > Check for Updates' or visit CCS App Center to get the latest compilers. See 'Help > Install New Software...' to install older compilers. Alternatively, migrate the project to one of the available compiler versions by adjusting project properties.
Build stopped..
Buildfile generation error occurred..
This project was created using a version of compiler that is not currently installed: 16.9.1.LTS [ARM]. See 'Help > Check for Updates' or visit CCS App Center to get the latest compilers. See 'Help > Install New Software...' to install older compilers. Alternatively, migrate the project to one of the available compiler versions by adjusting project properties.
Build stopped..
Buildfile generation error occurred..
This project was created using a version of compiler that is not currently installed: 16.9.1.LTS [ARM]. See 'Help > Check for Updates' or visit CCS App Center to get the latest compilers. See 'Help > Install New Software...' to install older compilers. Alternatively, migrate the project to one of the available compiler versions by adjusting project properties.
Build stopped..
Buildfile generation error occurred..
This project was created using a version of compiler that is not currently installed: 16.9.1.LTS [ARM]. See 'Help > Check for Updates' or visit CCS App Center to get the latest compilers. See 'Help > Install New Software...' to install older compilers. Alternatively, migrate the project to one of the available compiler versions by adjusting project properties.
Build stopped..

**** Build of configuration Debug for project Lab 2 ****

"C:\\ti\\ccsv7\\utils\\bin\\gmake" -k -j 8 all -O 
'Building file: ../adc.c'
'Invoking: ARM Compiler'
"C:/ti/ccsv7/tools/compiler/ti-cgt-arm_16.9.1.LTS/bin/armcl" -mv7M4 --code_state=16 --float_support=FPv4SPD16 -me --include_path="U:/CprE 288/Lab6/Lab 2" --include_path="C:/ti/TivaWare_C_Series-2.1.2.111" --include_path="C:/ti/ccsv7/tools/compiler/ti-cgt-arm_16.9.1.LTS/include" --define=ccs="ccs" --define=PART_TM4C123GH6PM -g --gcc --diag_warning=225 --diag_wrap=off --display_error_number --abi=eabi --preproc_with_compile --preproc_dependency="adc.d"  "../adc.c"

>> Compilation failure
subdir_rules.mk:9: recipe for target 'adc.obj' failed
"../adc.c", line 17: error #20: identifier "ADC0_PSSI_R" is undefined
"../adc.c", line 17: error #20: identifier "ADC_PSSI_SS1" is undefined
"../adc.c", line 20: error #20: identifier "ADC0_RIS_R" is undefined
"../adc.c", line 20: error #20: identifier "ADC_RIS_INR1" is undefined
"../adc.c", line 25: error #20: identifier "ADC0_SSFIFO1_R" is undefined
"../adc.c", line 30: error #20: identifier "SYSCTL_RCGCGPIO_R" is undefined
"../adc.c", line 30: error #20: identifier "SYSCTL_RCGCGPIO_R3" is undefined
"../adc.c", line 33: error #20: identifier "SYSCTL_RCGCADC_R" is undefined
"../adc.c", line 36: error #20: identifier "GPIO_PORTD_AFSEL_R" is undefined
"../adc.c", line 39: error #20: identifier "GPIO_PORTD_DEN_R" is undefined
"../adc.c", line 42: error #20: identifier "GPIO_PORTD_AMSEL_R" is undefined
"../adc.c", line 45: error #20: identifier "GPIO_PORTD_ADCCTL_R" is undefined
"../adc.c", line 51: error #20: identifier "ADC0_ACTSS_R" is undefined
"../adc.c", line 51: error #20: identifier "ADC_ACTSS_ASEN0" is undefined
"../adc.c", line 54: error #20: identifier "ADC0_EMUX_R" is undefined
"../adc.c", line 54: error #20: identifier "ADC_EMUX_EM0_PROCESSOR" is undefined
"../adc.c", line 57: error #20: identifier "ADC0_SSMUX0_R" is undefined
"../adc.c", line 60: error #20: identifier "ADC0_SSCTL0_R" is undefined
"../adc.c", line 60: error #20: identifier "ADC_SSCTL0_IE0" is undefined
"../adc.c", line 60: error #20: identifier "ADC_SSCTL0_END0" is undefined
"../adc.c", line 63: error #20: identifier "ADC0_SAC_R" is undefined
"../adc.c", line 63: error #20: identifier "ADC_SAC_AVG_64X" is undefined
22 errors detected in the compilation of "../adc.c".
gmake: *** [adc.obj] Error 1
'Building file: ../main.c'
'Invoking: ARM Compiler'
"C:/ti/ccsv7/tools/compiler/ti-cgt-arm_16.9.1.LTS/bin/armcl" -mv7M4 --code_state=16 --float_support=FPv4SPD16 -me --include_path="U:/CprE 288/Lab6/Lab 2" --include_path="C:/ti/TivaWare_C_Series-2.1.2.111" --include_path="C:/ti/ccsv7/tools/compiler/ti-cgt-arm_16.9.1.LTS/include" --define=ccs="ccs" --define=PART_TM4C123GH6PM -g --gcc --diag_warning=225 --diag_wrap=off --display_error_number --abi=eabi --preproc_with_compile --preproc_dependency="main.d"  "../main.c"
"..\timer.h", line 44: warning #1-D: last line of file ends without a newline
"..\lcd.h", line 40: warning #1-D: last line of file ends without a newline
"../main.c", line 18: warning #112-D: statement is unreachable
'Finished building: ../main.c'
' '
gmake: Target 'all' not remade because of errors.

**** Build Finished ****

**** Build of configuration Debug for project Lab 2 ****

"C:\\ti\\ccsv7\\utils\\bin\\gmake" -k -j 8 all -O 
'Building file: ../adc.c'
'Invoking: ARM Compiler'
"C:/ti/ccsv7/tools/compiler/ti-cgt-arm_16.9.1.LTS/bin/armcl" -mv7M4 --code_state=16 --float_support=FPv4SPD16 -me --include_path="U:/CprE 288/Lab6/Lab 2" --include_path="C:/ti/TivaWare_C_Series-2.1.2.111" --include_path="C:/ti/ccsv7/tools/compiler/ti-cgt-arm_16.9.1.LTS/include" --define=ccs="ccs" --define=PART_TM4C123GH6PM -g --gcc --diag_warning=225 --diag_wrap=off --display_error_number --abi=eabi --preproc_with_compile --preproc_dependency="adc.d"  "../adc.c"

>> Compilation failure
subdir_rules.mk:9: recipe for target 'adc.obj' failed
"../adc.c", line 17: error #20: identifier "uint32_t" is undefined
"../adc.c", line 20: error #20: identifier "uint32_t" is undefined
"../adc.c", line 25: error #20: identifier "uint32_t" is undefined
"../adc.c", line 30: error #20: identifier "uint32_t" is undefined
"../adc.c", line 33: error #20: identifier "uint32_t" is undefined
"../adc.c", line 36: error #20: identifier "uint32_t" is undefined
"../adc.c", line 39: error #20: identifier "uint32_t" is undefined
"../adc.c", line 42: error #20: identifier "uint32_t" is undefined
"../adc.c", line 45: error #20: identifier "uint32_t" is undefined
"../adc.c", line 51: error #20: identifier "uint32_t" is undefined
"../adc.c", line 54: error #20: identifier "uint32_t" is undefined
"../adc.c", line 57: error #20: identifier "uint32_t" is undefined
"../adc.c", line 60: error #20: identifier "uint32_t" is undefined
"../adc.c", line 63: error #20: identifier "uint32_t" is undefined
"../adc.c", line 66: error #20: identifier "uint32_t" is undefined
15 errors detected in the compilation of "../adc.c".
gmake: *** [adc.obj] Error 1
'Building file: ../main.c'
'Invoking: ARM Compiler'
"C:/ti/ccsv7/tools/compiler/ti-cgt-arm_16.9.1.LTS/bin/armcl" -mv7M4 --code_state=16 --float_support=FPv4SPD16 -me --include_path="U:/CprE 288/Lab6/Lab 2" --include_path="C:/ti/TivaWare_C_Series-2.1.2.111" --include_path="C:/ti/ccsv7/tools/compiler/ti-cgt-arm_16.9.1.LTS/include" --define=ccs="ccs" --define=PART_TM4C123GH6PM -g --gcc --diag_warning=225 --diag_wrap=off --display_error_number --abi=eabi --preproc_with_compile --preproc_dependency="main.d"  "../main.c"
"..\timer.h", line 44: warning #1-D: last line of file ends without a newline
"..\lcd.h", line 40: warning #1-D: last line of file ends without a newline
"../main.c", line 18: warning #112-D: statement is unreachable
'Finished building: ../main.c'
' '
gmake: Target 'all' not remade because of errors.

**** Build Finished ****

**** Build of configuration Debug for project Lab 2 ****

"C:\\ti\\ccsv7\\utils\\bin\\gmake" -k -j 8 all -O 
'Building file: ../main.c'
'Invoking: ARM Compiler'
"C:/ti/ccsv7/tools/compiler/ti-cgt-arm_16.9.1.LTS/bin/armcl" -mv7M4 --code_state=16 --float_support=FPv4SPD16 -me --include_path="U:/CprE 288/Lab6/Lab 2" --include_path="C:/ti/TivaWare_C_Series-2.1.2.111" --include_path="C:/ti/ccsv7/tools/compiler/ti-cgt-arm_16.9.1.LTS/include" --define=ccs="ccs" --define=PART_TM4C123GH6PM -g --gcc --diag_warning=225 --diag_wrap=off --display_error_number --abi=eabi --preproc_with_compile --preproc_dependency="main.d"  "../main.c"
"..\timer.h", line 44: warning #1-D: last line of file ends without a newline
"..\lcd.h", line 40: warning #1-D: last line of file ends without a newline
"../main.c", line 18: warning #112-D: statement is unreachable
'Finished building: ../main.c'
' '
'Building file: ../adc.c'
'Invoking: ARM Compiler'
"C:/ti/ccsv7/tools/compiler/ti-cgt-arm_16.9.1.LTS/bin/armcl" -mv7M4 --code_state=16 --float_support=FPv4SPD16 -me --include_path="U:/CprE 288/Lab6/Lab 2" --include_path="C:/ti/TivaWare_C_Series-2.1.2.111" --include_path="C:/ti/ccsv7/tools/compiler/ti-cgt-arm_16.9.1.LTS/include" --define=ccs="ccs" --define=PART_TM4C123GH6PM -g --gcc --diag_warning=225 --diag_wrap=off --display_error_number --abi=eabi --preproc_with_compile --preproc_dependency="adc.d"  "../adc.c"
"..\timer.h", line 44: warning #1-D: last line of file ends without a newline
"..\lcd.h", line 40: warning #1-D: last line of file ends without a newline
'Finished building: ../adc.c'
' '
'Building target: Lab 2.out'
'Invoking: ARM Linker'
"C:/ti/ccsv7/tools/compiler/ti-cgt-arm_16.9.1.LTS/bin/armcl" -mv7M4 --code_state=16 --float_support=FPv4SPD16 -me --define=ccs="ccs" --define=PART_TM4C123GH6PM -g --gcc --diag_warning=225 --diag_wrap=off --display_error_number --abi=eabi -z -m"Lab 2.map" --heap_size=1024 --stack_size=2048 -i"C:/ti/ccsv7/tools/compiler/ti-cgt-arm_16.9.1.LTS/lib" -i"C:/ti/ccsv7/tools/compiler/ti-cgt-arm_16.9.1.LTS/include" --reread_libs --diag_wrap=off --display_error_number --warn_sections --xml_link_info="Lab 2_linkInfo.xml" --rom_model -o "Lab 2.out" "./adc.obj" "./lcd.obj" "./main.obj" "./timer.obj" "./tm4c123gh6pm_startup_ccs.obj" "../tm4c123gh6pm.cmd"  -llibc.a -l"C:/ti/TivaWare_C_Series-2.1.2.111/driverlib/ccs/Debug/driverlib.lib" 
<Linking>

 undefined first referenced
  symbol       in file     
 --------- ----------------
 adc_Read  ./main.obj      

error #10234-D: unresolved symbols remain

error #10010: errors encountered during linking; "Lab 2.out" not built
>> Compilation failure
makefile:146: recipe for target 'Lab 2.out' failed
gmake[1]: *** [Lab 2.out] Error 1
gmake: *** [all] Error 2
makefile:142: recipe for target 'all' failed

**** Build Finished ****

**** Build of configuration Debug for project Lab 2 ****

"C:\\ti\\ccsv7\\utils\\bin\\gmake" -k -j 8 all -O 
'Building file: ../main.c'
'Invoking: ARM Compiler'
"C:/ti/ccsv7/tools/compiler/ti-cgt-arm_16.9.1.LTS/bin/armcl" -mv7M4 --code_state=16 --float_support=FPv4SPD16 -me --include_path="U:/CprE 288/Lab6/Lab 2" --include_path="C:/ti/TivaWare_C_Series-2.1.2.111" --include_path="C:/ti/ccsv7/tools/compiler/ti-cgt-arm_16.9.1.LTS/include" --define=ccs="ccs" --define=PART_TM4C123GH6PM -g --gcc --diag_warning=225 --diag_wrap=off --display_error_number --abi=eabi --preproc_with_compile --preproc_dependency="main.d"  "../main.c"
"..\timer.h", line 44: warning #1-D: last line of file ends without a newline
"..\lcd.h", line 40: warning #1-D: last line of file ends without a newline
"../main.c", line 17: warning #112-D: statement is unreachable
'Finished building: ../main.c'
' '
'Building target: Lab 2.out'
'Invoking: ARM Linker'
"C:/ti/ccsv7/tools/compiler/ti-cgt-arm_16.9.1.LTS/bin/armcl" -mv7M4 --code_state=16 --float_support=FPv4SPD16 -me --define=ccs="ccs" --define=PART_TM4C123GH6PM -g --gcc --diag_warning=225 --diag_wrap=off --display_error_number --abi=eabi -z -m"Lab 2.map" --heap_size=1024 --stack_size=2048 -i"C:/ti/ccsv7/tools/compiler/ti-cgt-arm_16.9.1.LTS/lib" -i"C:/ti/ccsv7/tools/compiler/ti-cgt-arm_16.9.1.LTS/include" --reread_libs --diag_wrap=off --display_error_number --warn_sections --xml_link_info="Lab 2_linkInfo.xml" --rom_model -o "Lab 2.out" "./adc.obj" "./lcd.obj" "./main.obj" "./timer.obj" "./tm4c123gh6pm_startup_ccs.obj" "../tm4c123gh6pm.cmd"  -llibc.a -l"C:/ti/TivaWare_C_Series-2.1.2.111/driverlib/ccs/Debug/driverlib.lib" 
<Linking>

 undefined first referenced
  symbol       in file     
 --------- ----------------
 adc_Read  ./main.obj      

error #10234-D: unresolved symbols remain
error #10010: errors encountered during linking; "Lab 2.out" not built

>> Compilation failure
makefile:146: recipe for target 'Lab 2.out' failed
gmake[1]: *** [Lab 2.out] Error 1
makefile:142: recipe for target 'all' failed
gmake: *** [all] Error 2

**** Build Finished ****

**** Build of configuration Debug for project Lab 2 ****

"C:\\ti\\ccsv7\\utils\\bin\\gmake" -k -j 8 all -O 
'Building file: ../main.c'
'Invoking: ARM Compiler'
"C:/ti/ccsv7/tools/compiler/ti-cgt-arm_16.9.1.LTS/bin/armcl" -mv7M4 --code_state=16 --float_support=FPv4SPD16 -me --include_path="U:/CprE 288/Lab6/Lab 2" --include_path="C:/ti/TivaWare_C_Series-2.1.2.111" --include_path="C:/ti/ccsv7/tools/compiler/ti-cgt-arm_16.9.1.LTS/include" --define=ccs="ccs" --define=PART_TM4C123GH6PM -g --gcc --diag_warning=225 --diag_wrap=off --display_error_number --abi=eabi --preproc_with_compile --preproc_dependency="main.d"  "../main.c"
"..\timer.h", line 44: warning #1-D: last line of file ends without a newline
"..\lcd.h", line 40: warning #1-D: last line of file ends without a newline
"../main.c", line 11: warning #225-D: function "adc_read" declared implicitly
"../main.c", line 17: warning #112-D: statement is unreachable
'Finished building: ../main.c'
' '
'Building target: Lab 2.out'
'Invoking: ARM Linker'
"C:/ti/ccsv7/tools/compiler/ti-cgt-arm_16.9.1.LTS/bin/armcl" -mv7M4 --code_state=16 --float_support=FPv4SPD16 -me --define=ccs="ccs" --define=PART_TM4C123GH6PM -g --gcc --diag_warning=225 --diag_wrap=off --display_error_number --abi=eabi -z -m"Lab 2.map" --heap_size=1024 --stack_size=2048 -i"C:/ti/ccsv7/tools/compiler/ti-cgt-arm_16.9.1.LTS/lib" -i"C:/ti/ccsv7/tools/compiler/ti-cgt-arm_16.9.1.LTS/include" --reread_libs --diag_wrap=off --display_error_number --warn_sections --xml_link_info="Lab 2_linkInfo.xml" --rom_model -o "Lab 2.out" "./adc.obj" "./lcd.obj" "./main.obj" "./timer.obj" "./tm4c123gh6pm_startup_ccs.obj" "../tm4c123gh6pm.cmd"  -llibc.a -l"C:/ti/TivaWare_C_Series-2.1.2.111/driverlib/ccs/Debug/driverlib.lib" 
<Linking>
'Finished building target: Lab 2.out'
' '

**** Build Finished ****

**** Build of configuration Debug for project Lab 2 ****

"C:\\ti\\ccsv7\\utils\\bin\\gmake" -k -j 8 all -O 
'Building file: ../main.c'
'Invoking: ARM Compiler'
"C:/ti/ccsv7/tools/compiler/ti-cgt-arm_16.9.1.LTS/bin/armcl" -mv7M4 --code_state=16 --float_support=FPv4SPD16 -me --include_path="U:/CprE 288/Lab6/Lab 2" --include_path="C:/ti/TivaWare_C_Series-2.1.2.111" --include_path="C:/ti/ccsv7/tools/compiler/ti-cgt-arm_16.9.1.LTS/include" --define=ccs="ccs" --define=PART_TM4C123GH6PM -g --gcc --diag_warning=225 --diag_wrap=off --display_error_number --abi=eabi --preproc_with_compile --preproc_dependency="main.d"  "../main.c"
"..\timer.h", line 44: warning #1-D: last line of file ends without a newline
"..\lcd.h", line 40: warning #1-D: last line of file ends without a newline
"../main.c", line 17: warning #112-D: statement is unreachable
'Finished building: ../main.c'
' '
'Building file: ../adc.c'
'Invoking: ARM Compiler'
"C:/ti/ccsv7/tools/compiler/ti-cgt-arm_16.9.1.LTS/bin/armcl" -mv7M4 --code_state=16 --float_support=FPv4SPD16 -me --include_path="U:/CprE 288/Lab6/Lab 2" --include_path="C:/ti/TivaWare_C_Series-2.1.2.111" --include_path="C:/ti/ccsv7/tools/compiler/ti-cgt-arm_16.9.1.LTS/include" --define=ccs="ccs" --define=PART_TM4C123GH6PM -g --gcc --diag_warning=225 --diag_wrap=off --display_error_number --abi=eabi --preproc_with_compile --preproc_dependency="adc.d"  "../adc.c"
"..\timer.h", line 44: warning #1-D: last line of file ends without a newline
"..\lcd.h", line 40: warning #1-D: last line of file ends without a newline
'Finished building: ../adc.c'
' '
'Building target: Lab 2.out'
'Invoking: ARM Linker'
"C:/ti/ccsv7/tools/compiler/ti-cgt-arm_16.9.1.LTS/bin/armcl" -mv7M4 --code_state=16 --float_support=FPv4SPD16 -me --define=ccs="ccs" --define=PART_TM4C123GH6PM -g --gcc --diag_warning=225 --diag_wrap=off --display_error_number --abi=eabi -z -m"Lab 2.map" --heap_size=1024 --stack_size=2048 -i"C:/ti/ccsv7/tools/compiler/ti-cgt-arm_16.9.1.LTS/lib" -i"C:/ti/ccsv7/tools/compiler/ti-cgt-arm_16.9.1.LTS/include" --reread_libs --diag_wrap=off --display_error_number --warn_sections --xml_link_info="Lab 2_linkInfo.xml" --rom_model -o "Lab 2.out" "./adc.obj" "./lcd.obj" "./main.obj" "./timer.obj" "./tm4c123gh6pm_startup_ccs.obj" "../tm4c123gh6pm.cmd"  -llibc.a -l"C:/ti/TivaWare_C_Series-2.1.2.111/driverlib/ccs/Debug/driverlib.lib" 
<Linking>
'Finished building target: Lab 2.out'
' '

**** Build Finished ****

**** Build of configuration Debug for project Lab 2 ****

"C:\\ti\\ccsv7\\utils\\bin\\gmake" -k -j 8 all -O 
'Building file: ../main.c'
'Invoking: ARM Compiler'
"C:/ti/ccsv7/tools/compiler/ti-cgt-arm_16.9.1.LTS/bin/armcl" -mv7M4 --code_state=16 --float_support=FPv4SPD16 -me --include_path="U:/CprE 288/Lab6/Lab 2" --include_path="C:/ti/TivaWare_C_Series-2.1.2.111" --include_path="C:/ti/ccsv7/tools/compiler/ti-cgt-arm_16.9.1.LTS/include" --define=ccs="ccs" --define=PART_TM4C123GH6PM -g --gcc --diag_warning=225 --diag_wrap=off --display_error_number --abi=eabi --preproc_with_compile --preproc_dependency="main.d"  "../main.c"
"..\timer.h", line 44: warning #1-D: last line of file ends without a newline
"..\lcd.h", line 40: warning #1-D: last line of file ends without a newline
"../main.c", line 18: warning #112-D: statement is unreachable
'Finished building: ../main.c'
' '
'Building target: Lab 2.out'
'Invoking: ARM Linker'
"C:/ti/ccsv7/tools/compiler/ti-cgt-arm_16.9.1.LTS/bin/armcl" -mv7M4 --code_state=16 --float_support=FPv4SPD16 -me --define=ccs="ccs" --define=PART_TM4C123GH6PM -g --gcc --diag_warning=225 --diag_wrap=off --display_error_number --abi=eabi -z -m"Lab 2.map" --heap_size=1024 --stack_size=2048 -i"C:/ti/ccsv7/tools/compiler/ti-cgt-arm_16.9.1.LTS/lib" -i"C:/ti/ccsv7/tools/compiler/ti-cgt-arm_16.9.1.LTS/include" --reread_libs --diag_wrap=off --display_error_number --warn_sections --xml_link_info="Lab 2_linkInfo.xml" --rom_model -o "Lab 2.out" "./adc.obj" "./lcd.obj" "./main.obj" "./timer.obj" "./tm4c123gh6pm_startup_ccs.obj" "../tm4c123gh6pm.cmd"  -llibc.a -l"C:/ti/TivaWare_C_Series-2.1.2.111/driverlib/ccs/Debug/driverlib.lib" 
<Linking>
'Finished building target: Lab 2.out'
' '

**** Build Finished ****

**** Build of configuration Debug for project Lab 2 ****

"C:\\ti\\ccsv7\\utils\\bin\\gmake" -k -j 8 all -O 
'Building file: ../main.c'
'Invoking: ARM Compiler'
"C:/ti/ccsv7/tools/compiler/ti-cgt-arm_16.9.1.LTS/bin/armcl" -mv7M4 --code_state=16 --float_support=FPv4SPD16 -me --include_path="U:/CprE 288/Lab6/Lab 2" --include_path="C:/ti/TivaWare_C_Series-2.1.2.111" --include_path="C:/ti/ccsv7/tools/compiler/ti-cgt-arm_16.9.1.LTS/include" --define=ccs="ccs" --define=PART_TM4C123GH6PM -g --gcc --diag_warning=225 --diag_wrap=off --display_error_number --abi=eabi --preproc_with_compile --preproc_dependency="main.d"  "../main.c"
"..\timer.h", line 44: warning #1-D: last line of file ends without a newline
"..\lcd.h", line 40: warning #1-D: last line of file ends without a newline
"../main.c", line 18: warning #112-D: statement is unreachable
'Finished building: ../main.c'
' '
'Building target: Lab 2.out'
'Invoking: ARM Linker'
"C:/ti/ccsv7/tools/compiler/ti-cgt-arm_16.9.1.LTS/bin/armcl" -mv7M4 --code_state=16 --float_support=FPv4SPD16 -me --define=ccs="ccs" --define=PART_TM4C123GH6PM -g --gcc --diag_warning=225 --diag_wrap=off --display_error_number --abi=eabi -z -m"Lab 2.map" --heap_size=1024 --stack_size=2048 -i"C:/ti/ccsv7/tools/compiler/ti-cgt-arm_16.9.1.LTS/lib" -i"C:/ti/ccsv7/tools/compiler/ti-cgt-arm_16.9.1.LTS/include" --reread_libs --diag_wrap=off --display_error_number --warn_sections --xml_link_info="Lab 2_linkInfo.xml" --rom_model -o "Lab 2.out" "./adc.obj" "./lcd.obj" "./main.obj" "./timer.obj" "./tm4c123gh6pm_startup_ccs.obj" "../tm4c123gh6pm.cmd"  -llibc.a -l"C:/ti/TivaWare_C_Series-2.1.2.111/driverlib/ccs/Debug/driverlib.lib" 
<Linking>
'Finished building target: Lab 2.out'
' '

**** Build Finished ****

**** Build of configuration Debug for project Lab 2 ****

"C:\\ti\\ccsv7\\utils\\bin\\gmake" -k -j 8 all -O 
'Building file: ../main.c'
'Invoking: ARM Compiler'
"C:/ti/ccsv7/tools/compiler/ti-cgt-arm_16.9.1.LTS/bin/armcl" -mv7M4 --code_state=16 --float_support=FPv4SPD16 -me --include_path="U:/CprE 288/Lab6/Lab 2" --include_path="C:/ti/TivaWare_C_Series-2.1.2.111" --include_path="C:/ti/ccsv7/tools/compiler/ti-cgt-arm_16.9.1.LTS/include" --define=ccs="ccs" --define=PART_TM4C123GH6PM -g --gcc --diag_warning=225 --diag_wrap=off --display_error_number --abi=eabi --preproc_with_compile --preproc_dependency="main.d"  "../main.c"
"..\timer.h", line 44: warning #1-D: last line of file ends without a newline
"..\lcd.h", line 40: warning #1-D: last line of file ends without a newline
"../main.c", line 18: warning #112-D: statement is unreachable
'Finished building: ../main.c'
' '
'Building target: Lab 2.out'
'Invoking: ARM Linker'
"C:/ti/ccsv7/tools/compiler/ti-cgt-arm_16.9.1.LTS/bin/armcl" -mv7M4 --code_state=16 --float_support=FPv4SPD16 -me --define=ccs="ccs" --define=PART_TM4C123GH6PM -g --gcc --diag_warning=225 --diag_wrap=off --display_error_number --abi=eabi -z -m"Lab 2.map" --heap_size=1024 --stack_size=2048 -i"C:/ti/ccsv7/tools/compiler/ti-cgt-arm_16.9.1.LTS/lib" -i"C:/ti/ccsv7/tools/compiler/ti-cgt-arm_16.9.1.LTS/include" --reread_libs --diag_wrap=off --display_error_number --warn_sections --xml_link_info="Lab 2_linkInfo.xml" --rom_model -o "Lab 2.out" "./adc.obj" "./lcd.obj" "./main.obj" "./timer.obj" "./tm4c123gh6pm_startup_ccs.obj" "../tm4c123gh6pm.cmd"  -llibc.a -l"C:/ti/TivaWare_C_Series-2.1.2.111/driverlib/ccs/Debug/driverlib.lib" 
<Linking>
'Finished building target: Lab 2.out'
' '

**** Build Finished ****

**** Build of configuration Debug for project Lab 2 ****

"C:\\ti\\ccsv7\\utils\\bin\\gmake" -k -j 8 all -O 
'Building file: ../main.c'
'Invoking: ARM Compiler'
"C:/ti/ccsv7/tools/compiler/ti-cgt-arm_16.9.1.LTS/bin/armcl" -mv7M4 --code_state=16 --float_support=FPv4SPD16 -me --include_path="U:/CprE 288/Lab6/Lab 2" --include_path="C:/ti/TivaWare_C_Series-2.1.2.111" --include_path="C:/ti/ccsv7/tools/compiler/ti-cgt-arm_16.9.1.LTS/include" --define=ccs="ccs" --define=PART_TM4C123GH6PM -g --gcc --diag_warning=225 --diag_wrap=off --display_error_number --abi=eabi --preproc_with_compile --preproc_dependency="main.d"  "../main.c"
"..\timer.h", line 44: warning #1-D: last line of file ends without a newline
"..\lcd.h", line 40: warning #1-D: last line of file ends without a newline
"../main.c", line 18: warning #112-D: statement is unreachable
'Finished building: ../main.c'
' '
'Building target: Lab 2.out'
'Invoking: ARM Linker'
"C:/ti/ccsv7/tools/compiler/ti-cgt-arm_16.9.1.LTS/bin/armcl" -mv7M4 --code_state=16 --float_support=FPv4SPD16 -me --define=ccs="ccs" --define=PART_TM4C123GH6PM -g --gcc --diag_warning=225 --diag_wrap=off --display_error_number --abi=eabi -z -m"Lab 2.map" --heap_size=1024 --stack_size=2048 -i"C:/ti/ccsv7/tools/compiler/ti-cgt-arm_16.9.1.LTS/lib" -i"C:/ti/ccsv7/tools/compiler/ti-cgt-arm_16.9.1.LTS/include" --reread_libs --diag_wrap=off --display_error_number --warn_sections --xml_link_info="Lab 2_linkInfo.xml" --rom_model -o "Lab 2.out" "./adc.obj" "./lcd.obj" "./main.obj" "./timer.obj" "./tm4c123gh6pm_startup_ccs.obj" "../tm4c123gh6pm.cmd"  -llibc.a -l"C:/ti/TivaWare_C_Series-2.1.2.111/driverlib/ccs/Debug/driverlib.lib" 
<Linking>
'Finished building target: Lab 2.out'
' '

**** Build Finished ****

**** Build of configuration Debug for project Lab 2 ****

"C:\\ti\\ccsv7\\utils\\bin\\gmake" -k -j 8 all -O 
gmake[1]: 'Lab 2.out' is up to date.

**** Build Finished ****

**** Build of configuration Debug for project Lab 2 ****

"C:\\ti\\ccsv7\\utils\\bin\\gmake" -k -j 8 all -O 
'Building file: ../adc.c'
'Invoking: ARM Compiler'
"C:/ti/ccsv7/tools/compiler/ti-cgt-arm_16.9.1.LTS/bin/armcl" -mv7M4 --code_state=16 --float_support=FPv4SPD16 -me --include_path="U:/CprE 288/Lab6/Lab 2" --include_path="C:/ti/TivaWare_C_Series-2.1.2.111" --include_path="C:/ti/ccsv7/tools/compiler/ti-cgt-arm_16.9.1.LTS/include" --define=ccs="ccs" --define=PART_TM4C123GH6PM -g --gcc --diag_warning=225 --diag_wrap=off --display_error_number --abi=eabi --preproc_with_compile --preproc_dependency="adc.d"  "../adc.c"

>> Compilation failure
subdir_rules.mk:9: recipe for target 'adc.obj' failed
"../adc.c", line 18: error #20: identifier "uint32_t" is undefined
"../adc.c", line 21: error #20: identifier "uint32_t" is undefined
"../adc.c", line 26: error #20: identifier "uint32_t" is undefined
"../adc.c", line 31: error #20: identifier "uint32_t" is undefined
"../adc.c", line 34: error #20: identifier "uint32_t" is undefined
"../adc.c", line 37: error #20: identifier "uint32_t" is undefined
"../adc.c", line 40: error #20: identifier "uint32_t" is undefined
"../adc.c", line 43: error #20: identifier "uint32_t" is undefined
"../adc.c", line 46: error #20: identifier "uint32_t" is undefined
"../adc.c", line 52: error #20: identifier "uint32_t" is undefined
"../adc.c", line 55: error #20: identifier "uint32_t" is undefined
"../adc.c", line 58: error #20: identifier "uint32_t" is undefined
"../adc.c", line 61: error #20: identifier "uint32_t" is undefined
"../adc.c", line 64: error #20: identifier "uint32_t" is undefined
"../adc.c", line 67: error #20: identifier "uint32_t" is undefined
15 errors detected in the compilation of "../adc.c".
gmake: *** [adc.obj] Error 1
'Building file: ../main.c'
'Invoking: ARM Compiler'
"C:/ti/ccsv7/tools/compiler/ti-cgt-arm_16.9.1.LTS/bin/armcl" -mv7M4 --code_state=16 --float_support=FPv4SPD16 -me --include_path="U:/CprE 288/Lab6/Lab 2" --include_path="C:/ti/TivaWare_C_Series-2.1.2.111" --include_path="C:/ti/ccsv7/tools/compiler/ti-cgt-arm_16.9.1.LTS/include" --define=ccs="ccs" --define=PART_TM4C123GH6PM -g --gcc --diag_warning=225 --diag_wrap=off --display_error_number --abi=eabi --preproc_with_compile --preproc_dependency="main.d"  "../main.c"
"..\timer.h", line 44: warning #1-D: last line of file ends without a newline
"..\lcd.h", line 40: warning #1-D: last line of file ends without a newline
"../main.c", line 18: warning #112-D: statement is unreachable
'Finished building: ../main.c'
' '
gmake: Target 'all' not remade because of errors.

**** Build Finished ****

**** Build of configuration Debug for project Lab 2 ****

"C:\\ti\\ccsv7\\utils\\bin\\gmake" -k -j 8 all -O 
'Building file: ../adc.c'
'Invoking: ARM Compiler'
"C:/ti/ccsv7/tools/compiler/ti-cgt-arm_16.9.1.LTS/bin/armcl" -mv7M4 --code_state=16 --float_support=FPv4SPD16 -me --include_path="U:/CprE 288/Lab6/Lab 2" --include_path="C:/ti/TivaWare_C_Series-2.1.2.111" --include_path="C:/ti/ccsv7/tools/compiler/ti-cgt-arm_16.9.1.LTS/include" --define=ccs="ccs" --define=PART_TM4C123GH6PM -g --gcc --diag_warning=225 --diag_wrap=off --display_error_number --abi=eabi --preproc_with_compile --preproc_dependency="adc.d"  "../adc.c"

>> Compilation failure
subdir_rules.mk:9: recipe for target 'adc.obj' failed
"../adc.c", line 18: error #20: identifier "uint32_t" is undefined
"../adc.c", line 21: error #20: identifier "uint32_t" is undefined
"../adc.c", line 26: error #20: identifier "uint32_t" is undefined
"../adc.c", line 31: error #20: identifier "uint32_t" is undefined
"../adc.c", line 34: error #20: identifier "uint32_t" is undefined
"../adc.c", line 37: error #20: identifier "uint32_t" is undefined
"../adc.c", line 40: error #20: identifier "uint32_t" is undefined
"../adc.c", line 43: error #20: identifier "uint32_t" is undefined
"../adc.c", line 46: error #20: identifier "uint32_t" is undefined
"../adc.c", line 52: error #20: identifier "uint32_t" is undefined
"../adc.c", line 55: error #20: identifier "uint32_t" is undefined
"../adc.c", line 58: error #20: identifier "uint32_t" is undefined
"../adc.c", line 61: error #20: identifier "uint32_t" is undefined
"../adc.c", line 64: error #20: identifier "uint32_t" is undefined
"../adc.c", line 67: error #20: identifier "uint32_t" is undefined
15 errors detected in the compilation of "../adc.c".
gmake: *** [adc.obj] Error 1
'Building file: ../main.c'
'Invoking: ARM Compiler'
"C:/ti/ccsv7/tools/compiler/ti-cgt-arm_16.9.1.LTS/bin/armcl" -mv7M4 --code_state=16 --float_support=FPv4SPD16 -me --include_path="U:/CprE 288/Lab6/Lab 2" --include_path="C:/ti/TivaWare_C_Series-2.1.2.111" --include_path="C:/ti/ccsv7/tools/compiler/ti-cgt-arm_16.9.1.LTS/include" --define=ccs="ccs" --define=PART_TM4C123GH6PM -g --gcc --diag_warning=225 --diag_wrap=off --display_error_number --abi=eabi --preproc_with_compile --preproc_dependency="main.d"  "../main.c"
"..\timer.h", line 44: warning #1-D: last line of file ends without a newline
"..\lcd.h", line 40: warning #1-D: last line of file ends without a newline
"../main.c", line 18: warning #112-D: statement is unreachable
'Finished building: ../main.c'
' '
gmake: Target 'all' not remade because of errors.

**** Build Finished ****

**** Build of configuration Debug for project Lab 2 ****

"C:\\ti\\ccsv7\\utils\\bin\\gmake" -k -j 8 all -O 
'Building file: ../adc.c'
'Invoking: ARM Compiler'
"C:/ti/ccsv7/tools/compiler/ti-cgt-arm_16.9.1.LTS/bin/armcl" -mv7M4 --code_state=16 --float_support=FPv4SPD16 -me --include_path="U:/CprE 288/Lab6/Lab 2" --include_path="C:/ti/TivaWare_C_Series-2.1.2.111" --include_path="C:/ti/ccsv7/tools/compiler/ti-cgt-arm_16.9.1.LTS/include" --define=ccs="ccs" --define=PART_TM4C123GH6PM -g --gcc --diag_warning=225 --diag_wrap=off --display_error_number --abi=eabi --preproc_with_compile --preproc_dependency="adc.d"  "../adc.c"
"..\timer.h", line 44: warning #1-D: last line of file ends without a newline
"..\lcd.h", line 40: warning #1-D: last line of file ends without a newline
'Finished building: ../adc.c'
' '
'Building file: ../main.c'
'Invoking: ARM Compiler'
"C:/ti/ccsv7/tools/compiler/ti-cgt-arm_16.9.1.LTS/bin/armcl" -mv7M4 --code_state=16 --float_support=FPv4SPD16 -me --include_path="U:/CprE 288/Lab6/Lab 2" --include_path="C:/ti/TivaWare_C_Series-2.1.2.111" --include_path="C:/ti/ccsv7/tools/compiler/ti-cgt-arm_16.9.1.LTS/include" --define=ccs="ccs" --define=PART_TM4C123GH6PM -g --gcc --diag_warning=225 --diag_wrap=off --display_error_number --abi=eabi --preproc_with_compile --preproc_dependency="main.d"  "../main.c"
"..\timer.h", line 44: warning #1-D: last line of file ends without a newline
"..\lcd.h", line 40: warning #1-D: last line of file ends without a newline
"../main.c", line 18: warning #112-D: statement is unreachable
'Finished building: ../main.c'
' '
'Building target: Lab 2.out'
'Invoking: ARM Linker'
"C:/ti/ccsv7/tools/compiler/ti-cgt-arm_16.9.1.LTS/bin/armcl" -mv7M4 --code_state=16 --float_support=FPv4SPD16 -me --define=ccs="ccs" --define=PART_TM4C123GH6PM -g --gcc --diag_warning=225 --diag_wrap=off --display_error_number --abi=eabi -z -m"Lab 2.map" --heap_size=1024 --stack_size=2048 -i"C:/ti/ccsv7/tools/compiler/ti-cgt-arm_16.9.1.LTS/lib" -i"C:/ti/ccsv7/tools/compiler/ti-cgt-arm_16.9.1.LTS/include" --reread_libs --diag_wrap=off --display_error_number --warn_sections --xml_link_info="Lab 2_linkInfo.xml" --rom_model -o "Lab 2.out" "./adc.obj" "./lcd.obj" "./main.obj" "./timer.obj" "./tm4c123gh6pm_startup_ccs.obj" "../tm4c123gh6pm.cmd"  -llibc.a -l"C:/ti/TivaWare_C_Series-2.1.2.111/driverlib/ccs/Debug/driverlib.lib" 
<Linking>
'Finished building target: Lab 2.out'
' '

**** Build Finished ****

**** Build of configuration Debug for project Lab 2 ****

"C:\\ti\\ccsv7\\utils\\bin\\gmake" -k -j 8 all -O 
'Building file: ../main.c'
'Invoking: ARM Compiler'
"C:/ti/ccsv7/tools/compiler/ti-cgt-arm_16.9.1.LTS/bin/armcl" -mv7M4 --code_state=16 --float_support=FPv4SPD16 -me --include_path="U:/CprE 288/Lab6/Lab 2" --include_path="C:/ti/TivaWare_C_Series-2.1.2.111" --include_path="C:/ti/ccsv7/tools/compiler/ti-cgt-arm_16.9.1.LTS/include" --define=ccs="ccs" --define=PART_TM4C123GH6PM -g --gcc --diag_warning=225 --diag_wrap=off --display_error_number --abi=eabi --preproc_with_compile --preproc_dependency="main.d"  "../main.c"
"..\timer.h", line 44: warning #1-D: last line of file ends without a newline
"..\lcd.h", line 40: warning #1-D: last line of file ends without a newline
"../main.c", line 18: warning #112-D: statement is unreachable
'Finished building: ../main.c'
' '
'Building target: Lab 2.out'
'Invoking: ARM Linker'
"C:/ti/ccsv7/tools/compiler/ti-cgt-arm_16.9.1.LTS/bin/armcl" -mv7M4 --code_state=16 --float_support=FPv4SPD16 -me --define=ccs="ccs" --define=PART_TM4C123GH6PM -g --gcc --diag_warning=225 --diag_wrap=off --display_error_number --abi=eabi -z -m"Lab 2.map" --heap_size=1024 --stack_size=2048 -i"C:/ti/ccsv7/tools/compiler/ti-cgt-arm_16.9.1.LTS/lib" -i"C:/ti/ccsv7/tools/compiler/ti-cgt-arm_16.9.1.LTS/include" --reread_libs --diag_wrap=off --display_error_number --warn_sections --xml_link_info="Lab 2_linkInfo.xml" --rom_model -o "Lab 2.out" "./adc.obj" "./lcd.obj" "./main.obj" "./timer.obj" "./tm4c123gh6pm_startup_ccs.obj" "../tm4c123gh6pm.cmd"  -llibc.a -l"C:/ti/TivaWare_C_Series-2.1.2.111/driverlib/ccs/Debug/driverlib.lib" 
<Linking>
'Finished building target: Lab 2.out'
' '

**** Build Finished ****

**** Build of configuration Debug for project Lab 2 ****

"C:\\ti\\ccsv7\\utils\\bin\\gmake" -k -j 8 all -O 
'Building file: ../main.c'
'Invoking: ARM Compiler'
"C:/ti/ccsv7/tools/compiler/ti-cgt-arm_16.9.1.LTS/bin/armcl" -mv7M4 --code_state=16 --float_support=FPv4SPD16 -me --include_path="U:/CprE 288/Lab6/Lab 2" --include_path="C:/ti/TivaWare_C_Series-2.1.2.111" --include_path="C:/ti/ccsv7/tools/compiler/ti-cgt-arm_16.9.1.LTS/include" --define=ccs="ccs" --define=PART_TM4C123GH6PM -g --gcc --diag_warning=225 --diag_wrap=off --display_error_number --abi=eabi --preproc_with_compile --preproc_dependency="main.d"  "../main.c"
"..\timer.h", line 44: warning #1-D: last line of file ends without a newline
"..\lcd.h", line 40: warning #1-D: last line of file ends without a newline
"../main.c", line 18: warning #112-D: statement is unreachable
'Finished building: ../main.c'
' '
'Building target: Lab 2.out'
'Invoking: ARM Linker'
"C:/ti/ccsv7/tools/compiler/ti-cgt-arm_16.9.1.LTS/bin/armcl" -mv7M4 --code_state=16 --float_support=FPv4SPD16 -me --define=ccs="ccs" --define=PART_TM4C123GH6PM -g --gcc --diag_warning=225 --diag_wrap=off --display_error_number --abi=eabi -z -m"Lab 2.map" --heap_size=1024 --stack_size=2048 -i"C:/ti/ccsv7/tools/compiler/ti-cgt-arm_16.9.1.LTS/lib" -i"C:/ti/ccsv7/tools/compiler/ti-cgt-arm_16.9.1.LTS/include" --reread_libs --diag_wrap=off --display_error_number --warn_sections --xml_link_info="Lab 2_linkInfo.xml" --rom_model -o "Lab 2.out" "./adc.obj" "./lcd.obj" "./main.obj" "./timer.obj" "./tm4c123gh6pm_startup_ccs.obj" "../tm4c123gh6pm.cmd"  -llibc.a -l"C:/ti/TivaWare_C_Series-2.1.2.111/driverlib/ccs/Debug/driverlib.lib" 
<Linking>
'Finished building target: Lab 2.out'
' '

**** Build Finished ****

**** Build of configuration Debug for project Lab 2 ****

"C:\\ti\\ccsv7\\utils\\bin\\gmake" -k -j 8 all -O 
gmake[1]: 'Lab 2.out' is up to date.

**** Build Finished ****

**** Build of configuration Debug for project Lab 2 ****

"C:\\ti\\ccsv7\\utils\\bin\\gmake" -k -j 8 all -O 
'Building file: ../main.c'
'Invoking: ARM Compiler'
"C:/ti/ccsv7/tools/compiler/ti-cgt-arm_16.9.1.LTS/bin/armcl" -mv7M4 --code_state=16 --float_support=FPv4SPD16 -me --include_path="U:/CprE 288/Lab6/Lab 2" --include_path="C:/ti/TivaWare_C_Series-2.1.2.111" --include_path="C:/ti/ccsv7/tools/compiler/ti-cgt-arm_16.9.1.LTS/include" --define=ccs="ccs" --define=PART_TM4C123GH6PM -g --gcc --diag_warning=225 --diag_wrap=off --display_error_number --abi=eabi --preproc_with_compile --preproc_dependency="main.d"  "../main.c"
"..\timer.h", line 44: warning #1-D: last line of file ends without a newline
"..\lcd.h", line 40: warning #1-D: last line of file ends without a newline
"../main.c", line 18: warning #112-D: statement is unreachable
'Finished building: ../main.c'
' '
'Building target: Lab 2.out'
'Invoking: ARM Linker'
"C:/ti/ccsv7/tools/compiler/ti-cgt-arm_16.9.1.LTS/bin/armcl" -mv7M4 --code_state=16 --float_support=FPv4SPD16 -me --define=ccs="ccs" --define=PART_TM4C123GH6PM -g --gcc --diag_warning=225 --diag_wrap=off --display_error_number --abi=eabi -z -m"Lab 2.map" --heap_size=1024 --stack_size=2048 -i"C:/ti/ccsv7/tools/compiler/ti-cgt-arm_16.9.1.LTS/lib" -i"C:/ti/ccsv7/tools/compiler/ti-cgt-arm_16.9.1.LTS/include" --reread_libs --diag_wrap=off --display_error_number --warn_sections --xml_link_info="Lab 2_linkInfo.xml" --rom_model -o "Lab 2.out" "./adc.obj" "./lcd.obj" "./main.obj" "./timer.obj" "./tm4c123gh6pm_startup_ccs.obj" "../tm4c123gh6pm.cmd"  -llibc.a -l"C:/ti/TivaWare_C_Series-2.1.2.111/driverlib/ccs/Debug/driverlib.lib" 
<Linking>
'Finished building target: Lab 2.out'
' '

**** Build Finished ****

**** Build of configuration Debug for project Lab 2 ****

"C:\\ti\\ccsv7\\utils\\bin\\gmake" -k -j 8 all -O 
'Building file: ../main.c'
'Invoking: ARM Compiler'
"C:/ti/ccsv7/tools/compiler/ti-cgt-arm_16.9.1.LTS/bin/armcl" -mv7M4 --code_state=16 --float_support=FPv4SPD16 -me --include_path="U:/CprE 288/Lab6/Lab 2" --include_path="C:/ti/TivaWare_C_Series-2.1.2.111" --include_path="C:/ti/ccsv7/tools/compiler/ti-cgt-arm_16.9.1.LTS/include" --define=ccs="ccs" --define=PART_TM4C123GH6PM -g --gcc --diag_warning=225 --diag_wrap=off --display_error_number --abi=eabi --preproc_with_compile --preproc_dependency="main.d"  "../main.c"
"..\timer.h", line 44: warning #1-D: last line of file ends without a newline
"..\lcd.h", line 40: warning #1-D: last line of file ends without a newline
"../main.c", line 18: warning #112-D: statement is unreachable
'Finished building: ../main.c'
' '
'Building file: ../adc.c'
'Invoking: ARM Compiler'
"C:/ti/ccsv7/tools/compiler/ti-cgt-arm_16.9.1.LTS/bin/armcl" -mv7M4 --code_state=16 --float_support=FPv4SPD16 -me --include_path="U:/CprE 288/Lab6/Lab 2" --include_path="C:/ti/TivaWare_C_Series-2.1.2.111" --include_path="C:/ti/ccsv7/tools/compiler/ti-cgt-arm_16.9.1.LTS/include" --define=ccs="ccs" --define=PART_TM4C123GH6PM -g --gcc --diag_warning=225 --diag_wrap=off --display_error_number --abi=eabi --preproc_with_compile --preproc_dependency="adc.d"  "../adc.c"
"..\timer.h", line 44: warning #1-D: last line of file ends without a newline
"..\lcd.h", line 40: warning #1-D: last line of file ends without a newline
'Finished building: ../adc.c'
' '
'Building target: Lab 2.out'
'Invoking: ARM Linker'
"C:/ti/ccsv7/tools/compiler/ti-cgt-arm_16.9.1.LTS/bin/armcl" -mv7M4 --code_state=16 --float_support=FPv4SPD16 -me --define=ccs="ccs" --define=PART_TM4C123GH6PM -g --gcc --diag_warning=225 --diag_wrap=off --display_error_number --abi=eabi -z -m"Lab 2.map" --heap_size=1024 --stack_size=2048 -i"C:/ti/ccsv7/tools/compiler/ti-cgt-arm_16.9.1.LTS/lib" -i"C:/ti/ccsv7/tools/compiler/ti-cgt-arm_16.9.1.LTS/include" --reread_libs --diag_wrap=off --display_error_number --warn_sections --xml_link_info="Lab 2_linkInfo.xml" --rom_model -o "Lab 2.out" "./adc.obj" "./lcd.obj" "./main.obj" "./timer.obj" "./tm4c123gh6pm_startup_ccs.obj" "../tm4c123gh6pm.cmd"  -llibc.a -l"C:/ti/TivaWare_C_Series-2.1.2.111/driverlib/ccs/Debug/driverlib.lib" 
<Linking>
'Finished building target: Lab 2.out'
' '

**** Build Finished ****

**** Build of configuration Debug for project Lab 2 ****

"C:\\ti\\ccsv7\\utils\\bin\\gmake" -k -j 8 all -O 
'Building file: ../main.c'
'Invoking: ARM Compiler'
"C:/ti/ccsv7/tools/compiler/ti-cgt-arm_16.9.1.LTS/bin/armcl" -mv7M4 --code_state=16 --float_support=FPv4SPD16 -me --include_path="U:/CprE 288/Lab6/Lab 2" --include_path="C:/ti/TivaWare_C_Series-2.1.2.111" --include_path="C:/ti/ccsv7/tools/compiler/ti-cgt-arm_16.9.1.LTS/include" --define=ccs="ccs" --define=PART_TM4C123GH6PM -g --gcc --diag_warning=225 --diag_wrap=off --display_error_number --abi=eabi --preproc_with_compile --preproc_dependency="main.d"  "../main.c"
"..\timer.h", line 44: warning #1-D: last line of file ends without a newline
"..\lcd.h", line 40: warning #1-D: last line of file ends without a newline
"../main.c", line 18: warning #112-D: statement is unreachable
'Finished building: ../main.c'
' '
'Building target: Lab 2.out'
'Invoking: ARM Linker'
"C:/ti/ccsv7/tools/compiler/ti-cgt-arm_16.9.1.LTS/bin/armcl" -mv7M4 --code_state=16 --float_support=FPv4SPD16 -me --define=ccs="ccs" --define=PART_TM4C123GH6PM -g --gcc --diag_warning=225 --diag_wrap=off --display_error_number --abi=eabi -z -m"Lab 2.map" --heap_size=1024 --stack_size=2048 -i"C:/ti/ccsv7/tools/compiler/ti-cgt-arm_16.9.1.LTS/lib" -i"C:/ti/ccsv7/tools/compiler/ti-cgt-arm_16.9.1.LTS/include" --reread_libs --diag_wrap=off --display_error_number --warn_sections --xml_link_info="Lab 2_linkInfo.xml" --rom_model -o "Lab 2.out" "./adc.obj" "./lcd.obj" "./main.obj" "./timer.obj" "./tm4c123gh6pm_startup_ccs.obj" "../tm4c123gh6pm.cmd"  -llibc.a -l"C:/ti/TivaWare_C_Series-2.1.2.111/driverlib/ccs/Debug/driverlib.lib" 
<Linking>
'Finished building target: Lab 2.out'
' '

**** Build Finished ****

**** Build of configuration Debug for project Lab 2 ****

"C:\\ti\\ccsv7\\utils\\bin\\gmake" -k -j 8 all -O 
gmake[1]: 'Lab 2.out' is up to date.

**** Build Finished ****

**** Build of configuration Debug for project Lab 2 ****

"C:\\ti\\ccsv7\\utils\\bin\\gmake" -k -j 8 all -O 
gmake[1]: 'Lab 2.out' is up to date.

**** Build Finished ****

**** Build of configuration Debug for project Lab 2 ****

"C:\\ti\\ccsv7\\utils\\bin\\gmake" -k -j 8 all -O 
gmake[1]: 'Lab 2.out' is up to date.

**** Build Finished ****

**** Build of configuration Debug for project Lab 2 ****

"C:\\ti\\ccsv7\\utils\\bin\\gmake" -k -j 8 all -O 
'Building file: ../adc.c'
'Invoking: ARM Compiler'
"C:/ti/ccsv7/tools/compiler/ti-cgt-arm_16.9.1.LTS/bin/armcl" -mv7M4 --code_state=16 --float_support=FPv4SPD16 -me --include_path="U:/CprE 288/Lab6/Lab 2" --include_path="C:/ti/TivaWare_C_Series-2.1.2.111" --include_path="C:/ti/ccsv7/tools/compiler/ti-cgt-arm_16.9.1.LTS/include" --define=ccs="ccs" --define=PART_TM4C123GH6PM -g --gcc --diag_warning=225 --diag_wrap=off --display_error_number --abi=eabi --preproc_with_compile --preproc_dependency="adc.d"  "../adc.c"
"..\timer.h", line 44: warning #1-D: last line of file ends without a newline
"..\lcd.h", line 40: warning #1-D: last line of file ends without a newline
'Finished building: ../adc.c'
' '
'Building target: Lab 2.out'
'Invoking: ARM Linker'
"C:/ti/ccsv7/tools/compiler/ti-cgt-arm_16.9.1.LTS/bin/armcl" -mv7M4 --code_state=16 --float_support=FPv4SPD16 -me --define=ccs="ccs" --define=PART_TM4C123GH6PM -g --gcc --diag_warning=225 --diag_wrap=off --display_error_number --abi=eabi -z -m"Lab 2.map" --heap_size=1024 --stack_size=2048 -i"C:/ti/ccsv7/tools/compiler/ti-cgt-arm_16.9.1.LTS/lib" -i"C:/ti/ccsv7/tools/compiler/ti-cgt-arm_16.9.1.LTS/include" --reread_libs --diag_wrap=off --display_error_number --warn_sections --xml_link_info="Lab 2_linkInfo.xml" --rom_model -o "Lab 2.out" "./adc.obj" "./lcd.obj" "./main.obj" "./timer.obj" "./tm4c123gh6pm_startup_ccs.obj" "../tm4c123gh6pm.cmd"  -llibc.a -l"C:/ti/TivaWare_C_Series-2.1.2.111/driverlib/ccs/Debug/driverlib.lib" 
<Linking>
'Finished building target: Lab 2.out'
' '

**** Build Finished ****

**** Build of configuration Debug for project Lab 2 ****

"C:\\ti\\ccsv7\\utils\\bin\\gmake" -k -j 8 all -O 
gmake[1]: 'Lab 2.out' is up to date.

**** Build Finished ****

**** Build of configuration Debug for project Lab 2 ****

"C:\\ti\\ccsv7\\utils\\bin\\gmake" -k -j 8 all -O 
'Building file: ../adc.c'
'Invoking: ARM Compiler'
"C:/ti/ccsv7/tools/compiler/ti-cgt-arm_16.9.1.LTS/bin/armcl" -mv7M4 --code_state=16 --float_support=FPv4SPD16 -me --include_path="U:/CprE 288/Lab6/Lab 2" --include_path="C:/ti/TivaWare_C_Series-2.1.2.111" --include_path="C:/ti/ccsv7/tools/compiler/ti-cgt-arm_16.9.1.LTS/include" --define=ccs="ccs" --define=PART_TM4C123GH6PM -g --gcc --diag_warning=225 --diag_wrap=off --display_error_number --abi=eabi --preproc_with_compile --preproc_dependency="adc.d"  "../adc.c"

>> Compilation failure
subdir_rules.mk:9: recipe for target 'adc.obj' failed
"..\timer.h", line 44: warning #1-D: last line of file ends without a newline
"..\lcd.h", line 40: warning #1-D: last line of file ends without a newline
"../adc.c", line 63: warning #225-D: function "IntRegister" declared implicitly
"../adc.c", line 63: error #20: identifier "ADC0SS0_Handler" is undefined
"../adc.c", line 65: warning #225-D: function "IntMasterEnable" declared implicitly
1 error detected in the compilation of "../adc.c".
gmake: *** [adc.obj] Error 1
gmake: Target 'all' not remade because of errors.

**** Build Finished ****

**** Build of configuration Debug for project Lab 2 ****

"C:\\ti\\ccsv7\\utils\\bin\\gmake" -k -j 8 all -O 
'Building file: ../adc.c'
'Invoking: ARM Compiler'
"C:/ti/ccsv7/tools/compiler/ti-cgt-arm_16.9.1.LTS/bin/armcl" -mv7M4 --code_state=16 --float_support=FPv4SPD16 -me --include_path="U:/CprE 288/Lab6/Lab 2" --include_path="C:/ti/TivaWare_C_Series-2.1.2.111" --include_path="C:/ti/ccsv7/tools/compiler/ti-cgt-arm_16.9.1.LTS/include" --define=ccs="ccs" --define=PART_TM4C123GH6PM -g --gcc --diag_warning=225 --diag_wrap=off --display_error_number --abi=eabi --preproc_with_compile --preproc_dependency="adc.d"  "../adc.c"
"..\timer.h", line 44: warning #1-D: last line of file ends without a newline
"..\lcd.h", line 40: warning #1-D: last line of file ends without a newline
'Finished building: ../adc.c'
' '
'Building target: Lab 2.out'
'Invoking: ARM Linker'
"C:/ti/ccsv7/tools/compiler/ti-cgt-arm_16.9.1.LTS/bin/armcl" -mv7M4 --code_state=16 --float_support=FPv4SPD16 -me --define=ccs="ccs" --define=PART_TM4C123GH6PM -g --gcc --diag_warning=225 --diag_wrap=off --display_error_number --abi=eabi -z -m"Lab 2.map" --heap_size=1024 --stack_size=2048 -i"C:/ti/ccsv7/tools/compiler/ti-cgt-arm_16.9.1.LTS/lib" -i"C:/ti/ccsv7/tools/compiler/ti-cgt-arm_16.9.1.LTS/include" --reread_libs --diag_wrap=off --display_error_number --warn_sections --xml_link_info="Lab 2_linkInfo.xml" --rom_model -o "Lab 2.out" "./adc.obj" "./lcd.obj" "./main.obj" "./timer.obj" "./tm4c123gh6pm_startup_ccs.obj" "../tm4c123gh6pm.cmd"  -llibc.a -l"C:/ti/TivaWare_C_Series-2.1.2.111/driverlib/ccs/Debug/driverlib.lib" 
<Linking>
'Finished building target: Lab 2.out'
' '

**** Build Finished ****

**** Build of configuration Debug for project Lab 2 ****

"C:\\ti\\ccsv7\\utils\\bin\\gmake" -k -j 8 all -O 
gmake[1]: 'Lab 2.out' is up to date.

**** Build Finished ****

**** Build of configuration Debug for project Lab 2 ****

"C:\\ti\\ccsv7\\utils\\bin\\gmake" -k -j 8 all -O 
gmake[1]: 'Lab 2.out' is up to date.

**** Build Finished ****

**** Build of configuration Debug for project Lab 2 ****

"C:\\ti\\ccsv7\\utils\\bin\\gmake" -k -j 8 all -O 
'Building file: ../main.c'
'Invoking: ARM Compiler'
"C:/ti/ccsv7/tools/compiler/ti-cgt-arm_16.9.1.LTS/bin/armcl" -mv7M4 --code_state=16 --float_support=FPv4SPD16 -me --include_path="U:/CprE 288/Lab6/Lab 2" --include_path="C:/ti/TivaWare_C_Series-2.1.2.111" --include_path="C:/ti/ccsv7/tools/compiler/ti-cgt-arm_16.9.1.LTS/include" --define=ccs="ccs" --define=PART_TM4C123GH6PM -g --gcc --diag_warning=225 --diag_wrap=off --display_error_number --abi=eabi --preproc_with_compile --preproc_dependency="main.d"  "../main.c"
"..\timer.h", line 44: warning #1-D: last line of file ends without a newline
"..\lcd.h", line 40: warning #1-D: last line of file ends without a newline
"../main.c", line 18: warning #112-D: statement is unreachable
'Finished building: ../main.c'
' '
'Building file: ../adc.c'
'Invoking: ARM Compiler'
"C:/ti/ccsv7/tools/compiler/ti-cgt-arm_16.9.1.LTS/bin/armcl" -mv7M4 --code_state=16 --float_support=FPv4SPD16 -me --include_path="U:/CprE 288/Lab6/Lab 2" --include_path="C:/ti/TivaWare_C_Series-2.1.2.111" --include_path="C:/ti/ccsv7/tools/compiler/ti-cgt-arm_16.9.1.LTS/include" --define=ccs="ccs" --define=PART_TM4C123GH6PM -g --gcc --diag_warning=225 --diag_wrap=off --display_error_number --abi=eabi --preproc_with_compile --preproc_dependency="adc.d"  "../adc.c"
"..\timer.h", line 44: warning #1-D: last line of file ends without a newline
"..\lcd.h", line 40: warning #1-D: last line of file ends without a newline
"../adc.c", line 20: warning #994-D: missing return statement at end of non-void function "adc_Read"
'Finished building: ../adc.c'
' '
'Building target: Lab 2.out'
'Invoking: ARM Linker'
"C:/ti/ccsv7/tools/compiler/ti-cgt-arm_16.9.1.LTS/bin/armcl" -mv7M4 --code_state=16 --float_support=FPv4SPD16 -me --define=ccs="ccs" --define=PART_TM4C123GH6PM -g --gcc --diag_warning=225 --diag_wrap=off --display_error_number --abi=eabi -z -m"Lab 2.map" --heap_size=1024 --stack_size=2048 -i"C:/ti/ccsv7/tools/compiler/ti-cgt-arm_16.9.1.LTS/lib" -i"C:/ti/ccsv7/tools/compiler/ti-cgt-arm_16.9.1.LTS/include" --reread_libs --diag_wrap=off --display_error_number --warn_sections --xml_link_info="Lab 2_linkInfo.xml" --rom_model -o "Lab 2.out" "./adc.obj" "./lcd.obj" "./main.obj" "./timer.obj" "./tm4c123gh6pm_startup_ccs.obj" "../tm4c123gh6pm.cmd"  -llibc.a -l"C:/ti/TivaWare_C_Series-2.1.2.111/driverlib/ccs/Debug/driverlib.lib" 
<Linking>
'Finished building target: Lab 2.out'
' '

**** Build Finished ****

**** Build of configuration Debug for project Lab 2 ****

"C:\\ti\\ccsv7\\utils\\bin\\gmake" -k -j 8 all -O 
gmake[1]: 'Lab 2.out' is up to date.

**** Build Finished ****

**** Build of configuration Debug for project Lab 2 ****

"C:\\ti\\ccsv7\\utils\\bin\\gmake" -k -j 8 all -O 
gmake[1]: 'Lab 2.out' is up to date.

**** Build Finished ****

**** Build of configuration Debug for project Lab 2 ****

"C:\\ti\\ccsv7\\utils\\bin\\gmake" -k -j 8 all -O 
'Building file: ../adc.c'
'Invoking: ARM Compiler'
"C:/ti/ccsv7/tools/compiler/ti-cgt-arm_16.9.1.LTS/bin/armcl" -mv7M4 --code_state=16 --float_support=FPv4SPD16 -me --include_path="U:/CprE 288/Lab6/Lab 2" --include_path="C:/ti/TivaWare_C_Series-2.1.2.111" --include_path="C:/ti/ccsv7/tools/compiler/ti-cgt-arm_16.9.1.LTS/include" --define=ccs="ccs" --define=PART_TM4C123GH6PM -g --gcc --diag_warning=225 --diag_wrap=off --display_error_number --abi=eabi --preproc_with_compile --preproc_dependency="adc.d"  "../adc.c"
"..\timer.h", line 44: warning #1-D: last line of file ends without a newline
"..\lcd.h", line 40: warning #1-D: last line of file ends without a newline
"../adc.c", line 19: warning #994-D: missing return statement at end of non-void function "adc_Read"
'Finished building: ../adc.c'
' '
'Building target: Lab 2.out'
'Invoking: ARM Linker'
"C:/ti/ccsv7/tools/compiler/ti-cgt-arm_16.9.1.LTS/bin/armcl" -mv7M4 --code_state=16 --float_support=FPv4SPD16 -me --define=ccs="ccs" --define=PART_TM4C123GH6PM -g --gcc --diag_warning=225 --diag_wrap=off --display_error_number --abi=eabi -z -m"Lab 2.map" --heap_size=1024 --stack_size=2048 -i"C:/ti/ccsv7/tools/compiler/ti-cgt-arm_16.9.1.LTS/lib" -i"C:/ti/ccsv7/tools/compiler/ti-cgt-arm_16.9.1.LTS/include" --reread_libs --diag_wrap=off --display_error_number --warn_sections --xml_link_info="Lab 2_linkInfo.xml" --rom_model -o "Lab 2.out" "./adc.obj" "./lcd.obj" "./main.obj" "./timer.obj" "./tm4c123gh6pm_startup_ccs.obj" "../tm4c123gh6pm.cmd"  -llibc.a -l"C:/ti/TivaWare_C_Series-2.1.2.111/driverlib/ccs/Debug/driverlib.lib" 
<Linking>
'Finished building target: Lab 2.out'
' '

**** Build Finished ****

**** Build of configuration Debug for project Lab 2 ****

"C:\\ti\\ccsv7\\utils\\bin\\gmake" -k -j 8 all -O 
'Building file: ../adc.c'
'Invoking: ARM Compiler'
"C:/ti/ccsv7/tools/compiler/ti-cgt-arm_16.9.1.LTS/bin/armcl" -mv7M4 --code_state=16 --float_support=FPv4SPD16 -me --include_path="U:/CprE 288/Lab6/Lab 2" --include_path="C:/ti/TivaWare_C_Series-2.1.2.111" --include_path="C:/ti/ccsv7/tools/compiler/ti-cgt-arm_16.9.1.LTS/include" --define=ccs="ccs" --define=PART_TM4C123GH6PM -g --gcc --diag_warning=225 --diag_wrap=off --display_error_number --abi=eabi --preproc_with_compile --preproc_dependency="adc.d"  "../adc.c"
"..\timer.h", line 44: warning #1-D: last line of file ends without a newline
"..\lcd.h", line 40: warning #1-D: last line of file ends without a newline
"../adc.c", line 24: warning #994-D: missing return statement at end of non-void function "adc_Read"
'Finished building: ../adc.c'
' '
'Building target: Lab 2.out'
'Invoking: ARM Linker'
"C:/ti/ccsv7/tools/compiler/ti-cgt-arm_16.9.1.LTS/bin/armcl" -mv7M4 --code_state=16 --float_support=FPv4SPD16 -me --define=ccs="ccs" --define=PART_TM4C123GH6PM -g --gcc --diag_warning=225 --diag_wrap=off --display_error_number --abi=eabi -z -m"Lab 2.map" --heap_size=1024 --stack_size=2048 -i"C:/ti/ccsv7/tools/compiler/ti-cgt-arm_16.9.1.LTS/lib" -i"C:/ti/ccsv7/tools/compiler/ti-cgt-arm_16.9.1.LTS/include" --reread_libs --diag_wrap=off --display_error_number --warn_sections --xml_link_info="Lab 2_linkInfo.xml" --rom_model -o "Lab 2.out" "./adc.obj" "./lcd.obj" "./main.obj" "./timer.obj" "./tm4c123gh6pm_startup_ccs.obj" "../tm4c123gh6pm.cmd"  -llibc.a -l"C:/ti/TivaWare_C_Series-2.1.2.111/driverlib/ccs/Debug/driverlib.lib" 
<Linking>
'Finished building target: Lab 2.out'
' '

**** Build Finished ****

**** Build of configuration Debug for project Lab 2 ****

"C:\\ti\\ccsv7\\utils\\bin\\gmake" -k -j 8 all -O 
'Building file: ../adc.c'
'Invoking: ARM Compiler'
"C:/ti/ccsv7/tools/compiler/ti-cgt-arm_16.9.1.LTS/bin/armcl" -mv7M4 --code_state=16 --float_support=FPv4SPD16 -me --include_path="U:/CprE 288/Lab6/Lab 2" --include_path="C:/ti/TivaWare_C_Series-2.1.2.111" --include_path="C:/ti/ccsv7/tools/compiler/ti-cgt-arm_16.9.1.LTS/include" --define=ccs="ccs" --define=PART_TM4C123GH6PM -g --gcc --diag_warning=225 --diag_wrap=off --display_error_number --abi=eabi --preproc_with_compile --preproc_dependency="adc.d"  "../adc.c"
"..\timer.h", line 44: warning #1-D: last line of file ends without a newline
"..\lcd.h", line 40: warning #1-D: last line of file ends without a newline
'Finished building: ../adc.c'
' '
'Building target: Lab 2.out'
'Invoking: ARM Linker'
"C:/ti/ccsv7/tools/compiler/ti-cgt-arm_16.9.1.LTS/bin/armcl" -mv7M4 --code_state=16 --float_support=FPv4SPD16 -me --define=ccs="ccs" --define=PART_TM4C123GH6PM -g --gcc --diag_warning=225 --diag_wrap=off --display_error_number --abi=eabi -z -m"Lab 2.map" --heap_size=1024 --stack_size=2048 -i"C:/ti/ccsv7/tools/compiler/ti-cgt-arm_16.9.1.LTS/lib" -i"C:/ti/ccsv7/tools/compiler/ti-cgt-arm_16.9.1.LTS/include" --reread_libs --diag_wrap=off --display_error_number --warn_sections --xml_link_info="Lab 2_linkInfo.xml" --rom_model -o "Lab 2.out" "./adc.obj" "./lcd.obj" "./main.obj" "./timer.obj" "./tm4c123gh6pm_startup_ccs.obj" "../tm4c123gh6pm.cmd"  -llibc.a -l"C:/ti/TivaWare_C_Series-2.1.2.111/driverlib/ccs/Debug/driverlib.lib" 
<Linking>
'Finished building target: Lab 2.out'
' '

**** Build Finished ****

**** Build of configuration Debug for project Lab 2 ****

"C:\\ti\\ccsv7\\utils\\bin\\gmake" -k -j 8 all -O 
gmake[1]: 'Lab 2.out' is up to date.

**** Build Finished ****

**** Build of configuration Debug for project Lab 2 ****

"C:\\ti\\ccsv7\\utils\\bin\\gmake" -k -j 8 all -O 
gmake[1]: 'Lab 2.out' is up to date.

**** Build Finished ****

**** Build of configuration Debug for project Lab 2 ****

"C:\\ti\\ccsv7\\utils\\bin\\gmake" -k -j 8 all -O 
'Building file: ../main.c'
'Invoking: ARM Compiler'
"C:/ti/ccsv7/tools/compiler/ti-cgt-arm_16.9.1.LTS/bin/armcl" -mv7M4 --code_state=16 --float_support=FPv4SPD16 -me --include_path="U:/CprE 288/Lab6/Lab 2" --include_path="C:/ti/TivaWare_C_Series-2.1.2.111" --include_path="C:/ti/ccsv7/tools/compiler/ti-cgt-arm_16.9.1.LTS/include" --define=ccs="ccs" --define=PART_TM4C123GH6PM -g --gcc --diag_warning=225 --diag_wrap=off --display_error_number --abi=eabi --preproc_with_compile --preproc_dependency="main.d"  "../main.c"

>> Compilation failure
subdir_rules.mk:23: recipe for target 'main.obj' failed
"..\timer.h", line 44: warning #1-D: last line of file ends without a newline
"..\lcd.h", line 40: warning #1-D: last line of file ends without a newline
"../main.c", line 12: error #20: identifier "result" is undefined
"../main.c", line 19: warning #112-D: statement is unreachable
1 error detected in the compilation of "../main.c".
gmake: *** [main.obj] Error 1
gmake: Target 'all' not remade because of errors.

**** Build Finished ****

**** Build of configuration Debug for project Lab 2 ****

"C:\\ti\\ccsv7\\utils\\bin\\gmake" -k -j 8 all -O 
'Building file: ../main.c'
'Invoking: ARM Compiler'
"C:/ti/ccsv7/tools/compiler/ti-cgt-arm_16.9.1.LTS/bin/armcl" -mv7M4 --code_state=16 --float_support=FPv4SPD16 -me --include_path="U:/CprE 288/Lab6/Lab 2" --include_path="C:/ti/TivaWare_C_Series-2.1.2.111" --include_path="C:/ti/ccsv7/tools/compiler/ti-cgt-arm_16.9.1.LTS/include" --define=ccs="ccs" --define=PART_TM4C123GH6PM -g --gcc --diag_warning=225 --diag_wrap=off --display_error_number --abi=eabi --preproc_with_compile --preproc_dependency="main.d"  "../main.c"
"..\timer.h", line 44: warning #1-D: last line of file ends without a newline
"..\lcd.h", line 40: warning #1-D: last line of file ends without a newline
"../main.c", line 19: warning #112-D: statement is unreachable
'Finished building: ../main.c'
' '
'Building target: Lab 2.out'
'Invoking: ARM Linker'
"C:/ti/ccsv7/tools/compiler/ti-cgt-arm_16.9.1.LTS/bin/armcl" -mv7M4 --code_state=16 --float_support=FPv4SPD16 -me --define=ccs="ccs" --define=PART_TM4C123GH6PM -g --gcc --diag_warning=225 --diag_wrap=off --display_error_number --abi=eabi -z -m"Lab 2.map" --heap_size=1024 --stack_size=2048 -i"C:/ti/ccsv7/tools/compiler/ti-cgt-arm_16.9.1.LTS/lib" -i"C:/ti/ccsv7/tools/compiler/ti-cgt-arm_16.9.1.LTS/include" --reread_libs --diag_wrap=off --display_error_number --warn_sections --xml_link_info="Lab 2_linkInfo.xml" --rom_model -o "Lab 2.out" "./adc.obj" "./lcd.obj" "./main.obj" "./timer.obj" "./tm4c123gh6pm_startup_ccs.obj" "../tm4c123gh6pm.cmd"  -llibc.a -l"C:/ti/TivaWare_C_Series-2.1.2.111/driverlib/ccs/Debug/driverlib.lib" 
<Linking>
'Finished building target: Lab 2.out'
' '

**** Build Finished ****

**** Build of configuration Debug for project Lab 2 ****

"C:\\ti\\ccsv7\\utils\\bin\\gmake" -k -j 8 all -O 
'Building file: ../adc.c'
'Invoking: ARM Compiler'
"C:/ti/ccsv7/tools/compiler/ti-cgt-arm_16.9.1.LTS/bin/armcl" -mv7M4 --code_state=16 --float_support=FPv4SPD16 -me --include_path="U:/CprE 288/Lab6/Lab 2" --include_path="C:/ti/TivaWare_C_Series-2.1.2.111" --include_path="C:/ti/ccsv7/tools/compiler/ti-cgt-arm_16.9.1.LTS/include" --define=ccs="ccs" --define=PART_TM4C123GH6PM -g --gcc --diag_warning=225 --diag_wrap=off --display_error_number --abi=eabi --preproc_with_compile --preproc_dependency="adc.d"  "../adc.c"
"..\timer.h", line 44: warning #1-D: last line of file ends without a newline
"..\lcd.h", line 40: warning #1-D: last line of file ends without a newline
'Finished building: ../adc.c'
' '
'Building target: Lab 2.out'
'Invoking: ARM Linker'
"C:/ti/ccsv7/tools/compiler/ti-cgt-arm_16.9.1.LTS/bin/armcl" -mv7M4 --code_state=16 --float_support=FPv4SPD16 -me --define=ccs="ccs" --define=PART_TM4C123GH6PM -g --gcc --diag_warning=225 --diag_wrap=off --display_error_number --abi=eabi -z -m"Lab 2.map" --heap_size=1024 --stack_size=2048 -i"C:/ti/ccsv7/tools/compiler/ti-cgt-arm_16.9.1.LTS/lib" -i"C:/ti/ccsv7/tools/compiler/ti-cgt-arm_16.9.1.LTS/include" --reread_libs --diag_wrap=off --display_error_number --warn_sections --xml_link_info="Lab 2_linkInfo.xml" --rom_model -o "Lab 2.out" "./adc.obj" "./lcd.obj" "./main.obj" "./timer.obj" "./tm4c123gh6pm_startup_ccs.obj" "../tm4c123gh6pm.cmd"  -llibc.a -l"C:/ti/TivaWare_C_Series-2.1.2.111/driverlib/ccs/Debug/driverlib.lib" 
<Linking>
'Finished building target: Lab 2.out'
' '

**** Build Finished ****

**** Build of configuration Debug for project Lab 2 ****

"C:\\ti\\ccsv7\\utils\\bin\\gmake" -k -j 8 all -O 
'Building file: ../adc.c'
'Invoking: ARM Compiler'
"C:/ti/ccsv7/tools/compiler/ti-cgt-arm_16.9.1.LTS/bin/armcl" -mv7M4 --code_state=16 --float_support=FPv4SPD16 -me --include_path="U:/CprE 288/Lab6/Lab 2" --include_path="C:/ti/TivaWare_C_Series-2.1.2.111" --include_path="C:/ti/ccsv7/tools/compiler/ti-cgt-arm_16.9.1.LTS/include" --define=ccs="ccs" --define=PART_TM4C123GH6PM -g --gcc --diag_warning=225 --diag_wrap=off --display_error_number --abi=eabi --preproc_with_compile --preproc_dependency="adc.d"  "../adc.c"
"..\timer.h", line 44: warning #1-D: last line of file ends without a newline
"..\lcd.h", line 40: warning #1-D: last line of file ends without a newline
'Finished building: ../adc.c'
' '
'Building target: Lab 2.out'
'Invoking: ARM Linker'
"C:/ti/ccsv7/tools/compiler/ti-cgt-arm_16.9.1.LTS/bin/armcl" -mv7M4 --code_state=16 --float_support=FPv4SPD16 -me --define=ccs="ccs" --define=PART_TM4C123GH6PM -g --gcc --diag_warning=225 --diag_wrap=off --display_error_number --abi=eabi -z -m"Lab 2.map" --heap_size=1024 --stack_size=2048 -i"C:/ti/ccsv7/tools/compiler/ti-cgt-arm_16.9.1.LTS/lib" -i"C:/ti/ccsv7/tools/compiler/ti-cgt-arm_16.9.1.LTS/include" --reread_libs --diag_wrap=off --display_error_number --warn_sections --xml_link_info="Lab 2_linkInfo.xml" --rom_model -o "Lab 2.out" "./adc.obj" "./lcd.obj" "./main.obj" "./timer.obj" "./tm4c123gh6pm_startup_ccs.obj" "../tm4c123gh6pm.cmd"  -llibc.a -l"C:/ti/TivaWare_C_Series-2.1.2.111/driverlib/ccs/Debug/driverlib.lib" 
<Linking>
'Finished building target: Lab 2.out'
' '

**** Build Finished ****

**** Build of configuration Debug for project Lab 2 ****

"C:\\ti\\ccsv7\\utils\\bin\\gmake" -k -j 8 all -O 
'Building file: ../adc.c'
'Invoking: ARM Compiler'
"C:/ti/ccsv7/tools/compiler/ti-cgt-arm_16.9.1.LTS/bin/armcl" -mv7M4 --code_state=16 --float_support=FPv4SPD16 -me --include_path="U:/CprE 288/Lab6/Lab 2" --include_path="C:/ti/TivaWare_C_Series-2.1.2.111" --include_path="C:/ti/ccsv7/tools/compiler/ti-cgt-arm_16.9.1.LTS/include" --define=ccs="ccs" --define=PART_TM4C123GH6PM -g --gcc --diag_warning=225 --diag_wrap=off --display_error_number --abi=eabi --preproc_with_compile --preproc_dependency="adc.d"  "../adc.c"
"..\timer.h", line 44: warning #1-D: last line of file ends without a newline
"..\lcd.h", line 40: warning #1-D: last line of file ends without a newline
'Finished building: ../adc.c'
' '
'Building target: Lab 2.out'
'Invoking: ARM Linker'
"C:/ti/ccsv7/tools/compiler/ti-cgt-arm_16.9.1.LTS/bin/armcl" -mv7M4 --code_state=16 --float_support=FPv4SPD16 -me --define=ccs="ccs" --define=PART_TM4C123GH6PM -g --gcc --diag_warning=225 --diag_wrap=off --display_error_number --abi=eabi -z -m"Lab 2.map" --heap_size=1024 --stack_size=2048 -i"C:/ti/ccsv7/tools/compiler/ti-cgt-arm_16.9.1.LTS/lib" -i"C:/ti/ccsv7/tools/compiler/ti-cgt-arm_16.9.1.LTS/include" --reread_libs --diag_wrap=off --display_error_number --warn_sections --xml_link_info="Lab 2_linkInfo.xml" --rom_model -o "Lab 2.out" "./adc.obj" "./lcd.obj" "./main.obj" "./timer.obj" "./tm4c123gh6pm_startup_ccs.obj" "../tm4c123gh6pm.cmd"  -llibc.a -l"C:/ti/TivaWare_C_Series-2.1.2.111/driverlib/ccs/Debug/driverlib.lib" 
<Linking>
'Finished building target: Lab 2.out'
' '

**** Build Finished ****

**** Build of configuration Debug for project Lab 2 ****

"C:\\ti\\ccsv7\\utils\\bin\\gmake" -k -j 8 all -O 
'Building file: ../adc.c'
'Invoking: ARM Compiler'
"C:/ti/ccsv7/tools/compiler/ti-cgt-arm_16.9.1.LTS/bin/armcl" -mv7M4 --code_state=16 --float_support=FPv4SPD16 -me --include_path="U:/CprE 288/Lab6/Lab 2" --include_path="C:/ti/TivaWare_C_Series-2.1.2.111" --include_path="C:/ti/ccsv7/tools/compiler/ti-cgt-arm_16.9.1.LTS/include" --define=ccs="ccs" --define=PART_TM4C123GH6PM -g --gcc --diag_warning=225 --diag_wrap=off --display_error_number --abi=eabi --preproc_with_compile --preproc_dependency="adc.d"  "../adc.c"
"..\timer.h", line 44: warning #1-D: last line of file ends without a newline
"..\lcd.h", line 40: warning #1-D: last line of file ends without a newline
'Finished building: ../adc.c'
' '
'Building target: Lab 2.out'
'Invoking: ARM Linker'
"C:/ti/ccsv7/tools/compiler/ti-cgt-arm_16.9.1.LTS/bin/armcl" -mv7M4 --code_state=16 --float_support=FPv4SPD16 -me --define=ccs="ccs" --define=PART_TM4C123GH6PM -g --gcc --diag_warning=225 --diag_wrap=off --display_error_number --abi=eabi -z -m"Lab 2.map" --heap_size=1024 --stack_size=2048 -i"C:/ti/ccsv7/tools/compiler/ti-cgt-arm_16.9.1.LTS/lib" -i"C:/ti/ccsv7/tools/compiler/ti-cgt-arm_16.9.1.LTS/include" --reread_libs --diag_wrap=off --display_error_number --warn_sections --xml_link_info="Lab 2_linkInfo.xml" --rom_model -o "Lab 2.out" "./adc.obj" "./lcd.obj" "./main.obj" "./timer.obj" "./tm4c123gh6pm_startup_ccs.obj" "../tm4c123gh6pm.cmd"  -llibc.a -l"C:/ti/TivaWare_C_Series-2.1.2.111/driverlib/ccs/Debug/driverlib.lib" 
<Linking>
'Finished building target: Lab 2.out'
' '

**** Build Finished ****

**** Build of configuration Debug for project Lab 2 ****

"C:\\ti\\ccsv7\\utils\\bin\\gmake" -k -j 8 all -O 
gmake[1]: 'Lab 2.out' is up to date.

**** Build Finished ****

**** Build of configuration Debug for project Lab 2 ****

"C:\\ti\\ccsv7\\utils\\bin\\gmake" -k -j 8 all -O 
'Building file: ../adc.c'
'Invoking: ARM Compiler'
"C:/ti/ccsv7/tools/compiler/ti-cgt-arm_16.9.1.LTS/bin/armcl" -mv7M4 --code_state=16 --float_support=FPv4SPD16 -me --include_path="U:/CprE 288/Lab6/Lab 2" --include_path="C:/ti/TivaWare_C_Series-2.1.2.111" --include_path="C:/ti/ccsv7/tools/compiler/ti-cgt-arm_16.9.1.LTS/include" --define=ccs="ccs" --define=PART_TM4C123GH6PM -g --gcc --diag_warning=225 --diag_wrap=off --display_error_number --abi=eabi --preproc_with_compile --preproc_dependency="adc.d"  "../adc.c"
"..\timer.h", line 44: warning #1-D: last line of file ends without a newline
"..\lcd.h", line 40: warning #1-D: last line of file ends without a newline
'Finished building: ../adc.c'
' '
'Building target: Lab 2.out'
'Invoking: ARM Linker'
"C:/ti/ccsv7/tools/compiler/ti-cgt-arm_16.9.1.LTS/bin/armcl" -mv7M4 --code_state=16 --float_support=FPv4SPD16 -me --define=ccs="ccs" --define=PART_TM4C123GH6PM -g --gcc --diag_warning=225 --diag_wrap=off --display_error_number --abi=eabi -z -m"Lab 2.map" --heap_size=1024 --stack_size=2048 -i"C:/ti/ccsv7/tools/compiler/ti-cgt-arm_16.9.1.LTS/lib" -i"C:/ti/ccsv7/tools/compiler/ti-cgt-arm_16.9.1.LTS/include" --reread_libs --diag_wrap=off --display_error_number --warn_sections --xml_link_info="Lab 2_linkInfo.xml" --rom_model -o "Lab 2.out" "./adc.obj" "./lcd.obj" "./main.obj" "./timer.obj" "./tm4c123gh6pm_startup_ccs.obj" "../tm4c123gh6pm.cmd"  -llibc.a -l"C:/ti/TivaWare_C_Series-2.1.2.111/driverlib/ccs/Debug/driverlib.lib" 
<Linking>
'Finished building target: Lab 2.out'
' '

**** Build Finished ****

**** Build of configuration Debug for project Lab 2 ****

"C:\\ti\\ccsv7\\utils\\bin\\gmake" -k -j 8 all -O 
'Building file: ../adc.c'
'Invoking: ARM Compiler'
"C:/ti/ccsv7/tools/compiler/ti-cgt-arm_16.9.1.LTS/bin/armcl" -mv7M4 --code_state=16 --float_support=FPv4SPD16 -me --include_path="U:/CprE 288/Lab6/Lab 2" --include_path="C:/ti/TivaWare_C_Series-2.1.2.111" --include_path="C:/ti/ccsv7/tools/compiler/ti-cgt-arm_16.9.1.LTS/include" --define=ccs="ccs" --define=PART_TM4C123GH6PM -g --gcc --diag_warning=225 --diag_wrap=off --display_error_number --abi=eabi --preproc_with_compile --preproc_dependency="adc.d"  "../adc.c"
"..\timer.h", line 44: warning #1-D: last line of file ends without a newline
"..\lcd.h", line 40: warning #1-D: last line of file ends without a newline
'Finished building: ../adc.c'
' '
'Building target: Lab 2.out'
'Invoking: ARM Linker'
"C:/ti/ccsv7/tools/compiler/ti-cgt-arm_16.9.1.LTS/bin/armcl" -mv7M4 --code_state=16 --float_support=FPv4SPD16 -me --define=ccs="ccs" --define=PART_TM4C123GH6PM -g --gcc --diag_warning=225 --diag_wrap=off --display_error_number --abi=eabi -z -m"Lab 2.map" --heap_size=1024 --stack_size=2048 -i"C:/ti/ccsv7/tools/compiler/ti-cgt-arm_16.9.1.LTS/lib" -i"C:/ti/ccsv7/tools/compiler/ti-cgt-arm_16.9.1.LTS/include" --reread_libs --diag_wrap=off --display_error_number --warn_sections --xml_link_info="Lab 2_linkInfo.xml" --rom_model -o "Lab 2.out" "./adc.obj" "./lcd.obj" "./main.obj" "./timer.obj" "./tm4c123gh6pm_startup_ccs.obj" "../tm4c123gh6pm.cmd"  -llibc.a -l"C:/ti/TivaWare_C_Series-2.1.2.111/driverlib/ccs/Debug/driverlib.lib" 
<Linking>
'Finished building target: Lab 2.out'
' '

**** Build Finished ****

**** Build of configuration Debug for project Lab 2 ****

"C:\\ti\\ccsv7\\utils\\bin\\gmake" -k -j 8 all -O 
'Building file: ../adc.c'
'Invoking: ARM Compiler'
"C:/ti/ccsv7/tools/compiler/ti-cgt-arm_16.9.1.LTS/bin/armcl" -mv7M4 --code_state=16 --float_support=FPv4SPD16 -me --include_path="U:/CprE 288/Lab6/Lab 2" --include_path="C:/ti/TivaWare_C_Series-2.1.2.111" --include_path="C:/ti/ccsv7/tools/compiler/ti-cgt-arm_16.9.1.LTS/include" --define=ccs="ccs" --define=PART_TM4C123GH6PM -g --gcc --diag_warning=225 --diag_wrap=off --display_error_number --abi=eabi --preproc_with_compile --preproc_dependency="adc.d"  "../adc.c"
"..\timer.h", line 44: warning #1-D: last line of file ends without a newline
"..\lcd.h", line 40: warning #1-D: last line of file ends without a newline
'Finished building: ../adc.c'
' '
'Building target: Lab 2.out'
'Invoking: ARM Linker'
"C:/ti/ccsv7/tools/compiler/ti-cgt-arm_16.9.1.LTS/bin/armcl" -mv7M4 --code_state=16 --float_support=FPv4SPD16 -me --define=ccs="ccs" --define=PART_TM4C123GH6PM -g --gcc --diag_warning=225 --diag_wrap=off --display_error_number --abi=eabi -z -m"Lab 2.map" --heap_size=1024 --stack_size=2048 -i"C:/ti/ccsv7/tools/compiler/ti-cgt-arm_16.9.1.LTS/lib" -i"C:/ti/ccsv7/tools/compiler/ti-cgt-arm_16.9.1.LTS/include" --reread_libs --diag_wrap=off --display_error_number --warn_sections --xml_link_info="Lab 2_linkInfo.xml" --rom_model -o "Lab 2.out" "./adc.obj" "./lcd.obj" "./main.obj" "./timer.obj" "./tm4c123gh6pm_startup_ccs.obj" "../tm4c123gh6pm.cmd"  -llibc.a -l"C:/ti/TivaWare_C_Series-2.1.2.111/driverlib/ccs/Debug/driverlib.lib" 
<Linking>
'Finished building target: Lab 2.out'
' '

**** Build Finished ****

**** Build of configuration Debug for project Lab 2 ****

"C:\\ti\\ccsv7\\utils\\bin\\gmake" -k -j 8 all -O 
gmake[1]: 'Lab 2.out' is up to date.

**** Build Finished ****

**** Build of configuration Debug for project Lab 2 ****

"C:\\ti\\ccsv7\\utils\\bin\\gmake" -k -j 8 all -O 
'Building file: ../adc.c'
'Invoking: ARM Compiler'
"C:/ti/ccsv7/tools/compiler/ti-cgt-arm_16.9.1.LTS/bin/armcl" -mv7M4 --code_state=16 --float_support=FPv4SPD16 -me --include_path="U:/CprE 288/Lab6/Lab 2" --include_path="C:/ti/TivaWare_C_Series-2.1.2.111" --include_path="C:/ti/ccsv7/tools/compiler/ti-cgt-arm_16.9.1.LTS/include" --define=ccs="ccs" --define=PART_TM4C123GH6PM -g --gcc --diag_warning=225 --diag_wrap=off --display_error_number --abi=eabi --preproc_with_compile --preproc_dependency="adc.d"  "../adc.c"
"..\timer.h", line 44: warning #1-D: last line of file ends without a newline
"..\lcd.h", line 40: warning #1-D: last line of file ends without a newline
'Finished building: ../adc.c'
' '
'Building target: Lab 2.out'
'Invoking: ARM Linker'
"C:/ti/ccsv7/tools/compiler/ti-cgt-arm_16.9.1.LTS/bin/armcl" -mv7M4 --code_state=16 --float_support=FPv4SPD16 -me --define=ccs="ccs" --define=PART_TM4C123GH6PM -g --gcc --diag_warning=225 --diag_wrap=off --display_error_number --abi=eabi -z -m"Lab 2.map" --heap_size=1024 --stack_size=2048 -i"C:/ti/ccsv7/tools/compiler/ti-cgt-arm_16.9.1.LTS/lib" -i"C:/ti/ccsv7/tools/compiler/ti-cgt-arm_16.9.1.LTS/include" --reread_libs --diag_wrap=off --display_error_number --warn_sections --xml_link_info="Lab 2_linkInfo.xml" --rom_model -o "Lab 2.out" "./adc.obj" "./lcd.obj" "./main.obj" "./timer.obj" "./tm4c123gh6pm_startup_ccs.obj" "../tm4c123gh6pm.cmd"  -llibc.a -l"C:/ti/TivaWare_C_Series-2.1.2.111/driverlib/ccs/Debug/driverlib.lib" 
<Linking>
'Finished building target: Lab 2.out'
' '

**** Build Finished ****

**** Build of configuration Debug for project Lab 2 ****

"C:\\ti\\ccsv7\\utils\\bin\\gmake" -k -j 8 all -O 
'Building file: ../adc.c'
'Invoking: ARM Compiler'
"C:/ti/ccsv7/tools/compiler/ti-cgt-arm_16.9.1.LTS/bin/armcl" -mv7M4 --code_state=16 --float_support=FPv4SPD16 -me --include_path="U:/CprE 288/Lab6/Lab 2" --include_path="C:/ti/TivaWare_C_Series-2.1.2.111" --include_path="C:/ti/ccsv7/tools/compiler/ti-cgt-arm_16.9.1.LTS/include" --define=ccs="ccs" --define=PART_TM4C123GH6PM -g --gcc --diag_warning=225 --diag_wrap=off --display_error_number --abi=eabi --preproc_with_compile --preproc_dependency="adc.d"  "../adc.c"
"..\timer.h", line 44: warning #1-D: last line of file ends without a newline
"..\lcd.h", line 40: warning #1-D: last line of file ends without a newline
'Finished building: ../adc.c'
' '
'Building target: Lab 2.out'
'Invoking: ARM Linker'
"C:/ti/ccsv7/tools/compiler/ti-cgt-arm_16.9.1.LTS/bin/armcl" -mv7M4 --code_state=16 --float_support=FPv4SPD16 -me --define=ccs="ccs" --define=PART_TM4C123GH6PM -g --gcc --diag_warning=225 --diag_wrap=off --display_error_number --abi=eabi -z -m"Lab 2.map" --heap_size=1024 --stack_size=2048 -i"C:/ti/ccsv7/tools/compiler/ti-cgt-arm_16.9.1.LTS/lib" -i"C:/ti/ccsv7/tools/compiler/ti-cgt-arm_16.9.1.LTS/include" --reread_libs --diag_wrap=off --display_error_number --warn_sections --xml_link_info="Lab 2_linkInfo.xml" --rom_model -o "Lab 2.out" "./adc.obj" "./lcd.obj" "./main.obj" "./timer.obj" "./tm4c123gh6pm_startup_ccs.obj" "../tm4c123gh6pm.cmd"  -llibc.a -l"C:/ti/TivaWare_C_Series-2.1.2.111/driverlib/ccs/Debug/driverlib.lib" 
<Linking>
'Finished building target: Lab 2.out'
' '

**** Build Finished ****

**** Build of configuration Debug for project Lab 2 ****

"C:\\ti\\ccsv7\\utils\\bin\\gmake" -k -j 8 all -O 
gmake[1]: 'Lab 2.out' is up to date.

**** Build Finished ****

**** Build of configuration Debug for project Lab 2 ****

"C:\\ti\\ccsv7\\utils\\bin\\gmake" -k -j 8 all -O 
'Building file: ../adc.c'
'Invoking: ARM Compiler'
"C:/ti/ccsv7/tools/compiler/ti-cgt-arm_16.9.1.LTS/bin/armcl" -mv7M4 --code_state=16 --float_support=FPv4SPD16 -me --include_path="U:/CprE 288/Lab6/Lab 2" --include_path="C:/ti/TivaWare_C_Series-2.1.2.111" --include_path="C:/ti/ccsv7/tools/compiler/ti-cgt-arm_16.9.1.LTS/include" --define=ccs="ccs" --define=PART_TM4C123GH6PM -g --gcc --diag_warning=225 --diag_wrap=off --display_error_number --abi=eabi --preproc_with_compile --preproc_dependency="adc.d"  "../adc.c"
"..\timer.h", line 44: warning #1-D: last line of file ends without a newline
"..\lcd.h", line 40: warning #1-D: last line of file ends without a newline
'Finished building: ../adc.c'
' '
'Building target: Lab 2.out'
'Invoking: ARM Linker'
"C:/ti/ccsv7/tools/compiler/ti-cgt-arm_16.9.1.LTS/bin/armcl" -mv7M4 --code_state=16 --float_support=FPv4SPD16 -me --define=ccs="ccs" --define=PART_TM4C123GH6PM -g --gcc --diag_warning=225 --diag_wrap=off --display_error_number --abi=eabi -z -m"Lab 2.map" --heap_size=1024 --stack_size=2048 -i"C:/ti/ccsv7/tools/compiler/ti-cgt-arm_16.9.1.LTS/lib" -i"C:/ti/ccsv7/tools/compiler/ti-cgt-arm_16.9.1.LTS/include" --reread_libs --diag_wrap=off --display_error_number --warn_sections --xml_link_info="Lab 2_linkInfo.xml" --rom_model -o "Lab 2.out" "./adc.obj" "./lcd.obj" "./main.obj" "./timer.obj" "./tm4c123gh6pm_startup_ccs.obj" "../tm4c123gh6pm.cmd"  -llibc.a -l"C:/ti/TivaWare_C_Series-2.1.2.111/driverlib/ccs/Debug/driverlib.lib" 
<Linking>
'Finished building target: Lab 2.out'
' '

**** Build Finished ****

**** Build of configuration Debug for project Lab 2 ****

"C:\\ti\\ccsv7\\utils\\bin\\gmake" -k -j 8 all -O 
'Building file: ../adc.c'
'Invoking: ARM Compiler'
"C:/ti/ccsv7/tools/compiler/ti-cgt-arm_16.9.1.LTS/bin/armcl" -mv7M4 --code_state=16 --float_support=FPv4SPD16 -me --include_path="U:/CprE 288/Lab6/Lab 2" --include_path="C:/ti/TivaWare_C_Series-2.1.2.111" --include_path="C:/ti/ccsv7/tools/compiler/ti-cgt-arm_16.9.1.LTS/include" --define=ccs="ccs" --define=PART_TM4C123GH6PM -g --gcc --diag_warning=225 --diag_wrap=off --display_error_number --abi=eabi --preproc_with_compile --preproc_dependency="adc.d"  "../adc.c"
"..\timer.h", line 44: warning #1-D: last line of file ends without a newline
"..\lcd.h", line 40: warning #1-D: last line of file ends without a newline
'Finished building: ../adc.c'
' '
'Building target: Lab 2.out'
'Invoking: ARM Linker'
"C:/ti/ccsv7/tools/compiler/ti-cgt-arm_16.9.1.LTS/bin/armcl" -mv7M4 --code_state=16 --float_support=FPv4SPD16 -me --define=ccs="ccs" --define=PART_TM4C123GH6PM -g --gcc --diag_warning=225 --diag_wrap=off --display_error_number --abi=eabi -z -m"Lab 2.map" --heap_size=1024 --stack_size=2048 -i"C:/ti/ccsv7/tools/compiler/ti-cgt-arm_16.9.1.LTS/lib" -i"C:/ti/ccsv7/tools/compiler/ti-cgt-arm_16.9.1.LTS/include" --reread_libs --diag_wrap=off --display_error_number --warn_sections --xml_link_info="Lab 2_linkInfo.xml" --rom_model -o "Lab 2.out" "./adc.obj" "./lcd.obj" "./main.obj" "./timer.obj" "./tm4c123gh6pm_startup_ccs.obj" "../tm4c123gh6pm.cmd"  -llibc.a -l"C:/ti/TivaWare_C_Series-2.1.2.111/driverlib/ccs/Debug/driverlib.lib" 
<Linking>
'Finished building target: Lab 2.out'
' '

**** Build Finished ****

**** Build of configuration Debug for project Lab 2 ****

"C:\\ti\\ccsv7\\utils\\bin\\gmake" -k -j 8 all -O 
'Building file: ../main.c'
'Invoking: ARM Compiler'
"C:/ti/ccsv7/tools/compiler/ti-cgt-arm_16.9.1.LTS/bin/armcl" -mv7M4 --code_state=16 --float_support=FPv4SPD16 -me --include_path="U:/CprE 288/Lab6/Lab 2" --include_path="C:/ti/TivaWare_C_Series-2.1.2.111" --include_path="C:/ti/ccsv7/tools/compiler/ti-cgt-arm_16.9.1.LTS/include" --define=ccs="ccs" --define=PART_TM4C123GH6PM -g --gcc --diag_warning=225 --diag_wrap=off --display_error_number --abi=eabi --preproc_with_compile --preproc_dependency="main.d"  "../main.c"
"..\timer.h", line 44: warning #1-D: last line of file ends without a newline
"..\lcd.h", line 40: warning #1-D: last line of file ends without a newline
"../main.c", line 20: warning #112-D: statement is unreachable
'Finished building: ../main.c'
' '
'Building target: Lab 2.out'
'Invoking: ARM Linker'
"C:/ti/ccsv7/tools/compiler/ti-cgt-arm_16.9.1.LTS/bin/armcl" -mv7M4 --code_state=16 --float_support=FPv4SPD16 -me --define=ccs="ccs" --define=PART_TM4C123GH6PM -g --gcc --diag_warning=225 --diag_wrap=off --display_error_number --abi=eabi -z -m"Lab 2.map" --heap_size=1024 --stack_size=2048 -i"C:/ti/ccsv7/tools/compiler/ti-cgt-arm_16.9.1.LTS/lib" -i"C:/ti/ccsv7/tools/compiler/ti-cgt-arm_16.9.1.LTS/include" --reread_libs --diag_wrap=off --display_error_number --warn_sections --xml_link_info="Lab 2_linkInfo.xml" --rom_model -o "Lab 2.out" "./adc.obj" "./lcd.obj" "./main.obj" "./timer.obj" "./tm4c123gh6pm_startup_ccs.obj" "../tm4c123gh6pm.cmd"  -llibc.a -l"C:/ti/TivaWare_C_Series-2.1.2.111/driverlib/ccs/Debug/driverlib.lib" 
<Linking>
'Finished building target: Lab 2.out'
' '

**** Build Finished ****

**** Build of configuration Debug for project Lab 2 ****

"C:\\ti\\ccsv7\\utils\\bin\\gmake" -k -j 8 all -O 
'Building file: ../main.c'
'Invoking: ARM Compiler'
"C:/ti/ccsv7/tools/compiler/ti-cgt-arm_16.9.1.LTS/bin/armcl" -mv7M4 --code_state=16 --float_support=FPv4SPD16 -me --include_path="U:/CprE 288/Lab6/Lab 2" --include_path="C:/ti/TivaWare_C_Series-2.1.2.111" --include_path="C:/ti/ccsv7/tools/compiler/ti-cgt-arm_16.9.1.LTS/include" --define=ccs="ccs" --define=PART_TM4C123GH6PM -g --gcc --diag_warning=225 --diag_wrap=off --display_error_number --abi=eabi --preproc_with_compile --preproc_dependency="main.d"  "../main.c"
"..\timer.h", line 44: warning #1-D: last line of file ends without a newline
"..\lcd.h", line 40: warning #1-D: last line of file ends without a newline
"../main.c", line 27: warning #112-D: statement is unreachable
'Finished building: ../main.c'
' '
'Building target: Lab 2.out'
'Invoking: ARM Linker'
"C:/ti/ccsv7/tools/compiler/ti-cgt-arm_16.9.1.LTS/bin/armcl" -mv7M4 --code_state=16 --float_support=FPv4SPD16 -me --define=ccs="ccs" --define=PART_TM4C123GH6PM -g --gcc --diag_warning=225 --diag_wrap=off --display_error_number --abi=eabi -z -m"Lab 2.map" --heap_size=1024 --stack_size=2048 -i"C:/ti/ccsv7/tools/compiler/ti-cgt-arm_16.9.1.LTS/lib" -i"C:/ti/ccsv7/tools/compiler/ti-cgt-arm_16.9.1.LTS/include" --reread_libs --diag_wrap=off --display_error_number --warn_sections --xml_link_info="Lab 2_linkInfo.xml" --rom_model -o "Lab 2.out" "./adc.obj" "./lcd.obj" "./main.obj" "./timer.obj" "./tm4c123gh6pm_startup_ccs.obj" "../tm4c123gh6pm.cmd"  -llibc.a -l"C:/ti/TivaWare_C_Series-2.1.2.111/driverlib/ccs/Debug/driverlib.lib" 
<Linking>
'Finished building target: Lab 2.out'
' '

**** Build Finished ****

**** Build of configuration Debug for project Lab 2 ****

"C:\\ti\\ccsv7\\utils\\bin\\gmake" -k -j 8 all -O 
'Building file: ../main.c'
'Invoking: ARM Compiler'
"C:/ti/ccsv7/tools/compiler/ti-cgt-arm_16.9.1.LTS/bin/armcl" -mv7M4 --code_state=16 --float_support=FPv4SPD16 -me --include_path="U:/CprE 288/Lab6/Lab 2" --include_path="C:/ti/TivaWare_C_Series-2.1.2.111" --include_path="C:/ti/ccsv7/tools/compiler/ti-cgt-arm_16.9.1.LTS/include" --define=ccs="ccs" --define=PART_TM4C123GH6PM -g --gcc --diag_warning=225 --diag_wrap=off --display_error_number --abi=eabi --preproc_with_compile --preproc_dependency="main.d"  "../main.c"
"..\timer.h", line 44: warning #1-D: last line of file ends without a newline
"..\lcd.h", line 40: warning #1-D: last line of file ends without a newline
"../main.c", line 27: warning #112-D: statement is unreachable
'Finished building: ../main.c'
' '
'Building target: Lab 2.out'
'Invoking: ARM Linker'
"C:/ti/ccsv7/tools/compiler/ti-cgt-arm_16.9.1.LTS/bin/armcl" -mv7M4 --code_state=16 --float_support=FPv4SPD16 -me --define=ccs="ccs" --define=PART_TM4C123GH6PM -g --gcc --diag_warning=225 --diag_wrap=off --display_error_number --abi=eabi -z -m"Lab 2.map" --heap_size=1024 --stack_size=2048 -i"C:/ti/ccsv7/tools/compiler/ti-cgt-arm_16.9.1.LTS/lib" -i"C:/ti/ccsv7/tools/compiler/ti-cgt-arm_16.9.1.LTS/include" --reread_libs --diag_wrap=off --display_error_number --warn_sections --xml_link_info="Lab 2_linkInfo.xml" --rom_model -o "Lab 2.out" "./adc.obj" "./lcd.obj" "./main.obj" "./timer.obj" "./tm4c123gh6pm_startup_ccs.obj" "../tm4c123gh6pm.cmd"  -llibc.a -l"C:/ti/TivaWare_C_Series-2.1.2.111/driverlib/ccs/Debug/driverlib.lib" 
<Linking>
'Finished building target: Lab 2.out'
' '

**** Build Finished ****

**** Build of configuration Debug for project Lab 2 ****

"C:\\ti\\ccsv7\\utils\\bin\\gmake" -k -j 8 all -O 
'Building file: ../main.c'
'Invoking: ARM Compiler'
"C:/ti/ccsv7/tools/compiler/ti-cgt-arm_16.9.1.LTS/bin/armcl" -mv7M4 --code_state=16 --float_support=FPv4SPD16 -me --include_path="U:/CprE 288/Lab6/Lab 2" --include_path="C:/ti/TivaWare_C_Series-2.1.2.111" --include_path="C:/ti/ccsv7/tools/compiler/ti-cgt-arm_16.9.1.LTS/include" --define=ccs="ccs" --define=PART_TM4C123GH6PM -g --gcc --diag_warning=225 --diag_wrap=off --display_error_number --abi=eabi --preproc_with_compile --preproc_dependency="main.d"  "../main.c"
"..\timer.h", line 44: warning #1-D: last line of file ends without a newline
"..\lcd.h", line 40: warning #1-D: last line of file ends without a newline
"../main.c", line 27: warning #112-D: statement is unreachable
'Finished building: ../main.c'
' '
'Building target: Lab 2.out'
'Invoking: ARM Linker'
"C:/ti/ccsv7/tools/compiler/ti-cgt-arm_16.9.1.LTS/bin/armcl" -mv7M4 --code_state=16 --float_support=FPv4SPD16 -me --define=ccs="ccs" --define=PART_TM4C123GH6PM -g --gcc --diag_warning=225 --diag_wrap=off --display_error_number --abi=eabi -z -m"Lab 2.map" --heap_size=1024 --stack_size=2048 -i"C:/ti/ccsv7/tools/compiler/ti-cgt-arm_16.9.1.LTS/lib" -i"C:/ti/ccsv7/tools/compiler/ti-cgt-arm_16.9.1.LTS/include" --reread_libs --diag_wrap=off --display_error_number --warn_sections --xml_link_info="Lab 2_linkInfo.xml" --rom_model -o "Lab 2.out" "./adc.obj" "./lcd.obj" "./main.obj" "./timer.obj" "./tm4c123gh6pm_startup_ccs.obj" "../tm4c123gh6pm.cmd"  -llibc.a -l"C:/ti/TivaWare_C_Series-2.1.2.111/driverlib/ccs/Debug/driverlib.lib" 
<Linking>
'Finished building target: Lab 2.out'
' '

**** Build Finished ****

**** Build of configuration Debug for project Lab 2 ****

"C:\\ti\\ccsv7\\utils\\bin\\gmake" -k -j 8 all -O 
gmake[1]: 'Lab 2.out' is up to date.

**** Build Finished ****

**** Build of configuration Debug for project Lab 2 ****

"C:\\ti\\ccsv7\\utils\\bin\\gmake" -k -j 8 all -O 
'Building file: ../main.c'
'Invoking: ARM Compiler'
"C:/ti/ccsv7/tools/compiler/ti-cgt-arm_16.9.1.LTS/bin/armcl" -mv7M4 --code_state=16 --float_support=FPv4SPD16 -me --include_path="U:/CprE 288/Lab6/Lab 2" --include_path="C:/ti/TivaWare_C_Series-2.1.2.111" --include_path="C:/ti/ccsv7/tools/compiler/ti-cgt-arm_16.9.1.LTS/include" --define=ccs="ccs" --define=PART_TM4C123GH6PM -g --gcc --diag_warning=225 --diag_wrap=off --display_error_number --abi=eabi --preproc_with_compile --preproc_dependency="main.d"  "../main.c"
"..\timer.h", line 44: warning #1-D: last line of file ends without a newline
"..\lcd.h", line 40: warning #1-D: last line of file ends without a newline
"../main.c", line 27: warning #112-D: statement is unreachable
'Finished building: ../main.c'
' '
'Building target: Lab 2.out'
'Invoking: ARM Linker'
"C:/ti/ccsv7/tools/compiler/ti-cgt-arm_16.9.1.LTS/bin/armcl" -mv7M4 --code_state=16 --float_support=FPv4SPD16 -me --define=ccs="ccs" --define=PART_TM4C123GH6PM -g --gcc --diag_warning=225 --diag_wrap=off --display_error_number --abi=eabi -z -m"Lab 2.map" --heap_size=1024 --stack_size=2048 -i"C:/ti/ccsv7/tools/compiler/ti-cgt-arm_16.9.1.LTS/lib" -i"C:/ti/ccsv7/tools/compiler/ti-cgt-arm_16.9.1.LTS/include" --reread_libs --diag_wrap=off --display_error_number --warn_sections --xml_link_info="Lab 2_linkInfo.xml" --rom_model -o "Lab 2.out" "./adc.obj" "./lcd.obj" "./main.obj" "./timer.obj" "./tm4c123gh6pm_startup_ccs.obj" "../tm4c123gh6pm.cmd"  -llibc.a -l"C:/ti/TivaWare_C_Series-2.1.2.111/driverlib/ccs/Debug/driverlib.lib" 
<Linking>
'Finished building target: Lab 2.out'
' '

**** Build Finished ****

**** Build of configuration Debug for project Lab 2 ****

"C:\\ti\\ccsv7\\utils\\bin\\gmake" -k -j 8 all -O 
'Building file: ../main.c'
'Invoking: ARM Compiler'
"C:/ti/ccsv7/tools/compiler/ti-cgt-arm_16.9.1.LTS/bin/armcl" -mv7M4 --code_state=16 --float_support=FPv4SPD16 -me --include_path="U:/CprE 288/Lab6/Lab 2" --include_path="C:/ti/TivaWare_C_Series-2.1.2.111" --include_path="C:/ti/ccsv7/tools/compiler/ti-cgt-arm_16.9.1.LTS/include" --define=ccs="ccs" --define=PART_TM4C123GH6PM -g --gcc --diag_warning=225 --diag_wrap=off --display_error_number --abi=eabi --preproc_with_compile --preproc_dependency="main.d"  "../main.c"
"..\timer.h", line 44: warning #1-D: last line of file ends without a newline
"..\lcd.h", line 40: warning #1-D: last line of file ends without a newline
"../main.c", line 27: warning #112-D: statement is unreachable
'Finished building: ../main.c'
' '
'Building target: Lab 2.out'
'Invoking: ARM Linker'
"C:/ti/ccsv7/tools/compiler/ti-cgt-arm_16.9.1.LTS/bin/armcl" -mv7M4 --code_state=16 --float_support=FPv4SPD16 -me --define=ccs="ccs" --define=PART_TM4C123GH6PM -g --gcc --diag_warning=225 --diag_wrap=off --display_error_number --abi=eabi -z -m"Lab 2.map" --heap_size=1024 --stack_size=2048 -i"C:/ti/ccsv7/tools/compiler/ti-cgt-arm_16.9.1.LTS/lib" -i"C:/ti/ccsv7/tools/compiler/ti-cgt-arm_16.9.1.LTS/include" --reread_libs --diag_wrap=off --display_error_number --warn_sections --xml_link_info="Lab 2_linkInfo.xml" --rom_model -o "Lab 2.out" "./adc.obj" "./lcd.obj" "./main.obj" "./timer.obj" "./tm4c123gh6pm_startup_ccs.obj" "../tm4c123gh6pm.cmd"  -llibc.a -l"C:/ti/TivaWare_C_Series-2.1.2.111/driverlib/ccs/Debug/driverlib.lib" 
<Linking>
'Finished building target: Lab 2.out'
' '

**** Build Finished ****

**** Build of configuration Debug for project Lab 2 ****

"C:\\ti\\ccsv7\\utils\\bin\\gmake" -k -j 8 all -O 
'Building file: ../main.c'
'Invoking: ARM Compiler'
"C:/ti/ccsv7/tools/compiler/ti-cgt-arm_16.9.1.LTS/bin/armcl" -mv7M4 --code_state=16 --float_support=FPv4SPD16 -me --include_path="U:/CprE 288/Lab6/Lab 2" --include_path="C:/ti/TivaWare_C_Series-2.1.2.111" --include_path="C:/ti/ccsv7/tools/compiler/ti-cgt-arm_16.9.1.LTS/include" --define=ccs="ccs" --define=PART_TM4C123GH6PM -g --gcc --diag_warning=225 --diag_wrap=off --display_error_number --abi=eabi --preproc_with_compile --preproc_dependency="main.d"  "../main.c"
"..\timer.h", line 44: warning #1-D: last line of file ends without a newline
"..\lcd.h", line 40: warning #1-D: last line of file ends without a newline
"../main.c", line 28: warning #112-D: statement is unreachable
'Finished building: ../main.c'
' '
'Building target: Lab 2.out'
'Invoking: ARM Linker'
"C:/ti/ccsv7/tools/compiler/ti-cgt-arm_16.9.1.LTS/bin/armcl" -mv7M4 --code_state=16 --float_support=FPv4SPD16 -me --define=ccs="ccs" --define=PART_TM4C123GH6PM -g --gcc --diag_warning=225 --diag_wrap=off --display_error_number --abi=eabi -z -m"Lab 2.map" --heap_size=1024 --stack_size=2048 -i"C:/ti/ccsv7/tools/compiler/ti-cgt-arm_16.9.1.LTS/lib" -i"C:/ti/ccsv7/tools/compiler/ti-cgt-arm_16.9.1.LTS/include" --reread_libs --diag_wrap=off --display_error_number --warn_sections --xml_link_info="Lab 2_linkInfo.xml" --rom_model -o "Lab 2.out" "./adc.obj" "./lcd.obj" "./main.obj" "./timer.obj" "./tm4c123gh6pm_startup_ccs.obj" "../tm4c123gh6pm.cmd"  -llibc.a -l"C:/ti/TivaWare_C_Series-2.1.2.111/driverlib/ccs/Debug/driverlib.lib" 
<Linking>
'Finished building target: Lab 2.out'
' '

**** Build Finished ****

**** Build of configuration Debug for project Lab 2 ****

"C:\\ti\\ccsv7\\utils\\bin\\gmake" -k -j 8 all -O 
'Building file: ../main.c'
'Invoking: ARM Compiler'
"C:/ti/ccsv7/tools/compiler/ti-cgt-arm_16.9.1.LTS/bin/armcl" -mv7M4 --code_state=16 --float_support=FPv4SPD16 -me --include_path="U:/CprE 288/Lab6/Lab 2" --include_path="C:/ti/TivaWare_C_Series-2.1.2.111" --include_path="C:/ti/ccsv7/tools/compiler/ti-cgt-arm_16.9.1.LTS/include" --define=ccs="ccs" --define=PART_TM4C123GH6PM -g --gcc --diag_warning=225 --diag_wrap=off --display_error_number --abi=eabi --preproc_with_compile --preproc_dependency="main.d"  "../main.c"
"..\timer.h", line 44: warning #1-D: last line of file ends without a newline
"..\lcd.h", line 40: warning #1-D: last line of file ends without a newline
"../main.c", line 28: warning #112-D: statement is unreachable
'Finished building: ../main.c'
' '
'Building target: Lab 2.out'
'Invoking: ARM Linker'
"C:/ti/ccsv7/tools/compiler/ti-cgt-arm_16.9.1.LTS/bin/armcl" -mv7M4 --code_state=16 --float_support=FPv4SPD16 -me --define=ccs="ccs" --define=PART_TM4C123GH6PM -g --gcc --diag_warning=225 --diag_wrap=off --display_error_number --abi=eabi -z -m"Lab 2.map" --heap_size=1024 --stack_size=2048 -i"C:/ti/ccsv7/tools/compiler/ti-cgt-arm_16.9.1.LTS/lib" -i"C:/ti/ccsv7/tools/compiler/ti-cgt-arm_16.9.1.LTS/include" --reread_libs --diag_wrap=off --display_error_number --warn_sections --xml_link_info="Lab 2_linkInfo.xml" --rom_model -o "Lab 2.out" "./adc.obj" "./lcd.obj" "./main.obj" "./timer.obj" "./tm4c123gh6pm_startup_ccs.obj" "../tm4c123gh6pm.cmd"  -llibc.a -l"C:/ti/TivaWare_C_Series-2.1.2.111/driverlib/ccs/Debug/driverlib.lib" 
<Linking>
'Finished building target: Lab 2.out'
' '

**** Build Finished ****

**** Build of configuration Debug for project Lab 2 ****

"C:\\ti\\ccsv7\\utils\\bin\\gmake" -k -j 8 all -O 
'Building file: ../main.c'
'Invoking: ARM Compiler'
"C:/ti/ccsv7/tools/compiler/ti-cgt-arm_16.9.1.LTS/bin/armcl" -mv7M4 --code_state=16 --float_support=FPv4SPD16 -me --include_path="U:/CprE 288/Lab6/Lab 2" --include_path="C:/ti/TivaWare_C_Series-2.1.2.111" --include_path="C:/ti/ccsv7/tools/compiler/ti-cgt-arm_16.9.1.LTS/include" --define=ccs="ccs" --define=PART_TM4C123GH6PM -g --gcc --diag_warning=225 --diag_wrap=off --display_error_number --abi=eabi --preproc_with_compile --preproc_dependency="main.d"  "../main.c"
"..\timer.h", line 44: warning #1-D: last line of file ends without a newline
"..\lcd.h", line 40: warning #1-D: last line of file ends without a newline
"../main.c", line 28: warning #112-D: statement is unreachable
'Finished building: ../main.c'
' '
'Building target: Lab 2.out'
'Invoking: ARM Linker'
"C:/ti/ccsv7/tools/compiler/ti-cgt-arm_16.9.1.LTS/bin/armcl" -mv7M4 --code_state=16 --float_support=FPv4SPD16 -me --define=ccs="ccs" --define=PART_TM4C123GH6PM -g --gcc --diag_warning=225 --diag_wrap=off --display_error_number --abi=eabi -z -m"Lab 2.map" --heap_size=1024 --stack_size=2048 -i"C:/ti/ccsv7/tools/compiler/ti-cgt-arm_16.9.1.LTS/lib" -i"C:/ti/ccsv7/tools/compiler/ti-cgt-arm_16.9.1.LTS/include" --reread_libs --diag_wrap=off --display_error_number --warn_sections --xml_link_info="Lab 2_linkInfo.xml" --rom_model -o "Lab 2.out" "./adc.obj" "./lcd.obj" "./main.obj" "./timer.obj" "./tm4c123gh6pm_startup_ccs.obj" "../tm4c123gh6pm.cmd"  -llibc.a -l"C:/ti/TivaWare_C_Series-2.1.2.111/driverlib/ccs/Debug/driverlib.lib" 
<Linking>
'Finished building target: Lab 2.out'
' '

**** Build Finished ****

**** Build of configuration Debug for project Lab 2 ****

"C:\\ti\\ccsv7\\utils\\bin\\gmake" -k -j 8 all -O 
'Building file: ../main.c'
'Invoking: ARM Compiler'
"C:/ti/ccsv7/tools/compiler/ti-cgt-arm_16.9.1.LTS/bin/armcl" -mv7M4 --code_state=16 --float_support=FPv4SPD16 -me --include_path="U:/CprE 288/Lab6/Lab 2" --include_path="C:/ti/TivaWare_C_Series-2.1.2.111" --include_path="C:/ti/ccsv7/tools/compiler/ti-cgt-arm_16.9.1.LTS/include" --define=ccs="ccs" --define=PART_TM4C123GH6PM -g --gcc --diag_warning=225 --diag_wrap=off --display_error_number --abi=eabi --preproc_with_compile --preproc_dependency="main.d"  "../main.c"
"..\timer.h", line 44: warning #1-D: last line of file ends without a newline
"..\lcd.h", line 40: warning #1-D: last line of file ends without a newline
"../main.c", line 28: warning #112-D: statement is unreachable
'Finished building: ../main.c'
' '
'Building target: Lab 2.out'
'Invoking: ARM Linker'
"C:/ti/ccsv7/tools/compiler/ti-cgt-arm_16.9.1.LTS/bin/armcl" -mv7M4 --code_state=16 --float_support=FPv4SPD16 -me --define=ccs="ccs" --define=PART_TM4C123GH6PM -g --gcc --diag_warning=225 --diag_wrap=off --display_error_number --abi=eabi -z -m"Lab 2.map" --heap_size=1024 --stack_size=2048 -i"C:/ti/ccsv7/tools/compiler/ti-cgt-arm_16.9.1.LTS/lib" -i"C:/ti/ccsv7/tools/compiler/ti-cgt-arm_16.9.1.LTS/include" --reread_libs --diag_wrap=off --display_error_number --warn_sections --xml_link_info="Lab 2_linkInfo.xml" --rom_model -o "Lab 2.out" "./adc.obj" "./lcd.obj" "./main.obj" "./timer.obj" "./tm4c123gh6pm_startup_ccs.obj" "../tm4c123gh6pm.cmd"  -llibc.a -l"C:/ti/TivaWare_C_Series-2.1.2.111/driverlib/ccs/Debug/driverlib.lib" 
<Linking>
'Finished building target: Lab 2.out'
' '

**** Build Finished ****

**** Build of configuration Debug for project Lab 2 ****

"C:\\ti\\ccsv7\\utils\\bin\\gmake" -k -j 8 all -O 
'Building file: ../adc.c'
'Invoking: ARM Compiler'
"C:/ti/ccsv7/tools/compiler/ti-cgt-arm_16.9.1.LTS/bin/armcl" -mv7M4 --code_state=16 --float_support=FPv4SPD16 -me --include_path="U:/CprE 288/Lab6/Lab 2" --include_path="C:/ti/TivaWare_C_Series-2.1.2.111" --include_path="C:/ti/ccsv7/tools/compiler/ti-cgt-arm_16.9.1.LTS/include" --define=ccs="ccs" --define=PART_TM4C123GH6PM -g --gcc --diag_warning=225 --diag_wrap=off --display_error_number --abi=eabi --preproc_with_compile --preproc_dependency="adc.d"  "../adc.c"
"..\timer.h", line 44: warning #1-D: last line of file ends without a newline
"..\lcd.h", line 40: warning #1-D: last line of file ends without a newline
'Finished building: ../adc.c'
' '
'Building file: ../main.c'
'Invoking: ARM Compiler'
"C:/ti/ccsv7/tools/compiler/ti-cgt-arm_16.9.1.LTS/bin/armcl" -mv7M4 --code_state=16 --float_support=FPv4SPD16 -me --include_path="U:/CprE 288/Lab6/Lab 2" --include_path="C:/ti/TivaWare_C_Series-2.1.2.111" --include_path="C:/ti/ccsv7/tools/compiler/ti-cgt-arm_16.9.1.LTS/include" --define=ccs="ccs" --define=PART_TM4C123GH6PM -g --gcc --diag_warning=225 --diag_wrap=off --display_error_number --abi=eabi --preproc_with_compile --preproc_dependency="main.d"  "../main.c"
"..\timer.h", line 44: warning #1-D: last line of file ends without a newline
"..\lcd.h", line 40: warning #1-D: last line of file ends without a newline
"../main.c", line 53: warning #112-D: statement is unreachable
'Finished building: ../main.c'
' '
'Building target: Lab 2.out'
'Invoking: ARM Linker'
"C:/ti/ccsv7/tools/compiler/ti-cgt-arm_16.9.1.LTS/bin/armcl" -mv7M4 --code_state=16 --float_support=FPv4SPD16 -me --define=ccs="ccs" --define=PART_TM4C123GH6PM -g --gcc --diag_warning=225 --diag_wrap=off --display_error_number --abi=eabi -z -m"Lab 2.map" --heap_size=1024 --stack_size=2048 -i"C:/ti/ccsv7/tools/compiler/ti-cgt-arm_16.9.1.LTS/lib" -i"C:/ti/ccsv7/tools/compiler/ti-cgt-arm_16.9.1.LTS/include" --reread_libs --diag_wrap=off --display_error_number --warn_sections --xml_link_info="Lab 2_linkInfo.xml" --rom_model -o "Lab 2.out" "./adc.obj" "./lcd.obj" "./main.obj" "./timer.obj" "./tm4c123gh6pm_startup_ccs.obj" "../tm4c123gh6pm.cmd"  -llibc.a -l"C:/ti/TivaWare_C_Series-2.1.2.111/driverlib/ccs/Debug/driverlib.lib" 
<Linking>
'Finished building target: Lab 2.out'
' '

**** Build Finished ****

**** Build of configuration Debug for project Lab 2 ****

"C:\\ti\\ccsv7\\utils\\bin\\gmake" -k -j 8 all -O 
'Building file: ../main.c'
'Invoking: ARM Compiler'
"C:/ti/ccsv7/tools/compiler/ti-cgt-arm_16.9.1.LTS/bin/armcl" -mv7M4 --code_state=16 --float_support=FPv4SPD16 -me --include_path="U:/CprE 288/Lab6/Lab 2" --include_path="C:/ti/TivaWare_C_Series-2.1.2.111" --include_path="C:/ti/ccsv7/tools/compiler/ti-cgt-arm_16.9.1.LTS/include" --define=ccs="ccs" --define=PART_TM4C123GH6PM -g --gcc --diag_warning=225 --diag_wrap=off --display_error_number --abi=eabi --preproc_with_compile --preproc_dependency="main.d"  "../main.c"
"..\timer.h", line 44: warning #1-D: last line of file ends without a newline
"..\lcd.h", line 40: warning #1-D: last line of file ends without a newline
"../main.c", line 52: warning #112-D: statement is unreachable
'Finished building: ../main.c'
' '
'Building target: Lab 2.out'
'Invoking: ARM Linker'
"C:/ti/ccsv7/tools/compiler/ti-cgt-arm_16.9.1.LTS/bin/armcl" -mv7M4 --code_state=16 --float_support=FPv4SPD16 -me --define=ccs="ccs" --define=PART_TM4C123GH6PM -g --gcc --diag_warning=225 --diag_wrap=off --display_error_number --abi=eabi -z -m"Lab 2.map" --heap_size=1024 --stack_size=2048 -i"C:/ti/ccsv7/tools/compiler/ti-cgt-arm_16.9.1.LTS/lib" -i"C:/ti/ccsv7/tools/compiler/ti-cgt-arm_16.9.1.LTS/include" --reread_libs --diag_wrap=off --display_error_number --warn_sections --xml_link_info="Lab 2_linkInfo.xml" --rom_model -o "Lab 2.out" "./adc.obj" "./lcd.obj" "./main.obj" "./timer.obj" "./tm4c123gh6pm_startup_ccs.obj" "../tm4c123gh6pm.cmd"  -llibc.a -l"C:/ti/TivaWare_C_Series-2.1.2.111/driverlib/ccs/Debug/driverlib.lib" 
<Linking>
'Finished building target: Lab 2.out'
' '

**** Build Finished ****

**** Build of configuration Debug for project Lab 2 ****

"C:\\ti\\ccsv7\\utils\\bin\\gmake" -k -j 8 all -O 
gmake[1]: 'Lab 2.out' is up to date.

**** Build Finished ****

**** Build of configuration Debug for project Lab 2 ****

"C:\\ti\\ccsv7\\utils\\bin\\gmake" -k -j 8 all -O 
gmake[1]: 'Lab 2.out' is up to date.

**** Build Finished ****
